[1.527s] Invoking command in '/home/hp/ROS2_WS/build/my_exo': PYTHONPATH=/home/hp/ROS2_WS/build/my_exo/prefix_override:/home/hp/ROS2_WS/install/my_exo/lib/python3.10/site-packages:${PYTHONPATH} /usr/bin/python3 -W ignore:setup.py install is deprecated setup.py develop --editable --build-directory /home/hp/ROS2_WS/build/my_exo/build --no-deps symlink_data
[2.123s] running develop
[2.486s] running egg_info
[2.487s] writing my_exo.egg-info/PKG-INFO
[2.487s] writing dependency_links to my_exo.egg-info/dependency_links.txt
[2.487s] writing entry points to my_exo.egg-info/entry_points.txt
[2.487s] writing requirements to my_exo.egg-info/requires.txt
[2.487s] writing top-level names to my_exo.egg-info/top_level.txt
[2.490s] reading manifest file 'my_exo.egg-info/SOURCES.txt'
[2.491s] writing manifest file 'my_exo.egg-info/SOURCES.txt'
[2.493s] running build_ext
[2.493s] Creating /home/hp/ROS2_WS/install/my_exo/lib/python3.10/site-packages/my-exo.egg-link (link to .)
[2.494s] Installing first_node script to /home/hp/ROS2_WS/install/my_exo/lib/my_exo
[2.495s] Installing fourth_node script to /home/hp/ROS2_WS/install/my_exo/lib/my_exo
[2.495s] Installing input_node script to /home/hp/ROS2_WS/install/my_exo/lib/my_exo
[2.495s] Installing second_node script to /home/hp/ROS2_WS/install/my_exo/lib/my_exo
[2.495s] Installing selector_node script to /home/hp/ROS2_WS/install/my_exo/lib/my_exo
[2.495s] Installing third_node script to /home/hp/ROS2_WS/install/my_exo/lib/my_exo
[2.496s] 
[2.496s] Installed /home/hp/ROS2_WS/build/my_exo
[2.496s] running symlink_data
[2.564s] Invoked command in '/home/hp/ROS2_WS/build/my_exo' returned '0': PYTHONPATH=/home/hp/ROS2_WS/build/my_exo/prefix_override:/home/hp/ROS2_WS/install/my_exo/lib/python3.10/site-packages:${PYTHONPATH} /usr/bin/python3 -W ignore:setup.py install is deprecated setup.py develop --editable --build-directory /home/hp/ROS2_WS/build/my_exo/build --no-deps symlink_data
