[35m[1mConsolidate compiler generated dependencies of target kartoSlamToolbox[0m
[  9%] Built target slam_toolbox__rosidl_generator_c
[  9%] Built target slam_toolbox__cpp
[  9%] Built target ament_cmake_python_symlink_slam_toolbox
[ 18%] Built target slam_toolbox__rosidl_typesupport_c
[ 19%] [32mBuilding CXX object lib/karto_sdk/CMakeFiles/kartoSlamToolbox.dir/src/Mapper.cpp.o[0m
[ 28%] Built target slam_toolbox__rosidl_typesupport_fastrtps_c
[ 37%] Built target slam_toolbox__rosidl_typesupport_introspection_c
[ 46%] Built target slam_toolbox__rosidl_typesupport_cpp
[ 55%] Built target slam_toolbox__rosidl_typesupport_introspection_cpp
[ 64%] Built target slam_toolbox__rosidl_typesupport_fastrtps_cpp
[ 64%] Built target slam_toolbox
[ 66%] Built target SlamToolboxPlugin
[ 67%] Built target slam_toolbox__py
[ 75%] Built target slam_toolbox__rosidl_generator_py
[ 76%] Built target slam_toolbox__rosidl_typesupport_fastrtps_c__pyext
[ 77%] Built target slam_toolbox__rosidl_typesupport_introspection_c__pyext
[ 78%] Built target slam_toolbox__rosidl_typesupport_c__pyext
running egg_info
writing slam_toolbox.egg-info/PKG-INFO
writing dependency_links to slam_toolbox.egg-info/dependency_links.txt
writing top-level names to slam_toolbox.egg-info/top_level.txt
reading manifest file 'slam_toolbox.egg-info/SOURCES.txt'
writing manifest file 'slam_toolbox.egg-info/SOURCES.txt'
[ 78%] Built target ament_cmake_python_build_slam_toolbox_egg
[ 78%] [32m[1mLinking CXX shared library libkartoSlamToolbox.so[0m
[ 79%] Built target kartoSlamToolbox
[35m[1mConsolidate compiler generated dependencies of target ceres_solver_plugin[0m
[35m[1mConsolidate compiler generated dependencies of target toolbox_common[0m
[ 80%] [32mBuilding CXX object CMakeFiles/ceres_solver_plugin.dir/solvers/ceres_solver.cpp.o[0m
[ 81%] [32mBuilding CXX object CMakeFiles/toolbox_common.dir/src/slam_toolbox_common.cpp.o[0m
[ 81%] [32mBuilding CXX object CMakeFiles/toolbox_common.dir/src/loop_closure_assistant.cpp.o[0m
[ 82%] [32mBuilding CXX object CMakeFiles/toolbox_common.dir/src/laser_utils.cpp.o[0m
[ 83%] [32mBuilding CXX object CMakeFiles/toolbox_common.dir/src/slam_mapper.cpp.o[0m
