[0.822s] Invoking command in '/home/hp/ROS2_WS/build/slam_toolbox': CMAKE_PREFIX_PATH=${CMAKE_PREFIX_PATH}:/home/hp/ROS2_WS/install/my_robot_controller:/home/hp/ROS2_WS/install/my_exo:/home/hp/ROS2_WS/install/dynamic_tf:/opt/ros/humble /usr/bin/cmake --build /home/hp/ROS2_WS/build/slam_toolbox -- -j8 -l8
[0.920s] [  0%] Built target slam_toolbox__cpp
[0.930s] [  9%] Built target slam_toolbox__rosidl_generator_c
[0.932s] [35m[1mConsolidate compiler generated dependencies of target kartoSlamToolbox[0m
[0.935s] [  9%] Built target ament_cmake_python_symlink_slam_toolbox
[0.995s] [ 24%] Built target slam_toolbox__rosidl_typesupport_introspection_cpp
[0.996s] [ 27%] Built target slam_toolbox__rosidl_typesupport_cpp
[1.000s] [ 28%] [32mBuilding CXX object lib/karto_sdk/CMakeFiles/kartoSlamToolbox.dir/src/Mapper.cpp.o[0m
[1.003s] [ 37%] Built target slam_toolbox__rosidl_typesupport_introspection_c
[1.009s] [ 46%] Built target slam_toolbox__rosidl_typesupport_fastrtps_cpp
[1.016s] [ 55%] Built target slam_toolbox__rosidl_typesupport_fastrtps_c
[1.016s] [ 64%] Built target slam_toolbox__rosidl_typesupport_c
[1.053s] [ 64%] Built target slam_toolbox
[1.070s] [ 66%] Built target SlamToolboxPlugin
[1.087s] [ 67%] Built target slam_toolbox__py
[1.136s] [ 75%] Built target slam_toolbox__rosidl_generator_py
[1.177s] [ 76%] Built target slam_toolbox__rosidl_typesupport_c__pyext
[1.184s] [ 77%] Built target slam_toolbox__rosidl_typesupport_fastrtps_c__pyext
[1.212s] [ 78%] Built target slam_toolbox__rosidl_typesupport_introspection_c__pyext
[1.438s] running egg_info
[1.439s] writing slam_toolbox.egg-info/PKG-INFO
[1.439s] writing dependency_links to slam_toolbox.egg-info/dependency_links.txt
[1.440s] writing top-level names to slam_toolbox.egg-info/top_level.txt
[1.443s] reading manifest file 'slam_toolbox.egg-info/SOURCES.txt'
[1.444s] writing manifest file 'slam_toolbox.egg-info/SOURCES.txt'
[1.499s] [ 78%] Built target ament_cmake_python_build_slam_toolbox_egg
[25.617s] [ 78%] [32m[1mLinking CXX shared library libkartoSlamToolbox.so[0m
[26.182s] [ 79%] Built target kartoSlamToolbox
[26.218s] [ 79%] [32m[1mLinking CXX shared library libceres_solver_plugin.so[0m
[26.232s] [ 80%] [32m[1mLinking CXX shared library libtoolbox_common.so[0m
[27.335s] [ 81%] Built target ceres_solver_plugin
[27.786s] [ 85%] Built target toolbox_common
[27.831s] [ 86%] [32m[1mLinking CXX shared library liblifelong_slam_toolbox.so[0m
[27.836s] [ 87%] [32m[1mLinking CXX executable merge_maps_kinematic[0m
[27.837s] [ 87%] [32m[1mLinking CXX shared library liblocalization_slam_toolbox.so[0m
[27.840s] [ 88%] [32m[1mLinking CXX shared library libasync_slam_toolbox.so[0m
[27.842s] [ 89%] [32m[1mLinking CXX shared library libsync_slam_toolbox.so[0m
[32.072s] [ 90%] Built target localization_slam_toolbox
[32.083s] [ 90%] Built target sync_slam_toolbox
[32.154s] [ 91%] [32m[1mLinking CXX executable localization_slam_toolbox_node[0m
[32.156s] [ 92%] [32m[1mLinking CXX shared library libmap_and_localization_slam_toolbox.so[0m
[32.163s] [ 92%] [32m[1mLinking CXX executable sync_slam_toolbox_node[0m
[32.271s] [ 93%] Built target async_slam_toolbox
[32.395s] [ 94%] [32m[1mLinking CXX executable async_slam_toolbox_node[0m
[32.593s] [ 95%] Built target lifelong_slam_toolbox
[32.734s] [ 96%] [32m[1mLinking CXX executable lifelong_slam_toolbox_node[0m
[33.072s] [ 97%] Built target merge_maps_kinematic
[34.535s] [ 98%] Built target sync_slam_toolbox_node
[34.756s] [ 99%] Built target localization_slam_toolbox_node
[34.782s] [ 99%] Built target async_slam_toolbox_node
[34.852s] [ 99%] Built target lifelong_slam_toolbox_node
[35.091s] [ 99%] Built target map_and_localization_slam_toolbox
[35.130s] [ 99%] [32m[1mLinking CXX executable map_and_localization_slam_toolbox_node[0m
[35.652s] [100%] Built target map_and_localization_slam_toolbox_node
[35.663s] Invoked command in '/home/hp/ROS2_WS/build/slam_toolbox' returned '0': CMAKE_PREFIX_PATH=${CMAKE_PREFIX_PATH}:/home/hp/ROS2_WS/install/my_robot_controller:/home/hp/ROS2_WS/install/my_exo:/home/hp/ROS2_WS/install/dynamic_tf:/opt/ros/humble /usr/bin/cmake --build /home/hp/ROS2_WS/build/slam_toolbox -- -j8 -l8
[36.106s] Invoking command in '/home/hp/ROS2_WS/build/slam_toolbox': CMAKE_PREFIX_PATH=${CMAKE_PREFIX_PATH}:/home/hp/ROS2_WS/install/my_robot_controller:/home/hp/ROS2_WS/install/my_exo:/home/hp/ROS2_WS/install/dynamic_tf:/opt/ros/humble /usr/bin/cmake --install /home/hp/ROS2_WS/build/slam_toolbox
[36.118s] -- Install configuration: "Release"
[36.119s] -- Execute custom install script
[36.119s] -- Up-to-date symlink: /home/hp/ROS2_WS/install/slam_toolbox/include//karto_sdk/Karto.h
[36.120s] -- Up-to-date symlink: /home/hp/ROS2_WS/install/slam_toolbox/include//karto_sdk/Macros.h
[36.120s] -- Up-to-date symlink: /home/hp/ROS2_WS/install/slam_toolbox/include//karto_sdk/Mapper.h
[36.120s] -- Up-to-date symlink: /home/hp/ROS2_WS/install/slam_toolbox/include//karto_sdk/Math.h
[36.120s] -- Up-to-date symlink: /home/hp/ROS2_WS/install/slam_toolbox/include//karto_sdk/ProcessData.h
[36.120s] -- Up-to-date symlink: /home/hp/ROS2_WS/install/slam_toolbox/include//karto_sdk/Types.h
[36.120s] -- Up-to-date symlink: /home/hp/ROS2_WS/install/slam_toolbox/include//karto_sdk/nanoflann.hpp
[36.120s] -- Up-to-date symlink: /home/hp/ROS2_WS/install/slam_toolbox/include//karto_sdk/nanoflann_adaptors.h
[36.121s] -- Up-to-date symlink: /home/hp/ROS2_WS/install/slam_toolbox/share/ament_index/resource_index/rosidl_interfaces/slam_toolbox
[36.122s] -- Up-to-date symlink: /home/hp/ROS2_WS/install/slam_toolbox/include/slam_toolbox/slam_toolbox/msg/rosidl_generator_c__visibility_control.h
[36.122s] -- Up-to-date symlink: /home/hp/ROS2_WS/install/slam_toolbox/include/slam_toolbox/slam_toolbox/srv/add_submap.h
[36.122s] -- Up-to-date symlink: /home/hp/ROS2_WS/install/slam_toolbox/include/slam_toolbox/slam_toolbox/srv/clear.h
[36.122s] -- Up-to-date symlink: /home/hp/ROS2_WS/install/slam_toolbox/include/slam_toolbox/slam_toolbox/srv/clear_queue.h
[36.122s] -- Up-to-date symlink: /home/hp/ROS2_WS/install/slam_toolbox/include/slam_toolbox/slam_toolbox/srv/deserialize_pose_graph.h
[36.122s] -- Up-to-date symlink: /home/hp/ROS2_WS/install/slam_toolbox/include/slam_toolbox/slam_toolbox/srv/detail/add_submap__functions.h
[36.122s] -- Up-to-date symlink: /home/hp/ROS2_WS/install/slam_toolbox/include/slam_toolbox/slam_toolbox/srv/detail/add_submap__struct.h
[36.123s] -- Up-to-date symlink: /home/hp/ROS2_WS/install/slam_toolbox/include/slam_toolbox/slam_toolbox/srv/detail/add_submap__type_support.h
[36.123s] -- Up-to-date symlink: /home/hp/ROS2_WS/install/slam_toolbox/include/slam_toolbox/slam_toolbox/srv/detail/clear__functions.h
[36.123s] -- Up-to-date symlink: /home/hp/ROS2_WS/install/slam_toolbox/include/slam_toolbox/slam_toolbox/srv/detail/clear__struct.h
[36.123s] -- Up-to-date symlink: /home/hp/ROS2_WS/install/slam_toolbox/include/slam_toolbox/slam_toolbox/srv/detail/clear__type_support.h
[36.123s] -- Up-to-date symlink: /home/hp/ROS2_WS/install/slam_toolbox/include/slam_toolbox/slam_toolbox/srv/detail/clear_queue__functions.h
[36.123s] -- Up-to-date symlink: /home/hp/ROS2_WS/install/slam_toolbox/include/slam_toolbox/slam_toolbox/srv/detail/clear_queue__struct.h
[36.123s] -- Up-to-date symlink: /home/hp/ROS2_WS/install/slam_toolbox/include/slam_toolbox/slam_toolbox/srv/detail/clear_queue__type_support.h
[36.124s] -- Up-to-date symlink: /home/hp/ROS2_WS/install/slam_toolbox/include/slam_toolbox/slam_toolbox/srv/detail/deserialize_pose_graph__functions.h
[36.124s] -- Up-to-date symlink: /home/hp/ROS2_WS/install/slam_toolbox/include/slam_toolbox/slam_toolbox/srv/detail/deserialize_pose_graph__struct.h
[36.124s] -- Up-to-date symlink: /home/hp/ROS2_WS/install/slam_toolbox/include/slam_toolbox/slam_toolbox/srv/detail/deserialize_pose_graph__type_support.h
[36.124s] -- Up-to-date symlink: /home/hp/ROS2_WS/install/slam_toolbox/include/slam_toolbox/slam_toolbox/srv/detail/loop_closure__functions.h
[36.124s] -- Up-to-date symlink: /home/hp/ROS2_WS/install/slam_toolbox/include/slam_toolbox/slam_toolbox/srv/detail/loop_closure__struct.h
[36.124s] -- Up-to-date symlink: /home/hp/ROS2_WS/install/slam_toolbox/include/slam_toolbox/slam_toolbox/srv/detail/loop_closure__type_support.h
[36.125s] -- Up-to-date symlink: /home/hp/ROS2_WS/install/slam_toolbox/include/slam_toolbox/slam_toolbox/srv/detail/merge_maps__functions.h
[36.125s] -- Up-to-date symlink: /home/hp/ROS2_WS/install/slam_toolbox/include/slam_toolbox/slam_toolbox/srv/detail/merge_maps__struct.h
[36.125s] -- Up-to-date symlink: /home/hp/ROS2_WS/install/slam_toolbox/include/slam_toolbox/slam_toolbox/srv/detail/merge_maps__type_support.h
[36.125s] -- Up-to-date symlink: /home/hp/ROS2_WS/install/slam_toolbox/include/slam_toolbox/slam_toolbox/srv/detail/pause__functions.h
[36.125s] -- Up-to-date symlink: /home/hp/ROS2_WS/install/slam_toolbox/include/slam_toolbox/slam_toolbox/srv/detail/pause__struct.h
[36.125s] -- Up-to-date symlink: /home/hp/ROS2_WS/install/slam_toolbox/include/slam_toolbox/slam_toolbox/srv/detail/pause__type_support.h
[36.126s] -- Up-to-date symlink: /home/hp/ROS2_WS/install/slam_toolbox/include/slam_toolbox/slam_toolbox/srv/detail/reset__functions.h
[36.126s] -- Up-to-date symlink: /home/hp/ROS2_WS/install/slam_toolbox/include/slam_toolbox/slam_toolbox/srv/detail/reset__struct.h
[36.126s] -- Up-to-date symlink: /home/hp/ROS2_WS/install/slam_toolbox/include/slam_toolbox/slam_toolbox/srv/detail/reset__type_support.h
[36.126s] -- Up-to-date symlink: /home/hp/ROS2_WS/install/slam_toolbox/include/slam_toolbox/slam_toolbox/srv/detail/save_map__functions.h
[36.126s] -- Up-to-date symlink: /home/hp/ROS2_WS/install/slam_toolbox/include/slam_toolbox/slam_toolbox/srv/detail/save_map__struct.h
[36.126s] -- Up-to-date symlink: /home/hp/ROS2_WS/install/slam_toolbox/include/slam_toolbox/slam_toolbox/srv/detail/save_map__type_support.h
[36.127s] -- Up-to-date symlink: /home/hp/ROS2_WS/install/slam_toolbox/include/slam_toolbox/slam_toolbox/srv/detail/serialize_pose_graph__functions.h
[36.127s] -- Up-to-date symlink: /home/hp/ROS2_WS/install/slam_toolbox/include/slam_toolbox/slam_toolbox/srv/detail/serialize_pose_graph__struct.h
[36.127s] -- Up-to-date symlink: /home/hp/ROS2_WS/install/slam_toolbox/include/slam_toolbox/slam_toolbox/srv/detail/serialize_pose_graph__type_support.h
[36.127s] -- Up-to-date symlink: /home/hp/ROS2_WS/install/slam_toolbox/include/slam_toolbox/slam_toolbox/srv/detail/toggle_interactive__functions.h
[36.127s] -- Up-to-date symlink: /home/hp/ROS2_WS/install/slam_toolbox/include/slam_toolbox/slam_toolbox/srv/detail/toggle_interactive__struct.h
[36.127s] -- Up-to-date symlink: /home/hp/ROS2_WS/install/slam_toolbox/include/slam_toolbox/slam_toolbox/srv/detail/toggle_interactive__type_support.h
[36.128s] -- Up-to-date symlink: /home/hp/ROS2_WS/install/slam_toolbox/include/slam_toolbox/slam_toolbox/srv/loop_closure.h
[36.128s] -- Up-to-date symlink: /home/hp/ROS2_WS/install/slam_toolbox/include/slam_toolbox/slam_toolbox/srv/merge_maps.h
[36.128s] -- Up-to-date symlink: /home/hp/ROS2_WS/install/slam_toolbox/include/slam_toolbox/slam_toolbox/srv/pause.h
[36.128s] -- Up-to-date symlink: /home/hp/ROS2_WS/install/slam_toolbox/include/slam_toolbox/slam_toolbox/srv/reset.h
[36.128s] -- Up-to-date symlink: /home/hp/ROS2_WS/install/slam_toolbox/include/slam_toolbox/slam_toolbox/srv/save_map.h
[36.129s] -- Up-to-date symlink: /home/hp/ROS2_WS/install/slam_toolbox/include/slam_toolbox/slam_toolbox/srv/serialize_pose_graph.h
[36.129s] -- Up-to-date symlink: /home/hp/ROS2_WS/install/slam_toolbox/include/slam_toolbox/slam_toolbox/srv/toggle_interactive.h
[36.129s] -- Up-to-date symlink: /home/hp/ROS2_WS/install/slam_toolbox/share/slam_toolbox/environment/library_path.sh
[36.129s] -- Up-to-date symlink: /home/hp/ROS2_WS/install/slam_toolbox/share/slam_toolbox/environment/library_path.dsv
[36.130s] -- Up-to-date symlink: /home/hp/ROS2_WS/install/slam_toolbox/include/slam_toolbox/slam_toolbox/msg/rosidl_typesupport_fastrtps_c__visibility_control.h
[36.130s] -- Up-to-date symlink: /home/hp/ROS2_WS/install/slam_toolbox/include/slam_toolbox/slam_toolbox/srv/detail/add_submap__rosidl_typesupport_fastrtps_c.h
[36.130s] -- Up-to-date symlink: /home/hp/ROS2_WS/install/slam_toolbox/include/slam_toolbox/slam_toolbox/srv/detail/clear__rosidl_typesupport_fastrtps_c.h
[36.130s] -- Up-to-date symlink: /home/hp/ROS2_WS/install/slam_toolbox/include/slam_toolbox/slam_toolbox/srv/detail/clear_queue__rosidl_typesupport_fastrtps_c.h
[36.131s] -- Up-to-date symlink: /home/hp/ROS2_WS/install/slam_toolbox/include/slam_toolbox/slam_toolbox/srv/detail/deserialize_pose_graph__rosidl_typesupport_fastrtps_c.h
[36.131s] -- Up-to-date symlink: /home/hp/ROS2_WS/install/slam_toolbox/include/slam_toolbox/slam_toolbox/srv/detail/loop_closure__rosidl_typesupport_fastrtps_c.h
[36.131s] -- Up-to-date symlink: /home/hp/ROS2_WS/install/slam_toolbox/include/slam_toolbox/slam_toolbox/srv/detail/merge_maps__rosidl_typesupport_fastrtps_c.h
[36.131s] -- Up-to-date symlink: /home/hp/ROS2_WS/install/slam_toolbox/include/slam_toolbox/slam_toolbox/srv/detail/pause__rosidl_typesupport_fastrtps_c.h
[36.131s] -- Up-to-date symlink: /home/hp/ROS2_WS/install/slam_toolbox/include/slam_toolbox/slam_toolbox/srv/detail/reset__rosidl_typesupport_fastrtps_c.h
[36.131s] -- Up-to-date symlink: /home/hp/ROS2_WS/install/slam_toolbox/include/slam_toolbox/slam_toolbox/srv/detail/save_map__rosidl_typesupport_fastrtps_c.h
[36.132s] -- Up-to-date symlink: /home/hp/ROS2_WS/install/slam_toolbox/include/slam_toolbox/slam_toolbox/srv/detail/serialize_pose_graph__rosidl_typesupport_fastrtps_c.h
[36.132s] -- Up-to-date symlink: /home/hp/ROS2_WS/install/slam_toolbox/include/slam_toolbox/slam_toolbox/srv/detail/toggle_interactive__rosidl_typesupport_fastrtps_c.h
[36.133s] -- Up-to-date symlink: /home/hp/ROS2_WS/install/slam_toolbox/include/slam_toolbox/slam_toolbox/srv/add_submap.hpp
[36.133s] -- Up-to-date symlink: /home/hp/ROS2_WS/install/slam_toolbox/include/slam_toolbox/slam_toolbox/srv/clear.hpp
[36.133s] -- Up-to-date symlink: /home/hp/ROS2_WS/install/slam_toolbox/include/slam_toolbox/slam_toolbox/srv/clear_queue.hpp
[36.133s] -- Up-to-date symlink: /home/hp/ROS2_WS/install/slam_toolbox/include/slam_toolbox/slam_toolbox/srv/deserialize_pose_graph.hpp
[36.133s] -- Up-to-date symlink: /home/hp/ROS2_WS/install/slam_toolbox/include/slam_toolbox/slam_toolbox/srv/detail/add_submap__builder.hpp
[36.133s] -- Up-to-date symlink: /home/hp/ROS2_WS/install/slam_toolbox/include/slam_toolbox/slam_toolbox/srv/detail/add_submap__struct.hpp
[36.133s] -- Up-to-date symlink: /home/hp/ROS2_WS/install/slam_toolbox/include/slam_toolbox/slam_toolbox/srv/detail/add_submap__traits.hpp
[36.134s] -- Up-to-date symlink: /home/hp/ROS2_WS/install/slam_toolbox/include/slam_toolbox/slam_toolbox/srv/detail/clear__builder.hpp
[36.134s] -- Up-to-date symlink: /home/hp/ROS2_WS/install/slam_toolbox/include/slam_toolbox/slam_toolbox/srv/detail/clear__struct.hpp
[36.134s] -- Up-to-date symlink: /home/hp/ROS2_WS/install/slam_toolbox/include/slam_toolbox/slam_toolbox/srv/detail/clear__traits.hpp
[36.134s] -- Up-to-date symlink: /home/hp/ROS2_WS/install/slam_toolbox/include/slam_toolbox/slam_toolbox/srv/detail/clear_queue__builder.hpp
[36.134s] -- Up-to-date symlink: /home/hp/ROS2_WS/install/slam_toolbox/include/slam_toolbox/slam_toolbox/srv/detail/clear_queue__struct.hpp
[36.134s] -- Up-to-date symlink: /home/hp/ROS2_WS/install/slam_toolbox/include/slam_toolbox/slam_toolbox/srv/detail/clear_queue__traits.hpp
[36.135s] -- Up-to-date symlink: /home/hp/ROS2_WS/install/slam_toolbox/include/slam_toolbox/slam_toolbox/srv/detail/deserialize_pose_graph__builder.hpp
[36.135s] -- Up-to-date symlink: /home/hp/ROS2_WS/install/slam_toolbox/include/slam_toolbox/slam_toolbox/srv/detail/deserialize_pose_graph__struct.hpp
[36.135s] -- Up-to-date symlink: /home/hp/ROS2_WS/install/slam_toolbox/include/slam_toolbox/slam_toolbox/srv/detail/deserialize_pose_graph__traits.hpp
[36.135s] -- Up-to-date symlink: /home/hp/ROS2_WS/install/slam_toolbox/include/slam_toolbox/slam_toolbox/srv/detail/loop_closure__builder.hpp
[36.135s] -- Up-to-date symlink: /home/hp/ROS2_WS/install/slam_toolbox/include/slam_toolbox/slam_toolbox/srv/detail/loop_closure__struct.hpp
[36.135s] -- Up-to-date symlink: /home/hp/ROS2_WS/install/slam_toolbox/include/slam_toolbox/slam_toolbox/srv/detail/loop_closure__traits.hpp
[36.136s] -- Up-to-date symlink: /home/hp/ROS2_WS/install/slam_toolbox/include/slam_toolbox/slam_toolbox/srv/detail/merge_maps__builder.hpp
[36.136s] -- Up-to-date symlink: /home/hp/ROS2_WS/install/slam_toolbox/include/slam_toolbox/slam_toolbox/srv/detail/merge_maps__struct.hpp
[36.136s] -- Up-to-date symlink: /home/hp/ROS2_WS/install/slam_toolbox/include/slam_toolbox/slam_toolbox/srv/detail/merge_maps__traits.hpp
[36.136s] -- Up-to-date symlink: /home/hp/ROS2_WS/install/slam_toolbox/include/slam_toolbox/slam_toolbox/srv/detail/pause__builder.hpp
[36.136s] -- Up-to-date symlink: /home/hp/ROS2_WS/install/slam_toolbox/include/slam_toolbox/slam_toolbox/srv/detail/pause__struct.hpp
[36.136s] -- Up-to-date symlink: /home/hp/ROS2_WS/install/slam_toolbox/include/slam_toolbox/slam_toolbox/srv/detail/pause__traits.hpp
[36.136s] -- Up-to-date symlink: /home/hp/ROS2_WS/install/slam_toolbox/include/slam_toolbox/slam_toolbox/srv/detail/reset__builder.hpp
[36.137s] -- Up-to-date symlink: /home/hp/ROS2_WS/install/slam_toolbox/include/slam_toolbox/slam_toolbox/srv/detail/reset__struct.hpp
[36.137s] -- Up-to-date symlink: /home/hp/ROS2_WS/install/slam_toolbox/include/slam_toolbox/slam_toolbox/srv/detail/reset__traits.hpp
[36.137s] -- Up-to-date symlink: /home/hp/ROS2_WS/install/slam_toolbox/include/slam_toolbox/slam_toolbox/srv/detail/save_map__builder.hpp
[36.137s] -- Up-to-date symlink: /home/hp/ROS2_WS/install/slam_toolbox/include/slam_toolbox/slam_toolbox/srv/detail/save_map__struct.hpp
[36.137s] -- Up-to-date symlink: /home/hp/ROS2_WS/install/slam_toolbox/include/slam_toolbox/slam_toolbox/srv/detail/save_map__traits.hpp
[36.137s] -- Up-to-date symlink: /home/hp/ROS2_WS/install/slam_toolbox/include/slam_toolbox/slam_toolbox/srv/detail/serialize_pose_graph__builder.hpp
[36.138s] -- Up-to-date symlink: /home/hp/ROS2_WS/install/slam_toolbox/include/slam_toolbox/slam_toolbox/srv/detail/serialize_pose_graph__struct.hpp
[36.138s] -- Up-to-date symlink: /home/hp/ROS2_WS/install/slam_toolbox/include/slam_toolbox/slam_toolbox/srv/detail/serialize_pose_graph__traits.hpp
[36.138s] -- Up-to-date symlink: /home/hp/ROS2_WS/install/slam_toolbox/include/slam_toolbox/slam_toolbox/srv/detail/toggle_interactive__builder.hpp
[36.138s] -- Up-to-date symlink: /home/hp/ROS2_WS/install/slam_toolbox/include/slam_toolbox/slam_toolbox/srv/detail/toggle_interactive__struct.hpp
[36.138s] -- Up-to-date symlink: /home/hp/ROS2_WS/install/slam_toolbox/include/slam_toolbox/slam_toolbox/srv/detail/toggle_interactive__traits.hpp
[36.138s] -- Up-to-date symlink: /home/hp/ROS2_WS/install/slam_toolbox/include/slam_toolbox/slam_toolbox/srv/loop_closure.hpp
[36.139s] -- Up-to-date symlink: /home/hp/ROS2_WS/install/slam_toolbox/include/slam_toolbox/slam_toolbox/srv/merge_maps.hpp
[36.139s] -- Up-to-date symlink: /home/hp/ROS2_WS/install/slam_toolbox/include/slam_toolbox/slam_toolbox/srv/pause.hpp
[36.139s] -- Up-to-date symlink: /home/hp/ROS2_WS/install/slam_toolbox/include/slam_toolbox/slam_toolbox/srv/reset.hpp
[36.139s] -- Up-to-date symlink: /home/hp/ROS2_WS/install/slam_toolbox/include/slam_toolbox/slam_toolbox/srv/save_map.hpp
[36.139s] -- Up-to-date symlink: /home/hp/ROS2_WS/install/slam_toolbox/include/slam_toolbox/slam_toolbox/srv/serialize_pose_graph.hpp
[36.139s] -- Up-to-date symlink: /home/hp/ROS2_WS/install/slam_toolbox/include/slam_toolbox/slam_toolbox/srv/toggle_interactive.hpp
[36.140s] -- Up-to-date symlink: /home/hp/ROS2_WS/install/slam_toolbox/include/slam_toolbox/slam_toolbox/msg/rosidl_typesupport_fastrtps_cpp__visibility_control.h
[36.140s] -- Up-to-date symlink: /home/hp/ROS2_WS/install/slam_toolbox/include/slam_toolbox/slam_toolbox/srv/detail/add_submap__rosidl_typesupport_fastrtps_cpp.hpp
[36.140s] -- Up-to-date symlink: /home/hp/ROS2_WS/install/slam_toolbox/include/slam_toolbox/slam_toolbox/srv/detail/clear__rosidl_typesupport_fastrtps_cpp.hpp
[36.140s] -- Up-to-date symlink: /home/hp/ROS2_WS/install/slam_toolbox/include/slam_toolbox/slam_toolbox/srv/detail/clear_queue__rosidl_typesupport_fastrtps_cpp.hpp
[36.141s] -- Up-to-date symlink: /home/hp/ROS2_WS/install/slam_toolbox/include/slam_toolbox/slam_toolbox/srv/detail/deserialize_pose_graph__rosidl_typesupport_fastrtps_cpp.hpp
[36.141s] -- Up-to-date symlink: /home/hp/ROS2_WS/install/slam_toolbox/include/slam_toolbox/slam_toolbox/srv/detail/loop_closure__rosidl_typesupport_fastrtps_cpp.hpp
[36.142s] -- Up-to-date symlink: /home/hp/ROS2_WS/install/slam_toolbox/include/slam_toolbox/slam_toolbox/srv/detail/merge_maps__rosidl_typesupport_fastrtps_cpp.hpp
[36.142s] -- Up-to-date symlink: /home/hp/ROS2_WS/install/slam_toolbox/include/slam_toolbox/slam_toolbox/srv/detail/pause__rosidl_typesupport_fastrtps_cpp.hpp
[36.142s] -- Up-to-date symlink: /home/hp/ROS2_WS/install/slam_toolbox/include/slam_toolbox/slam_toolbox/srv/detail/reset__rosidl_typesupport_fastrtps_cpp.hpp
[36.142s] -- Up-to-date symlink: /home/hp/ROS2_WS/install/slam_toolbox/include/slam_toolbox/slam_toolbox/srv/detail/save_map__rosidl_typesupport_fastrtps_cpp.hpp
[36.142s] -- Up-to-date symlink: /home/hp/ROS2_WS/install/slam_toolbox/include/slam_toolbox/slam_toolbox/srv/detail/serialize_pose_graph__rosidl_typesupport_fastrtps_cpp.hpp
[36.142s] -- Up-to-date symlink: /home/hp/ROS2_WS/install/slam_toolbox/include/slam_toolbox/slam_toolbox/srv/detail/toggle_interactive__rosidl_typesupport_fastrtps_cpp.hpp
[36.143s] -- Up-to-date symlink: /home/hp/ROS2_WS/install/slam_toolbox/include/slam_toolbox/slam_toolbox/msg/rosidl_typesupport_introspection_c__visibility_control.h
[36.143s] -- Up-to-date symlink: /home/hp/ROS2_WS/install/slam_toolbox/include/slam_toolbox/slam_toolbox/srv/detail/add_submap__rosidl_typesupport_introspection_c.h
[36.143s] -- Up-to-date symlink: /home/hp/ROS2_WS/install/slam_toolbox/include/slam_toolbox/slam_toolbox/srv/detail/clear__rosidl_typesupport_introspection_c.h
[36.143s] -- Up-to-date symlink: /home/hp/ROS2_WS/install/slam_toolbox/include/slam_toolbox/slam_toolbox/srv/detail/clear_queue__rosidl_typesupport_introspection_c.h
[36.143s] -- Up-to-date symlink: /home/hp/ROS2_WS/install/slam_toolbox/include/slam_toolbox/slam_toolbox/srv/detail/deserialize_pose_graph__rosidl_typesupport_introspection_c.h
[36.143s] -- Up-to-date symlink: /home/hp/ROS2_WS/install/slam_toolbox/include/slam_toolbox/slam_toolbox/srv/detail/loop_closure__rosidl_typesupport_introspection_c.h
[36.143s] -- Up-to-date symlink: /home/hp/ROS2_WS/install/slam_toolbox/include/slam_toolbox/slam_toolbox/srv/detail/merge_maps__rosidl_typesupport_introspection_c.h
[36.144s] -- Up-to-date symlink: /home/hp/ROS2_WS/install/slam_toolbox/include/slam_toolbox/slam_toolbox/srv/detail/pause__rosidl_typesupport_introspection_c.h
[36.144s] -- Up-to-date symlink: /home/hp/ROS2_WS/install/slam_toolbox/include/slam_toolbox/slam_toolbox/srv/detail/reset__rosidl_typesupport_introspection_c.h
[36.144s] -- Up-to-date symlink: /home/hp/ROS2_WS/install/slam_toolbox/include/slam_toolbox/slam_toolbox/srv/detail/save_map__rosidl_typesupport_introspection_c.h
[36.144s] -- Up-to-date symlink: /home/hp/ROS2_WS/install/slam_toolbox/include/slam_toolbox/slam_toolbox/srv/detail/serialize_pose_graph__rosidl_typesupport_introspection_c.h
[36.144s] -- Up-to-date symlink: /home/hp/ROS2_WS/install/slam_toolbox/include/slam_toolbox/slam_toolbox/srv/detail/toggle_interactive__rosidl_typesupport_introspection_c.h
[36.145s] -- Up-to-date symlink: /home/hp/ROS2_WS/install/slam_toolbox/include/slam_toolbox/slam_toolbox/srv/detail/add_submap__rosidl_typesupport_introspection_cpp.hpp
[36.145s] -- Up-to-date symlink: /home/hp/ROS2_WS/install/slam_toolbox/include/slam_toolbox/slam_toolbox/srv/detail/clear__rosidl_typesupport_introspection_cpp.hpp
[36.145s] -- Up-to-date symlink: /home/hp/ROS2_WS/install/slam_toolbox/include/slam_toolbox/slam_toolbox/srv/detail/clear_queue__rosidl_typesupport_introspection_cpp.hpp
[36.145s] -- Up-to-date symlink: /home/hp/ROS2_WS/install/slam_toolbox/include/slam_toolbox/slam_toolbox/srv/detail/deserialize_pose_graph__rosidl_typesupport_introspection_cpp.hpp
[36.145s] -- Up-to-date symlink: /home/hp/ROS2_WS/install/slam_toolbox/include/slam_toolbox/slam_toolbox/srv/detail/loop_closure__rosidl_typesupport_introspection_cpp.hpp
[36.145s] -- Up-to-date symlink: /home/hp/ROS2_WS/install/slam_toolbox/include/slam_toolbox/slam_toolbox/srv/detail/merge_maps__rosidl_typesupport_introspection_cpp.hpp
[36.145s] -- Up-to-date symlink: /home/hp/ROS2_WS/install/slam_toolbox/include/slam_toolbox/slam_toolbox/srv/detail/pause__rosidl_typesupport_introspection_cpp.hpp
[36.145s] -- Up-to-date symlink: /home/hp/ROS2_WS/install/slam_toolbox/include/slam_toolbox/slam_toolbox/srv/detail/reset__rosidl_typesupport_introspection_cpp.hpp
[36.146s] -- Up-to-date symlink: /home/hp/ROS2_WS/install/slam_toolbox/include/slam_toolbox/slam_toolbox/srv/detail/save_map__rosidl_typesupport_introspection_cpp.hpp
[36.146s] -- Up-to-date symlink: /home/hp/ROS2_WS/install/slam_toolbox/include/slam_toolbox/slam_toolbox/srv/detail/serialize_pose_graph__rosidl_typesupport_introspection_cpp.hpp
[36.146s] -- Up-to-date symlink: /home/hp/ROS2_WS/install/slam_toolbox/include/slam_toolbox/slam_toolbox/srv/detail/toggle_interactive__rosidl_typesupport_introspection_cpp.hpp
[36.146s] -- Up-to-date symlink: /home/hp/ROS2_WS/install/slam_toolbox/share/slam_toolbox/environment/pythonpath.sh
[36.146s] -- Up-to-date symlink: /home/hp/ROS2_WS/install/slam_toolbox/share/slam_toolbox/environment/pythonpath.dsv
[36.146s] -- Up-to-date symlink: /home/hp/ROS2_WS/install/slam_toolbox/local/lib/python3.10/dist-packages/slam_toolbox-2.7.0-py3.10.egg-info/PKG-INFO
[36.146s] -- Up-to-date symlink: /home/hp/ROS2_WS/install/slam_toolbox/local/lib/python3.10/dist-packages/slam_toolbox-2.7.0-py3.10.egg-info/SOURCES.txt
[36.146s] -- Up-to-date symlink: /home/hp/ROS2_WS/install/slam_toolbox/local/lib/python3.10/dist-packages/slam_toolbox-2.7.0-py3.10.egg-info/dependency_links.txt
[36.147s] -- Up-to-date symlink: /home/hp/ROS2_WS/install/slam_toolbox/local/lib/python3.10/dist-packages/slam_toolbox-2.7.0-py3.10.egg-info/top_level.txt
[36.147s] -- Up-to-date symlink: /home/hp/ROS2_WS/install/slam_toolbox/local/lib/python3.10/dist-packages/slam_toolbox/__init__.py
[36.147s] -- Up-to-date symlink: /home/hp/ROS2_WS/install/slam_toolbox/local/lib/python3.10/dist-packages/slam_toolbox/_slam_toolbox_s.ep.rosidl_typesupport_c.c
[36.148s] -- Up-to-date symlink: /home/hp/ROS2_WS/install/slam_toolbox/local/lib/python3.10/dist-packages/slam_toolbox/_slam_toolbox_s.ep.rosidl_typesupport_fastrtps_c.c
[36.148s] -- Up-to-date symlink: /home/hp/ROS2_WS/install/slam_toolbox/local/lib/python3.10/dist-packages/slam_toolbox/_slam_toolbox_s.ep.rosidl_typesupport_introspection_c.c
[36.148s] -- Up-to-date symlink: /home/hp/ROS2_WS/install/slam_toolbox/local/lib/python3.10/dist-packages/slam_toolbox/libslam_toolbox__rosidl_generator_py.so
[36.148s] -- Up-to-date symlink: /home/hp/ROS2_WS/install/slam_toolbox/local/lib/python3.10/dist-packages/slam_toolbox/slam_toolbox_s__rosidl_typesupport_c.cpython-310-x86_64-linux-gnu.so
[36.148s] -- Up-to-date symlink: /home/hp/ROS2_WS/install/slam_toolbox/local/lib/python3.10/dist-packages/slam_toolbox/slam_toolbox_s__rosidl_typesupport_fastrtps_c.cpython-310-x86_64-linux-gnu.so
[36.148s] -- Up-to-date symlink: /home/hp/ROS2_WS/install/slam_toolbox/local/lib/python3.10/dist-packages/slam_toolbox/slam_toolbox_s__rosidl_typesupport_introspection_c.cpython-310-x86_64-linux-gnu.so
[36.148s] -- Up-to-date symlink: /home/hp/ROS2_WS/install/slam_toolbox/local/lib/python3.10/dist-packages/slam_toolbox/srv/__init__.py
[36.148s] -- Up-to-date symlink: /home/hp/ROS2_WS/install/slam_toolbox/local/lib/python3.10/dist-packages/slam_toolbox/srv/_add_submap.py
[36.148s] -- Up-to-date symlink: /home/hp/ROS2_WS/install/slam_toolbox/local/lib/python3.10/dist-packages/slam_toolbox/srv/_add_submap_s.c
[36.148s] -- Up-to-date symlink: /home/hp/ROS2_WS/install/slam_toolbox/local/lib/python3.10/dist-packages/slam_toolbox/srv/_clear.py
[36.148s] -- Up-to-date symlink: /home/hp/ROS2_WS/install/slam_toolbox/local/lib/python3.10/dist-packages/slam_toolbox/srv/_clear_queue.py
[36.148s] -- Up-to-date symlink: /home/hp/ROS2_WS/install/slam_toolbox/local/lib/python3.10/dist-packages/slam_toolbox/srv/_clear_queue_s.c
[36.149s] -- Up-to-date symlink: /home/hp/ROS2_WS/install/slam_toolbox/local/lib/python3.10/dist-packages/slam_toolbox/srv/_clear_s.c
[36.149s] -- Up-to-date symlink: /home/hp/ROS2_WS/install/slam_toolbox/local/lib/python3.10/dist-packages/slam_toolbox/srv/_deserialize_pose_graph.py
[36.149s] -- Up-to-date symlink: /home/hp/ROS2_WS/install/slam_toolbox/local/lib/python3.10/dist-packages/slam_toolbox/srv/_deserialize_pose_graph_s.c
[36.149s] -- Up-to-date symlink: /home/hp/ROS2_WS/install/slam_toolbox/local/lib/python3.10/dist-packages/slam_toolbox/srv/_loop_closure.py
[36.149s] -- Up-to-date symlink: /home/hp/ROS2_WS/install/slam_toolbox/local/lib/python3.10/dist-packages/slam_toolbox/srv/_loop_closure_s.c
[36.149s] -- Up-to-date symlink: /home/hp/ROS2_WS/install/slam_toolbox/local/lib/python3.10/dist-packages/slam_toolbox/srv/_merge_maps.py
[36.149s] -- Up-to-date symlink: /home/hp/ROS2_WS/install/slam_toolbox/local/lib/python3.10/dist-packages/slam_toolbox/srv/_merge_maps_s.c
[36.149s] -- Up-to-date symlink: /home/hp/ROS2_WS/install/slam_toolbox/local/lib/python3.10/dist-packages/slam_toolbox/srv/_pause.py
[36.149s] -- Up-to-date symlink: /home/hp/ROS2_WS/install/slam_toolbox/local/lib/python3.10/dist-packages/slam_toolbox/srv/_pause_s.c
[36.149s] -- Up-to-date symlink: /home/hp/ROS2_WS/install/slam_toolbox/local/lib/python3.10/dist-packages/slam_toolbox/srv/_reset.py
[36.149s] -- Up-to-date symlink: /home/hp/ROS2_WS/install/slam_toolbox/local/lib/python3.10/dist-packages/slam_toolbox/srv/_reset_s.c
[36.149s] -- Up-to-date symlink: /home/hp/ROS2_WS/install/slam_toolbox/local/lib/python3.10/dist-packages/slam_toolbox/srv/_save_map.py
[36.150s] -- Up-to-date symlink: /home/hp/ROS2_WS/install/slam_toolbox/local/lib/python3.10/dist-packages/slam_toolbox/srv/_save_map_s.c
[36.150s] -- Up-to-date symlink: /home/hp/ROS2_WS/install/slam_toolbox/local/lib/python3.10/dist-packages/slam_toolbox/srv/_serialize_pose_graph.py
[36.150s] -- Up-to-date symlink: /home/hp/ROS2_WS/install/slam_toolbox/local/lib/python3.10/dist-packages/slam_toolbox/srv/_serialize_pose_graph_s.c
[36.150s] -- Up-to-date symlink: /home/hp/ROS2_WS/install/slam_toolbox/local/lib/python3.10/dist-packages/slam_toolbox/srv/_toggle_interactive.py
[36.150s] -- Up-to-date symlink: /home/hp/ROS2_WS/install/slam_toolbox/local/lib/python3.10/dist-packages/slam_toolbox/srv/_toggle_interactive_s.c
[36.150s] -- Up-to-date symlink: /home/hp/ROS2_WS/install/slam_toolbox/local/lib/python3.10/dist-packages/slam_toolbox/slam_toolbox_s__rosidl_typesupport_fastrtps_c.cpython-310-x86_64-linux-gnu.so
[36.150s] -- Up-to-date symlink: /home/hp/ROS2_WS/install/slam_toolbox/local/lib/python3.10/dist-packages/slam_toolbox/slam_toolbox_s__rosidl_typesupport_introspection_c.cpython-310-x86_64-linux-gnu.so
[36.151s] -- Up-to-date symlink: /home/hp/ROS2_WS/install/slam_toolbox/local/lib/python3.10/dist-packages/slam_toolbox/slam_toolbox_s__rosidl_typesupport_c.cpython-310-x86_64-linux-gnu.so
[36.151s] -- Up-to-date symlink: /home/hp/ROS2_WS/install/slam_toolbox/share/slam_toolbox/srv/Pause.idl
[36.151s] -- Up-to-date symlink: /home/hp/ROS2_WS/install/slam_toolbox/share/slam_toolbox/srv/Reset.idl
[36.151s] -- Up-to-date symlink: /home/hp/ROS2_WS/install/slam_toolbox/share/slam_toolbox/srv/ClearQueue.idl
[36.151s] -- Up-to-date symlink: /home/hp/ROS2_WS/install/slam_toolbox/share/slam_toolbox/srv/ToggleInteractive.idl
[36.151s] -- Up-to-date symlink: /home/hp/ROS2_WS/install/slam_toolbox/share/slam_toolbox/srv/Clear.idl
[36.151s] -- Up-to-date symlink: /home/hp/ROS2_WS/install/slam_toolbox/share/slam_toolbox/srv/SaveMap.idl
[36.151s] -- Up-to-date symlink: /home/hp/ROS2_WS/install/slam_toolbox/share/slam_toolbox/srv/LoopClosure.idl
[36.152s] -- Up-to-date symlink: /home/hp/ROS2_WS/install/slam_toolbox/share/slam_toolbox/srv/MergeMaps.idl
[36.152s] -- Up-to-date symlink: /home/hp/ROS2_WS/install/slam_toolbox/share/slam_toolbox/srv/AddSubmap.idl
[36.152s] -- Up-to-date symlink: /home/hp/ROS2_WS/install/slam_toolbox/share/slam_toolbox/srv/DeserializePoseGraph.idl
[36.152s] -- Up-to-date symlink: /home/hp/ROS2_WS/install/slam_toolbox/share/slam_toolbox/srv/SerializePoseGraph.idl
[36.152s] -- Up-to-date symlink: /home/hp/ROS2_WS/install/slam_toolbox/share/slam_toolbox/srvs/Pause.srv
[36.152s] -- Up-to-date symlink: /home/hp/ROS2_WS/install/slam_toolbox/share/slam_toolbox/srvs/Pause_Request.msg
[36.152s] -- Up-to-date symlink: /home/hp/ROS2_WS/install/slam_toolbox/share/slam_toolbox/srvs/Pause_Response.msg
[36.152s] -- Up-to-date symlink: /home/hp/ROS2_WS/install/slam_toolbox/share/slam_toolbox/srvs/Reset.srv
[36.152s] -- Up-to-date symlink: /home/hp/ROS2_WS/install/slam_toolbox/share/slam_toolbox/srvs/Reset_Request.msg
[36.153s] -- Up-to-date symlink: /home/hp/ROS2_WS/install/slam_toolbox/share/slam_toolbox/srvs/Reset_Response.msg
[36.153s] -- Up-to-date symlink: /home/hp/ROS2_WS/install/slam_toolbox/share/slam_toolbox/srvs/ClearQueue.srv
[36.153s] -- Up-to-date symlink: /home/hp/ROS2_WS/install/slam_toolbox/share/slam_toolbox/srvs/ClearQueue_Request.msg
[36.153s] -- Up-to-date symlink: /home/hp/ROS2_WS/install/slam_toolbox/share/slam_toolbox/srvs/ClearQueue_Response.msg
[36.154s] -- Up-to-date symlink: /home/hp/ROS2_WS/install/slam_toolbox/share/slam_toolbox/srvs/ToggleInteractive.srv
[36.154s] -- Up-to-date symlink: /home/hp/ROS2_WS/install/slam_toolbox/share/slam_toolbox/srvs/ToggleInteractive_Request.msg
[36.154s] -- Up-to-date symlink: /home/hp/ROS2_WS/install/slam_toolbox/share/slam_toolbox/srvs/ToggleInteractive_Response.msg
[36.154s] -- Up-to-date symlink: /home/hp/ROS2_WS/install/slam_toolbox/share/slam_toolbox/srvs/Clear.srv
[36.154s] -- Up-to-date symlink: /home/hp/ROS2_WS/install/slam_toolbox/share/slam_toolbox/srvs/Clear_Request.msg
[36.154s] -- Up-to-date symlink: /home/hp/ROS2_WS/install/slam_toolbox/share/slam_toolbox/srvs/Clear_Response.msg
[36.154s] -- Up-to-date symlink: /home/hp/ROS2_WS/install/slam_toolbox/share/slam_toolbox/srvs/SaveMap.srv
[36.154s] -- Up-to-date symlink: /home/hp/ROS2_WS/install/slam_toolbox/share/slam_toolbox/srvs/SaveMap_Request.msg
[36.155s] -- Up-to-date symlink: /home/hp/ROS2_WS/install/slam_toolbox/share/slam_toolbox/srvs/SaveMap_Response.msg
[36.155s] -- Up-to-date symlink: /home/hp/ROS2_WS/install/slam_toolbox/share/slam_toolbox/srvs/LoopClosure.srv
[36.155s] -- Up-to-date symlink: /home/hp/ROS2_WS/install/slam_toolbox/share/slam_toolbox/srvs/LoopClosure_Request.msg
[36.155s] -- Up-to-date symlink: /home/hp/ROS2_WS/install/slam_toolbox/share/slam_toolbox/srvs/LoopClosure_Response.msg
[36.155s] -- Up-to-date symlink: /home/hp/ROS2_WS/install/slam_toolbox/share/slam_toolbox/srvs/MergeMaps.srv
[36.155s] -- Up-to-date symlink: /home/hp/ROS2_WS/install/slam_toolbox/share/slam_toolbox/srvs/MergeMaps_Request.msg
[36.155s] -- Up-to-date symlink: /home/hp/ROS2_WS/install/slam_toolbox/share/slam_toolbox/srvs/MergeMaps_Response.msg
[36.155s] -- Up-to-date symlink: /home/hp/ROS2_WS/install/slam_toolbox/share/slam_toolbox/srvs/AddSubmap.srv
[36.155s] -- Up-to-date symlink: /home/hp/ROS2_WS/install/slam_toolbox/share/slam_toolbox/srvs/AddSubmap_Request.msg
[36.156s] -- Up-to-date symlink: /home/hp/ROS2_WS/install/slam_toolbox/share/slam_toolbox/srvs/AddSubmap_Response.msg
[36.156s] -- Up-to-date symlink: /home/hp/ROS2_WS/install/slam_toolbox/share/slam_toolbox/srvs/DeserializePoseGraph.srv
[36.156s] -- Up-to-date symlink: /home/hp/ROS2_WS/install/slam_toolbox/share/slam_toolbox/srvs/DeserializePoseGraph_Request.msg
[36.156s] -- Up-to-date symlink: /home/hp/ROS2_WS/install/slam_toolbox/share/slam_toolbox/srvs/DeserializePoseGraph_Response.msg
[36.156s] -- Up-to-date symlink: /home/hp/ROS2_WS/install/slam_toolbox/share/slam_toolbox/srvs/SerializePoseGraph.srv
[36.156s] -- Up-to-date symlink: /home/hp/ROS2_WS/install/slam_toolbox/share/slam_toolbox/srvs/SerializePoseGraph_Request.msg
[36.156s] -- Up-to-date symlink: /home/hp/ROS2_WS/install/slam_toolbox/share/slam_toolbox/srvs/SerializePoseGraph_Response.msg
[36.156s] -- Up-to-date symlink: /home/hp/ROS2_WS/install/slam_toolbox/share/slam_toolbox//rviz_plugins.xml
[36.157s] -- Up-to-date symlink: /home/hp/ROS2_WS/install/slam_toolbox/share/slam_toolbox//solver_plugins.xml
[36.157s] -- Up-to-date symlink: /home/hp/ROS2_WS/install/slam_toolbox/lib/slam_toolbox/async_slam_toolbox_node
[36.157s] -- Up-to-date symlink: /home/hp/ROS2_WS/install/slam_toolbox/lib/slam_toolbox/sync_slam_toolbox_node
[36.157s] -- Up-to-date symlink: /home/hp/ROS2_WS/install/slam_toolbox/lib/slam_toolbox/localization_slam_toolbox_node
[36.157s] -- Up-to-date symlink: /home/hp/ROS2_WS/install/slam_toolbox/lib/slam_toolbox/map_and_localization_slam_toolbox_node
[36.157s] -- Up-to-date symlink: /home/hp/ROS2_WS/install/slam_toolbox/lib/slam_toolbox/lifelong_slam_toolbox_node
[36.157s] -- Up-to-date symlink: /home/hp/ROS2_WS/install/slam_toolbox/lib/slam_toolbox/merge_maps_kinematic
[36.158s] -- Up-to-date symlink: /home/hp/ROS2_WS/install/slam_toolbox/lib/libtoolbox_common.so
[36.158s] -- Up-to-date symlink: /home/hp/ROS2_WS/install/slam_toolbox/lib/libSlamToolboxPlugin.so
[36.158s] -- Up-to-date symlink: /home/hp/ROS2_WS/install/slam_toolbox/lib/libceres_solver_plugin.so
[36.158s] -- Up-to-date symlink: /home/hp/ROS2_WS/install/slam_toolbox/lib/libasync_slam_toolbox.so
[36.158s] -- Up-to-date symlink: /home/hp/ROS2_WS/install/slam_toolbox/lib/libsync_slam_toolbox.so
[36.158s] -- Up-to-date symlink: /home/hp/ROS2_WS/install/slam_toolbox/lib/liblocalization_slam_toolbox.so
[36.158s] -- Up-to-date symlink: /home/hp/ROS2_WS/install/slam_toolbox/lib/liblifelong_slam_toolbox.so
[36.158s] -- Up-to-date symlink: /home/hp/ROS2_WS/install/slam_toolbox/lib/libmap_and_localization_slam_toolbox.so
[36.158s] -- Up-to-date symlink: /home/hp/ROS2_WS/install/slam_toolbox/lib/libkartoSlamToolbox.so
[36.159s] -- Up-to-date symlink: /home/hp/ROS2_WS/install/slam_toolbox/include/slam_toolbox/experimental/slam_toolbox_lifelong.hpp
[36.159s] -- Up-to-date symlink: /home/hp/ROS2_WS/install/slam_toolbox/include/slam_toolbox/experimental/slam_toolbox_map_and_localization.hpp
[36.159s] -- Up-to-date symlink: /home/hp/ROS2_WS/install/slam_toolbox/include/slam_toolbox/get_pose_helper.hpp
[36.159s] -- Up-to-date symlink: /home/hp/ROS2_WS/install/slam_toolbox/include/slam_toolbox/laser_utils.hpp
[36.159s] -- Up-to-date symlink: /home/hp/ROS2_WS/install/slam_toolbox/include/slam_toolbox/loop_closure_assistant.hpp
[36.159s] -- Up-to-date symlink: /home/hp/ROS2_WS/install/slam_toolbox/include/slam_toolbox/map_saver.hpp
[36.159s] -- Up-to-date symlink: /home/hp/ROS2_WS/install/slam_toolbox/include/slam_toolbox/merge_maps_kinematic.hpp
[36.159s] -- Up-to-date symlink: /home/hp/ROS2_WS/install/slam_toolbox/include/slam_toolbox/serialization.hpp
[36.160s] -- Up-to-date symlink: /home/hp/ROS2_WS/install/slam_toolbox/include/slam_toolbox/slam_mapper.hpp
[36.160s] -- Up-to-date symlink: /home/hp/ROS2_WS/install/slam_toolbox/include/slam_toolbox/slam_toolbox_async.hpp
[36.160s] -- Up-to-date symlink: /home/hp/ROS2_WS/install/slam_toolbox/include/slam_toolbox/slam_toolbox_common.hpp
[36.160s] -- Up-to-date symlink: /home/hp/ROS2_WS/install/slam_toolbox/include/slam_toolbox/slam_toolbox_localization.hpp
[36.160s] -- Up-to-date symlink: /home/hp/ROS2_WS/install/slam_toolbox/include/slam_toolbox/slam_toolbox_sync.hpp
[36.160s] -- Up-to-date symlink: /home/hp/ROS2_WS/install/slam_toolbox/include/slam_toolbox/snap_utils.hpp
[36.160s] -- Up-to-date symlink: /home/hp/ROS2_WS/install/slam_toolbox/include/slam_toolbox/toolbox_msgs.hpp
[36.160s] -- Up-to-date symlink: /home/hp/ROS2_WS/install/slam_toolbox/include/slam_toolbox/toolbox_types.hpp
[36.160s] -- Up-to-date symlink: /home/hp/ROS2_WS/install/slam_toolbox/include/slam_toolbox/visualization_utils.hpp
[36.161s] -- Up-to-date symlink: /home/hp/ROS2_WS/install/slam_toolbox/share/slam_toolbox/launch/localization_launch.py
[36.161s] -- Up-to-date symlink: /home/hp/ROS2_WS/install/slam_toolbox/share/slam_toolbox/launch/merge_maps_kinematic_launch.py
[36.161s] -- Up-to-date symlink: /home/hp/ROS2_WS/install/slam_toolbox/share/slam_toolbox/launch/offline_launch.py
[36.161s] -- Up-to-date symlink: /home/hp/ROS2_WS/install/slam_toolbox/share/slam_toolbox/launch/online_async_launch.py
[36.162s] -- Up-to-date symlink: /home/hp/ROS2_WS/install/slam_toolbox/share/slam_toolbox/launch/online_sync_launch.py
[36.162s] -- Up-to-date symlink: /home/hp/ROS2_WS/install/slam_toolbox/share/slam_toolbox/config/mapper_params_lifelong.yaml
[36.162s] -- Up-to-date symlink: /home/hp/ROS2_WS/install/slam_toolbox/share/slam_toolbox/config/mapper_params_localization.yaml
[36.162s] -- Up-to-date symlink: /home/hp/ROS2_WS/install/slam_toolbox/share/slam_toolbox/config/mapper_params_offline.yaml
[36.162s] -- Up-to-date symlink: /home/hp/ROS2_WS/install/slam_toolbox/share/slam_toolbox/config/mapper_params_online_async.yaml
[36.162s] -- Up-to-date symlink: /home/hp/ROS2_WS/install/slam_toolbox/share/slam_toolbox/config/mapper_params_online_sync.yaml
[36.162s] -- Up-to-date symlink: /home/hp/ROS2_WS/install/slam_toolbox/share/slam_toolbox/config/slam_toolbox_default.rviz
[36.162s] -- Up-to-date symlink: /home/hp/ROS2_WS/install/slam_toolbox/share/solver_plugins.xml
[36.163s] -- Up-to-date symlink: /home/hp/ROS2_WS/install/slam_toolbox/share/rviz_plugins.xml
[36.163s] -- Up-to-date symlink: /home/hp/ROS2_WS/install/slam_toolbox/share/ament_index/resource_index/package_run_dependencies/slam_toolbox
[36.163s] -- Up-to-date symlink: /home/hp/ROS2_WS/install/slam_toolbox/share/ament_index/resource_index/parent_prefix_path/slam_toolbox
[36.163s] -- Up-to-date symlink: /home/hp/ROS2_WS/install/slam_toolbox/share/slam_toolbox/environment/ament_prefix_path.sh
[36.163s] -- Up-to-date symlink: /home/hp/ROS2_WS/install/slam_toolbox/share/slam_toolbox/environment/ament_prefix_path.dsv
[36.163s] -- Up-to-date symlink: /home/hp/ROS2_WS/install/slam_toolbox/share/slam_toolbox/environment/path.sh
[36.163s] -- Up-to-date symlink: /home/hp/ROS2_WS/install/slam_toolbox/share/slam_toolbox/environment/path.dsv
[36.163s] -- Up-to-date symlink: /home/hp/ROS2_WS/install/slam_toolbox/share/slam_toolbox/local_setup.bash
[36.164s] -- Up-to-date symlink: /home/hp/ROS2_WS/install/slam_toolbox/share/slam_toolbox/local_setup.sh
[36.164s] -- Up-to-date symlink: /home/hp/ROS2_WS/install/slam_toolbox/share/slam_toolbox/local_setup.zsh
[36.164s] -- Up-to-date symlink: /home/hp/ROS2_WS/install/slam_toolbox/share/slam_toolbox/local_setup.dsv
[36.164s] -- Symlinking: /home/hp/ROS2_WS/install/slam_toolbox/share/slam_toolbox/package.dsv
[36.172s] -- Up-to-date symlink: /home/hp/ROS2_WS/install/slam_toolbox/share/ament_index/resource_index/packages/slam_toolbox
[36.172s] -- Up-to-date symlink: /home/hp/ROS2_WS/install/slam_toolbox/share/ament_index/resource_index/rviz_common__pluginlib__plugin/slam_toolbox
[36.172s] -- Up-to-date symlink: /home/hp/ROS2_WS/install/slam_toolbox/share/ament_index/resource_index/slam_toolbox__pluginlib__plugin/slam_toolbox
[36.172s] -- Up-to-date symlink: /home/hp/ROS2_WS/install/slam_toolbox/share/ament_index/resource_index/rclcpp_components/slam_toolbox
[36.172s] -- Up-to-date symlink: /home/hp/ROS2_WS/install/slam_toolbox/share/slam_toolbox/cmake/rosidl_cmake-extras.cmake
[36.172s] -- Up-to-date symlink: /home/hp/ROS2_WS/install/slam_toolbox/share/slam_toolbox/cmake/ament_cmake_export_dependencies-extras.cmake
[36.172s] -- Up-to-date symlink: /home/hp/ROS2_WS/install/slam_toolbox/share/slam_toolbox/cmake/ament_cmake_export_include_directories-extras.cmake
[36.172s] -- Up-to-date symlink: /home/hp/ROS2_WS/install/slam_toolbox/share/slam_toolbox/cmake/ament_cmake_export_libraries-extras.cmake
[36.172s] -- Up-to-date symlink: /home/hp/ROS2_WS/install/slam_toolbox/share/slam_toolbox/cmake/ament_cmake_export_targets-extras.cmake
[36.172s] -- Up-to-date symlink: /home/hp/ROS2_WS/install/slam_toolbox/share/slam_toolbox/cmake/rosidl_cmake_export_typesupport_targets-extras.cmake
[36.173s] -- Up-to-date symlink: /home/hp/ROS2_WS/install/slam_toolbox/share/slam_toolbox/cmake/rosidl_cmake_export_typesupport_libraries-extras.cmake
[36.173s] -- Up-to-date symlink: /home/hp/ROS2_WS/install/slam_toolbox/share/slam_toolbox/cmake/slam_toolboxConfig.cmake
[36.173s] -- Up-to-date symlink: /home/hp/ROS2_WS/install/slam_toolbox/share/slam_toolbox/cmake/slam_toolboxConfig-version.cmake
[36.173s] -- Up-to-date symlink: /home/hp/ROS2_WS/install/slam_toolbox/share/slam_toolbox/package.xml
[36.174s] -- Up-to-date: /home/hp/ROS2_WS/install/slam_toolbox/lib/libslam_toolbox__rosidl_generator_c.so
[36.174s] -- Up-to-date: /home/hp/ROS2_WS/install/slam_toolbox/lib/libslam_toolbox__rosidl_typesupport_fastrtps_c.so
[36.174s] -- Up-to-date: /home/hp/ROS2_WS/install/slam_toolbox/lib/libslam_toolbox__rosidl_typesupport_fastrtps_cpp.so
[36.174s] -- Up-to-date: /home/hp/ROS2_WS/install/slam_toolbox/lib/libslam_toolbox__rosidl_typesupport_introspection_c.so
[36.174s] -- Up-to-date: /home/hp/ROS2_WS/install/slam_toolbox/lib/libslam_toolbox__rosidl_typesupport_c.so
[36.175s] -- Up-to-date: /home/hp/ROS2_WS/install/slam_toolbox/lib/libslam_toolbox__rosidl_typesupport_introspection_cpp.so
[36.175s] -- Up-to-date: /home/hp/ROS2_WS/install/slam_toolbox/lib/libslam_toolbox__rosidl_typesupport_cpp.so
[36.207s] Listing '/home/hp/ROS2_WS/install/slam_toolbox/local/lib/python3.10/dist-packages/slam_toolbox'...
[36.207s] Listing '/home/hp/ROS2_WS/install/slam_toolbox/local/lib/python3.10/dist-packages/slam_toolbox/srv'...
[36.211s] -- Up-to-date: /home/hp/ROS2_WS/install/slam_toolbox/lib/libslam_toolbox__rosidl_generator_py.so
[36.211s] -- Up-to-date: /home/hp/ROS2_WS/install/slam_toolbox/share/slam_toolbox/cmake/export_slam_toolbox__rosidl_generator_cExport.cmake
[36.212s] -- Up-to-date: /home/hp/ROS2_WS/install/slam_toolbox/share/slam_toolbox/cmake/export_slam_toolbox__rosidl_generator_cExport-release.cmake
[36.212s] -- Up-to-date: /home/hp/ROS2_WS/install/slam_toolbox/share/slam_toolbox/cmake/export_slam_toolbox__rosidl_typesupport_fastrtps_cExport.cmake
[36.212s] -- Up-to-date: /home/hp/ROS2_WS/install/slam_toolbox/share/slam_toolbox/cmake/export_slam_toolbox__rosidl_typesupport_fastrtps_cExport-release.cmake
[36.212s] -- Up-to-date: /home/hp/ROS2_WS/install/slam_toolbox/share/slam_toolbox/cmake/export_slam_toolbox__rosidl_generator_cppExport.cmake
[36.212s] -- Up-to-date: /home/hp/ROS2_WS/install/slam_toolbox/share/slam_toolbox/cmake/export_slam_toolbox__rosidl_typesupport_fastrtps_cppExport.cmake
[36.212s] -- Up-to-date: /home/hp/ROS2_WS/install/slam_toolbox/share/slam_toolbox/cmake/export_slam_toolbox__rosidl_typesupport_fastrtps_cppExport-release.cmake
[36.212s] -- Up-to-date: /home/hp/ROS2_WS/install/slam_toolbox/share/slam_toolbox/cmake/slam_toolbox__rosidl_typesupport_introspection_cExport.cmake
[36.212s] -- Up-to-date: /home/hp/ROS2_WS/install/slam_toolbox/share/slam_toolbox/cmake/slam_toolbox__rosidl_typesupport_introspection_cExport-release.cmake
[36.212s] -- Up-to-date: /home/hp/ROS2_WS/install/slam_toolbox/share/slam_toolbox/cmake/slam_toolbox__rosidl_typesupport_cExport.cmake
[36.212s] -- Up-to-date: /home/hp/ROS2_WS/install/slam_toolbox/share/slam_toolbox/cmake/slam_toolbox__rosidl_typesupport_cExport-release.cmake
[36.212s] -- Up-to-date: /home/hp/ROS2_WS/install/slam_toolbox/share/slam_toolbox/cmake/slam_toolbox__rosidl_typesupport_introspection_cppExport.cmake
[36.213s] -- Up-to-date: /home/hp/ROS2_WS/install/slam_toolbox/share/slam_toolbox/cmake/slam_toolbox__rosidl_typesupport_introspection_cppExport-release.cmake
[36.213s] -- Up-to-date: /home/hp/ROS2_WS/install/slam_toolbox/share/slam_toolbox/cmake/slam_toolbox__rosidl_typesupport_cppExport.cmake
[36.213s] -- Up-to-date: /home/hp/ROS2_WS/install/slam_toolbox/share/slam_toolbox/cmake/slam_toolbox__rosidl_typesupport_cppExport-release.cmake
[36.213s] -- Up-to-date: /home/hp/ROS2_WS/install/slam_toolbox/share/slam_toolbox/cmake/export_slam_toolbox__rosidl_generator_pyExport.cmake
[36.213s] -- Up-to-date: /home/hp/ROS2_WS/install/slam_toolbox/share/slam_toolbox/cmake/export_slam_toolbox__rosidl_generator_pyExport-release.cmake
[36.213s] -- Up-to-date: /home/hp/ROS2_WS/install/slam_toolbox/share/slam_toolbox/cmake/SlamToolboxPluginExport.cmake
[36.213s] -- Up-to-date: /home/hp/ROS2_WS/install/slam_toolbox/share/slam_toolbox/cmake/SlamToolboxPluginExport-release.cmake
[36.215s] Invoked command in '/home/hp/ROS2_WS/build/slam_toolbox' returned '0': CMAKE_PREFIX_PATH=${CMAKE_PREFIX_PATH}:/home/hp/ROS2_WS/install/my_robot_controller:/home/hp/ROS2_WS/install/my_exo:/home/hp/ROS2_WS/install/dynamic_tf:/opt/ros/humble /usr/bin/cmake --install /home/hp/ROS2_WS/build/slam_toolbox
