[1.437s] Invoking command in '/home/hp/ROS2_WS/src/build/slam_toolbox': CMAKE_PREFIX_PATH=${CMAKE_PREFIX_PATH}:/home/hp/ROS2_WS/install/my_robot_controller:/home/hp/ROS2_WS/install/my_exo:/home/hp/ROS2_WS/install/dynamic_tf:/home/hp/ROS2_WS/src/install/my_robot_controller:/home/hp/ROS2_WS/src/install/my_exo:/home/hp/ROS2_WS/src/install/dynamic_tf:/opt/ros/humble CONDA_PROMPT_MODIFIER=(base) /usr/bin/cmake --build /home/hp/ROS2_WS/src/build/slam_toolbox -- -j8 -l8
[7.827s] [  0%] Built target ament_cmake_python_symlink_slam_toolbox
[8.538s] [  0%] Built target slam_toolbox__cpp
[8.879s] [  9%] Built target slam_toolbox__rosidl_generator_c
[9.102s] [ 18%] Built target slam_toolbox__rosidl_typesupport_cpp
[9.114s] [ 27%] Built target slam_toolbox__rosidl_typesupport_introspection_cpp
[9.220s] [ 36%] Built target slam_toolbox__rosidl_typesupport_introspection_c
[9.228s] [ 45%] Built target slam_toolbox__rosidl_typesupport_fastrtps_cpp
[9.278s] [ 54%] Built target slam_toolbox__rosidl_typesupport_c
[9.406s] [ 63%] Built target slam_toolbox__rosidl_typesupport_fastrtps_c
[9.674s] [ 63%] Built target slam_toolbox
[10.450s] [ 64%] Built target slam_toolbox__py
[11.550s] [ 72%] Built target slam_toolbox__rosidl_generator_py
[11.815s] [ 73%] Built target slam_toolbox__rosidl_typesupport_fastrtps_c__pyext
[11.861s] [ 75%] Built target slam_toolbox__rosidl_typesupport_c__pyext
[11.862s] [ 75%] Built target slam_toolbox__rosidl_typesupport_introspection_c__pyext
[11.901s] [ 77%] Built target SlamToolboxPlugin
[16.550s] [ 79%] Built target kartoSlamToolbox
[17.406s] [ 80%] Built target ceres_solver_plugin
[17.730s] [ 85%] Built target toolbox_common
[18.585s] [ 87%] Built target merge_maps_kinematic
[18.685s] [ 89%] Built target async_slam_toolbox
[18.729s] [ 91%] Built target lifelong_slam_toolbox
[18.732s] [ 92%] Built target localization_slam_toolbox
[18.759s] [ 93%] Built target sync_slam_toolbox
[18.903s] [ 94%] Built target lifelong_slam_toolbox_node
[18.936s] [ 95%] Built target async_slam_toolbox_node
[18.970s] [ 96%] Built target map_and_localization_slam_toolbox
[19.116s] [ 98%] Built target localization_slam_toolbox_node
[19.138s] [ 99%] Built target sync_slam_toolbox_node
[19.162s] [100%] Built target map_and_localization_slam_toolbox_node
[32.079s] running egg_info
[32.106s] writing slam_toolbox.egg-info/PKG-INFO
[32.107s] writing dependency_links to slam_toolbox.egg-info/dependency_links.txt
[32.107s] writing top-level names to slam_toolbox.egg-info/top_level.txt
[32.159s] reading manifest file 'slam_toolbox.egg-info/SOURCES.txt'
[32.176s] writing manifest file 'slam_toolbox.egg-info/SOURCES.txt'
[32.201s] [100%] Built target ament_cmake_python_build_slam_toolbox_egg
[32.212s] Invoked command in '/home/hp/ROS2_WS/src/build/slam_toolbox' returned '0': CMAKE_PREFIX_PATH=${CMAKE_PREFIX_PATH}:/home/hp/ROS2_WS/install/my_robot_controller:/home/hp/ROS2_WS/install/my_exo:/home/hp/ROS2_WS/install/dynamic_tf:/home/hp/ROS2_WS/src/install/my_robot_controller:/home/hp/ROS2_WS/src/install/my_exo:/home/hp/ROS2_WS/src/install/dynamic_tf:/opt/ros/humble CONDA_PROMPT_MODIFIER=(base) /usr/bin/cmake --build /home/hp/ROS2_WS/src/build/slam_toolbox -- -j8 -l8
[32.756s] Invoking command in '/home/hp/ROS2_WS/src/build/slam_toolbox': CMAKE_PREFIX_PATH=${CMAKE_PREFIX_PATH}:/home/hp/ROS2_WS/install/my_robot_controller:/home/hp/ROS2_WS/install/my_exo:/home/hp/ROS2_WS/install/dynamic_tf:/home/hp/ROS2_WS/src/install/my_robot_controller:/home/hp/ROS2_WS/src/install/my_exo:/home/hp/ROS2_WS/src/install/dynamic_tf:/opt/ros/humble CONDA_PROMPT_MODIFIER=(base) /usr/bin/cmake --install /home/hp/ROS2_WS/src/build/slam_toolbox
[32.801s] -- Install configuration: "Release"
[32.831s] -- Execute custom install script
[33.024s] -- Up-to-date symlink: /home/hp/ROS2_WS/src/install/slam_toolbox/include//karto_sdk/Karto.h
[33.102s] -- Up-to-date symlink: /home/hp/ROS2_WS/src/install/slam_toolbox/include//karto_sdk/Macros.h
[33.147s] -- Up-to-date symlink: /home/hp/ROS2_WS/src/install/slam_toolbox/include//karto_sdk/Mapper.h
[33.148s] -- Up-to-date symlink: /home/hp/ROS2_WS/src/install/slam_toolbox/include//karto_sdk/Math.h
[33.148s] -- Up-to-date symlink: /home/hp/ROS2_WS/src/install/slam_toolbox/include//karto_sdk/ProcessData.h
[33.149s] -- Up-to-date symlink: /home/hp/ROS2_WS/src/install/slam_toolbox/include//karto_sdk/Types.h
[33.149s] -- Up-to-date symlink: /home/hp/ROS2_WS/src/install/slam_toolbox/include//karto_sdk/nanoflann.hpp
[33.149s] -- Up-to-date symlink: /home/hp/ROS2_WS/src/install/slam_toolbox/include//karto_sdk/nanoflann_adaptors.h
[33.150s] -- Up-to-date symlink: /home/hp/ROS2_WS/src/install/slam_toolbox/share/ament_index/resource_index/rosidl_interfaces/slam_toolbox
[33.152s] -- Up-to-date symlink: /home/hp/ROS2_WS/src/install/slam_toolbox/include/slam_toolbox/slam_toolbox/msg/rosidl_generator_c__visibility_control.h
[33.153s] -- Up-to-date symlink: /home/hp/ROS2_WS/src/install/slam_toolbox/include/slam_toolbox/slam_toolbox/srv/add_submap.h
[33.153s] -- Up-to-date symlink: /home/hp/ROS2_WS/src/install/slam_toolbox/include/slam_toolbox/slam_toolbox/srv/clear.h
[33.153s] -- Up-to-date symlink: /home/hp/ROS2_WS/src/install/slam_toolbox/include/slam_toolbox/slam_toolbox/srv/clear_queue.h
[33.154s] -- Up-to-date symlink: /home/hp/ROS2_WS/src/install/slam_toolbox/include/slam_toolbox/slam_toolbox/srv/deserialize_pose_graph.h
[33.154s] -- Up-to-date symlink: /home/hp/ROS2_WS/src/install/slam_toolbox/include/slam_toolbox/slam_toolbox/srv/detail/add_submap__functions.h
[33.155s] -- Up-to-date symlink: /home/hp/ROS2_WS/src/install/slam_toolbox/include/slam_toolbox/slam_toolbox/srv/detail/add_submap__struct.h
[33.155s] -- Up-to-date symlink: /home/hp/ROS2_WS/src/install/slam_toolbox/include/slam_toolbox/slam_toolbox/srv/detail/add_submap__type_support.h
[33.155s] -- Up-to-date symlink: /home/hp/ROS2_WS/src/install/slam_toolbox/include/slam_toolbox/slam_toolbox/srv/detail/clear__functions.h
[33.156s] -- Up-to-date symlink: /home/hp/ROS2_WS/src/install/slam_toolbox/include/slam_toolbox/slam_toolbox/srv/detail/clear__struct.h
[33.156s] -- Up-to-date symlink: /home/hp/ROS2_WS/src/install/slam_toolbox/include/slam_toolbox/slam_toolbox/srv/detail/clear__type_support.h
[33.157s] -- Up-to-date symlink: /home/hp/ROS2_WS/src/install/slam_toolbox/include/slam_toolbox/slam_toolbox/srv/detail/clear_queue__functions.h
[33.157s] -- Up-to-date symlink: /home/hp/ROS2_WS/src/install/slam_toolbox/include/slam_toolbox/slam_toolbox/srv/detail/clear_queue__struct.h
[33.157s] -- Up-to-date symlink: /home/hp/ROS2_WS/src/install/slam_toolbox/include/slam_toolbox/slam_toolbox/srv/detail/clear_queue__type_support.h
[33.158s] -- Up-to-date symlink: /home/hp/ROS2_WS/src/install/slam_toolbox/include/slam_toolbox/slam_toolbox/srv/detail/deserialize_pose_graph__functions.h
[33.158s] -- Up-to-date symlink: /home/hp/ROS2_WS/src/install/slam_toolbox/include/slam_toolbox/slam_toolbox/srv/detail/deserialize_pose_graph__struct.h
[33.159s] -- Up-to-date symlink: /home/hp/ROS2_WS/src/install/slam_toolbox/include/slam_toolbox/slam_toolbox/srv/detail/deserialize_pose_graph__type_support.h
[33.159s] -- Up-to-date symlink: /home/hp/ROS2_WS/src/install/slam_toolbox/include/slam_toolbox/slam_toolbox/srv/detail/loop_closure__functions.h
[33.159s] -- Up-to-date symlink: /home/hp/ROS2_WS/src/install/slam_toolbox/include/slam_toolbox/slam_toolbox/srv/detail/loop_closure__struct.h
[33.160s] -- Up-to-date symlink: /home/hp/ROS2_WS/src/install/slam_toolbox/include/slam_toolbox/slam_toolbox/srv/detail/loop_closure__type_support.h
[33.160s] -- Up-to-date symlink: /home/hp/ROS2_WS/src/install/slam_toolbox/include/slam_toolbox/slam_toolbox/srv/detail/merge_maps__functions.h
[33.161s] -- Up-to-date symlink: /home/hp/ROS2_WS/src/install/slam_toolbox/include/slam_toolbox/slam_toolbox/srv/detail/merge_maps__struct.h
[33.161s] -- Up-to-date symlink: /home/hp/ROS2_WS/src/install/slam_toolbox/include/slam_toolbox/slam_toolbox/srv/detail/merge_maps__type_support.h
[33.161s] -- Up-to-date symlink: /home/hp/ROS2_WS/src/install/slam_toolbox/include/slam_toolbox/slam_toolbox/srv/detail/pause__functions.h
[33.162s] -- Up-to-date symlink: /home/hp/ROS2_WS/src/install/slam_toolbox/include/slam_toolbox/slam_toolbox/srv/detail/pause__struct.h
[33.162s] -- Up-to-date symlink: /home/hp/ROS2_WS/src/install/slam_toolbox/include/slam_toolbox/slam_toolbox/srv/detail/pause__type_support.h
[33.163s] -- Up-to-date symlink: /home/hp/ROS2_WS/src/install/slam_toolbox/include/slam_toolbox/slam_toolbox/srv/detail/reset__functions.h
[33.163s] -- Up-to-date symlink: /home/hp/ROS2_WS/src/install/slam_toolbox/include/slam_toolbox/slam_toolbox/srv/detail/reset__struct.h
[33.163s] -- Up-to-date symlink: /home/hp/ROS2_WS/src/install/slam_toolbox/include/slam_toolbox/slam_toolbox/srv/detail/reset__type_support.h
[33.164s] -- Up-to-date symlink: /home/hp/ROS2_WS/src/install/slam_toolbox/include/slam_toolbox/slam_toolbox/srv/detail/save_map__functions.h
[33.164s] -- Up-to-date symlink: /home/hp/ROS2_WS/src/install/slam_toolbox/include/slam_toolbox/slam_toolbox/srv/detail/save_map__struct.h
[33.165s] -- Up-to-date symlink: /home/hp/ROS2_WS/src/install/slam_toolbox/include/slam_toolbox/slam_toolbox/srv/detail/save_map__type_support.h
[33.165s] -- Up-to-date symlink: /home/hp/ROS2_WS/src/install/slam_toolbox/include/slam_toolbox/slam_toolbox/srv/detail/serialize_pose_graph__functions.h
[33.165s] -- Up-to-date symlink: /home/hp/ROS2_WS/src/install/slam_toolbox/include/slam_toolbox/slam_toolbox/srv/detail/serialize_pose_graph__struct.h
[33.165s] -- Up-to-date symlink: /home/hp/ROS2_WS/src/install/slam_toolbox/include/slam_toolbox/slam_toolbox/srv/detail/serialize_pose_graph__type_support.h
[33.166s] -- Up-to-date symlink: /home/hp/ROS2_WS/src/install/slam_toolbox/include/slam_toolbox/slam_toolbox/srv/detail/toggle_interactive__functions.h
[33.166s] -- Up-to-date symlink: /home/hp/ROS2_WS/src/install/slam_toolbox/include/slam_toolbox/slam_toolbox/srv/detail/toggle_interactive__struct.h
[33.167s] -- Up-to-date symlink: /home/hp/ROS2_WS/src/install/slam_toolbox/include/slam_toolbox/slam_toolbox/srv/detail/toggle_interactive__type_support.h
[33.167s] -- Up-to-date symlink: /home/hp/ROS2_WS/src/install/slam_toolbox/include/slam_toolbox/slam_toolbox/srv/loop_closure.h
[33.167s] -- Up-to-date symlink: /home/hp/ROS2_WS/src/install/slam_toolbox/include/slam_toolbox/slam_toolbox/srv/merge_maps.h
[33.168s] -- Up-to-date symlink: /home/hp/ROS2_WS/src/install/slam_toolbox/include/slam_toolbox/slam_toolbox/srv/pause.h
[33.168s] -- Up-to-date symlink: /home/hp/ROS2_WS/src/install/slam_toolbox/include/slam_toolbox/slam_toolbox/srv/reset.h
[33.168s] -- Up-to-date symlink: /home/hp/ROS2_WS/src/install/slam_toolbox/include/slam_toolbox/slam_toolbox/srv/save_map.h
[33.169s] -- Up-to-date symlink: /home/hp/ROS2_WS/src/install/slam_toolbox/include/slam_toolbox/slam_toolbox/srv/serialize_pose_graph.h
[33.169s] -- Up-to-date symlink: /home/hp/ROS2_WS/src/install/slam_toolbox/include/slam_toolbox/slam_toolbox/srv/toggle_interactive.h
[33.169s] -- Up-to-date symlink: /home/hp/ROS2_WS/src/install/slam_toolbox/share/slam_toolbox/environment/library_path.sh
[33.169s] -- Up-to-date symlink: /home/hp/ROS2_WS/src/install/slam_toolbox/share/slam_toolbox/environment/library_path.dsv
[33.171s] -- Up-to-date symlink: /home/hp/ROS2_WS/src/install/slam_toolbox/include/slam_toolbox/slam_toolbox/msg/rosidl_typesupport_fastrtps_c__visibility_control.h
[33.171s] -- Up-to-date symlink: /home/hp/ROS2_WS/src/install/slam_toolbox/include/slam_toolbox/slam_toolbox/srv/detail/add_submap__rosidl_typesupport_fastrtps_c.h
[33.171s] -- Up-to-date symlink: /home/hp/ROS2_WS/src/install/slam_toolbox/include/slam_toolbox/slam_toolbox/srv/detail/clear__rosidl_typesupport_fastrtps_c.h
[33.171s] -- Up-to-date symlink: /home/hp/ROS2_WS/src/install/slam_toolbox/include/slam_toolbox/slam_toolbox/srv/detail/clear_queue__rosidl_typesupport_fastrtps_c.h
[33.172s] -- Up-to-date symlink: /home/hp/ROS2_WS/src/install/slam_toolbox/include/slam_toolbox/slam_toolbox/srv/detail/deserialize_pose_graph__rosidl_typesupport_fastrtps_c.h
[33.172s] -- Up-to-date symlink: /home/hp/ROS2_WS/src/install/slam_toolbox/include/slam_toolbox/slam_toolbox/srv/detail/loop_closure__rosidl_typesupport_fastrtps_c.h
[33.172s] -- Up-to-date symlink: /home/hp/ROS2_WS/src/install/slam_toolbox/include/slam_toolbox/slam_toolbox/srv/detail/merge_maps__rosidl_typesupport_fastrtps_c.h
[33.172s] -- Up-to-date symlink: /home/hp/ROS2_WS/src/install/slam_toolbox/include/slam_toolbox/slam_toolbox/srv/detail/pause__rosidl_typesupport_fastrtps_c.h
[33.172s] -- Up-to-date symlink: /home/hp/ROS2_WS/src/install/slam_toolbox/include/slam_toolbox/slam_toolbox/srv/detail/reset__rosidl_typesupport_fastrtps_c.h
[33.173s] -- Up-to-date symlink: /home/hp/ROS2_WS/src/install/slam_toolbox/include/slam_toolbox/slam_toolbox/srv/detail/save_map__rosidl_typesupport_fastrtps_c.h
[33.173s] -- Up-to-date symlink: /home/hp/ROS2_WS/src/install/slam_toolbox/include/slam_toolbox/slam_toolbox/srv/detail/serialize_pose_graph__rosidl_typesupport_fastrtps_c.h
[33.173s] -- Up-to-date symlink: /home/hp/ROS2_WS/src/install/slam_toolbox/include/slam_toolbox/slam_toolbox/srv/detail/toggle_interactive__rosidl_typesupport_fastrtps_c.h
[33.174s] -- Up-to-date symlink: /home/hp/ROS2_WS/src/install/slam_toolbox/include/slam_toolbox/slam_toolbox/srv/add_submap.hpp
[33.174s] -- Up-to-date symlink: /home/hp/ROS2_WS/src/install/slam_toolbox/include/slam_toolbox/slam_toolbox/srv/clear.hpp
[33.174s] -- Up-to-date symlink: /home/hp/ROS2_WS/src/install/slam_toolbox/include/slam_toolbox/slam_toolbox/srv/clear_queue.hpp
[33.174s] -- Up-to-date symlink: /home/hp/ROS2_WS/src/install/slam_toolbox/include/slam_toolbox/slam_toolbox/srv/deserialize_pose_graph.hpp
[33.175s] -- Up-to-date symlink: /home/hp/ROS2_WS/src/install/slam_toolbox/include/slam_toolbox/slam_toolbox/srv/detail/add_submap__builder.hpp
[33.175s] -- Up-to-date symlink: /home/hp/ROS2_WS/src/install/slam_toolbox/include/slam_toolbox/slam_toolbox/srv/detail/add_submap__struct.hpp
[33.175s] -- Up-to-date symlink: /home/hp/ROS2_WS/src/install/slam_toolbox/include/slam_toolbox/slam_toolbox/srv/detail/add_submap__traits.hpp
[33.175s] -- Up-to-date symlink: /home/hp/ROS2_WS/src/install/slam_toolbox/include/slam_toolbox/slam_toolbox/srv/detail/clear__builder.hpp
[33.176s] -- Up-to-date symlink: /home/hp/ROS2_WS/src/install/slam_toolbox/include/slam_toolbox/slam_toolbox/srv/detail/clear__struct.hpp
[33.176s] -- Up-to-date symlink: /home/hp/ROS2_WS/src/install/slam_toolbox/include/slam_toolbox/slam_toolbox/srv/detail/clear__traits.hpp
[33.176s] -- Up-to-date symlink: /home/hp/ROS2_WS/src/install/slam_toolbox/include/slam_toolbox/slam_toolbox/srv/detail/clear_queue__builder.hpp
[33.176s] -- Up-to-date symlink: /home/hp/ROS2_WS/src/install/slam_toolbox/include/slam_toolbox/slam_toolbox/srv/detail/clear_queue__struct.hpp
[33.176s] -- Up-to-date symlink: /home/hp/ROS2_WS/src/install/slam_toolbox/include/slam_toolbox/slam_toolbox/srv/detail/clear_queue__traits.hpp
[33.177s] -- Up-to-date symlink: /home/hp/ROS2_WS/src/install/slam_toolbox/include/slam_toolbox/slam_toolbox/srv/detail/deserialize_pose_graph__builder.hpp
[33.177s] -- Up-to-date symlink: /home/hp/ROS2_WS/src/install/slam_toolbox/include/slam_toolbox/slam_toolbox/srv/detail/deserialize_pose_graph__struct.hpp
[33.177s] -- Up-to-date symlink: /home/hp/ROS2_WS/src/install/slam_toolbox/include/slam_toolbox/slam_toolbox/srv/detail/deserialize_pose_graph__traits.hpp
[33.177s] -- Up-to-date symlink: /home/hp/ROS2_WS/src/install/slam_toolbox/include/slam_toolbox/slam_toolbox/srv/detail/loop_closure__builder.hpp
[33.178s] -- Up-to-date symlink: /home/hp/ROS2_WS/src/install/slam_toolbox/include/slam_toolbox/slam_toolbox/srv/detail/loop_closure__struct.hpp
[33.178s] -- Up-to-date symlink: /home/hp/ROS2_WS/src/install/slam_toolbox/include/slam_toolbox/slam_toolbox/srv/detail/loop_closure__traits.hpp
[33.178s] -- Up-to-date symlink: /home/hp/ROS2_WS/src/install/slam_toolbox/include/slam_toolbox/slam_toolbox/srv/detail/merge_maps__builder.hpp
[33.178s] -- Up-to-date symlink: /home/hp/ROS2_WS/src/install/slam_toolbox/include/slam_toolbox/slam_toolbox/srv/detail/merge_maps__struct.hpp
[33.179s] -- Up-to-date symlink: /home/hp/ROS2_WS/src/install/slam_toolbox/include/slam_toolbox/slam_toolbox/srv/detail/merge_maps__traits.hpp
[33.179s] -- Up-to-date symlink: /home/hp/ROS2_WS/src/install/slam_toolbox/include/slam_toolbox/slam_toolbox/srv/detail/pause__builder.hpp
[33.179s] -- Up-to-date symlink: /home/hp/ROS2_WS/src/install/slam_toolbox/include/slam_toolbox/slam_toolbox/srv/detail/pause__struct.hpp
[33.179s] -- Up-to-date symlink: /home/hp/ROS2_WS/src/install/slam_toolbox/include/slam_toolbox/slam_toolbox/srv/detail/pause__traits.hpp
[33.179s] -- Up-to-date symlink: /home/hp/ROS2_WS/src/install/slam_toolbox/include/slam_toolbox/slam_toolbox/srv/detail/reset__builder.hpp
[33.180s] -- Up-to-date symlink: /home/hp/ROS2_WS/src/install/slam_toolbox/include/slam_toolbox/slam_toolbox/srv/detail/reset__struct.hpp
[33.180s] -- Up-to-date symlink: /home/hp/ROS2_WS/src/install/slam_toolbox/include/slam_toolbox/slam_toolbox/srv/detail/reset__traits.hpp
[33.180s] -- Up-to-date symlink: /home/hp/ROS2_WS/src/install/slam_toolbox/include/slam_toolbox/slam_toolbox/srv/detail/save_map__builder.hpp
[33.180s] -- Up-to-date symlink: /home/hp/ROS2_WS/src/install/slam_toolbox/include/slam_toolbox/slam_toolbox/srv/detail/save_map__struct.hpp
[33.180s] -- Up-to-date symlink: /home/hp/ROS2_WS/src/install/slam_toolbox/include/slam_toolbox/slam_toolbox/srv/detail/save_map__traits.hpp
[33.181s] -- Up-to-date symlink: /home/hp/ROS2_WS/src/install/slam_toolbox/include/slam_toolbox/slam_toolbox/srv/detail/serialize_pose_graph__builder.hpp
[33.181s] -- Up-to-date symlink: /home/hp/ROS2_WS/src/install/slam_toolbox/include/slam_toolbox/slam_toolbox/srv/detail/serialize_pose_graph__struct.hpp
[33.181s] -- Up-to-date symlink: /home/hp/ROS2_WS/src/install/slam_toolbox/include/slam_toolbox/slam_toolbox/srv/detail/serialize_pose_graph__traits.hpp
[33.181s] -- Up-to-date symlink: /home/hp/ROS2_WS/src/install/slam_toolbox/include/slam_toolbox/slam_toolbox/srv/detail/toggle_interactive__builder.hpp
[33.181s] -- Up-to-date symlink: /home/hp/ROS2_WS/src/install/slam_toolbox/include/slam_toolbox/slam_toolbox/srv/detail/toggle_interactive__struct.hpp
[33.182s] -- Up-to-date symlink: /home/hp/ROS2_WS/src/install/slam_toolbox/include/slam_toolbox/slam_toolbox/srv/detail/toggle_interactive__traits.hpp
[33.182s] -- Up-to-date symlink: /home/hp/ROS2_WS/src/install/slam_toolbox/include/slam_toolbox/slam_toolbox/srv/loop_closure.hpp
[33.182s] -- Up-to-date symlink: /home/hp/ROS2_WS/src/install/slam_toolbox/include/slam_toolbox/slam_toolbox/srv/merge_maps.hpp
[33.182s] -- Up-to-date symlink: /home/hp/ROS2_WS/src/install/slam_toolbox/include/slam_toolbox/slam_toolbox/srv/pause.hpp
[33.182s] -- Up-to-date symlink: /home/hp/ROS2_WS/src/install/slam_toolbox/include/slam_toolbox/slam_toolbox/srv/reset.hpp
[33.183s] -- Up-to-date symlink: /home/hp/ROS2_WS/src/install/slam_toolbox/include/slam_toolbox/slam_toolbox/srv/save_map.hpp
[33.183s] -- Up-to-date symlink: /home/hp/ROS2_WS/src/install/slam_toolbox/include/slam_toolbox/slam_toolbox/srv/serialize_pose_graph.hpp
[33.183s] -- Up-to-date symlink: /home/hp/ROS2_WS/src/install/slam_toolbox/include/slam_toolbox/slam_toolbox/srv/toggle_interactive.hpp
[33.184s] -- Up-to-date symlink: /home/hp/ROS2_WS/src/install/slam_toolbox/include/slam_toolbox/slam_toolbox/msg/rosidl_typesupport_fastrtps_cpp__visibility_control.h
[33.184s] -- Up-to-date symlink: /home/hp/ROS2_WS/src/install/slam_toolbox/include/slam_toolbox/slam_toolbox/srv/detail/add_submap__rosidl_typesupport_fastrtps_cpp.hpp
[33.184s] -- Up-to-date symlink: /home/hp/ROS2_WS/src/install/slam_toolbox/include/slam_toolbox/slam_toolbox/srv/detail/clear__rosidl_typesupport_fastrtps_cpp.hpp
[33.185s] -- Up-to-date symlink: /home/hp/ROS2_WS/src/install/slam_toolbox/include/slam_toolbox/slam_toolbox/srv/detail/clear_queue__rosidl_typesupport_fastrtps_cpp.hpp
[33.185s] -- Up-to-date symlink: /home/hp/ROS2_WS/src/install/slam_toolbox/include/slam_toolbox/slam_toolbox/srv/detail/deserialize_pose_graph__rosidl_typesupport_fastrtps_cpp.hpp
[33.185s] -- Up-to-date symlink: /home/hp/ROS2_WS/src/install/slam_toolbox/include/slam_toolbox/slam_toolbox/srv/detail/loop_closure__rosidl_typesupport_fastrtps_cpp.hpp
[33.185s] -- Up-to-date symlink: /home/hp/ROS2_WS/src/install/slam_toolbox/include/slam_toolbox/slam_toolbox/srv/detail/merge_maps__rosidl_typesupport_fastrtps_cpp.hpp
[33.185s] -- Up-to-date symlink: /home/hp/ROS2_WS/src/install/slam_toolbox/include/slam_toolbox/slam_toolbox/srv/detail/pause__rosidl_typesupport_fastrtps_cpp.hpp
[33.186s] -- Up-to-date symlink: /home/hp/ROS2_WS/src/install/slam_toolbox/include/slam_toolbox/slam_toolbox/srv/detail/reset__rosidl_typesupport_fastrtps_cpp.hpp
[33.186s] -- Up-to-date symlink: /home/hp/ROS2_WS/src/install/slam_toolbox/include/slam_toolbox/slam_toolbox/srv/detail/save_map__rosidl_typesupport_fastrtps_cpp.hpp
[33.186s] -- Up-to-date symlink: /home/hp/ROS2_WS/src/install/slam_toolbox/include/slam_toolbox/slam_toolbox/srv/detail/serialize_pose_graph__rosidl_typesupport_fastrtps_cpp.hpp
[33.186s] -- Up-to-date symlink: /home/hp/ROS2_WS/src/install/slam_toolbox/include/slam_toolbox/slam_toolbox/srv/detail/toggle_interactive__rosidl_typesupport_fastrtps_cpp.hpp
[33.187s] -- Up-to-date symlink: /home/hp/ROS2_WS/src/install/slam_toolbox/include/slam_toolbox/slam_toolbox/msg/rosidl_typesupport_introspection_c__visibility_control.h
[33.187s] -- Up-to-date symlink: /home/hp/ROS2_WS/src/install/slam_toolbox/include/slam_toolbox/slam_toolbox/srv/detail/add_submap__rosidl_typesupport_introspection_c.h
[33.187s] -- Up-to-date symlink: /home/hp/ROS2_WS/src/install/slam_toolbox/include/slam_toolbox/slam_toolbox/srv/detail/clear__rosidl_typesupport_introspection_c.h
[33.187s] -- Up-to-date symlink: /home/hp/ROS2_WS/src/install/slam_toolbox/include/slam_toolbox/slam_toolbox/srv/detail/clear_queue__rosidl_typesupport_introspection_c.h
[33.188s] -- Up-to-date symlink: /home/hp/ROS2_WS/src/install/slam_toolbox/include/slam_toolbox/slam_toolbox/srv/detail/deserialize_pose_graph__rosidl_typesupport_introspection_c.h
[33.188s] -- Up-to-date symlink: /home/hp/ROS2_WS/src/install/slam_toolbox/include/slam_toolbox/slam_toolbox/srv/detail/loop_closure__rosidl_typesupport_introspection_c.h
[33.188s] -- Up-to-date symlink: /home/hp/ROS2_WS/src/install/slam_toolbox/include/slam_toolbox/slam_toolbox/srv/detail/merge_maps__rosidl_typesupport_introspection_c.h
[33.188s] -- Up-to-date symlink: /home/hp/ROS2_WS/src/install/slam_toolbox/include/slam_toolbox/slam_toolbox/srv/detail/pause__rosidl_typesupport_introspection_c.h
[33.188s] -- Up-to-date symlink: /home/hp/ROS2_WS/src/install/slam_toolbox/include/slam_toolbox/slam_toolbox/srv/detail/reset__rosidl_typesupport_introspection_c.h
[33.189s] -- Up-to-date symlink: /home/hp/ROS2_WS/src/install/slam_toolbox/include/slam_toolbox/slam_toolbox/srv/detail/save_map__rosidl_typesupport_introspection_c.h
[33.189s] -- Up-to-date symlink: /home/hp/ROS2_WS/src/install/slam_toolbox/include/slam_toolbox/slam_toolbox/srv/detail/serialize_pose_graph__rosidl_typesupport_introspection_c.h
[33.189s] -- Up-to-date symlink: /home/hp/ROS2_WS/src/install/slam_toolbox/include/slam_toolbox/slam_toolbox/srv/detail/toggle_interactive__rosidl_typesupport_introspection_c.h
[33.189s] -- Up-to-date symlink: /home/hp/ROS2_WS/src/install/slam_toolbox/include/slam_toolbox/slam_toolbox/srv/detail/add_submap__rosidl_typesupport_introspection_cpp.hpp
[33.190s] -- Up-to-date symlink: /home/hp/ROS2_WS/src/install/slam_toolbox/include/slam_toolbox/slam_toolbox/srv/detail/clear__rosidl_typesupport_introspection_cpp.hpp
[33.190s] -- Up-to-date symlink: /home/hp/ROS2_WS/src/install/slam_toolbox/include/slam_toolbox/slam_toolbox/srv/detail/clear_queue__rosidl_typesupport_introspection_cpp.hpp
[33.190s] -- Up-to-date symlink: /home/hp/ROS2_WS/src/install/slam_toolbox/include/slam_toolbox/slam_toolbox/srv/detail/deserialize_pose_graph__rosidl_typesupport_introspection_cpp.hpp
[33.190s] -- Up-to-date symlink: /home/hp/ROS2_WS/src/install/slam_toolbox/include/slam_toolbox/slam_toolbox/srv/detail/loop_closure__rosidl_typesupport_introspection_cpp.hpp
[33.191s] -- Up-to-date symlink: /home/hp/ROS2_WS/src/install/slam_toolbox/include/slam_toolbox/slam_toolbox/srv/detail/merge_maps__rosidl_typesupport_introspection_cpp.hpp
[33.199s] -- Up-to-date symlink: /home/hp/ROS2_WS/src/install/slam_toolbox/include/slam_toolbox/slam_toolbox/srv/detail/pause__rosidl_typesupport_introspection_cpp.hpp
[33.199s] -- Up-to-date symlink: /home/hp/ROS2_WS/src/install/slam_toolbox/include/slam_toolbox/slam_toolbox/srv/detail/reset__rosidl_typesupport_introspection_cpp.hpp
[33.199s] -- Up-to-date symlink: /home/hp/ROS2_WS/src/install/slam_toolbox/include/slam_toolbox/slam_toolbox/srv/detail/save_map__rosidl_typesupport_introspection_cpp.hpp
[33.199s] -- Up-to-date symlink: /home/hp/ROS2_WS/src/install/slam_toolbox/include/slam_toolbox/slam_toolbox/srv/detail/serialize_pose_graph__rosidl_typesupport_introspection_cpp.hpp
[33.200s] -- Up-to-date symlink: /home/hp/ROS2_WS/src/install/slam_toolbox/include/slam_toolbox/slam_toolbox/srv/detail/toggle_interactive__rosidl_typesupport_introspection_cpp.hpp
[33.200s] -- Up-to-date symlink: /home/hp/ROS2_WS/src/install/slam_toolbox/share/slam_toolbox/environment/pythonpath.sh
[33.200s] -- Up-to-date symlink: /home/hp/ROS2_WS/src/install/slam_toolbox/share/slam_toolbox/environment/pythonpath.dsv
[33.200s] -- Up-to-date symlink: /home/hp/ROS2_WS/src/install/slam_toolbox/lib/python3.11/site-packages/slam_toolbox-2.7.0-py3.11.egg-info/PKG-INFO
[33.200s] -- Up-to-date symlink: /home/hp/ROS2_WS/src/install/slam_toolbox/lib/python3.11/site-packages/slam_toolbox-2.7.0-py3.11.egg-info/SOURCES.txt
[33.201s] -- Up-to-date symlink: /home/hp/ROS2_WS/src/install/slam_toolbox/lib/python3.11/site-packages/slam_toolbox-2.7.0-py3.11.egg-info/dependency_links.txt
[33.201s] -- Up-to-date symlink: /home/hp/ROS2_WS/src/install/slam_toolbox/lib/python3.11/site-packages/slam_toolbox-2.7.0-py3.11.egg-info/top_level.txt
[33.202s] -- Up-to-date symlink: /home/hp/ROS2_WS/src/install/slam_toolbox/lib/python3.11/site-packages/slam_toolbox/__init__.py
[33.202s] -- Up-to-date symlink: /home/hp/ROS2_WS/src/install/slam_toolbox/lib/python3.11/site-packages/slam_toolbox/_slam_toolbox_s.ep.rosidl_typesupport_c.c
[33.202s] -- Up-to-date symlink: /home/hp/ROS2_WS/src/install/slam_toolbox/lib/python3.11/site-packages/slam_toolbox/_slam_toolbox_s.ep.rosidl_typesupport_fastrtps_c.c
[33.202s] -- Up-to-date symlink: /home/hp/ROS2_WS/src/install/slam_toolbox/lib/python3.11/site-packages/slam_toolbox/_slam_toolbox_s.ep.rosidl_typesupport_introspection_c.c
[33.202s] -- Up-to-date symlink: /home/hp/ROS2_WS/src/install/slam_toolbox/lib/python3.11/site-packages/slam_toolbox/libslam_toolbox__rosidl_generator_py.so
[33.203s] -- Up-to-date symlink: /home/hp/ROS2_WS/src/install/slam_toolbox/lib/python3.11/site-packages/slam_toolbox/slam_toolbox_s__rosidl_typesupport_c.cpython-311-x86_64-linux-gnu.so
[33.203s] -- Up-to-date symlink: /home/hp/ROS2_WS/src/install/slam_toolbox/lib/python3.11/site-packages/slam_toolbox/slam_toolbox_s__rosidl_typesupport_fastrtps_c.cpython-311-x86_64-linux-gnu.so
[33.203s] -- Up-to-date symlink: /home/hp/ROS2_WS/src/install/slam_toolbox/lib/python3.11/site-packages/slam_toolbox/slam_toolbox_s__rosidl_typesupport_introspection_c.cpython-311-x86_64-linux-gnu.so
[33.203s] -- Up-to-date symlink: /home/hp/ROS2_WS/src/install/slam_toolbox/lib/python3.11/site-packages/slam_toolbox/srv/__init__.py
[33.204s] -- Up-to-date symlink: /home/hp/ROS2_WS/src/install/slam_toolbox/lib/python3.11/site-packages/slam_toolbox/srv/_add_submap.py
[33.204s] -- Up-to-date symlink: /home/hp/ROS2_WS/src/install/slam_toolbox/lib/python3.11/site-packages/slam_toolbox/srv/_add_submap_s.c
[33.204s] -- Up-to-date symlink: /home/hp/ROS2_WS/src/install/slam_toolbox/lib/python3.11/site-packages/slam_toolbox/srv/_clear.py
[33.204s] -- Up-to-date symlink: /home/hp/ROS2_WS/src/install/slam_toolbox/lib/python3.11/site-packages/slam_toolbox/srv/_clear_queue.py
[33.204s] -- Up-to-date symlink: /home/hp/ROS2_WS/src/install/slam_toolbox/lib/python3.11/site-packages/slam_toolbox/srv/_clear_queue_s.c
[33.205s] -- Up-to-date symlink: /home/hp/ROS2_WS/src/install/slam_toolbox/lib/python3.11/site-packages/slam_toolbox/srv/_clear_s.c
[33.205s] -- Up-to-date symlink: /home/hp/ROS2_WS/src/install/slam_toolbox/lib/python3.11/site-packages/slam_toolbox/srv/_deserialize_pose_graph.py
[33.205s] -- Up-to-date symlink: /home/hp/ROS2_WS/src/install/slam_toolbox/lib/python3.11/site-packages/slam_toolbox/srv/_deserialize_pose_graph_s.c
[33.205s] -- Up-to-date symlink: /home/hp/ROS2_WS/src/install/slam_toolbox/lib/python3.11/site-packages/slam_toolbox/srv/_loop_closure.py
[33.205s] -- Up-to-date symlink: /home/hp/ROS2_WS/src/install/slam_toolbox/lib/python3.11/site-packages/slam_toolbox/srv/_loop_closure_s.c
[33.205s] -- Up-to-date symlink: /home/hp/ROS2_WS/src/install/slam_toolbox/lib/python3.11/site-packages/slam_toolbox/srv/_merge_maps.py
[33.206s] -- Up-to-date symlink: /home/hp/ROS2_WS/src/install/slam_toolbox/lib/python3.11/site-packages/slam_toolbox/srv/_merge_maps_s.c
[33.206s] -- Up-to-date symlink: /home/hp/ROS2_WS/src/install/slam_toolbox/lib/python3.11/site-packages/slam_toolbox/srv/_pause.py
[33.206s] -- Up-to-date symlink: /home/hp/ROS2_WS/src/install/slam_toolbox/lib/python3.11/site-packages/slam_toolbox/srv/_pause_s.c
[33.206s] -- Up-to-date symlink: /home/hp/ROS2_WS/src/install/slam_toolbox/lib/python3.11/site-packages/slam_toolbox/srv/_reset.py
[33.206s] -- Up-to-date symlink: /home/hp/ROS2_WS/src/install/slam_toolbox/lib/python3.11/site-packages/slam_toolbox/srv/_reset_s.c
[33.207s] -- Up-to-date symlink: /home/hp/ROS2_WS/src/install/slam_toolbox/lib/python3.11/site-packages/slam_toolbox/srv/_save_map.py
[33.207s] -- Up-to-date symlink: /home/hp/ROS2_WS/src/install/slam_toolbox/lib/python3.11/site-packages/slam_toolbox/srv/_save_map_s.c
[33.207s] -- Up-to-date symlink: /home/hp/ROS2_WS/src/install/slam_toolbox/lib/python3.11/site-packages/slam_toolbox/srv/_serialize_pose_graph.py
[33.207s] -- Up-to-date symlink: /home/hp/ROS2_WS/src/install/slam_toolbox/lib/python3.11/site-packages/slam_toolbox/srv/_serialize_pose_graph_s.c
[33.208s] -- Up-to-date symlink: /home/hp/ROS2_WS/src/install/slam_toolbox/lib/python3.11/site-packages/slam_toolbox/srv/_toggle_interactive.py
[33.208s] -- Up-to-date symlink: /home/hp/ROS2_WS/src/install/slam_toolbox/lib/python3.11/site-packages/slam_toolbox/srv/_toggle_interactive_s.c
[33.229s] -- Up-to-date symlink: /home/hp/ROS2_WS/src/install/slam_toolbox/lib/python3.11/site-packages/slam_toolbox/slam_toolbox_s__rosidl_typesupport_fastrtps_c.cpython-311-x86_64-linux-gnu.so
[33.230s] -- Up-to-date symlink: /home/hp/ROS2_WS/src/install/slam_toolbox/lib/python3.11/site-packages/slam_toolbox/slam_toolbox_s__rosidl_typesupport_introspection_c.cpython-311-x86_64-linux-gnu.so
[33.230s] -- Up-to-date symlink: /home/hp/ROS2_WS/src/install/slam_toolbox/lib/python3.11/site-packages/slam_toolbox/slam_toolbox_s__rosidl_typesupport_c.cpython-311-x86_64-linux-gnu.so
[33.231s] -- Up-to-date symlink: /home/hp/ROS2_WS/src/install/slam_toolbox/share/slam_toolbox/srv/Pause.idl
[33.232s] -- Up-to-date symlink: /home/hp/ROS2_WS/src/install/slam_toolbox/share/slam_toolbox/srv/Reset.idl
[33.232s] -- Up-to-date symlink: /home/hp/ROS2_WS/src/install/slam_toolbox/share/slam_toolbox/srv/ClearQueue.idl
[33.233s] -- Up-to-date symlink: /home/hp/ROS2_WS/src/install/slam_toolbox/share/slam_toolbox/srv/ToggleInteractive.idl
[33.233s] -- Up-to-date symlink: /home/hp/ROS2_WS/src/install/slam_toolbox/share/slam_toolbox/srv/Clear.idl
[33.233s] -- Up-to-date symlink: /home/hp/ROS2_WS/src/install/slam_toolbox/share/slam_toolbox/srv/SaveMap.idl
[33.234s] -- Up-to-date symlink: /home/hp/ROS2_WS/src/install/slam_toolbox/share/slam_toolbox/srv/LoopClosure.idl
[33.234s] -- Up-to-date symlink: /home/hp/ROS2_WS/src/install/slam_toolbox/share/slam_toolbox/srv/MergeMaps.idl
[33.235s] -- Up-to-date symlink: /home/hp/ROS2_WS/src/install/slam_toolbox/share/slam_toolbox/srv/AddSubmap.idl
[33.235s] -- Up-to-date symlink: /home/hp/ROS2_WS/src/install/slam_toolbox/share/slam_toolbox/srv/DeserializePoseGraph.idl
[33.236s] -- Up-to-date symlink: /home/hp/ROS2_WS/src/install/slam_toolbox/share/slam_toolbox/srv/SerializePoseGraph.idl
[33.236s] -- Up-to-date symlink: /home/hp/ROS2_WS/src/install/slam_toolbox/share/slam_toolbox/srvs/Pause.srv
[33.237s] -- Up-to-date symlink: /home/hp/ROS2_WS/src/install/slam_toolbox/share/slam_toolbox/srvs/Pause_Request.msg
[33.237s] -- Up-to-date symlink: /home/hp/ROS2_WS/src/install/slam_toolbox/share/slam_toolbox/srvs/Pause_Response.msg
[33.237s] -- Up-to-date symlink: /home/hp/ROS2_WS/src/install/slam_toolbox/share/slam_toolbox/srvs/Reset.srv
[33.238s] -- Up-to-date symlink: /home/hp/ROS2_WS/src/install/slam_toolbox/share/slam_toolbox/srvs/Reset_Request.msg
[33.238s] -- Up-to-date symlink: /home/hp/ROS2_WS/src/install/slam_toolbox/share/slam_toolbox/srvs/Reset_Response.msg
[33.239s] -- Up-to-date symlink: /home/hp/ROS2_WS/src/install/slam_toolbox/share/slam_toolbox/srvs/ClearQueue.srv
[33.239s] -- Up-to-date symlink: /home/hp/ROS2_WS/src/install/slam_toolbox/share/slam_toolbox/srvs/ClearQueue_Request.msg
[33.239s] -- Up-to-date symlink: /home/hp/ROS2_WS/src/install/slam_toolbox/share/slam_toolbox/srvs/ClearQueue_Response.msg
[33.240s] -- Up-to-date symlink: /home/hp/ROS2_WS/src/install/slam_toolbox/share/slam_toolbox/srvs/ToggleInteractive.srv
[33.240s] -- Up-to-date symlink: /home/hp/ROS2_WS/src/install/slam_toolbox/share/slam_toolbox/srvs/ToggleInteractive_Request.msg
[33.241s] -- Up-to-date symlink: /home/hp/ROS2_WS/src/install/slam_toolbox/share/slam_toolbox/srvs/ToggleInteractive_Response.msg
[33.241s] -- Up-to-date symlink: /home/hp/ROS2_WS/src/install/slam_toolbox/share/slam_toolbox/srvs/Clear.srv
[33.241s] -- Up-to-date symlink: /home/hp/ROS2_WS/src/install/slam_toolbox/share/slam_toolbox/srvs/Clear_Request.msg
[33.241s] -- Up-to-date symlink: /home/hp/ROS2_WS/src/install/slam_toolbox/share/slam_toolbox/srvs/Clear_Response.msg
[33.242s] -- Up-to-date symlink: /home/hp/ROS2_WS/src/install/slam_toolbox/share/slam_toolbox/srvs/SaveMap.srv
[33.242s] -- Up-to-date symlink: /home/hp/ROS2_WS/src/install/slam_toolbox/share/slam_toolbox/srvs/SaveMap_Request.msg
[33.242s] -- Up-to-date symlink: /home/hp/ROS2_WS/src/install/slam_toolbox/share/slam_toolbox/srvs/SaveMap_Response.msg
[33.243s] -- Up-to-date symlink: /home/hp/ROS2_WS/src/install/slam_toolbox/share/slam_toolbox/srvs/LoopClosure.srv
[33.243s] -- Up-to-date symlink: /home/hp/ROS2_WS/src/install/slam_toolbox/share/slam_toolbox/srvs/LoopClosure_Request.msg
[33.243s] -- Up-to-date symlink: /home/hp/ROS2_WS/src/install/slam_toolbox/share/slam_toolbox/srvs/LoopClosure_Response.msg
[33.244s] -- Up-to-date symlink: /home/hp/ROS2_WS/src/install/slam_toolbox/share/slam_toolbox/srvs/MergeMaps.srv
[33.244s] -- Up-to-date symlink: /home/hp/ROS2_WS/src/install/slam_toolbox/share/slam_toolbox/srvs/MergeMaps_Request.msg
[33.244s] -- Up-to-date symlink: /home/hp/ROS2_WS/src/install/slam_toolbox/share/slam_toolbox/srvs/MergeMaps_Response.msg
[33.244s] -- Up-to-date symlink: /home/hp/ROS2_WS/src/install/slam_toolbox/share/slam_toolbox/srvs/AddSubmap.srv
[33.245s] -- Up-to-date symlink: /home/hp/ROS2_WS/src/install/slam_toolbox/share/slam_toolbox/srvs/AddSubmap_Request.msg
[33.245s] -- Up-to-date symlink: /home/hp/ROS2_WS/src/install/slam_toolbox/share/slam_toolbox/srvs/AddSubmap_Response.msg
[33.245s] -- Up-to-date symlink: /home/hp/ROS2_WS/src/install/slam_toolbox/share/slam_toolbox/srvs/DeserializePoseGraph.srv
[33.245s] -- Up-to-date symlink: /home/hp/ROS2_WS/src/install/slam_toolbox/share/slam_toolbox/srvs/DeserializePoseGraph_Request.msg
[33.246s] -- Up-to-date symlink: /home/hp/ROS2_WS/src/install/slam_toolbox/share/slam_toolbox/srvs/DeserializePoseGraph_Response.msg
[33.246s] -- Up-to-date symlink: /home/hp/ROS2_WS/src/install/slam_toolbox/share/slam_toolbox/srvs/SerializePoseGraph.srv
[33.246s] -- Up-to-date symlink: /home/hp/ROS2_WS/src/install/slam_toolbox/share/slam_toolbox/srvs/SerializePoseGraph_Request.msg
[33.246s] -- Up-to-date symlink: /home/hp/ROS2_WS/src/install/slam_toolbox/share/slam_toolbox/srvs/SerializePoseGraph_Response.msg
[33.247s] -- Up-to-date symlink: /home/hp/ROS2_WS/src/install/slam_toolbox/share/slam_toolbox//rviz_plugins.xml
[33.247s] -- Up-to-date symlink: /home/hp/ROS2_WS/src/install/slam_toolbox/share/slam_toolbox//solver_plugins.xml
[33.247s] -- Up-to-date symlink: /home/hp/ROS2_WS/src/install/slam_toolbox/lib/slam_toolbox/async_slam_toolbox_node
[33.248s] -- Up-to-date symlink: /home/hp/ROS2_WS/src/install/slam_toolbox/lib/slam_toolbox/sync_slam_toolbox_node
[33.248s] -- Up-to-date symlink: /home/hp/ROS2_WS/src/install/slam_toolbox/lib/slam_toolbox/localization_slam_toolbox_node
[33.248s] -- Up-to-date symlink: /home/hp/ROS2_WS/src/install/slam_toolbox/lib/slam_toolbox/map_and_localization_slam_toolbox_node
[33.248s] -- Up-to-date symlink: /home/hp/ROS2_WS/src/install/slam_toolbox/lib/slam_toolbox/lifelong_slam_toolbox_node
[33.249s] -- Up-to-date symlink: /home/hp/ROS2_WS/src/install/slam_toolbox/lib/slam_toolbox/merge_maps_kinematic
[33.249s] -- Up-to-date symlink: /home/hp/ROS2_WS/src/install/slam_toolbox/lib/libtoolbox_common.so
[33.249s] -- Up-to-date symlink: /home/hp/ROS2_WS/src/install/slam_toolbox/lib/libSlamToolboxPlugin.so
[33.249s] -- Up-to-date symlink: /home/hp/ROS2_WS/src/install/slam_toolbox/lib/libceres_solver_plugin.so
[33.249s] -- Up-to-date symlink: /home/hp/ROS2_WS/src/install/slam_toolbox/lib/libasync_slam_toolbox.so
[33.250s] -- Up-to-date symlink: /home/hp/ROS2_WS/src/install/slam_toolbox/lib/libsync_slam_toolbox.so
[33.250s] -- Up-to-date symlink: /home/hp/ROS2_WS/src/install/slam_toolbox/lib/liblocalization_slam_toolbox.so
[33.250s] -- Up-to-date symlink: /home/hp/ROS2_WS/src/install/slam_toolbox/lib/liblifelong_slam_toolbox.so
[33.250s] -- Up-to-date symlink: /home/hp/ROS2_WS/src/install/slam_toolbox/lib/libmap_and_localization_slam_toolbox.so
[33.250s] -- Up-to-date symlink: /home/hp/ROS2_WS/src/install/slam_toolbox/lib/libkartoSlamToolbox.so
[33.251s] -- Up-to-date symlink: /home/hp/ROS2_WS/src/install/slam_toolbox/include/slam_toolbox/experimental/slam_toolbox_lifelong.hpp
[33.251s] -- Up-to-date symlink: /home/hp/ROS2_WS/src/install/slam_toolbox/include/slam_toolbox/experimental/slam_toolbox_map_and_localization.hpp
[33.252s] -- Up-to-date symlink: /home/hp/ROS2_WS/src/install/slam_toolbox/include/slam_toolbox/get_pose_helper.hpp
[33.252s] -- Up-to-date symlink: /home/hp/ROS2_WS/src/install/slam_toolbox/include/slam_toolbox/laser_utils.hpp
[33.252s] -- Up-to-date symlink: /home/hp/ROS2_WS/src/install/slam_toolbox/include/slam_toolbox/loop_closure_assistant.hpp
[33.252s] -- Up-to-date symlink: /home/hp/ROS2_WS/src/install/slam_toolbox/include/slam_toolbox/map_saver.hpp
[33.252s] -- Up-to-date symlink: /home/hp/ROS2_WS/src/install/slam_toolbox/include/slam_toolbox/merge_maps_kinematic.hpp
[33.252s] -- Up-to-date symlink: /home/hp/ROS2_WS/src/install/slam_toolbox/include/slam_toolbox/serialization.hpp
[33.253s] -- Up-to-date symlink: /home/hp/ROS2_WS/src/install/slam_toolbox/include/slam_toolbox/slam_mapper.hpp
[33.253s] -- Up-to-date symlink: /home/hp/ROS2_WS/src/install/slam_toolbox/include/slam_toolbox/slam_toolbox_async.hpp
[33.253s] -- Up-to-date symlink: /home/hp/ROS2_WS/src/install/slam_toolbox/include/slam_toolbox/slam_toolbox_common.hpp
[33.253s] -- Up-to-date symlink: /home/hp/ROS2_WS/src/install/slam_toolbox/include/slam_toolbox/slam_toolbox_localization.hpp
[33.253s] -- Up-to-date symlink: /home/hp/ROS2_WS/src/install/slam_toolbox/include/slam_toolbox/slam_toolbox_sync.hpp
[33.254s] -- Up-to-date symlink: /home/hp/ROS2_WS/src/install/slam_toolbox/include/slam_toolbox/snap_utils.hpp
[33.254s] -- Up-to-date symlink: /home/hp/ROS2_WS/src/install/slam_toolbox/include/slam_toolbox/toolbox_msgs.hpp
[33.254s] -- Up-to-date symlink: /home/hp/ROS2_WS/src/install/slam_toolbox/include/slam_toolbox/toolbox_types.hpp
[33.254s] -- Up-to-date symlink: /home/hp/ROS2_WS/src/install/slam_toolbox/include/slam_toolbox/visualization_utils.hpp
[33.277s] -- Up-to-date symlink: /home/hp/ROS2_WS/src/install/slam_toolbox/share/slam_toolbox/launch/localization_launch.py
[33.277s] -- Up-to-date symlink: /home/hp/ROS2_WS/src/install/slam_toolbox/share/slam_toolbox/launch/merge_maps_kinematic_launch.py
[33.278s] -- Up-to-date symlink: /home/hp/ROS2_WS/src/install/slam_toolbox/share/slam_toolbox/launch/offline_launch.py
[33.278s] -- Up-to-date symlink: /home/hp/ROS2_WS/src/install/slam_toolbox/share/slam_toolbox/launch/online_async_launch.py
[33.278s] -- Up-to-date symlink: /home/hp/ROS2_WS/src/install/slam_toolbox/share/slam_toolbox/launch/online_sync_launch.py
[33.296s] -- Up-to-date symlink: /home/hp/ROS2_WS/src/install/slam_toolbox/share/slam_toolbox/config/mapper_params_lifelong.yaml
[33.296s] -- Up-to-date symlink: /home/hp/ROS2_WS/src/install/slam_toolbox/share/slam_toolbox/config/mapper_params_localization.yaml
[33.297s] -- Up-to-date symlink: /home/hp/ROS2_WS/src/install/slam_toolbox/share/slam_toolbox/config/mapper_params_offline.yaml
[33.297s] -- Up-to-date symlink: /home/hp/ROS2_WS/src/install/slam_toolbox/share/slam_toolbox/config/mapper_params_online_async.yaml
[33.298s] -- Up-to-date symlink: /home/hp/ROS2_WS/src/install/slam_toolbox/share/slam_toolbox/config/mapper_params_online_sync.yaml
[33.298s] -- Up-to-date symlink: /home/hp/ROS2_WS/src/install/slam_toolbox/share/slam_toolbox/config/slam_toolbox_default.rviz
[33.298s] -- Up-to-date symlink: /home/hp/ROS2_WS/src/install/slam_toolbox/share/solver_plugins.xml
[33.299s] -- Up-to-date symlink: /home/hp/ROS2_WS/src/install/slam_toolbox/share/rviz_plugins.xml
[33.299s] -- Up-to-date symlink: /home/hp/ROS2_WS/src/install/slam_toolbox/share/ament_index/resource_index/package_run_dependencies/slam_toolbox
[33.300s] -- Up-to-date symlink: /home/hp/ROS2_WS/src/install/slam_toolbox/share/ament_index/resource_index/parent_prefix_path/slam_toolbox
[33.300s] -- Up-to-date symlink: /home/hp/ROS2_WS/src/install/slam_toolbox/share/slam_toolbox/environment/ament_prefix_path.sh
[33.300s] -- Up-to-date symlink: /home/hp/ROS2_WS/src/install/slam_toolbox/share/slam_toolbox/environment/ament_prefix_path.dsv
[33.301s] -- Up-to-date symlink: /home/hp/ROS2_WS/src/install/slam_toolbox/share/slam_toolbox/environment/path.sh
[33.301s] -- Up-to-date symlink: /home/hp/ROS2_WS/src/install/slam_toolbox/share/slam_toolbox/environment/path.dsv
[33.316s] -- Up-to-date symlink: /home/hp/ROS2_WS/src/install/slam_toolbox/share/slam_toolbox/local_setup.bash
[33.316s] -- Up-to-date symlink: /home/hp/ROS2_WS/src/install/slam_toolbox/share/slam_toolbox/local_setup.sh
[33.327s] -- Up-to-date symlink: /home/hp/ROS2_WS/src/install/slam_toolbox/share/slam_toolbox/local_setup.zsh
[33.327s] -- Up-to-date symlink: /home/hp/ROS2_WS/src/install/slam_toolbox/share/slam_toolbox/local_setup.dsv
[33.327s] -- Symlinking: /home/hp/ROS2_WS/src/install/slam_toolbox/share/slam_toolbox/package.dsv
[33.353s] -- Up-to-date symlink: /home/hp/ROS2_WS/src/install/slam_toolbox/share/ament_index/resource_index/packages/slam_toolbox
[33.354s] -- Up-to-date symlink: /home/hp/ROS2_WS/src/install/slam_toolbox/share/ament_index/resource_index/rviz_common__pluginlib__plugin/slam_toolbox
[33.364s] -- Up-to-date symlink: /home/hp/ROS2_WS/src/install/slam_toolbox/share/ament_index/resource_index/slam_toolbox__pluginlib__plugin/slam_toolbox
[33.383s] -- Up-to-date symlink: /home/hp/ROS2_WS/src/install/slam_toolbox/share/ament_index/resource_index/rclcpp_components/slam_toolbox
[33.383s] -- Up-to-date symlink: /home/hp/ROS2_WS/src/install/slam_toolbox/share/slam_toolbox/cmake/rosidl_cmake-extras.cmake
[33.423s] -- Up-to-date symlink: /home/hp/ROS2_WS/src/install/slam_toolbox/share/slam_toolbox/cmake/ament_cmake_export_dependencies-extras.cmake
[33.424s] -- Up-to-date symlink: /home/hp/ROS2_WS/src/install/slam_toolbox/share/slam_toolbox/cmake/ament_cmake_export_include_directories-extras.cmake
[33.437s] -- Up-to-date symlink: /home/hp/ROS2_WS/src/install/slam_toolbox/share/slam_toolbox/cmake/ament_cmake_export_libraries-extras.cmake
[33.438s] -- Up-to-date symlink: /home/hp/ROS2_WS/src/install/slam_toolbox/share/slam_toolbox/cmake/ament_cmake_export_targets-extras.cmake
[33.438s] -- Up-to-date symlink: /home/hp/ROS2_WS/src/install/slam_toolbox/share/slam_toolbox/cmake/rosidl_cmake_export_typesupport_targets-extras.cmake
[33.439s] -- Up-to-date symlink: /home/hp/ROS2_WS/src/install/slam_toolbox/share/slam_toolbox/cmake/rosidl_cmake_export_typesupport_libraries-extras.cmake
[33.439s] -- Up-to-date symlink: /home/hp/ROS2_WS/src/install/slam_toolbox/share/slam_toolbox/cmake/slam_toolboxConfig.cmake
[33.440s] -- Up-to-date symlink: /home/hp/ROS2_WS/src/install/slam_toolbox/share/slam_toolbox/cmake/slam_toolboxConfig-version.cmake
[33.440s] -- Up-to-date symlink: /home/hp/ROS2_WS/src/install/slam_toolbox/share/slam_toolbox/package.xml
[33.477s] -- Up-to-date: /home/hp/ROS2_WS/src/install/slam_toolbox/lib/libslam_toolbox__rosidl_generator_c.so
[33.516s] -- Up-to-date: /home/hp/ROS2_WS/src/install/slam_toolbox/lib/libslam_toolbox__rosidl_typesupport_fastrtps_c.so
[33.541s] -- Up-to-date: /home/hp/ROS2_WS/src/install/slam_toolbox/lib/libslam_toolbox__rosidl_typesupport_fastrtps_cpp.so
[33.543s] -- Up-to-date: /home/hp/ROS2_WS/src/install/slam_toolbox/lib/libslam_toolbox__rosidl_typesupport_introspection_c.so
[33.565s] -- Up-to-date: /home/hp/ROS2_WS/src/install/slam_toolbox/lib/libslam_toolbox__rosidl_typesupport_c.so
[33.586s] -- Up-to-date: /home/hp/ROS2_WS/src/install/slam_toolbox/lib/libslam_toolbox__rosidl_typesupport_introspection_cpp.so
[33.587s] -- Up-to-date: /home/hp/ROS2_WS/src/install/slam_toolbox/lib/libslam_toolbox__rosidl_typesupport_cpp.so
[33.917s] Listing '/home/hp/ROS2_WS/src/install/slam_toolbox/lib/python3.11/site-packages/slam_toolbox'...
[33.917s] Listing '/home/hp/ROS2_WS/src/install/slam_toolbox/lib/python3.11/site-packages/slam_toolbox/srv'...
[33.943s] -- Up-to-date: /home/hp/ROS2_WS/src/install/slam_toolbox/lib/libslam_toolbox__rosidl_generator_py.so
[33.987s] -- Up-to-date: /home/hp/ROS2_WS/src/install/slam_toolbox/share/slam_toolbox/cmake/export_slam_toolbox__rosidl_generator_cExport.cmake
[33.987s] -- Up-to-date: /home/hp/ROS2_WS/src/install/slam_toolbox/share/slam_toolbox/cmake/export_slam_toolbox__rosidl_generator_cExport-release.cmake
[33.988s] -- Up-to-date: /home/hp/ROS2_WS/src/install/slam_toolbox/share/slam_toolbox/cmake/export_slam_toolbox__rosidl_typesupport_fastrtps_cExport.cmake
[33.988s] -- Up-to-date: /home/hp/ROS2_WS/src/install/slam_toolbox/share/slam_toolbox/cmake/export_slam_toolbox__rosidl_typesupport_fastrtps_cExport-release.cmake
[33.988s] -- Up-to-date: /home/hp/ROS2_WS/src/install/slam_toolbox/share/slam_toolbox/cmake/export_slam_toolbox__rosidl_generator_cppExport.cmake
[33.988s] -- Up-to-date: /home/hp/ROS2_WS/src/install/slam_toolbox/share/slam_toolbox/cmake/export_slam_toolbox__rosidl_typesupport_fastrtps_cppExport.cmake
[33.988s] -- Up-to-date: /home/hp/ROS2_WS/src/install/slam_toolbox/share/slam_toolbox/cmake/export_slam_toolbox__rosidl_typesupport_fastrtps_cppExport-release.cmake
[33.989s] -- Up-to-date: /home/hp/ROS2_WS/src/install/slam_toolbox/share/slam_toolbox/cmake/slam_toolbox__rosidl_typesupport_introspection_cExport.cmake
[33.989s] -- Up-to-date: /home/hp/ROS2_WS/src/install/slam_toolbox/share/slam_toolbox/cmake/slam_toolbox__rosidl_typesupport_introspection_cExport-release.cmake
[33.990s] -- Up-to-date: /home/hp/ROS2_WS/src/install/slam_toolbox/share/slam_toolbox/cmake/slam_toolbox__rosidl_typesupport_cExport.cmake
[33.990s] -- Up-to-date: /home/hp/ROS2_WS/src/install/slam_toolbox/share/slam_toolbox/cmake/slam_toolbox__rosidl_typesupport_cExport-release.cmake
[33.990s] -- Up-to-date: /home/hp/ROS2_WS/src/install/slam_toolbox/share/slam_toolbox/cmake/slam_toolbox__rosidl_typesupport_introspection_cppExport.cmake
[33.990s] -- Up-to-date: /home/hp/ROS2_WS/src/install/slam_toolbox/share/slam_toolbox/cmake/slam_toolbox__rosidl_typesupport_introspection_cppExport-release.cmake
[33.991s] -- Up-to-date: /home/hp/ROS2_WS/src/install/slam_toolbox/share/slam_toolbox/cmake/slam_toolbox__rosidl_typesupport_cppExport.cmake
[33.991s] -- Up-to-date: /home/hp/ROS2_WS/src/install/slam_toolbox/share/slam_toolbox/cmake/slam_toolbox__rosidl_typesupport_cppExport-release.cmake
[34.013s] -- Up-to-date: /home/hp/ROS2_WS/src/install/slam_toolbox/share/slam_toolbox/cmake/export_slam_toolbox__rosidl_generator_pyExport.cmake
[34.013s] -- Up-to-date: /home/hp/ROS2_WS/src/install/slam_toolbox/share/slam_toolbox/cmake/export_slam_toolbox__rosidl_generator_pyExport-release.cmake
[34.014s] -- Up-to-date: /home/hp/ROS2_WS/src/install/slam_toolbox/share/slam_toolbox/cmake/SlamToolboxPluginExport.cmake
[34.014s] -- Up-to-date: /home/hp/ROS2_WS/src/install/slam_toolbox/share/slam_toolbox/cmake/SlamToolboxPluginExport-release.cmake
[34.019s] Invoked command in '/home/hp/ROS2_WS/src/build/slam_toolbox' returned '0': CMAKE_PREFIX_PATH=${CMAKE_PREFIX_PATH}:/home/hp/ROS2_WS/install/my_robot_controller:/home/hp/ROS2_WS/install/my_exo:/home/hp/ROS2_WS/install/dynamic_tf:/home/hp/ROS2_WS/src/install/my_robot_controller:/home/hp/ROS2_WS/src/install/my_exo:/home/hp/ROS2_WS/src/install/dynamic_tf:/opt/ros/humble CONDA_PROMPT_MODIFIER=(base) /usr/bin/cmake --install /home/hp/ROS2_WS/src/build/slam_toolbox
