[35m[1mConsolidate compiler generated dependencies of target kartoSlamToolbox[0m
[  0%] Built target ament_cmake_python_symlink_slam_toolbox
[  1%] [32mBuilding CXX object lib/karto_sdk/CMakeFiles/kartoSlamToolbox.dir/src/Karto.cpp.o[0m
[  2%] [32mBuilding CXX object lib/karto_sdk/CMakeFiles/kartoSlamToolbox.dir/src/Mapper.cpp.o[0m
[  2%] Built target slam_toolbox__cpp
[ 11%] Built target slam_toolbox__rosidl_generator_c
[ 20%] Built target slam_toolbox__rosidl_typesupport_introspection_cpp
[ 29%] Built target slam_toolbox__rosidl_typesupport_fastrtps_cpp
[ 38%] Built target slam_toolbox__rosidl_typesupport_introspection_c
[ 65%] Built target slam_toolbox__rosidl_typesupport_c
[ 65%] Built target slam_toolbox__rosidl_typesupport_cpp
[ 65%] Built target slam_toolbox__rosidl_typesupport_fastrtps_c
[ 65%] Built target slam_toolbox
[ 66%] Built target slam_toolbox__py
[ 68%] Built target SlamToolboxPlugin
running egg_info
writing slam_toolbox.egg-info/PKG-INFO
writing dependency_links to slam_toolbox.egg-info/dependency_links.txt
writing top-level names to slam_toolbox.egg-info/top_level.txt
reading manifest file 'slam_toolbox.egg-info/SOURCES.txt'
writing manifest file 'slam_toolbox.egg-info/SOURCES.txt'
[ 68%] Built target ament_cmake_python_build_slam_toolbox_egg
[ 76%] Built target slam_toolbox__rosidl_generator_py
[ 78%] Built target slam_toolbox__rosidl_typesupport_fastrtps_c__pyext
[ 78%] Built target slam_toolbox__rosidl_typesupport_c__pyext
[ 79%] Built target slam_toolbox__rosidl_typesupport_introspection_c__pyext
In file included from [01m[K/home/hp/ROS2_WS/src/slam_toolbox/lib/karto_sdk/src/Karto.cpp:27[m[K:
[01m[K/home/hp/ROS2_WS/src/slam_toolbox/lib/karto_sdk/include/karto_sdk/Karto.h:[m[K In member function ‘[01m[Kvoid karto::Matrix3::load(std::istream&)[m[K’:
[01m[K/home/hp/ROS2_WS/src/slam_toolbox/lib/karto_sdk/include/karto_sdk/Karto.h:2715:21:[m[K [01;31m[Kerror: [m[K‘[01m[Kxml_iarchive[m[K’ is not a member of ‘[01m[Kboost::archive[m[K’
 2715 |     boost::archive::[01;31m[Kxml_iarchive[m[K ia(is);
      |                     [01;31m[K^~~~~~~~~~~~[m[K
[01m[K/home/hp/ROS2_WS/src/slam_toolbox/lib/karto_sdk/include/karto_sdk/Karto.h:2716:5:[m[K [01;31m[Kerror: [m[K‘[01m[Kia[m[K’ was not declared in this scope; did you mean ‘[01m[Kis[m[K’?
 2716 |     [01;31m[Kia[m[K >> boost::serialization::make_nvp("Matrix3", *this);
      |     [01;31m[K^~[m[K
      |     [32m[Kis[m[K
In file included from [01m[K/home/hp/ROS2_WS/src/slam_toolbox/lib/karto_sdk/src/Karto.cpp:27[m[K:
[01m[K/home/hp/ROS2_WS/src/slam_toolbox/lib/karto_sdk/include/karto_sdk/Karto.h:[m[K At global scope:
[01m[K/home/hp/ROS2_WS/src/slam_toolbox/lib/karto_sdk/include/karto_sdk/Karto.h:5818:8:[m[K [01;31m[Kerror: [m[KISO C++ forbids declaration of ‘[01m[KMéthode[m[K’ with no type [[01;31m[K]8;;https://gcc.gnu.org/onlinedocs/gcc/Warning-Options.html#index-fpermissive-fpermissive]8;;[m[K]
 5818 |      * [01;31m[KMéthode[m[K pour sérialiser un objet LocalizedRangeScan dans un fichier binaire
      |        [01;31m[K^~~~~~~[m[K
[01m[K/home/hp/ROS2_WS/src/slam_toolbox/lib/karto_sdk/include/karto_sdk/Karto.h:5818:8:[m[K [01;31m[Kerror: [m[Kexpected ‘[01m[K;[m[K’ at end of member declaration
 5818 |      * [01;31m[KMéthode[m[K pour sérialiser un objet LocalizedRangeScan dans un fichier binaire
      |        [01;31m[K^~~~~~~[m[K
      |               [32m[K;[m[K
[01m[K/home/hp/ROS2_WS/src/slam_toolbox/lib/karto_sdk/include/karto_sdk/Karto.h:5818:16:[m[K [01;31m[Kerror: [m[K‘[01m[Kpour[m[K’ does not name a type
 5818 |      * Méthode [01;31m[Kpour[m[K sérialiser un objet LocalizedRangeScan dans un fichier binaire
      |                [01;31m[K^~~~[m[K
In file included from [01m[K/home/hp/ROS2_WS/src/slam_toolbox/lib/karto_sdk/include/karto_sdk/Mapper.h:36[m[K,
                 from [01m[K/home/hp/ROS2_WS/src/slam_toolbox/lib/karto_sdk/src/Mapper.cpp:37[m[K:
[01m[K/home/hp/ROS2_WS/src/slam_toolbox/lib/karto_sdk/include/karto_sdk/Karto.h:[m[K In member function ‘[01m[Kvoid karto::Matrix3::load(std::istream&)[m[K’:
[01m[K/home/hp/ROS2_WS/src/slam_toolbox/lib/karto_sdk/include/karto_sdk/Karto.h:2715:21:[m[K [01;31m[Kerror: [m[K‘[01m[Kxml_iarchive[m[K’ is not a member of ‘[01m[Kboost::archive[m[K’
 2715 |     boost::archive::[01;31m[Kxml_iarchive[m[K ia(is);
      |                     [01;31m[K^~~~~~~~~~~~[m[K
[01m[K/home/hp/ROS2_WS/src/slam_toolbox/lib/karto_sdk/include/karto_sdk/Karto.h:2716:5:[m[K [01;31m[Kerror: [m[K‘[01m[Kia[m[K’ was not declared in this scope; did you mean ‘[01m[Kis[m[K’?
 2716 |     [01;31m[Kia[m[K >> boost::serialization::make_nvp("Matrix3", *this);
      |     [01;31m[K^~[m[K
      |     [32m[Kis[m[K
gmake[2]: *** [lib/karto_sdk/CMakeFiles/kartoSlamToolbox.dir/build.make:76: lib/karto_sdk/CMakeFiles/kartoSlamToolbox.dir/src/Karto.cpp.o] Error 1
gmake[2]: *** Waiting for unfinished jobs....
In file included from [01m[K/home/hp/ROS2_WS/src/slam_toolbox/lib/karto_sdk/include/karto_sdk/Mapper.h:36[m[K,
                 from [01m[K/home/hp/ROS2_WS/src/slam_toolbox/lib/karto_sdk/src/Mapper.cpp:37[m[K:
[01m[K/home/hp/ROS2_WS/src/slam_toolbox/lib/karto_sdk/include/karto_sdk/Karto.h:[m[K At global scope:
[01m[K/home/hp/ROS2_WS/src/slam_toolbox/lib/karto_sdk/include/karto_sdk/Karto.h:5818:8:[m[K [01;31m[Kerror: [m[KISO C++ forbids declaration of ‘[01m[KMéthode[m[K’ with no type [[01;31m[K]8;;https://gcc.gnu.org/onlinedocs/gcc/Warning-Options.html#index-fpermissive-fpermissive]8;;[m[K]
 5818 |      * [01;31m[KMéthode[m[K pour sérialiser un objet LocalizedRangeScan dans un fichier binaire
      |        [01;31m[K^~~~~~~[m[K
[01m[K/home/hp/ROS2_WS/src/slam_toolbox/lib/karto_sdk/include/karto_sdk/Karto.h:5818:8:[m[K [01;31m[Kerror: [m[Kexpected ‘[01m[K;[m[K’ at end of member declaration
 5818 |      * [01;31m[KMéthode[m[K pour sérialiser un objet LocalizedRangeScan dans un fichier binaire
      |        [01;31m[K^~~~~~~[m[K
      |               [32m[K;[m[K
[01m[K/home/hp/ROS2_WS/src/slam_toolbox/lib/karto_sdk/include/karto_sdk/Karto.h:5818:16:[m[K [01;31m[Kerror: [m[K‘[01m[Kpour[m[K’ does not name a type
 5818 |      * Méthode [01;31m[Kpour[m[K sérialiser un objet LocalizedRangeScan dans un fichier binaire
      |                [01;31m[K^~~~[m[K
[01m[K/home/hp/ROS2_WS/src/slam_toolbox/lib/karto_sdk/src/Mapper.cpp:[m[K In member function ‘[01m[Kvirtual kt_bool karto::Mapper::Process(karto::LocalizedRangeScan*, karto::Matrix3*)[m[K’:
[01m[K/home/hp/ROS2_WS/src/slam_toolbox/lib/karto_sdk/src/Mapper.cpp:2836:16:[m[K [01;31m[Kerror: [m[K‘[01m[Kclass karto::LocalizedRangeScan[m[K’ has no member named ‘[01m[KSerialize[m[K’; did you mean ‘[01m[Kserialize[m[K’?
 2836 |         pScan->[01;31m[KSerialize[m[K("scan_data.bin");
      |                [01;31m[K^~~~~~~~~[m[K
      |                [32m[Kserialize[m[K
[01m[K/home/hp/ROS2_WS/src/slam_toolbox/lib/karto_sdk/src/Mapper.cpp:2838:30:[m[K [01;31m[Kerror: [m[Kno matching function for call to ‘[01m[Kkarto::Matrix3::serialize(const char [20])[m[K’
 2838 |         [01;31m[Kcovariance->serialize("covariance_data.bin")[m[K;
      |         [01;31m[K~~~~~~~~~~~~~~~~~~~~~^~~~~~~~~~~~~~~~~~~~~~~[m[K
In file included from [01m[K/home/hp/ROS2_WS/src/slam_toolbox/lib/karto_sdk/include/karto_sdk/Mapper.h:36[m[K,
                 from [01m[K/home/hp/ROS2_WS/src/slam_toolbox/lib/karto_sdk/src/Mapper.cpp:37[m[K:
[01m[K/home/hp/ROS2_WS/src/slam_toolbox/lib/karto_sdk/include/karto_sdk/Karto.h:2723:8:[m[K [01;36m[Knote: [m[Kcandidate: ‘[01m[Ktemplate<class Archive> void karto::Matrix3::serialize(Archive&, unsigned int)[m[K’
 2723 |   void [01;36m[Kserialize[m[K(Archive & ar, const unsigned int version)
      |        [01;36m[K^~~~~~~~~[m[K
[01m[K/home/hp/ROS2_WS/src/slam_toolbox/lib/karto_sdk/include/karto_sdk/Karto.h:2723:8:[m[K [01;36m[Knote: [m[K  template argument deduction/substitution failed:
[01m[K/home/hp/ROS2_WS/src/slam_toolbox/lib/karto_sdk/src/Mapper.cpp:2838:30:[m[K [01;36m[Knote: [m[K  candidate expects 2 arguments, 1 provided
 2838 |         [01;36m[Kcovariance->serialize("covariance_data.bin")[m[K;
      |         [01;36m[K~~~~~~~~~~~~~~~~~~~~~^~~~~~~~~~~~~~~~~~~~~~~[m[K
gmake[2]: *** [lib/karto_sdk/CMakeFiles/kartoSlamToolbox.dir/build.make:90: lib/karto_sdk/CMakeFiles/kartoSlamToolbox.dir/src/Mapper.cpp.o] Error 1
gmake[1]: *** [CMakeFiles/Makefile2:1045: lib/karto_sdk/CMakeFiles/kartoSlamToolbox.dir/all] Error 2
gmake: *** [Makefile:146: all] Error 2
