[8.642s] Invoking command in '/home/hp/ROS2_WS/build/my_exo': PYTHONPATH=/home/hp/ROS2_WS/build/my_exo/prefix_override:/home/hp/ROS2_WS/install/my_exo/lib/python3.10/site-packages:${PYTHONPATH} /usr/bin/python3 -W ignore:setup.py install is deprecated setup.py develop --editable --build-directory /home/hp/ROS2_WS/build/my_exo/build --no-deps symlink_data
[9.061s] running develop
[9.310s] running egg_info
[9.311s] writing my_exo.egg-info/PKG-INFO
[9.311s] writing dependency_links to my_exo.egg-info/dependency_links.txt
[9.311s] writing entry points to my_exo.egg-info/entry_points.txt
[9.311s] writing requirements to my_exo.egg-info/requires.txt
[9.312s] writing top-level names to my_exo.egg-info/top_level.txt
[9.315s] reading manifest file 'my_exo.egg-info/SOURCES.txt'
[9.318s] writing manifest file 'my_exo.egg-info/SOURCES.txt'
[9.320s] running build_ext
[9.320s] Creating /home/hp/ROS2_WS/install/my_exo/lib/python3.10/site-packages/my-exo.egg-link (link to .)
[9.322s] Installing first_node script to /home/hp/ROS2_WS/install/my_exo/lib/my_exo
[9.322s] Installing fourth_node script to /home/hp/ROS2_WS/install/my_exo/lib/my_exo
[9.323s] Installing input_node script to /home/hp/ROS2_WS/install/my_exo/lib/my_exo
[9.323s] Installing second_node script to /home/hp/ROS2_WS/install/my_exo/lib/my_exo
[9.323s] Installing selector_node script to /home/hp/ROS2_WS/install/my_exo/lib/my_exo
[9.323s] Installing third_node script to /home/hp/ROS2_WS/install/my_exo/lib/my_exo
[9.324s] 
[9.324s] Installed /home/hp/ROS2_WS/build/my_exo
[9.324s] running symlink_data
[9.401s] Invoked command in '/home/hp/ROS2_WS/build/my_exo' returned '0': PYTHONPATH=/home/hp/ROS2_WS/build/my_exo/prefix_override:/home/hp/ROS2_WS/install/my_exo/lib/python3.10/site-packages:${PYTHONPATH} /usr/bin/python3 -W ignore:setup.py install is deprecated setup.py develop --editable --build-directory /home/hp/ROS2_WS/build/my_exo/build --no-deps symlink_data
