[0.961s] Invoking command in '/home/hp/ROS2_WS/build/rplidar_ros': CMAKE_PREFIX_PATH=${CMAKE_PREFIX_PATH}:/home/hp/ROS2_WS/install/my_robot_controller:/home/hp/ROS2_WS/install/my_exo:/home/hp/ROS2_WS/install/dynamic_tf:/opt/ros/humble /usr/bin/cmake --build /home/hp/ROS2_WS/build/rplidar_ros -- -j8 -l8
[1.456s] [  4%] Built target rplidar_client
[1.832s] [  9%] Built target tf_broadcaster
[2.057s] [ 14%] Built target tf_listener
[2.873s] [100%] Built target rplidar_composition
[2.873s] [100%] Built target rplidar_node
[2.884s] Invoked command in '/home/hp/ROS2_WS/build/rplidar_ros' returned '0': CMAKE_PREFIX_PATH=${CMAKE_PREFIX_PATH}:/home/hp/ROS2_WS/install/my_robot_controller:/home/hp/ROS2_WS/install/my_exo:/home/hp/ROS2_WS/install/dynamic_tf:/opt/ros/humble /usr/bin/cmake --build /home/hp/ROS2_WS/build/rplidar_ros -- -j8 -l8
[2.955s] Invoking command in '/home/hp/ROS2_WS/build/rplidar_ros': CMAKE_PREFIX_PATH=${CMAKE_PREFIX_PATH}:/home/hp/ROS2_WS/install/my_robot_controller:/home/hp/ROS2_WS/install/my_exo:/home/hp/ROS2_WS/install/dynamic_tf:/opt/ros/humble /usr/bin/cmake --install /home/hp/ROS2_WS/build/rplidar_ros
[2.970s] -- Install configuration: ""
[3.120s] -- Execute custom install script
[3.121s] -- Up-to-date symlink: /home/hp/ROS2_WS/install/rplidar_ros/share/rplidar_ros/launch/rplidar_a1_launch.py
[3.121s] -- Up-to-date symlink: /home/hp/ROS2_WS/install/rplidar_ros/share/rplidar_ros/launch/rplidar_a2m12_launch.py
[3.121s] -- Up-to-date symlink: /home/hp/ROS2_WS/install/rplidar_ros/share/rplidar_ros/launch/rplidar_a2m7_launch.py
[3.121s] -- Up-to-date symlink: /home/hp/ROS2_WS/install/rplidar_ros/share/rplidar_ros/launch/rplidar_a2m8_launch.py
[3.121s] -- Up-to-date symlink: /home/hp/ROS2_WS/install/rplidar_ros/share/rplidar_ros/launch/rplidar_a3_launch.py
[3.122s] -- Up-to-date symlink: /home/hp/ROS2_WS/install/rplidar_ros/share/rplidar_ros/launch/rplidar_c1_launch.py
[3.122s] -- Up-to-date symlink: /home/hp/ROS2_WS/install/rplidar_ros/share/rplidar_ros/launch/rplidar_s1_launch.py
[3.122s] -- Up-to-date symlink: /home/hp/ROS2_WS/install/rplidar_ros/share/rplidar_ros/launch/rplidar_s1_tcp_launch.py
[3.122s] -- Up-to-date symlink: /home/hp/ROS2_WS/install/rplidar_ros/share/rplidar_ros/launch/rplidar_s2_launch.py
[3.122s] -- Up-to-date symlink: /home/hp/ROS2_WS/install/rplidar_ros/share/rplidar_ros/launch/rplidar_s2e_launch.py
[3.122s] -- Up-to-date symlink: /home/hp/ROS2_WS/install/rplidar_ros/share/rplidar_ros/launch/rplidar_s3_launch.py
[3.122s] -- Up-to-date symlink: /home/hp/ROS2_WS/install/rplidar_ros/share/rplidar_ros/launch/rplidar_t1_launch.py
[3.123s] -- Up-to-date symlink: /home/hp/ROS2_WS/install/rplidar_ros/share/rplidar_ros/launch/slam.launch.py
[3.123s] -- Up-to-date symlink: /home/hp/ROS2_WS/install/rplidar_ros/share/rplidar_ros/launch/view_rplidar_a1_launch.py
[3.123s] -- Up-to-date symlink: /home/hp/ROS2_WS/install/rplidar_ros/share/rplidar_ros/launch/view_rplidar_a2m12_launch.py
[3.123s] -- Up-to-date symlink: /home/hp/ROS2_WS/install/rplidar_ros/share/rplidar_ros/launch/view_rplidar_a2m7_launch.py
[3.123s] -- Up-to-date symlink: /home/hp/ROS2_WS/install/rplidar_ros/share/rplidar_ros/launch/view_rplidar_a2m8_launch.py
[3.123s] -- Up-to-date symlink: /home/hp/ROS2_WS/install/rplidar_ros/share/rplidar_ros/launch/view_rplidar_a3_launch.py
[3.124s] -- Up-to-date symlink: /home/hp/ROS2_WS/install/rplidar_ros/share/rplidar_ros/launch/view_rplidar_c1_launch.py
[3.124s] -- Up-to-date symlink: /home/hp/ROS2_WS/install/rplidar_ros/share/rplidar_ros/launch/view_rplidar_s1_launch.py
[3.124s] -- Up-to-date symlink: /home/hp/ROS2_WS/install/rplidar_ros/share/rplidar_ros/launch/view_rplidar_s1_tcp_launch.py
[3.124s] -- Up-to-date symlink: /home/hp/ROS2_WS/install/rplidar_ros/share/rplidar_ros/launch/view_rplidar_s2_launch.py
[3.124s] -- Up-to-date symlink: /home/hp/ROS2_WS/install/rplidar_ros/share/rplidar_ros/launch/view_rplidar_s2e_launch.py
[3.124s] -- Up-to-date symlink: /home/hp/ROS2_WS/install/rplidar_ros/share/rplidar_ros/launch/view_rplidar_s3_launch.py
[3.124s] -- Up-to-date symlink: /home/hp/ROS2_WS/install/rplidar_ros/share/rplidar_ros/launch/view_rplidar_t1_launch.py
[3.266s] -- Up-to-date symlink: /home/hp/ROS2_WS/install/rplidar_ros/share/rplidar_ros/config/slam.yaml
[3.266s] -- Up-to-date symlink: /home/hp/ROS2_WS/install/rplidar_ros/share/rplidar_ros/rviz/rplidar_ros.rviz
[3.287s] -- Up-to-date symlink: /home/hp/ROS2_WS/install/rplidar_ros/lib/rplidar_ros/tf_broadcaster
[3.288s] -- Up-to-date symlink: /home/hp/ROS2_WS/install/rplidar_ros/lib/rplidar_ros/tf_listener
[3.288s] -- Up-to-date symlink: /home/hp/ROS2_WS/install/rplidar_ros/lib/rplidar_ros/rplidar_node
[3.288s] -- Up-to-date symlink: /home/hp/ROS2_WS/install/rplidar_ros/lib/rplidar_ros/rplidar_composition
[3.288s] -- Up-to-date symlink: /home/hp/ROS2_WS/install/rplidar_ros/lib/rplidar_ros/rplidar_client
[3.305s] -- Up-to-date symlink: /home/hp/ROS2_WS/install/rplidar_ros/lib/rplidar_ros/tf_map_baselink.py
[3.305s] -- Up-to-date symlink: /home/hp/ROS2_WS/install/rplidar_ros/share/ament_index/resource_index/package_run_dependencies/rplidar_ros
[3.339s] -- Up-to-date symlink: /home/hp/ROS2_WS/install/rplidar_ros/share/ament_index/resource_index/parent_prefix_path/rplidar_ros
[3.339s] -- Up-to-date symlink: /home/hp/ROS2_WS/install/rplidar_ros/share/rplidar_ros/environment/ament_prefix_path.sh
[3.340s] -- Up-to-date symlink: /home/hp/ROS2_WS/install/rplidar_ros/share/rplidar_ros/environment/ament_prefix_path.dsv
[3.340s] -- Up-to-date symlink: /home/hp/ROS2_WS/install/rplidar_ros/share/rplidar_ros/environment/path.sh
[3.340s] -- Up-to-date symlink: /home/hp/ROS2_WS/install/rplidar_ros/share/rplidar_ros/environment/path.dsv
[3.340s] -- Up-to-date symlink: /home/hp/ROS2_WS/install/rplidar_ros/share/rplidar_ros/local_setup.bash
[3.340s] -- Up-to-date symlink: /home/hp/ROS2_WS/install/rplidar_ros/share/rplidar_ros/local_setup.sh
[3.340s] -- Up-to-date symlink: /home/hp/ROS2_WS/install/rplidar_ros/share/rplidar_ros/local_setup.zsh
[3.341s] -- Up-to-date symlink: /home/hp/ROS2_WS/install/rplidar_ros/share/rplidar_ros/local_setup.dsv
[3.341s] -- Symlinking: /home/hp/ROS2_WS/install/rplidar_ros/share/rplidar_ros/package.dsv
[3.350s] -- Up-to-date symlink: /home/hp/ROS2_WS/install/rplidar_ros/share/ament_index/resource_index/packages/rplidar_ros
[3.350s] -- Up-to-date symlink: /home/hp/ROS2_WS/install/rplidar_ros/share/rplidar_ros/cmake/ament_cmake_export_dependencies-extras.cmake
[3.350s] -- Up-to-date symlink: /home/hp/ROS2_WS/install/rplidar_ros/share/rplidar_ros/cmake/ament_cmake_export_include_directories-extras.cmake
[3.350s] -- Up-to-date symlink: /home/hp/ROS2_WS/install/rplidar_ros/share/rplidar_ros/cmake/rplidar_rosConfig.cmake
[3.351s] -- Up-to-date symlink: /home/hp/ROS2_WS/install/rplidar_ros/share/rplidar_ros/cmake/rplidar_rosConfig-version.cmake
[3.351s] -- Up-to-date symlink: /home/hp/ROS2_WS/install/rplidar_ros/share/rplidar_ros/package.xml
[3.353s] Invoked command in '/home/hp/ROS2_WS/build/rplidar_ros' returned '0': CMAKE_PREFIX_PATH=${CMAKE_PREFIX_PATH}:/home/hp/ROS2_WS/install/my_robot_controller:/home/hp/ROS2_WS/install/my_exo:/home/hp/ROS2_WS/install/dynamic_tf:/opt/ros/humble /usr/bin/cmake --install /home/hp/ROS2_WS/build/rplidar_ros
