[2.274s] Invoking command in '/home/hp/ROS2_WS/build/my_exo': PYTHONPATH=/home/hp/ROS2_WS/build/my_exo/prefix_override:/home/hp/ROS2_WS/install/my_exo/lib/python3.10/site-packages:${PYTHONPATH} /usr/bin/python3 -W ignore:setup.py install is deprecated setup.py develop --editable --build-directory /home/hp/ROS2_WS/build/my_exo/build --no-deps symlink_data
[2.686s] running develop
[2.925s] running egg_info
[2.925s] writing my_exo.egg-info/PKG-INFO
[2.925s] writing dependency_links to my_exo.egg-info/dependency_links.txt
[2.926s] writing entry points to my_exo.egg-info/entry_points.txt
[2.926s] writing requirements to my_exo.egg-info/requires.txt
[2.926s] writing top-level names to my_exo.egg-info/top_level.txt
[2.929s] reading manifest file 'my_exo.egg-info/SOURCES.txt'
[2.930s] writing manifest file 'my_exo.egg-info/SOURCES.txt'
[2.932s] running build_ext
[2.932s] Creating /home/hp/ROS2_WS/install/my_exo/lib/python3.10/site-packages/my-exo.egg-link (link to .)
[2.934s] Installing first_node script to /home/hp/ROS2_WS/install/my_exo/lib/my_exo
[2.935s] Installing fourth_node script to /home/hp/ROS2_WS/install/my_exo/lib/my_exo
[2.935s] Installing input_node script to /home/hp/ROS2_WS/install/my_exo/lib/my_exo
[2.935s] Installing second_node script to /home/hp/ROS2_WS/install/my_exo/lib/my_exo
[2.935s] Installing selector_node script to /home/hp/ROS2_WS/install/my_exo/lib/my_exo
[2.935s] Installing third_node script to /home/hp/ROS2_WS/install/my_exo/lib/my_exo
[2.936s] 
[2.936s] Installed /home/hp/ROS2_WS/build/my_exo
[2.936s] running symlink_data
[2.997s] Invoked command in '/home/hp/ROS2_WS/build/my_exo' returned '0': PYTHONPATH=/home/hp/ROS2_WS/build/my_exo/prefix_override:/home/hp/ROS2_WS/install/my_exo/lib/python3.10/site-packages:${PYTHONPATH} /usr/bin/python3 -W ignore:setup.py install is deprecated setup.py develop --editable --build-directory /home/hp/ROS2_WS/build/my_exo/build --no-deps symlink_data
