[  0%] Built target ament_cmake_python_symlink_slam_toolbox
[35m[1mConsolidate compiler generated dependencies of target kartoSlamToolbox[0m
running egg_info
writing slam_toolbox.egg-info/PKG-INFO
writing dependency_links to slam_toolbox.egg-info/dependency_links.txt
writing top-level names to slam_toolbox.egg-info/top_level.txt
reading manifest file 'slam_toolbox.egg-info/SOURCES.txt'
[  0%] Built target slam_toolbox__cpp
writing manifest file 'slam_toolbox.egg-info/SOURCES.txt'
[  0%] Built target ament_cmake_python_build_slam_toolbox_egg
[  9%] Built target slam_toolbox__rosidl_generator_c
[ 18%] Built target slam_toolbox__rosidl_typesupport_cpp
[ 27%] Built target slam_toolbox__rosidl_typesupport_introspection_cpp
[ 36%] Built target slam_toolbox__rosidl_typesupport_c
[ 45%] Built target slam_toolbox__rosidl_typesupport_fastrtps_cpp
[ 54%] Built target slam_toolbox__rosidl_typesupport_introspection_c
[ 63%] Built target slam_toolbox__rosidl_typesupport_fastrtps_c
[ 63%] Built target slam_toolbox
[ 64%] Built target slam_toolbox__py
[ 72%] Built target slam_toolbox__rosidl_generator_py
[ 73%] Built target slam_toolbox__rosidl_typesupport_introspection_c__pyext
[ 74%] Built target slam_toolbox__rosidl_typesupport_fastrtps_c__pyext
[ 75%] Built target slam_toolbox__rosidl_typesupport_c__pyext
[ 77%] Built target SlamToolboxPlugin
[ 79%] Built target kartoSlamToolbox
[ 80%] [32mBuilding CXX object CMakeFiles/ceres_solver_plugin.dir/solvers/ceres_solver.cpp.o[0m
[ 81%] [32mBuilding CXX object CMakeFiles/toolbox_common.dir/src/slam_toolbox_common.cpp.o[0m
[ 81%] [32mBuilding CXX object CMakeFiles/toolbox_common.dir/src/loop_closure_assistant.cpp.o[0m
[ 82%] [32mBuilding CXX object CMakeFiles/toolbox_common.dir/src/laser_utils.cpp.o[0m
[ 83%] [32mBuilding CXX object CMakeFiles/toolbox_common.dir/src/slam_mapper.cpp.o[0m
[ 83%] [32m[1mLinking CXX shared library libceres_solver_plugin.so[0m
[ 83%] Built target ceres_solver_plugin
[ 84%] [32m[1mLinking CXX shared library libtoolbox_common.so[0m
[ 85%] Built target toolbox_common
[ 86%] [32mBuilding CXX object CMakeFiles/merge_maps_kinematic.dir/src/merge_maps_kinematic.cpp.o[0m
[ 86%] [32mBuilding CXX object CMakeFiles/sync_slam_toolbox.dir/src/slam_toolbox_sync.cpp.o[0m
[ 87%] [32mBuilding CXX object CMakeFiles/async_slam_toolbox.dir/src/slam_toolbox_async.cpp.o[0m
[ 88%] [32mBuilding CXX object CMakeFiles/localization_slam_toolbox.dir/src/slam_toolbox_localization.cpp.o[0m
[ 89%] [32mBuilding CXX object CMakeFiles/lifelong_slam_toolbox.dir/src/experimental/slam_toolbox_lifelong.cpp.o[0m
