[1.468s] Invoking command in '/home/hp/ROS2_WS/build/slam_toolbox': CMAKE_PREFIX_PATH=${CMAKE_PREFIX_PATH}:/home/hp/ROS2_WS/install/my_robot_controller:/home/hp/ROS2_WS/install/my_exo:/home/hp/ROS2_WS/install/dynamic_tf:/opt/ros/humble /usr/bin/cmake --build /home/hp/ROS2_WS/build/slam_toolbox -- -j8 -l8
[6.593s] [  0%] Built target ament_cmake_python_symlink_slam_toolbox
[6.938s] [35m[1mConsolidate compiler generated dependencies of target kartoSlamToolbox[0m
[7.332s] running egg_info
[7.332s] writing slam_toolbox.egg-info/PKG-INFO
[7.333s] writing dependency_links to slam_toolbox.egg-info/dependency_links.txt
[7.333s] writing top-level names to slam_toolbox.egg-info/top_level.txt
[7.378s] reading manifest file 'slam_toolbox.egg-info/SOURCES.txt'
[7.397s] [  0%] Built target slam_toolbox__cpp
[7.540s] writing manifest file 'slam_toolbox.egg-info/SOURCES.txt'
[7.573s] [  0%] Built target ament_cmake_python_build_slam_toolbox_egg
[8.010s] [  9%] Built target slam_toolbox__rosidl_generator_c
[8.148s] [ 18%] Built target slam_toolbox__rosidl_typesupport_cpp
[8.210s] [ 27%] Built target slam_toolbox__rosidl_typesupport_introspection_cpp
[8.267s] [ 36%] Built target slam_toolbox__rosidl_typesupport_c
[8.405s] [ 45%] Built target slam_toolbox__rosidl_typesupport_fastrtps_cpp
[8.467s] [ 54%] Built target slam_toolbox__rosidl_typesupport_introspection_c
[8.547s] [ 63%] Built target slam_toolbox__rosidl_typesupport_fastrtps_c
[8.621s] [ 63%] Built target slam_toolbox
[8.944s] [ 64%] Built target slam_toolbox__py
[9.514s] [ 72%] Built target slam_toolbox__rosidl_generator_py
[9.768s] [ 73%] Built target slam_toolbox__rosidl_typesupport_introspection_c__pyext
[9.769s] [ 74%] Built target slam_toolbox__rosidl_typesupport_fastrtps_c__pyext
[9.884s] [ 75%] Built target slam_toolbox__rosidl_typesupport_c__pyext
[9.961s] [ 77%] Built target SlamToolboxPlugin
[10.901s] [ 79%] Built target kartoSlamToolbox
[11.863s] [ 80%] [32mBuilding CXX object CMakeFiles/ceres_solver_plugin.dir/solvers/ceres_solver.cpp.o[0m
[12.206s] [ 81%] [32mBuilding CXX object CMakeFiles/toolbox_common.dir/src/slam_toolbox_common.cpp.o[0m
[12.209s] [ 81%] [32mBuilding CXX object CMakeFiles/toolbox_common.dir/src/loop_closure_assistant.cpp.o[0m
[12.212s] [ 82%] [32mBuilding CXX object CMakeFiles/toolbox_common.dir/src/laser_utils.cpp.o[0m
[12.214s] [ 83%] [32mBuilding CXX object CMakeFiles/toolbox_common.dir/src/slam_mapper.cpp.o[0m
[49.080s] [ 83%] [32m[1mLinking CXX shared library libceres_solver_plugin.so[0m
[56.197s] [ 83%] Built target ceres_solver_plugin
[66.036s] [ 84%] [32m[1mLinking CXX shared library libtoolbox_common.so[0m
[66.972s] [ 85%] Built target toolbox_common
[71.697s] [ 86%] [32mBuilding CXX object CMakeFiles/merge_maps_kinematic.dir/src/merge_maps_kinematic.cpp.o[0m
[71.697s] [ 86%] [32mBuilding CXX object CMakeFiles/sync_slam_toolbox.dir/src/slam_toolbox_sync.cpp.o[0m
[71.697s] [ 87%] [32mBuilding CXX object CMakeFiles/async_slam_toolbox.dir/src/slam_toolbox_async.cpp.o[0m
[71.701s] [ 88%] [32mBuilding CXX object CMakeFiles/localization_slam_toolbox.dir/src/slam_toolbox_localization.cpp.o[0m
[71.701s] [ 89%] [32mBuilding CXX object CMakeFiles/lifelong_slam_toolbox.dir/src/experimental/slam_toolbox_lifelong.cpp.o[0m
