[01m[K/home/hp/ROS2_WS/src/slam_toolbox/lib/karto_sdk/src/Mapper.cpp:[m[K In member function ‘[01m[Kvirtual kt_bool karto::Mapper::Process(karto::LocalizedRangeScan*, karto::Matrix3*)[m[K’:
[01m[K/home/hp/ROS2_WS/src/slam_toolbox/lib/karto_sdk/src/Mapper.cpp:2805:29:[m[K [01;31m[Kerror: [m[Kreturn-statement with no value, in function returning ‘[01m[Kkt_bool[m[K’ {aka ‘[01m[Kbool[m[K’} [[01;31m[K]8;;https://gcc.gnu.org/onlinedocs/gcc/Warning-Options.html#index-fpermissive-fpermissive]8;;[m[K]
 2805 |                             [01;31m[Kreturn[m[K;
      |                             [01;31m[K^~~~~~[m[K
[01m[K/home/hp/ROS2_WS/src/slam_toolbox/lib/karto_sdk/src/Mapper.cpp:2881:12:[m[K [01;31m[Kerror: [m[Kexpected ‘[01m[Kcatch[m[K’ before ‘[01m[Kfalse[m[K’
 2881 |     return [01;31m[Kfalse[m[K;
      |            [01;31m[K^~~~~[m[K
[01m[K/home/hp/ROS2_WS/src/slam_toolbox/lib/karto_sdk/src/Mapper.cpp:2881:12:[m[K [01;31m[Kerror: [m[Kexpected ‘[01m[K([m[K’ before ‘[01m[Kfalse[m[K’
 2881 |     return [01;31m[Kf[m[K[32m[Kalse[m[K;
      |            [01;31m[K^[m[K[32m[K~~~~[m[K
      |            [32m[K([m[K
[01m[K/home/hp/ROS2_WS/src/slam_toolbox/lib/karto_sdk/src/Mapper.cpp:2881:12:[m[K [01;31m[Kerror: [m[Kexpected type-specifier before ‘[01m[Kfalse[m[K’
 2881 |     return [01;31m[Kfalse[m[K;
      |            [01;31m[K^~~~~[m[K
[01m[K/home/hp/ROS2_WS/src/slam_toolbox/lib/karto_sdk/src/Mapper.cpp:2881:11:[m[K [01;31m[Kerror: [m[Kexpected ‘[01m[K)[m[K’ before ‘[01m[Kfalse[m[K’
 2881 |     return[01;31m[K [m[K[32m[Kfalse[m[K;
      |           [01;31m[K^[m[K[32m[K~~~~~[m[K
      |           [32m[K)[m[K
[01m[K/home/hp/ROS2_WS/src/slam_toolbox/lib/karto_sdk/src/Mapper.cpp:2881:12:[m[K [01;31m[Kerror: [m[Kexpected ‘[01m[K{[m[K’ before ‘[01m[Kfalse[m[K’
 2881 |     return [01;31m[Kfalse[m[K;
      |            [01;31m[K^~~~~[m[K
[01m[K/home/hp/ROS2_WS/src/slam_toolbox/lib/karto_sdk/src/Mapper.cpp:2884:42:[m[K [01;31m[Kerror: [m[Kqualified-id in declaration before ‘[01m[K([m[K’ token
 2884 | kt_bool Mapper::ProcessAgainstNodesNearBy[01;31m[K([m[KLocalizedRangeScan * pScan, kt_bool addScanToLocalizationBuffer, Matrix3 * covariance)
      |                                          [01;31m[K^[m[K
[01m[K/home/hp/ROS2_WS/src/slam_toolbox/lib/karto_sdk/src/Mapper.cpp:2964:36:[m[K [01;31m[Kerror: [m[Kqualified-id in declaration before ‘[01m[K([m[K’ token
 2964 | kt_bool Mapper::ProcessLocalization[01;31m[K([m[KLocalizedRangeScan * pScan, Matrix3 * covariance)
      |                                    [01;31m[K^[m[K
[01m[K/home/hp/ROS2_WS/src/slam_toolbox/lib/karto_sdk/src/Mapper.cpp:3044:41:[m[K [01;31m[Kerror: [m[Kqualified-id in declaration before ‘[01m[K([m[K’ token
 3044 | void Mapper::AddScanToLocalizationBuffer[01;31m[K([m[KLocalizedRangeScan * pScan, Vertex <LocalizedRangeScan> * scan_vertex)
      |                                         [01;31m[K^[m[K
[01m[K/home/hp/ROS2_WS/src/slam_toolbox/lib/karto_sdk/src/Mapper.cpp:3070:37:[m[K [01;31m[Kerror: [m[Kqualified-id in declaration before ‘[01m[K([m[K’ token
 3070 | void Mapper::ClearLocalizationBuffer[01;31m[K([m[K)
      |                                     [01;31m[K^[m[K
[01m[K/home/hp/ROS2_WS/src/slam_toolbox/lib/karto_sdk/src/Mapper.cpp:3097:36:[m[K [01;31m[Kerror: [m[Kqualified-id in declaration before ‘[01m[K([m[K’ token
 3097 | kt_bool Mapper::RemoveNodeFromGraph[01;31m[K([m[KVertex<LocalizedRangeScan> * vertex_to_remove)
      |                                    [01;31m[K^[m[K
[01m[K/home/hp/ROS2_WS/src/slam_toolbox/lib/karto_sdk/src/Mapper.cpp:3156:35:[m[K [01;31m[Kerror: [m[Kqualified-id in declaration before ‘[01m[K([m[K’ token
 3156 | kt_bool Mapper::ProcessAgainstNode[01;31m[K([m[K
      |                                   [01;31m[K^[m[K
[01m[K/home/hp/ROS2_WS/src/slam_toolbox/lib/karto_sdk/src/Mapper.cpp:3231:30:[m[K [01;31m[Kerror: [m[Kqualified-id in declaration before ‘[01m[K([m[K’ token
 3231 | kt_bool Mapper::ProcessAtDock[01;31m[K([m[KLocalizedRangeScan * pScan, Matrix3 * covariance)
      |                              [01;31m[K^[m[K
[01m[K/home/hp/ROS2_WS/src/slam_toolbox/lib/karto_sdk/src/Mapper.cpp:3243:31:[m[K [01;31m[Kerror: [m[Kqualified-id in declaration before ‘[01m[K([m[K’ token
 3243 | kt_bool Mapper::HasMovedEnough[01;31m[K([m[KLocalizedRangeScan * pScan, LocalizedRangeScan * pLastScan) const
      |                               [01;31m[K^[m[K
[01m[K/home/hp/ROS2_WS/src/slam_toolbox/lib/karto_sdk/src/Mapper.cpp:3280:60:[m[K [01;31m[Kerror: [m[Kqualified-id in declaration before ‘[01m[K([m[K’ token
 3280 | const LocalizedRangeScanVector Mapper::GetAllProcessedScans[01;31m[K([m[K) const
      |                                                            [01;31m[K^[m[K
[01m[K/home/hp/ROS2_WS/src/slam_toolbox/lib/karto_sdk/src/Mapper.cpp:3295:25:[m[K [01;31m[Kerror: [m[Kqualified-id in declaration before ‘[01m[K([m[K’ token
 3295 | void Mapper::AddListener[01;31m[K([m[KMapperListener * pListener)
      |                         [01;31m[K^[m[K
[01m[K/home/hp/ROS2_WS/src/slam_toolbox/lib/karto_sdk/src/Mapper.cpp:3304:28:[m[K [01;31m[Kerror: [m[Kqualified-id in declaration before ‘[01m[K([m[K’ token
 3304 | void Mapper::RemoveListener[01;31m[K([m[KMapperListener * pListener)
      |                            [01;31m[K^[m[K
[01m[K/home/hp/ROS2_WS/src/slam_toolbox/lib/karto_sdk/src/Mapper.cpp:3313:22:[m[K [01;31m[Kerror: [m[Kqualified-id in declaration before ‘[01m[K([m[K’ token
 3313 | void Mapper::FireInfo[01;31m[K([m[Kconst std::string & rInfo) const
      |                      [01;31m[K^[m[K
[01m[K/home/hp/ROS2_WS/src/slam_toolbox/lib/karto_sdk/src/Mapper.cpp:3321:23:[m[K [01;31m[Kerror: [m[Kqualified-id in declaration before ‘[01m[K([m[K’ token
 3321 | void Mapper::FireDebug[01;31m[K([m[Kconst std::string & rInfo) const
      |                       [01;31m[K^[m[K
[01m[K/home/hp/ROS2_WS/src/slam_toolbox/lib/karto_sdk/src/Mapper.cpp:3333:34:[m[K [01;31m[Kerror: [m[Kqualified-id in declaration before ‘[01m[K([m[K’ token
 3333 | void Mapper::FireLoopClosureCheck[01;31m[K([m[Kconst std::string & rInfo) const
      |                                  [01;31m[K^[m[K
[01m[K/home/hp/ROS2_WS/src/slam_toolbox/lib/karto_sdk/src/Mapper.cpp:3345:34:[m[K [01;31m[Kerror: [m[Kqualified-id in declaration before ‘[01m[K([m[K’ token
 3345 | void Mapper::FireBeginLoopClosure[01;31m[K([m[Kconst std::string & rInfo) const
      |                                  [01;31m[K^[m[K
[01m[K/home/hp/ROS2_WS/src/slam_toolbox/lib/karto_sdk/src/Mapper.cpp:3357:32:[m[K [01;31m[Kerror: [m[Kqualified-id in declaration before ‘[01m[K([m[K’ token
 3357 | void Mapper::FireEndLoopClosure[01;31m[K([m[Kconst std::string & rInfo) const
      |                                [01;31m[K^[m[K
[01m[K/home/hp/ROS2_WS/src/slam_toolbox/lib/karto_sdk/src/Mapper.cpp:3369:27:[m[K [01;31m[Kerror: [m[Kqualified-id in declaration before ‘[01m[K([m[K’ token
 3369 | void Mapper::SetScanSolver[01;31m[K([m[KScanSolver * pScanOptimizer)
      |                           [01;31m[K^[m[K
[01m[K/home/hp/ROS2_WS/src/slam_toolbox/lib/karto_sdk/src/Mapper.cpp:3374:35:[m[K [01;31m[Kerror: [m[Kqualified-id in declaration before ‘[01m[K([m[K’ token
 3374 | ScanSolver * Mapper::getScanSolver[01;31m[K([m[K)
      |                                   [01;31m[K^[m[K
[01m[K/home/hp/ROS2_WS/src/slam_toolbox/lib/karto_sdk/src/Mapper.cpp:3379:31:[m[K [01;31m[Kerror: [m[Kqualified-id in declaration before ‘[01m[K([m[K’ token
 3379 | MapperGraph * Mapper::GetGraph[01;31m[K([m[K) const
      |                               [01;31m[K^[m[K
[01m[K/home/hp/ROS2_WS/src/slam_toolbox/lib/karto_sdk/src/Mapper.cpp:3384:47:[m[K [01;31m[Kerror: [m[Kqualified-id in declaration before ‘[01m[K([m[K’ token
 3384 | ScanMatcher * Mapper::GetSequentialScanMatcher[01;31m[K([m[K) const
      |                                               [01;31m[K^[m[K
[01m[K/home/hp/ROS2_WS/src/slam_toolbox/lib/karto_sdk/src/Mapper.cpp:3389:41:[m[K [01;31m[Kerror: [m[Kqualified-id in declaration before ‘[01m[K([m[K’ token
 3389 | ScanMatcher * Mapper::GetLoopScanMatcher[01;31m[K([m[K) const
      |                                         [01;31m[K^[m[K
In file included from [01m[K/home/hp/ROS2_WS/src/slam_toolbox/lib/karto_sdk/include/karto_sdk/Karto.h:31[m[K,
                 from [01m[K/home/hp/ROS2_WS/src/slam_toolbox/lib/karto_sdk/include/karto_sdk/Mapper.h:36[m[K,
                 from [01m[K/home/hp/ROS2_WS/src/slam_toolbox/lib/karto_sdk/src/Mapper.cpp:41[m[K:
[01m[K/home/hp/ROS2_WS/src/slam_toolbox/lib/karto_sdk/src/Mapper.cpp:[m[K At global scope:
[01m[K/home/hp/ROS2_WS/src/slam_toolbox/lib/karto_sdk/src/Mapper.cpp:3394:1:[m[K [01;31m[Kerror: [m[K‘[01m[Kguid_defined[m[K’ is not a class template
 3394 | [01;31m[KBOOST_CLASS_EXPORT[m[K(karto::BreadthFirstTraversal<karto::LocalizedRangeScan>)
      | [01;31m[K^~~~~~~~~~~~~~~~~~[m[K
[01m[K/home/hp/ROS2_WS/src/slam_toolbox/lib/karto_sdk/src/Mapper.cpp:3394:1:[m[K [01;31m[Kerror: [m[K‘[01m[Kkarto::boost::mpl[m[K’ has not been declared
 3394 | [01;31m[KBOOST_CLASS_EXPORT[m[K(karto::BreadthFirstTraversal<karto::LocalizedRangeScan>)
      | [01;31m[K^~~~~~~~~~~~~~~~~~[m[K
[01m[K/home/hp/ROS2_WS/src/slam_toolbox/lib/karto_sdk/src/Mapper.cpp:3394:1:[m[K [01;31m[Kerror: [m[Kexpected ‘[01m[K{[m[K’ before ‘[01m[Ktrue_[m[K’
 3394 | [01;31m[KBOOST_CLASS_EXPORT[m[K(karto::BreadthFirstTraversal<karto::LocalizedRangeScan>)
      | [01;31m[K^~~~~~~~~~~~~~~~~~[m[K
[01m[K/home/hp/ROS2_WS/src/slam_toolbox/lib/karto_sdk/src/Mapper.cpp:3394:1:[m[K [01;31m[Kerror: [m[Kexpected initializer before ‘[01m[K<[m[K’ token
 3394 | [01;31m[KBOOST_CLASS_EXPORT[m[K(karto::BreadthFirstTraversal<karto::LocalizedRangeScan>)
      | [01;31m[K^~~~~~~~~~~~~~~~~~[m[K
[01m[K/home/hp/ROS2_WS/src/slam_toolbox/lib/karto_sdk/src/Mapper.cpp:3394:1:[m[K [01;31m[Kerror: [m[K‘[01m[Kinit_guid[m[K’ is not a class template
 3394 | [01;31m[KBOOST_CLASS_EXPORT[m[K(karto::BreadthFirstTraversal<karto::LocalizedRangeScan>)
      | [01;31m[K^~~~~~~~~~~~~~~~~~[m[K
[01m[K/home/hp/ROS2_WS/src/slam_toolbox/lib/karto_sdk/src/Mapper.cpp:3394:1:[m[K [01;31m[Kerror: [m[Kexplicit specialization of non-template ‘[01m[Kkarto::boost::archive::detail::extra_detail::init_guid[m[K’
 3394 | [01;31m[KBOOST_CLASS_EXPORT[m[K(karto::BreadthFirstTraversal<karto::LocalizedRangeScan>)
      | [01;31m[K^~~~~~~~~~~~~~~~~~[m[K
[01m[K/home/hp/ROS2_WS/src/slam_toolbox/lib/karto_sdk/src/Mapper.cpp:3394:1:[m[K [01;31m[Kerror: [m[K‘[01m[Kguid_initializer[m[K’ does not name a type
 3394 | [01;31m[KBOOST_CLASS_EXPORT[m[K(karto::BreadthFirstTraversal<karto::LocalizedRangeScan>)
      | [01;31m[K^~~~~~~~~~~~~~~~~~[m[K
[01m[K/home/hp/ROS2_WS/src/slam_toolbox/lib/karto_sdk/src/Mapper.cpp:3394:1:[m[K [01;31m[Kerror: [m[K‘[01m[Kguid_initializer[m[K’ does not name a type
 3394 | [01;31m[KBOOST_CLASS_EXPORT[m[K(karto::BreadthFirstTraversal<karto::LocalizedRangeScan>)
      | [01;31m[K^~~~~~~~~~~~~~~~~~[m[K
[01m[K/home/hp/ROS2_WS/src/slam_toolbox/lib/karto_sdk/src/Mapper.cpp:3394:1:[m[K [01;31m[Kerror: [m[Kexpected ‘[01m[K}[m[K’ at end of input
 3394 | [01;31m[KBOOST_CLASS_EXPORT[m[K(karto::BreadthFirstTraversal<karto::LocalizedRangeScan>)
      | [01;31m[K^~~~~~~~~~~~~~~~~~[m[K
[01m[K/home/hp/ROS2_WS/src/slam_toolbox/lib/karto_sdk/src/Mapper.cpp:52:1:[m[K [01;36m[Knote: [m[Kto match this ‘[01m[K{[m[K’
   52 | [01;36m[K{[m[K
      | [01;36m[K^[m[K
[01m[K/home/hp/ROS2_WS/src/slam_toolbox/lib/karto_sdk/src/Mapper.cpp:[m[K In member function ‘[01m[Kvirtual kt_bool karto::Mapper::Process(karto::LocalizedRangeScan*, karto::Matrix3*)[m[K’:
[01m[K/home/hp/ROS2_WS/src/slam_toolbox/lib/karto_sdk/src/Mapper.cpp:3393:1:[m[K [01;35m[Kwarning: [m[Kcontrol reaches end of non-void function [[01;35m[K]8;;https://gcc.gnu.org/onlinedocs/gcc/Warning-Options.html#index-Wreturn-type-Wreturn-type]8;;[m[K]
 3393 | [01;35m[K}[m[K  // namespace karto
      | [01;35m[K^[m[K
gmake[2]: *** [lib/karto_sdk/CMakeFiles/kartoSlamToolbox.dir/build.make:90: lib/karto_sdk/CMakeFiles/kartoSlamToolbox.dir/src/Mapper.cpp.o] Error 1
gmake[1]: *** [CMakeFiles/Makefile2:1045: lib/karto_sdk/CMakeFiles/kartoSlamToolbox.dir/all] Error 2
gmake: *** [Makefile:146: all] Error 2
