[0.822s] Invoking command in '/home/hp/ROS2_WS/build/slam_toolbox': CMAKE_PREFIX_PATH=${CMAKE_PREFIX_PATH}:/home/hp/ROS2_WS/install/my_robot_controller:/home/hp/ROS2_WS/install/my_exo:/home/hp/ROS2_WS/install/dynamic_tf:/opt/ros/humble /usr/bin/cmake --build /home/hp/ROS2_WS/build/slam_toolbox -- -j8 -l8
[0.917s] [  9%] Built target slam_toolbox__rosidl_generator_c
[0.919s] [  9%] Built target slam_toolbox__cpp
[0.932s] [35m[1mConsolidate compiler generated dependencies of target kartoSlamToolbox[0m
[0.972s] [  9%] Built target ament_cmake_python_symlink_slam_toolbox
[0.975s] [ 18%] Built target slam_toolbox__rosidl_typesupport_c
[0.979s] [ 27%] Built target slam_toolbox__rosidl_typesupport_introspection_c
[0.984s] [ 36%] Built target slam_toolbox__rosidl_typesupport_fastrtps_c
[0.990s] [ 45%] Built target slam_toolbox__rosidl_typesupport_introspection_cpp
[1.005s] [ 46%] [32mBuilding CXX object lib/karto_sdk/CMakeFiles/kartoSlamToolbox.dir/src/Mapper.cpp.o[0m
[1.023s] [ 55%] Built target slam_toolbox__rosidl_typesupport_cpp
[1.032s] [ 64%] Built target slam_toolbox__rosidl_typesupport_fastrtps_cpp
[1.063s] [ 64%] Built target slam_toolbox
[1.076s] [ 66%] Built target SlamToolboxPlugin
[1.097s] [ 67%] Built target slam_toolbox__py
[1.146s] [ 75%] Built target slam_toolbox__rosidl_generator_py
[1.183s] [ 76%] Built target slam_toolbox__rosidl_typesupport_fastrtps_c__pyext
[1.187s] [ 77%] Built target slam_toolbox__rosidl_typesupport_introspection_c__pyext
[1.195s] [ 78%] Built target slam_toolbox__rosidl_typesupport_c__pyext
[1.608s] running egg_info
[1.609s] writing slam_toolbox.egg-info/PKG-INFO
[1.609s] writing dependency_links to slam_toolbox.egg-info/dependency_links.txt
[1.614s] writing top-level names to slam_toolbox.egg-info/top_level.txt
[1.618s] reading manifest file 'slam_toolbox.egg-info/SOURCES.txt'
[1.618s] writing manifest file 'slam_toolbox.egg-info/SOURCES.txt'
[1.659s] [ 78%] Built target ament_cmake_python_build_slam_toolbox_egg
[4.753s] [01m[K/home/hp/ROS2_WS/src/slam_toolbox/lib/karto_sdk/src/Mapper.cpp:[m[K In member function ‘[01m[Kvirtual kt_bool karto::Mapper::Process(karto::LocalizedRangeScan*, karto::Matrix3*)[m[K’:
[4.753s] [01m[K/home/hp/ROS2_WS/src/slam_toolbox/lib/karto_sdk/src/Mapper.cpp:2805:29:[m[K [01;31m[Kerror: [m[Kreturn-statement with no value, in function returning ‘[01m[Kkt_bool[m[K’ {aka ‘[01m[Kbool[m[K’} [[01;31m[K]8;;https://gcc.gnu.org/onlinedocs/gcc/Warning-Options.html#index-fpermissive-fpermissive]8;;[m[K]
[4.753s]  2805 |                             [01;31m[Kreturn[m[K;
[4.753s]       |                             [01;31m[K^~~~~~[m[K
[4.757s] [01m[K/home/hp/ROS2_WS/src/slam_toolbox/lib/karto_sdk/src/Mapper.cpp:2881:12:[m[K [01;31m[Kerror: [m[Kexpected ‘[01m[Kcatch[m[K’ before ‘[01m[Kfalse[m[K’
[4.757s]  2881 |     return [01;31m[Kfalse[m[K;
[4.757s]       |            [01;31m[K^~~~~[m[K
[4.758s] [01m[K/home/hp/ROS2_WS/src/slam_toolbox/lib/karto_sdk/src/Mapper.cpp:2881:12:[m[K [01;31m[Kerror: [m[Kexpected ‘[01m[K([m[K’ before ‘[01m[Kfalse[m[K’
[4.758s]  2881 |     return [01;31m[Kf[m[K[32m[Kalse[m[K;
[4.758s]       |            [01;31m[K^[m[K[32m[K~~~~[m[K
[4.758s]       |            [32m[K([m[K
[4.758s] [01m[K/home/hp/ROS2_WS/src/slam_toolbox/lib/karto_sdk/src/Mapper.cpp:2881:12:[m[K [01;31m[Kerror: [m[Kexpected type-specifier before ‘[01m[Kfalse[m[K’
[4.758s]  2881 |     return [01;31m[Kfalse[m[K;
[4.758s]       |            [01;31m[K^~~~~[m[K
[4.758s] [01m[K/home/hp/ROS2_WS/src/slam_toolbox/lib/karto_sdk/src/Mapper.cpp:2881:11:[m[K [01;31m[Kerror: [m[Kexpected ‘[01m[K)[m[K’ before ‘[01m[Kfalse[m[K’
[4.758s]  2881 |     return[01;31m[K [m[K[32m[Kfalse[m[K;
[4.758s]       |           [01;31m[K^[m[K[32m[K~~~~~[m[K
[4.758s]       |           [32m[K)[m[K
[4.758s] [01m[K/home/hp/ROS2_WS/src/slam_toolbox/lib/karto_sdk/src/Mapper.cpp:2881:12:[m[K [01;31m[Kerror: [m[Kexpected ‘[01m[K{[m[K’ before ‘[01m[Kfalse[m[K’
[4.758s]  2881 |     return [01;31m[Kfalse[m[K;
[4.759s]       |            [01;31m[K^~~~~[m[K
[4.759s] [01m[K/home/hp/ROS2_WS/src/slam_toolbox/lib/karto_sdk/src/Mapper.cpp:2884:42:[m[K [01;31m[Kerror: [m[Kqualified-id in declaration before ‘[01m[K([m[K’ token
[4.759s]  2884 | kt_bool Mapper::ProcessAgainstNodesNearBy[01;31m[K([m[KLocalizedRangeScan * pScan, kt_bool addScanToLocalizationBuffer, Matrix3 * covariance)
[4.759s]       |                                          [01;31m[K^[m[K
[4.759s] [01m[K/home/hp/ROS2_WS/src/slam_toolbox/lib/karto_sdk/src/Mapper.cpp:2964:36:[m[K [01;31m[Kerror: [m[Kqualified-id in declaration before ‘[01m[K([m[K’ token
[4.759s]  2964 | kt_bool Mapper::ProcessLocalization[01;31m[K([m[KLocalizedRangeScan * pScan, Matrix3 * covariance)
[4.759s]       |                                    [01;31m[K^[m[K
[4.759s] [01m[K/home/hp/ROS2_WS/src/slam_toolbox/lib/karto_sdk/src/Mapper.cpp:3044:41:[m[K [01;31m[Kerror: [m[Kqualified-id in declaration before ‘[01m[K([m[K’ token
[4.759s]  3044 | void Mapper::AddScanToLocalizationBuffer[01;31m[K([m[KLocalizedRangeScan * pScan, Vertex <LocalizedRangeScan> * scan_vertex)
[4.759s]       |                                         [01;31m[K^[m[K
[4.759s] [01m[K/home/hp/ROS2_WS/src/slam_toolbox/lib/karto_sdk/src/Mapper.cpp:3070:37:[m[K [01;31m[Kerror: [m[Kqualified-id in declaration before ‘[01m[K([m[K’ token
[4.759s]  3070 | void Mapper::ClearLocalizationBuffer[01;31m[K([m[K)
[4.759s]       |                                     [01;31m[K^[m[K
[4.759s] [01m[K/home/hp/ROS2_WS/src/slam_toolbox/lib/karto_sdk/src/Mapper.cpp:3097:36:[m[K [01;31m[Kerror: [m[Kqualified-id in declaration before ‘[01m[K([m[K’ token
[4.759s]  3097 | kt_bool Mapper::RemoveNodeFromGraph[01;31m[K([m[KVertex<LocalizedRangeScan> * vertex_to_remove)
[4.759s]       |                                    [01;31m[K^[m[K
[4.759s] [01m[K/home/hp/ROS2_WS/src/slam_toolbox/lib/karto_sdk/src/Mapper.cpp:3156:35:[m[K [01;31m[Kerror: [m[Kqualified-id in declaration before ‘[01m[K([m[K’ token
[4.759s]  3156 | kt_bool Mapper::ProcessAgainstNode[01;31m[K([m[K
[4.760s]       |                                   [01;31m[K^[m[K
[4.760s] [01m[K/home/hp/ROS2_WS/src/slam_toolbox/lib/karto_sdk/src/Mapper.cpp:3231:30:[m[K [01;31m[Kerror: [m[Kqualified-id in declaration before ‘[01m[K([m[K’ token
[4.760s]  3231 | kt_bool Mapper::ProcessAtDock[01;31m[K([m[KLocalizedRangeScan * pScan, Matrix3 * covariance)
[4.760s]       |                              [01;31m[K^[m[K
[4.760s] [01m[K/home/hp/ROS2_WS/src/slam_toolbox/lib/karto_sdk/src/Mapper.cpp:3243:31:[m[K [01;31m[Kerror: [m[Kqualified-id in declaration before ‘[01m[K([m[K’ token
[4.760s]  3243 | kt_bool Mapper::HasMovedEnough[01;31m[K([m[KLocalizedRangeScan * pScan, LocalizedRangeScan * pLastScan) const
[4.760s]       |                               [01;31m[K^[m[K
[4.760s] [01m[K/home/hp/ROS2_WS/src/slam_toolbox/lib/karto_sdk/src/Mapper.cpp:3280:60:[m[K [01;31m[Kerror: [m[Kqualified-id in declaration before ‘[01m[K([m[K’ token
[4.760s]  3280 | const LocalizedRangeScanVector Mapper::GetAllProcessedScans[01;31m[K([m[K) const
[4.760s]       |                                                            [01;31m[K^[m[K
[4.760s] [01m[K/home/hp/ROS2_WS/src/slam_toolbox/lib/karto_sdk/src/Mapper.cpp:3295:25:[m[K [01;31m[Kerror: [m[Kqualified-id in declaration before ‘[01m[K([m[K’ token
[4.760s]  3295 | void Mapper::AddListener[01;31m[K([m[KMapperListener * pListener)
[4.760s]       |                         [01;31m[K^[m[K
[4.760s] [01m[K/home/hp/ROS2_WS/src/slam_toolbox/lib/karto_sdk/src/Mapper.cpp:3304:28:[m[K [01;31m[Kerror: [m[Kqualified-id in declaration before ‘[01m[K([m[K’ token
[4.760s]  3304 | void Mapper::RemoveListener[01;31m[K([m[KMapperListener * pListener)
[4.760s]       |                            [01;31m[K^[m[K
[4.760s] [01m[K/home/hp/ROS2_WS/src/slam_toolbox/lib/karto_sdk/src/Mapper.cpp:3313:22:[m[K [01;31m[Kerror: [m[Kqualified-id in declaration before ‘[01m[K([m[K’ token
[4.760s]  3313 | void Mapper::FireInfo[01;31m[K([m[Kconst std::string & rInfo) const
[4.761s]       |                      [01;31m[K^[m[K
[4.761s] [01m[K/home/hp/ROS2_WS/src/slam_toolbox/lib/karto_sdk/src/Mapper.cpp:3321:23:[m[K [01;31m[Kerror: [m[Kqualified-id in declaration before ‘[01m[K([m[K’ token
[4.761s]  3321 | void Mapper::FireDebug[01;31m[K([m[Kconst std::string & rInfo) const
[4.761s]       |                       [01;31m[K^[m[K
[4.761s] [01m[K/home/hp/ROS2_WS/src/slam_toolbox/lib/karto_sdk/src/Mapper.cpp:3333:34:[m[K [01;31m[Kerror: [m[Kqualified-id in declaration before ‘[01m[K([m[K’ token
[4.761s]  3333 | void Mapper::FireLoopClosureCheck[01;31m[K([m[Kconst std::string & rInfo) const
[4.761s]       |                                  [01;31m[K^[m[K
[4.761s] [01m[K/home/hp/ROS2_WS/src/slam_toolbox/lib/karto_sdk/src/Mapper.cpp:3345:34:[m[K [01;31m[Kerror: [m[Kqualified-id in declaration before ‘[01m[K([m[K’ token
[4.761s]  3345 | void Mapper::FireBeginLoopClosure[01;31m[K([m[Kconst std::string & rInfo) const
[4.761s]       |                                  [01;31m[K^[m[K
[4.761s] [01m[K/home/hp/ROS2_WS/src/slam_toolbox/lib/karto_sdk/src/Mapper.cpp:3357:32:[m[K [01;31m[Kerror: [m[Kqualified-id in declaration before ‘[01m[K([m[K’ token
[4.761s]  3357 | void Mapper::FireEndLoopClosure[01;31m[K([m[Kconst std::string & rInfo) const
[4.761s]       |                                [01;31m[K^[m[K
[4.761s] [01m[K/home/hp/ROS2_WS/src/slam_toolbox/lib/karto_sdk/src/Mapper.cpp:3369:27:[m[K [01;31m[Kerror: [m[Kqualified-id in declaration before ‘[01m[K([m[K’ token
[4.761s]  3369 | void Mapper::SetScanSolver[01;31m[K([m[KScanSolver * pScanOptimizer)
[4.761s]       |                           [01;31m[K^[m[K
[4.761s] [01m[K/home/hp/ROS2_WS/src/slam_toolbox/lib/karto_sdk/src/Mapper.cpp:3374:35:[m[K [01;31m[Kerror: [m[Kqualified-id in declaration before ‘[01m[K([m[K’ token
[4.761s]  3374 | ScanSolver * Mapper::getScanSolver[01;31m[K([m[K)
[4.761s]       |                                   [01;31m[K^[m[K
[4.761s] [01m[K/home/hp/ROS2_WS/src/slam_toolbox/lib/karto_sdk/src/Mapper.cpp:3379:31:[m[K [01;31m[Kerror: [m[Kqualified-id in declaration before ‘[01m[K([m[K’ token
[4.762s]  3379 | MapperGraph * Mapper::GetGraph[01;31m[K([m[K) const
[4.762s]       |                               [01;31m[K^[m[K
[4.762s] [01m[K/home/hp/ROS2_WS/src/slam_toolbox/lib/karto_sdk/src/Mapper.cpp:3384:47:[m[K [01;31m[Kerror: [m[Kqualified-id in declaration before ‘[01m[K([m[K’ token
[4.762s]  3384 | ScanMatcher * Mapper::GetSequentialScanMatcher[01;31m[K([m[K) const
[4.762s]       |                                               [01;31m[K^[m[K
[4.762s] [01m[K/home/hp/ROS2_WS/src/slam_toolbox/lib/karto_sdk/src/Mapper.cpp:3389:41:[m[K [01;31m[Kerror: [m[Kqualified-id in declaration before ‘[01m[K([m[K’ token
[4.762s]  3389 | ScanMatcher * Mapper::GetLoopScanMatcher[01;31m[K([m[K) const
[4.762s]       |                                         [01;31m[K^[m[K
[4.762s] In file included from [01m[K/home/hp/ROS2_WS/src/slam_toolbox/lib/karto_sdk/include/karto_sdk/Karto.h:31[m[K,
[4.762s]                  from [01m[K/home/hp/ROS2_WS/src/slam_toolbox/lib/karto_sdk/include/karto_sdk/Mapper.h:36[m[K,
[4.762s]                  from [01m[K/home/hp/ROS2_WS/src/slam_toolbox/lib/karto_sdk/src/Mapper.cpp:41[m[K:
[4.762s] [01m[K/home/hp/ROS2_WS/src/slam_toolbox/lib/karto_sdk/src/Mapper.cpp:[m[K At global scope:
[4.762s] [01m[K/home/hp/ROS2_WS/src/slam_toolbox/lib/karto_sdk/src/Mapper.cpp:3394:1:[m[K [01;31m[Kerror: [m[K‘[01m[Kguid_defined[m[K’ is not a class template
[4.762s]  3394 | [01;31m[KBOOST_CLASS_EXPORT[m[K(karto::BreadthFirstTraversal<karto::LocalizedRangeScan>)
[4.762s]       | [01;31m[K^~~~~~~~~~~~~~~~~~[m[K
[4.762s] [01m[K/home/hp/ROS2_WS/src/slam_toolbox/lib/karto_sdk/src/Mapper.cpp:3394:1:[m[K [01;31m[Kerror: [m[K‘[01m[Kkarto::boost::mpl[m[K’ has not been declared
[4.762s]  3394 | [01;31m[KBOOST_CLASS_EXPORT[m[K(karto::BreadthFirstTraversal<karto::LocalizedRangeScan>)
[4.762s]       | [01;31m[K^~~~~~~~~~~~~~~~~~[m[K
[4.763s] [01m[K/home/hp/ROS2_WS/src/slam_toolbox/lib/karto_sdk/src/Mapper.cpp:3394:1:[m[K [01;31m[Kerror: [m[Kexpected ‘[01m[K{[m[K’ before ‘[01m[Ktrue_[m[K’
[4.763s]  3394 | [01;31m[KBOOST_CLASS_EXPORT[m[K(karto::BreadthFirstTraversal<karto::LocalizedRangeScan>)
[4.763s]       | [01;31m[K^~~~~~~~~~~~~~~~~~[m[K
[4.763s] [01m[K/home/hp/ROS2_WS/src/slam_toolbox/lib/karto_sdk/src/Mapper.cpp:3394:1:[m[K [01;31m[Kerror: [m[Kexpected initializer before ‘[01m[K<[m[K’ token
[4.763s]  3394 | [01;31m[KBOOST_CLASS_EXPORT[m[K(karto::BreadthFirstTraversal<karto::LocalizedRangeScan>)
[4.763s]       | [01;31m[K^~~~~~~~~~~~~~~~~~[m[K
[4.763s] [01m[K/home/hp/ROS2_WS/src/slam_toolbox/lib/karto_sdk/src/Mapper.cpp:3394:1:[m[K [01;31m[Kerror: [m[K‘[01m[Kinit_guid[m[K’ is not a class template
[4.763s]  3394 | [01;31m[KBOOST_CLASS_EXPORT[m[K(karto::BreadthFirstTraversal<karto::LocalizedRangeScan>)
[4.763s]       | [01;31m[K^~~~~~~~~~~~~~~~~~[m[K
[4.763s] [01m[K/home/hp/ROS2_WS/src/slam_toolbox/lib/karto_sdk/src/Mapper.cpp:3394:1:[m[K [01;31m[Kerror: [m[Kexplicit specialization of non-template ‘[01m[Kkarto::boost::archive::detail::extra_detail::init_guid[m[K’
[4.763s]  3394 | [01;31m[KBOOST_CLASS_EXPORT[m[K(karto::BreadthFirstTraversal<karto::LocalizedRangeScan>)
[4.763s]       | [01;31m[K^~~~~~~~~~~~~~~~~~[m[K
[4.769s] [01m[K/home/hp/ROS2_WS/src/slam_toolbox/lib/karto_sdk/src/Mapper.cpp:3394:1:[m[K [01;31m[Kerror: [m[K‘[01m[Kguid_initializer[m[K’ does not name a type
[4.769s]  3394 | [01;31m[KBOOST_CLASS_EXPORT[m[K(karto::BreadthFirstTraversal<karto::LocalizedRangeScan>)
[4.769s]       | [01;31m[K^~~~~~~~~~~~~~~~~~[m[K
[4.778s] [01m[K/home/hp/ROS2_WS/src/slam_toolbox/lib/karto_sdk/src/Mapper.cpp:3394:1:[m[K [01;31m[Kerror: [m[K‘[01m[Kguid_initializer[m[K’ does not name a type
[4.778s]  3394 | [01;31m[KBOOST_CLASS_EXPORT[m[K(karto::BreadthFirstTraversal<karto::LocalizedRangeScan>)
[4.778s]       | [01;31m[K^~~~~~~~~~~~~~~~~~[m[K
[4.778s] [01m[K/home/hp/ROS2_WS/src/slam_toolbox/lib/karto_sdk/src/Mapper.cpp:3394:1:[m[K [01;31m[Kerror: [m[Kexpected ‘[01m[K}[m[K’ at end of input
[4.778s]  3394 | [01;31m[KBOOST_CLASS_EXPORT[m[K(karto::BreadthFirstTraversal<karto::LocalizedRangeScan>)
[4.778s]       | [01;31m[K^~~~~~~~~~~~~~~~~~[m[K
[4.779s] [01m[K/home/hp/ROS2_WS/src/slam_toolbox/lib/karto_sdk/src/Mapper.cpp:52:1:[m[K [01;36m[Knote: [m[Kto match this ‘[01m[K{[m[K’
[4.779s]    52 | [01;36m[K{[m[K
[4.779s]       | [01;36m[K^[m[K
[7.598s] [01m[K/home/hp/ROS2_WS/src/slam_toolbox/lib/karto_sdk/src/Mapper.cpp:[m[K In member function ‘[01m[Kvirtual kt_bool karto::Mapper::Process(karto::LocalizedRangeScan*, karto::Matrix3*)[m[K’:
[7.598s] [01m[K/home/hp/ROS2_WS/src/slam_toolbox/lib/karto_sdk/src/Mapper.cpp:3393:1:[m[K [01;35m[Kwarning: [m[Kcontrol reaches end of non-void function [[01;35m[K]8;;https://gcc.gnu.org/onlinedocs/gcc/Warning-Options.html#index-Wreturn-type-Wreturn-type]8;;[m[K]
[7.598s]  3393 | [01;35m[K}[m[K  // namespace karto
[7.598s]       | [01;35m[K^[m[K
[8.582s] gmake[2]: *** [lib/karto_sdk/CMakeFiles/kartoSlamToolbox.dir/build.make:90: lib/karto_sdk/CMakeFiles/kartoSlamToolbox.dir/src/Mapper.cpp.o] Error 1
[8.582s] gmake[1]: *** [CMakeFiles/Makefile2:1045: lib/karto_sdk/CMakeFiles/kartoSlamToolbox.dir/all] Error 2
[8.582s] gmake: *** [Makefile:146: all] Error 2
[8.584s] Invoked command in '/home/hp/ROS2_WS/build/slam_toolbox' returned '2': CMAKE_PREFIX_PATH=${CMAKE_PREFIX_PATH}:/home/hp/ROS2_WS/install/my_robot_controller:/home/hp/ROS2_WS/install/my_exo:/home/hp/ROS2_WS/install/dynamic_tf:/opt/ros/humble /usr/bin/cmake --build /home/hp/ROS2_WS/build/slam_toolbox -- -j8 -l8
