[0.927s] Invoking command in '/home/hp/ROS2_WS/src/build/slam_toolbox': CMAKE_PREFIX_PATH=${CMAKE_PREFIX_PATH}:/home/hp/ROS2_WS/install/my_robot_controller:/home/hp/ROS2_WS/install/my_exo:/home/hp/ROS2_WS/install/dynamic_tf:/home/hp/ROS2_WS/install/Dynamic_tf:/home/hp/ROS2_WS/install/DYNAMIC_TF:/home/hp/ROS2_WS/src/install/rosidl_pycommon:/home/hp/ROS2_WS/src/install/rosidl_cli:/home/hp/ROS2_WS/src/install/my_robot_controller:/home/hp/ROS2_WS/src/install/my_exo:/home/hp/ROS2_WS/src/install/dynamic_tf:/opt/ros/humble CONDA_PROMPT_MODIFIER=(base) /usr/bin/cmake --build /home/hp/ROS2_WS/src/build/slam_toolbox -- -j8 -l8
[1.028s] [  0%] Built target slam_toolbox__cpp
[1.039s] [35m[1mConsolidate compiler generated dependencies of target kartoSlamToolbox[0m
[1.043s] [  0%] Built target ament_cmake_python_symlink_slam_toolbox
[1.056s] [  9%] Built target slam_toolbox__rosidl_generator_c
[1.078s] [ 18%] Built target slam_toolbox__rosidl_typesupport_cpp
[1.111s] [ 27%] Built target slam_toolbox__rosidl_typesupport_introspection_cpp
[1.125s] [ 36%] Built target slam_toolbox__rosidl_typesupport_fastrtps_c
[1.131s] [ 37%] [32mBuilding CXX object lib/karto_sdk/CMakeFiles/kartoSlamToolbox.dir/src/Karto.cpp.o[0m
[1.142s] [ 46%] Built target slam_toolbox__rosidl_typesupport_fastrtps_cpp
[1.146s] [ 55%] Built target slam_toolbox__rosidl_typesupport_introspection_c
[1.153s] [ 64%] Built target slam_toolbox__rosidl_typesupport_c
[1.156s] [ 65%] [32mBuilding CXX object lib/karto_sdk/CMakeFiles/kartoSlamToolbox.dir/src/Mapper.cpp.o[0m
[1.180s] [ 67%] Built target SlamToolboxPlugin
[1.197s] [ 67%] Built target slam_toolbox
[1.238s] [ 68%] Built target slam_toolbox__py
[1.282s] [ 76%] Built target slam_toolbox__rosidl_generator_py
[1.330s] [ 77%] Built target slam_toolbox__rosidl_typesupport_fastrtps_c__pyext
[1.360s] [ 78%] Built target slam_toolbox__rosidl_typesupport_introspection_c__pyext
[1.374s] [ 79%] Built target slam_toolbox__rosidl_typesupport_c__pyext
[1.527s] running egg_info
[1.560s] writing slam_toolbox.egg-info/PKG-INFO
[1.561s] writing dependency_links to slam_toolbox.egg-info/dependency_links.txt
[1.561s] writing top-level names to slam_toolbox.egg-info/top_level.txt
[1.647s] reading manifest file 'slam_toolbox.egg-info/SOURCES.txt'
[1.648s] writing manifest file 'slam_toolbox.egg-info/SOURCES.txt'
[1.715s] [ 79%] Built target ament_cmake_python_build_slam_toolbox_egg
[20.024s] [ 79%] [32m[1mLinking CXX shared library libkartoSlamToolbox.so[0m
[20.961s] [ 79%] Built target kartoSlamToolbox
[21.303s] [ 80%] [32mBuilding CXX object CMakeFiles/ceres_solver_plugin.dir/solvers/ceres_solver.cpp.o[0m
[21.321s] [ 81%] [32mBuilding CXX object CMakeFiles/toolbox_common.dir/src/slam_toolbox_common.cpp.o[0m
[21.323s] [ 81%] [32mBuilding CXX object CMakeFiles/toolbox_common.dir/src/loop_closure_assistant.cpp.o[0m
[21.326s] [ 82%] [32mBuilding CXX object CMakeFiles/toolbox_common.dir/src/laser_utils.cpp.o[0m
[21.328s] [ 83%] [32mBuilding CXX object CMakeFiles/toolbox_common.dir/src/slam_mapper.cpp.o[0m
