[1.546s] Invoking command in '/home/hp/ROS2_WS/src/build/slam_toolbox': CMAKE_PREFIX_PATH=${CMAKE_PREFIX_PATH}:/home/hp/ROS2_WS/install/my_robot_controller:/home/hp/ROS2_WS/install/my_exo:/home/hp/ROS2_WS/install/dynamic_tf:/home/hp/ROS2_WS/src/install/my_robot_controller:/home/hp/ROS2_WS/src/install/my_exo:/home/hp/ROS2_WS/src/install/dynamic_tf:/opt/ros/humble CONDA_PROMPT_MODIFIER=(base) /usr/bin/cmake --build /home/hp/ROS2_WS/src/build/slam_toolbox -- -j8 -l8
[7.584s] [  0%] Built target ament_cmake_python_symlink_slam_toolbox
[7.982s] [  0%] Built target slam_toolbox__cpp
[8.026s] [35m[1mConsolidate compiler generated dependencies of target kartoSlamToolbox[0m
[8.300s] [  9%] Built target slam_toolbox__rosidl_typesupport_introspection_cpp
[8.368s] [ 18%] Built target slam_toolbox__rosidl_typesupport_cpp
[8.402s] [ 27%] Built target slam_toolbox__rosidl_generator_c
[9.318s] [ 36%] Built target slam_toolbox__rosidl_typesupport_fastrtps_cpp
[9.470s] [ 45%] Built target slam_toolbox__rosidl_typesupport_fastrtps_c
[9.615s] [ 54%] Built target slam_toolbox__rosidl_typesupport_c
[9.730s] [ 63%] Built target slam_toolbox__rosidl_typesupport_introspection_c
[10.048s] [ 63%] Built target slam_toolbox
[10.257s] [ 64%] Built target slam_toolbox__py
[11.378s] [ 72%] Built target slam_toolbox__rosidl_generator_py
[11.652s] [ 73%] Built target slam_toolbox__rosidl_typesupport_fastrtps_c__pyext
[11.712s] [ 74%] Built target slam_toolbox__rosidl_typesupport_introspection_c__pyext
[11.756s] [ 76%] Built target SlamToolboxPlugin
[11.849s] [ 77%] Built target slam_toolbox__rosidl_typesupport_c__pyext
[16.152s] [ 79%] Built target kartoSlamToolbox
[16.525s] [35m[1mConsolidate compiler generated dependencies of target ceres_solver_plugin[0m
[17.026s] [ 80%] Built target ceres_solver_plugin
[17.183s] [35m[1mConsolidate compiler generated dependencies of target toolbox_common[0m
[17.542s] [ 85%] Built target toolbox_common
[17.980s] [35m[1mConsolidate compiler generated dependencies of target sync_slam_toolbox[0m
[17.990s] [35m[1mConsolidate compiler generated dependencies of target localization_slam_toolbox[0m
[17.996s] [35m[1mConsolidate compiler generated dependencies of target merge_maps_kinematic[0m
[18.003s] [35m[1mConsolidate compiler generated dependencies of target async_slam_toolbox[0m
[18.036s] [ 87%] Built target merge_maps_kinematic
[18.084s] [ 90%] Built target sync_slam_toolbox
[18.084s] [ 90%] Built target localization_slam_toolbox
[18.084s] [ 91%] Built target async_slam_toolbox
[18.090s] [35m[1mConsolidate compiler generated dependencies of target lifelong_slam_toolbox[0m
[18.187s] [ 93%] Built target lifelong_slam_toolbox
[18.508s] [35m[1mConsolidate compiler generated dependencies of target map_and_localization_slam_toolbox[0m
[18.518s] [35m[1mConsolidate compiler generated dependencies of target localization_slam_toolbox_node[0m
[18.525s] [35m[1mConsolidate compiler generated dependencies of target sync_slam_toolbox_node[0m
[18.551s] [ 94%] Built target map_and_localization_slam_toolbox
[18.556s] [ 96%] Built target localization_slam_toolbox_node
[18.560s] [ 97%] Built target sync_slam_toolbox_node
[18.578s] [35m[1mConsolidate compiler generated dependencies of target async_slam_toolbox_node[0m
[18.607s] [ 98%] Built target async_slam_toolbox_node
[18.744s] [35m[1mConsolidate compiler generated dependencies of target lifelong_slam_toolbox_node[0m
[18.780s] [ 99%] Built target lifelong_slam_toolbox_node
[18.964s] [35m[1mConsolidate compiler generated dependencies of target map_and_localization_slam_toolbox_node[0m
[19.024s] [100%] Built target map_and_localization_slam_toolbox_node
[28.645s] running egg_info
[28.676s] writing slam_toolbox.egg-info/PKG-INFO
[28.677s] writing dependency_links to slam_toolbox.egg-info/dependency_links.txt
[28.677s] writing top-level names to slam_toolbox.egg-info/top_level.txt
[28.729s] reading manifest file 'slam_toolbox.egg-info/SOURCES.txt'
[28.774s] writing manifest file 'slam_toolbox.egg-info/SOURCES.txt'
[28.806s] [100%] Built target ament_cmake_python_build_slam_toolbox_egg
[28.818s] Invoked command in '/home/hp/ROS2_WS/src/build/slam_toolbox' returned '0': CMAKE_PREFIX_PATH=${CMAKE_PREFIX_PATH}:/home/hp/ROS2_WS/install/my_robot_controller:/home/hp/ROS2_WS/install/my_exo:/home/hp/ROS2_WS/install/dynamic_tf:/home/hp/ROS2_WS/src/install/my_robot_controller:/home/hp/ROS2_WS/src/install/my_exo:/home/hp/ROS2_WS/src/install/dynamic_tf:/opt/ros/humble CONDA_PROMPT_MODIFIER=(base) /usr/bin/cmake --build /home/hp/ROS2_WS/src/build/slam_toolbox -- -j8 -l8
[29.399s] Invoking command in '/home/hp/ROS2_WS/src/build/slam_toolbox': CMAKE_PREFIX_PATH=${CMAKE_PREFIX_PATH}:/home/hp/ROS2_WS/install/my_robot_controller:/home/hp/ROS2_WS/install/my_exo:/home/hp/ROS2_WS/install/dynamic_tf:/home/hp/ROS2_WS/src/install/my_robot_controller:/home/hp/ROS2_WS/src/install/my_exo:/home/hp/ROS2_WS/src/install/dynamic_tf:/opt/ros/humble CONDA_PROMPT_MODIFIER=(base) /usr/bin/cmake --install /home/hp/ROS2_WS/src/build/slam_toolbox
[29.522s] -- Install configuration: "Release"
[29.552s] -- Execute custom install script
[29.623s] -- Up-to-date symlink: /home/hp/ROS2_WS/src/install/slam_toolbox/include//karto_sdk/Karto.h
[29.623s] -- Up-to-date symlink: /home/hp/ROS2_WS/src/install/slam_toolbox/include//karto_sdk/Macros.h
[29.624s] -- Up-to-date symlink: /home/hp/ROS2_WS/src/install/slam_toolbox/include//karto_sdk/Mapper.h
[29.624s] -- Up-to-date symlink: /home/hp/ROS2_WS/src/install/slam_toolbox/include//karto_sdk/Math.h
[29.624s] -- Up-to-date symlink: /home/hp/ROS2_WS/src/install/slam_toolbox/include//karto_sdk/ProcessData.h
[29.625s] -- Up-to-date symlink: /home/hp/ROS2_WS/src/install/slam_toolbox/include//karto_sdk/Types.h
[29.625s] -- Up-to-date symlink: /home/hp/ROS2_WS/src/install/slam_toolbox/include//karto_sdk/nanoflann.hpp
[29.625s] -- Up-to-date symlink: /home/hp/ROS2_WS/src/install/slam_toolbox/include//karto_sdk/nanoflann_adaptors.h
[29.626s] -- Up-to-date symlink: /home/hp/ROS2_WS/src/install/slam_toolbox/share/ament_index/resource_index/rosidl_interfaces/slam_toolbox
[29.628s] -- Up-to-date symlink: /home/hp/ROS2_WS/src/install/slam_toolbox/include/slam_toolbox/slam_toolbox/msg/rosidl_generator_c__visibility_control.h
[29.629s] -- Up-to-date symlink: /home/hp/ROS2_WS/src/install/slam_toolbox/include/slam_toolbox/slam_toolbox/srv/add_submap.h
[29.629s] -- Up-to-date symlink: /home/hp/ROS2_WS/src/install/slam_toolbox/include/slam_toolbox/slam_toolbox/srv/clear.h
[29.629s] -- Up-to-date symlink: /home/hp/ROS2_WS/src/install/slam_toolbox/include/slam_toolbox/slam_toolbox/srv/clear_queue.h
[29.629s] -- Up-to-date symlink: /home/hp/ROS2_WS/src/install/slam_toolbox/include/slam_toolbox/slam_toolbox/srv/deserialize_pose_graph.h
[29.630s] -- Up-to-date symlink: /home/hp/ROS2_WS/src/install/slam_toolbox/include/slam_toolbox/slam_toolbox/srv/detail/add_submap__functions.h
[29.630s] -- Up-to-date symlink: /home/hp/ROS2_WS/src/install/slam_toolbox/include/slam_toolbox/slam_toolbox/srv/detail/add_submap__struct.h
[29.630s] -- Up-to-date symlink: /home/hp/ROS2_WS/src/install/slam_toolbox/include/slam_toolbox/slam_toolbox/srv/detail/add_submap__type_support.h
[29.631s] -- Up-to-date symlink: /home/hp/ROS2_WS/src/install/slam_toolbox/include/slam_toolbox/slam_toolbox/srv/detail/clear__functions.h
[29.631s] -- Up-to-date symlink: /home/hp/ROS2_WS/src/install/slam_toolbox/include/slam_toolbox/slam_toolbox/srv/detail/clear__struct.h
[29.631s] -- Up-to-date symlink: /home/hp/ROS2_WS/src/install/slam_toolbox/include/slam_toolbox/slam_toolbox/srv/detail/clear__type_support.h
[29.632s] -- Up-to-date symlink: /home/hp/ROS2_WS/src/install/slam_toolbox/include/slam_toolbox/slam_toolbox/srv/detail/clear_queue__functions.h
[29.632s] -- Up-to-date symlink: /home/hp/ROS2_WS/src/install/slam_toolbox/include/slam_toolbox/slam_toolbox/srv/detail/clear_queue__struct.h
[29.632s] -- Up-to-date symlink: /home/hp/ROS2_WS/src/install/slam_toolbox/include/slam_toolbox/slam_toolbox/srv/detail/clear_queue__type_support.h
[29.633s] -- Up-to-date symlink: /home/hp/ROS2_WS/src/install/slam_toolbox/include/slam_toolbox/slam_toolbox/srv/detail/deserialize_pose_graph__functions.h
[29.633s] -- Up-to-date symlink: /home/hp/ROS2_WS/src/install/slam_toolbox/include/slam_toolbox/slam_toolbox/srv/detail/deserialize_pose_graph__struct.h
[29.633s] -- Up-to-date symlink: /home/hp/ROS2_WS/src/install/slam_toolbox/include/slam_toolbox/slam_toolbox/srv/detail/deserialize_pose_graph__type_support.h
[29.633s] -- Up-to-date symlink: /home/hp/ROS2_WS/src/install/slam_toolbox/include/slam_toolbox/slam_toolbox/srv/detail/loop_closure__functions.h
[29.634s] -- Up-to-date symlink: /home/hp/ROS2_WS/src/install/slam_toolbox/include/slam_toolbox/slam_toolbox/srv/detail/loop_closure__struct.h
[29.634s] -- Up-to-date symlink: /home/hp/ROS2_WS/src/install/slam_toolbox/include/slam_toolbox/slam_toolbox/srv/detail/loop_closure__type_support.h
[29.634s] -- Up-to-date symlink: /home/hp/ROS2_WS/src/install/slam_toolbox/include/slam_toolbox/slam_toolbox/srv/detail/merge_maps__functions.h
[29.635s] -- Up-to-date symlink: /home/hp/ROS2_WS/src/install/slam_toolbox/include/slam_toolbox/slam_toolbox/srv/detail/merge_maps__struct.h
[29.635s] -- Up-to-date symlink: /home/hp/ROS2_WS/src/install/slam_toolbox/include/slam_toolbox/slam_toolbox/srv/detail/merge_maps__type_support.h
[29.635s] -- Up-to-date symlink: /home/hp/ROS2_WS/src/install/slam_toolbox/include/slam_toolbox/slam_toolbox/srv/detail/pause__functions.h
[29.636s] -- Up-to-date symlink: /home/hp/ROS2_WS/src/install/slam_toolbox/include/slam_toolbox/slam_toolbox/srv/detail/pause__struct.h
[29.636s] -- Up-to-date symlink: /home/hp/ROS2_WS/src/install/slam_toolbox/include/slam_toolbox/slam_toolbox/srv/detail/pause__type_support.h
[29.636s] -- Up-to-date symlink: /home/hp/ROS2_WS/src/install/slam_toolbox/include/slam_toolbox/slam_toolbox/srv/detail/reset__functions.h
[29.637s] -- Up-to-date symlink: /home/hp/ROS2_WS/src/install/slam_toolbox/include/slam_toolbox/slam_toolbox/srv/detail/reset__struct.h
[29.637s] -- Up-to-date symlink: /home/hp/ROS2_WS/src/install/slam_toolbox/include/slam_toolbox/slam_toolbox/srv/detail/reset__type_support.h
[29.637s] -- Up-to-date symlink: /home/hp/ROS2_WS/src/install/slam_toolbox/include/slam_toolbox/slam_toolbox/srv/detail/save_map__functions.h
[29.638s] -- Up-to-date symlink: /home/hp/ROS2_WS/src/install/slam_toolbox/include/slam_toolbox/slam_toolbox/srv/detail/save_map__struct.h
[29.638s] -- Up-to-date symlink: /home/hp/ROS2_WS/src/install/slam_toolbox/include/slam_toolbox/slam_toolbox/srv/detail/save_map__type_support.h
[29.638s] -- Up-to-date symlink: /home/hp/ROS2_WS/src/install/slam_toolbox/include/slam_toolbox/slam_toolbox/srv/detail/serialize_pose_graph__functions.h
[29.638s] -- Up-to-date symlink: /home/hp/ROS2_WS/src/install/slam_toolbox/include/slam_toolbox/slam_toolbox/srv/detail/serialize_pose_graph__struct.h
[29.638s] -- Up-to-date symlink: /home/hp/ROS2_WS/src/install/slam_toolbox/include/slam_toolbox/slam_toolbox/srv/detail/serialize_pose_graph__type_support.h
[29.638s] -- Up-to-date symlink: /home/hp/ROS2_WS/src/install/slam_toolbox/include/slam_toolbox/slam_toolbox/srv/detail/toggle_interactive__functions.h
[29.639s] -- Up-to-date symlink: /home/hp/ROS2_WS/src/install/slam_toolbox/include/slam_toolbox/slam_toolbox/srv/detail/toggle_interactive__struct.h
[29.639s] -- Up-to-date symlink: /home/hp/ROS2_WS/src/install/slam_toolbox/include/slam_toolbox/slam_toolbox/srv/detail/toggle_interactive__type_support.h
[29.639s] -- Up-to-date symlink: /home/hp/ROS2_WS/src/install/slam_toolbox/include/slam_toolbox/slam_toolbox/srv/loop_closure.h
[29.639s] -- Up-to-date symlink: /home/hp/ROS2_WS/src/install/slam_toolbox/include/slam_toolbox/slam_toolbox/srv/merge_maps.h
[29.639s] -- Up-to-date symlink: /home/hp/ROS2_WS/src/install/slam_toolbox/include/slam_toolbox/slam_toolbox/srv/pause.h
[29.640s] -- Up-to-date symlink: /home/hp/ROS2_WS/src/install/slam_toolbox/include/slam_toolbox/slam_toolbox/srv/reset.h
[29.640s] -- Up-to-date symlink: /home/hp/ROS2_WS/src/install/slam_toolbox/include/slam_toolbox/slam_toolbox/srv/save_map.h
[29.640s] -- Up-to-date symlink: /home/hp/ROS2_WS/src/install/slam_toolbox/include/slam_toolbox/slam_toolbox/srv/serialize_pose_graph.h
[29.640s] -- Up-to-date symlink: /home/hp/ROS2_WS/src/install/slam_toolbox/include/slam_toolbox/slam_toolbox/srv/toggle_interactive.h
[29.640s] -- Up-to-date symlink: /home/hp/ROS2_WS/src/install/slam_toolbox/share/slam_toolbox/environment/library_path.sh
[29.640s] -- Up-to-date symlink: /home/hp/ROS2_WS/src/install/slam_toolbox/share/slam_toolbox/environment/library_path.dsv
[29.641s] -- Up-to-date symlink: /home/hp/ROS2_WS/src/install/slam_toolbox/include/slam_toolbox/slam_toolbox/msg/rosidl_typesupport_fastrtps_c__visibility_control.h
[29.641s] -- Up-to-date symlink: /home/hp/ROS2_WS/src/install/slam_toolbox/include/slam_toolbox/slam_toolbox/srv/detail/add_submap__rosidl_typesupport_fastrtps_c.h
[29.642s] -- Up-to-date symlink: /home/hp/ROS2_WS/src/install/slam_toolbox/include/slam_toolbox/slam_toolbox/srv/detail/clear__rosidl_typesupport_fastrtps_c.h
[29.642s] -- Up-to-date symlink: /home/hp/ROS2_WS/src/install/slam_toolbox/include/slam_toolbox/slam_toolbox/srv/detail/clear_queue__rosidl_typesupport_fastrtps_c.h
[29.642s] -- Up-to-date symlink: /home/hp/ROS2_WS/src/install/slam_toolbox/include/slam_toolbox/slam_toolbox/srv/detail/deserialize_pose_graph__rosidl_typesupport_fastrtps_c.h
[29.642s] -- Up-to-date symlink: /home/hp/ROS2_WS/src/install/slam_toolbox/include/slam_toolbox/slam_toolbox/srv/detail/loop_closure__rosidl_typesupport_fastrtps_c.h
[29.642s] -- Up-to-date symlink: /home/hp/ROS2_WS/src/install/slam_toolbox/include/slam_toolbox/slam_toolbox/srv/detail/merge_maps__rosidl_typesupport_fastrtps_c.h
[29.642s] -- Up-to-date symlink: /home/hp/ROS2_WS/src/install/slam_toolbox/include/slam_toolbox/slam_toolbox/srv/detail/pause__rosidl_typesupport_fastrtps_c.h
[29.643s] -- Up-to-date symlink: /home/hp/ROS2_WS/src/install/slam_toolbox/include/slam_toolbox/slam_toolbox/srv/detail/reset__rosidl_typesupport_fastrtps_c.h
[29.643s] -- Up-to-date symlink: /home/hp/ROS2_WS/src/install/slam_toolbox/include/slam_toolbox/slam_toolbox/srv/detail/save_map__rosidl_typesupport_fastrtps_c.h
[29.643s] -- Up-to-date symlink: /home/hp/ROS2_WS/src/install/slam_toolbox/include/slam_toolbox/slam_toolbox/srv/detail/serialize_pose_graph__rosidl_typesupport_fastrtps_c.h
[29.643s] -- Up-to-date symlink: /home/hp/ROS2_WS/src/install/slam_toolbox/include/slam_toolbox/slam_toolbox/srv/detail/toggle_interactive__rosidl_typesupport_fastrtps_c.h
[29.644s] -- Up-to-date symlink: /home/hp/ROS2_WS/src/install/slam_toolbox/include/slam_toolbox/slam_toolbox/srv/add_submap.hpp
[29.644s] -- Up-to-date symlink: /home/hp/ROS2_WS/src/install/slam_toolbox/include/slam_toolbox/slam_toolbox/srv/clear.hpp
[29.644s] -- Up-to-date symlink: /home/hp/ROS2_WS/src/install/slam_toolbox/include/slam_toolbox/slam_toolbox/srv/clear_queue.hpp
[29.644s] -- Up-to-date symlink: /home/hp/ROS2_WS/src/install/slam_toolbox/include/slam_toolbox/slam_toolbox/srv/deserialize_pose_graph.hpp
[29.645s] -- Up-to-date symlink: /home/hp/ROS2_WS/src/install/slam_toolbox/include/slam_toolbox/slam_toolbox/srv/detail/add_submap__builder.hpp
[29.645s] -- Up-to-date symlink: /home/hp/ROS2_WS/src/install/slam_toolbox/include/slam_toolbox/slam_toolbox/srv/detail/add_submap__struct.hpp
[29.645s] -- Up-to-date symlink: /home/hp/ROS2_WS/src/install/slam_toolbox/include/slam_toolbox/slam_toolbox/srv/detail/add_submap__traits.hpp
[29.645s] -- Up-to-date symlink: /home/hp/ROS2_WS/src/install/slam_toolbox/include/slam_toolbox/slam_toolbox/srv/detail/clear__builder.hpp
[29.645s] -- Up-to-date symlink: /home/hp/ROS2_WS/src/install/slam_toolbox/include/slam_toolbox/slam_toolbox/srv/detail/clear__struct.hpp
[29.645s] -- Up-to-date symlink: /home/hp/ROS2_WS/src/install/slam_toolbox/include/slam_toolbox/slam_toolbox/srv/detail/clear__traits.hpp
[29.646s] -- Up-to-date symlink: /home/hp/ROS2_WS/src/install/slam_toolbox/include/slam_toolbox/slam_toolbox/srv/detail/clear_queue__builder.hpp
[29.646s] -- Up-to-date symlink: /home/hp/ROS2_WS/src/install/slam_toolbox/include/slam_toolbox/slam_toolbox/srv/detail/clear_queue__struct.hpp
[29.646s] -- Up-to-date symlink: /home/hp/ROS2_WS/src/install/slam_toolbox/include/slam_toolbox/slam_toolbox/srv/detail/clear_queue__traits.hpp
[29.646s] -- Up-to-date symlink: /home/hp/ROS2_WS/src/install/slam_toolbox/include/slam_toolbox/slam_toolbox/srv/detail/deserialize_pose_graph__builder.hpp
[29.646s] -- Up-to-date symlink: /home/hp/ROS2_WS/src/install/slam_toolbox/include/slam_toolbox/slam_toolbox/srv/detail/deserialize_pose_graph__struct.hpp
[29.647s] -- Up-to-date symlink: /home/hp/ROS2_WS/src/install/slam_toolbox/include/slam_toolbox/slam_toolbox/srv/detail/deserialize_pose_graph__traits.hpp
[29.647s] -- Up-to-date symlink: /home/hp/ROS2_WS/src/install/slam_toolbox/include/slam_toolbox/slam_toolbox/srv/detail/loop_closure__builder.hpp
[29.647s] -- Up-to-date symlink: /home/hp/ROS2_WS/src/install/slam_toolbox/include/slam_toolbox/slam_toolbox/srv/detail/loop_closure__struct.hpp
[29.647s] -- Up-to-date symlink: /home/hp/ROS2_WS/src/install/slam_toolbox/include/slam_toolbox/slam_toolbox/srv/detail/loop_closure__traits.hpp
[29.647s] -- Up-to-date symlink: /home/hp/ROS2_WS/src/install/slam_toolbox/include/slam_toolbox/slam_toolbox/srv/detail/merge_maps__builder.hpp
[29.647s] -- Up-to-date symlink: /home/hp/ROS2_WS/src/install/slam_toolbox/include/slam_toolbox/slam_toolbox/srv/detail/merge_maps__struct.hpp
[29.648s] -- Up-to-date symlink: /home/hp/ROS2_WS/src/install/slam_toolbox/include/slam_toolbox/slam_toolbox/srv/detail/merge_maps__traits.hpp
[29.648s] -- Up-to-date symlink: /home/hp/ROS2_WS/src/install/slam_toolbox/include/slam_toolbox/slam_toolbox/srv/detail/pause__builder.hpp
[29.648s] -- Up-to-date symlink: /home/hp/ROS2_WS/src/install/slam_toolbox/include/slam_toolbox/slam_toolbox/srv/detail/pause__struct.hpp
[29.648s] -- Up-to-date symlink: /home/hp/ROS2_WS/src/install/slam_toolbox/include/slam_toolbox/slam_toolbox/srv/detail/pause__traits.hpp
[29.648s] -- Up-to-date symlink: /home/hp/ROS2_WS/src/install/slam_toolbox/include/slam_toolbox/slam_toolbox/srv/detail/reset__builder.hpp
[29.649s] -- Up-to-date symlink: /home/hp/ROS2_WS/src/install/slam_toolbox/include/slam_toolbox/slam_toolbox/srv/detail/reset__struct.hpp
[29.649s] -- Up-to-date symlink: /home/hp/ROS2_WS/src/install/slam_toolbox/include/slam_toolbox/slam_toolbox/srv/detail/reset__traits.hpp
[29.649s] -- Up-to-date symlink: /home/hp/ROS2_WS/src/install/slam_toolbox/include/slam_toolbox/slam_toolbox/srv/detail/save_map__builder.hpp
[29.649s] -- Up-to-date symlink: /home/hp/ROS2_WS/src/install/slam_toolbox/include/slam_toolbox/slam_toolbox/srv/detail/save_map__struct.hpp
[29.649s] -- Up-to-date symlink: /home/hp/ROS2_WS/src/install/slam_toolbox/include/slam_toolbox/slam_toolbox/srv/detail/save_map__traits.hpp
[29.650s] -- Up-to-date symlink: /home/hp/ROS2_WS/src/install/slam_toolbox/include/slam_toolbox/slam_toolbox/srv/detail/serialize_pose_graph__builder.hpp
[29.650s] -- Up-to-date symlink: /home/hp/ROS2_WS/src/install/slam_toolbox/include/slam_toolbox/slam_toolbox/srv/detail/serialize_pose_graph__struct.hpp
[29.650s] -- Up-to-date symlink: /home/hp/ROS2_WS/src/install/slam_toolbox/include/slam_toolbox/slam_toolbox/srv/detail/serialize_pose_graph__traits.hpp
[29.650s] -- Up-to-date symlink: /home/hp/ROS2_WS/src/install/slam_toolbox/include/slam_toolbox/slam_toolbox/srv/detail/toggle_interactive__builder.hpp
[29.650s] -- Up-to-date symlink: /home/hp/ROS2_WS/src/install/slam_toolbox/include/slam_toolbox/slam_toolbox/srv/detail/toggle_interactive__struct.hpp
[29.650s] -- Up-to-date symlink: /home/hp/ROS2_WS/src/install/slam_toolbox/include/slam_toolbox/slam_toolbox/srv/detail/toggle_interactive__traits.hpp
[29.651s] -- Up-to-date symlink: /home/hp/ROS2_WS/src/install/slam_toolbox/include/slam_toolbox/slam_toolbox/srv/loop_closure.hpp
[29.651s] -- Up-to-date symlink: /home/hp/ROS2_WS/src/install/slam_toolbox/include/slam_toolbox/slam_toolbox/srv/merge_maps.hpp
[29.651s] -- Up-to-date symlink: /home/hp/ROS2_WS/src/install/slam_toolbox/include/slam_toolbox/slam_toolbox/srv/pause.hpp
[29.651s] -- Up-to-date symlink: /home/hp/ROS2_WS/src/install/slam_toolbox/include/slam_toolbox/slam_toolbox/srv/reset.hpp
[29.651s] -- Up-to-date symlink: /home/hp/ROS2_WS/src/install/slam_toolbox/include/slam_toolbox/slam_toolbox/srv/save_map.hpp
[29.651s] -- Up-to-date symlink: /home/hp/ROS2_WS/src/install/slam_toolbox/include/slam_toolbox/slam_toolbox/srv/serialize_pose_graph.hpp
[29.652s] -- Up-to-date symlink: /home/hp/ROS2_WS/src/install/slam_toolbox/include/slam_toolbox/slam_toolbox/srv/toggle_interactive.hpp
[29.653s] -- Up-to-date symlink: /home/hp/ROS2_WS/src/install/slam_toolbox/include/slam_toolbox/slam_toolbox/msg/rosidl_typesupport_fastrtps_cpp__visibility_control.h
[29.653s] -- Up-to-date symlink: /home/hp/ROS2_WS/src/install/slam_toolbox/include/slam_toolbox/slam_toolbox/srv/detail/add_submap__rosidl_typesupport_fastrtps_cpp.hpp
[29.653s] -- Up-to-date symlink: /home/hp/ROS2_WS/src/install/slam_toolbox/include/slam_toolbox/slam_toolbox/srv/detail/clear__rosidl_typesupport_fastrtps_cpp.hpp
[29.653s] -- Up-to-date symlink: /home/hp/ROS2_WS/src/install/slam_toolbox/include/slam_toolbox/slam_toolbox/srv/detail/clear_queue__rosidl_typesupport_fastrtps_cpp.hpp
[29.653s] -- Up-to-date symlink: /home/hp/ROS2_WS/src/install/slam_toolbox/include/slam_toolbox/slam_toolbox/srv/detail/deserialize_pose_graph__rosidl_typesupport_fastrtps_cpp.hpp
[29.653s] -- Up-to-date symlink: /home/hp/ROS2_WS/src/install/slam_toolbox/include/slam_toolbox/slam_toolbox/srv/detail/loop_closure__rosidl_typesupport_fastrtps_cpp.hpp
[29.654s] -- Up-to-date symlink: /home/hp/ROS2_WS/src/install/slam_toolbox/include/slam_toolbox/slam_toolbox/srv/detail/merge_maps__rosidl_typesupport_fastrtps_cpp.hpp
[29.654s] -- Up-to-date symlink: /home/hp/ROS2_WS/src/install/slam_toolbox/include/slam_toolbox/slam_toolbox/srv/detail/pause__rosidl_typesupport_fastrtps_cpp.hpp
[29.654s] -- Up-to-date symlink: /home/hp/ROS2_WS/src/install/slam_toolbox/include/slam_toolbox/slam_toolbox/srv/detail/reset__rosidl_typesupport_fastrtps_cpp.hpp
[29.654s] -- Up-to-date symlink: /home/hp/ROS2_WS/src/install/slam_toolbox/include/slam_toolbox/slam_toolbox/srv/detail/save_map__rosidl_typesupport_fastrtps_cpp.hpp
[29.654s] -- Up-to-date symlink: /home/hp/ROS2_WS/src/install/slam_toolbox/include/slam_toolbox/slam_toolbox/srv/detail/serialize_pose_graph__rosidl_typesupport_fastrtps_cpp.hpp
[29.654s] -- Up-to-date symlink: /home/hp/ROS2_WS/src/install/slam_toolbox/include/slam_toolbox/slam_toolbox/srv/detail/toggle_interactive__rosidl_typesupport_fastrtps_cpp.hpp
[29.655s] -- Up-to-date symlink: /home/hp/ROS2_WS/src/install/slam_toolbox/include/slam_toolbox/slam_toolbox/msg/rosidl_typesupport_introspection_c__visibility_control.h
[29.655s] -- Up-to-date symlink: /home/hp/ROS2_WS/src/install/slam_toolbox/include/slam_toolbox/slam_toolbox/srv/detail/add_submap__rosidl_typesupport_introspection_c.h
[29.655s] -- Up-to-date symlink: /home/hp/ROS2_WS/src/install/slam_toolbox/include/slam_toolbox/slam_toolbox/srv/detail/clear__rosidl_typesupport_introspection_c.h
[29.656s] -- Up-to-date symlink: /home/hp/ROS2_WS/src/install/slam_toolbox/include/slam_toolbox/slam_toolbox/srv/detail/clear_queue__rosidl_typesupport_introspection_c.h
[29.656s] -- Up-to-date symlink: /home/hp/ROS2_WS/src/install/slam_toolbox/include/slam_toolbox/slam_toolbox/srv/detail/deserialize_pose_graph__rosidl_typesupport_introspection_c.h
[29.656s] -- Up-to-date symlink: /home/hp/ROS2_WS/src/install/slam_toolbox/include/slam_toolbox/slam_toolbox/srv/detail/loop_closure__rosidl_typesupport_introspection_c.h
[29.656s] -- Up-to-date symlink: /home/hp/ROS2_WS/src/install/slam_toolbox/include/slam_toolbox/slam_toolbox/srv/detail/merge_maps__rosidl_typesupport_introspection_c.h
[29.656s] -- Up-to-date symlink: /home/hp/ROS2_WS/src/install/slam_toolbox/include/slam_toolbox/slam_toolbox/srv/detail/pause__rosidl_typesupport_introspection_c.h
[29.657s] -- Up-to-date symlink: /home/hp/ROS2_WS/src/install/slam_toolbox/include/slam_toolbox/slam_toolbox/srv/detail/reset__rosidl_typesupport_introspection_c.h
[29.657s] -- Up-to-date symlink: /home/hp/ROS2_WS/src/install/slam_toolbox/include/slam_toolbox/slam_toolbox/srv/detail/save_map__rosidl_typesupport_introspection_c.h
[29.657s] -- Up-to-date symlink: /home/hp/ROS2_WS/src/install/slam_toolbox/include/slam_toolbox/slam_toolbox/srv/detail/serialize_pose_graph__rosidl_typesupport_introspection_c.h
[29.657s] -- Up-to-date symlink: /home/hp/ROS2_WS/src/install/slam_toolbox/include/slam_toolbox/slam_toolbox/srv/detail/toggle_interactive__rosidl_typesupport_introspection_c.h
[29.658s] -- Up-to-date symlink: /home/hp/ROS2_WS/src/install/slam_toolbox/include/slam_toolbox/slam_toolbox/srv/detail/add_submap__rosidl_typesupport_introspection_cpp.hpp
[29.658s] -- Up-to-date symlink: /home/hp/ROS2_WS/src/install/slam_toolbox/include/slam_toolbox/slam_toolbox/srv/detail/clear__rosidl_typesupport_introspection_cpp.hpp
[29.658s] -- Up-to-date symlink: /home/hp/ROS2_WS/src/install/slam_toolbox/include/slam_toolbox/slam_toolbox/srv/detail/clear_queue__rosidl_typesupport_introspection_cpp.hpp
[29.658s] -- Up-to-date symlink: /home/hp/ROS2_WS/src/install/slam_toolbox/include/slam_toolbox/slam_toolbox/srv/detail/deserialize_pose_graph__rosidl_typesupport_introspection_cpp.hpp
[29.658s] -- Up-to-date symlink: /home/hp/ROS2_WS/src/install/slam_toolbox/include/slam_toolbox/slam_toolbox/srv/detail/loop_closure__rosidl_typesupport_introspection_cpp.hpp
[29.659s] -- Up-to-date symlink: /home/hp/ROS2_WS/src/install/slam_toolbox/include/slam_toolbox/slam_toolbox/srv/detail/merge_maps__rosidl_typesupport_introspection_cpp.hpp
[29.659s] -- Up-to-date symlink: /home/hp/ROS2_WS/src/install/slam_toolbox/include/slam_toolbox/slam_toolbox/srv/detail/pause__rosidl_typesupport_introspection_cpp.hpp
[29.659s] -- Up-to-date symlink: /home/hp/ROS2_WS/src/install/slam_toolbox/include/slam_toolbox/slam_toolbox/srv/detail/reset__rosidl_typesupport_introspection_cpp.hpp
[29.659s] -- Up-to-date symlink: /home/hp/ROS2_WS/src/install/slam_toolbox/include/slam_toolbox/slam_toolbox/srv/detail/save_map__rosidl_typesupport_introspection_cpp.hpp
[29.659s] -- Up-to-date symlink: /home/hp/ROS2_WS/src/install/slam_toolbox/include/slam_toolbox/slam_toolbox/srv/detail/serialize_pose_graph__rosidl_typesupport_introspection_cpp.hpp
[29.659s] -- Up-to-date symlink: /home/hp/ROS2_WS/src/install/slam_toolbox/include/slam_toolbox/slam_toolbox/srv/detail/toggle_interactive__rosidl_typesupport_introspection_cpp.hpp
[29.660s] -- Up-to-date symlink: /home/hp/ROS2_WS/src/install/slam_toolbox/share/slam_toolbox/environment/pythonpath.sh
[29.660s] -- Up-to-date symlink: /home/hp/ROS2_WS/src/install/slam_toolbox/share/slam_toolbox/environment/pythonpath.dsv
[29.660s] -- Up-to-date symlink: /home/hp/ROS2_WS/src/install/slam_toolbox/lib/python3.11/site-packages/slam_toolbox-2.7.0-py3.11.egg-info/PKG-INFO
[29.660s] -- Up-to-date symlink: /home/hp/ROS2_WS/src/install/slam_toolbox/lib/python3.11/site-packages/slam_toolbox-2.7.0-py3.11.egg-info/SOURCES.txt
[29.661s] -- Up-to-date symlink: /home/hp/ROS2_WS/src/install/slam_toolbox/lib/python3.11/site-packages/slam_toolbox-2.7.0-py3.11.egg-info/dependency_links.txt
[29.661s] -- Up-to-date symlink: /home/hp/ROS2_WS/src/install/slam_toolbox/lib/python3.11/site-packages/slam_toolbox-2.7.0-py3.11.egg-info/top_level.txt
[29.662s] -- Up-to-date symlink: /home/hp/ROS2_WS/src/install/slam_toolbox/lib/python3.11/site-packages/slam_toolbox/__init__.py
[29.662s] -- Up-to-date symlink: /home/hp/ROS2_WS/src/install/slam_toolbox/lib/python3.11/site-packages/slam_toolbox/_slam_toolbox_s.ep.rosidl_typesupport_c.c
[29.662s] -- Up-to-date symlink: /home/hp/ROS2_WS/src/install/slam_toolbox/lib/python3.11/site-packages/slam_toolbox/_slam_toolbox_s.ep.rosidl_typesupport_fastrtps_c.c
[29.662s] -- Up-to-date symlink: /home/hp/ROS2_WS/src/install/slam_toolbox/lib/python3.11/site-packages/slam_toolbox/_slam_toolbox_s.ep.rosidl_typesupport_introspection_c.c
[29.662s] -- Up-to-date symlink: /home/hp/ROS2_WS/src/install/slam_toolbox/lib/python3.11/site-packages/slam_toolbox/libslam_toolbox__rosidl_generator_py.so
[29.662s] -- Up-to-date symlink: /home/hp/ROS2_WS/src/install/slam_toolbox/lib/python3.11/site-packages/slam_toolbox/slam_toolbox_s__rosidl_typesupport_c.cpython-311-x86_64-linux-gnu.so
[29.663s] -- Up-to-date symlink: /home/hp/ROS2_WS/src/install/slam_toolbox/lib/python3.11/site-packages/slam_toolbox/slam_toolbox_s__rosidl_typesupport_fastrtps_c.cpython-311-x86_64-linux-gnu.so
[29.663s] -- Up-to-date symlink: /home/hp/ROS2_WS/src/install/slam_toolbox/lib/python3.11/site-packages/slam_toolbox/slam_toolbox_s__rosidl_typesupport_introspection_c.cpython-311-x86_64-linux-gnu.so
[29.663s] -- Up-to-date symlink: /home/hp/ROS2_WS/src/install/slam_toolbox/lib/python3.11/site-packages/slam_toolbox/srv/__init__.py
[29.663s] -- Up-to-date symlink: /home/hp/ROS2_WS/src/install/slam_toolbox/lib/python3.11/site-packages/slam_toolbox/srv/_add_submap.py
[29.664s] -- Up-to-date symlink: /home/hp/ROS2_WS/src/install/slam_toolbox/lib/python3.11/site-packages/slam_toolbox/srv/_add_submap_s.c
[29.664s] -- Up-to-date symlink: /home/hp/ROS2_WS/src/install/slam_toolbox/lib/python3.11/site-packages/slam_toolbox/srv/_clear.py
[29.664s] -- Up-to-date symlink: /home/hp/ROS2_WS/src/install/slam_toolbox/lib/python3.11/site-packages/slam_toolbox/srv/_clear_queue.py
[29.664s] -- Up-to-date symlink: /home/hp/ROS2_WS/src/install/slam_toolbox/lib/python3.11/site-packages/slam_toolbox/srv/_clear_queue_s.c
[29.664s] -- Up-to-date symlink: /home/hp/ROS2_WS/src/install/slam_toolbox/lib/python3.11/site-packages/slam_toolbox/srv/_clear_s.c
[29.665s] -- Up-to-date symlink: /home/hp/ROS2_WS/src/install/slam_toolbox/lib/python3.11/site-packages/slam_toolbox/srv/_deserialize_pose_graph.py
[29.665s] -- Up-to-date symlink: /home/hp/ROS2_WS/src/install/slam_toolbox/lib/python3.11/site-packages/slam_toolbox/srv/_deserialize_pose_graph_s.c
[29.665s] -- Up-to-date symlink: /home/hp/ROS2_WS/src/install/slam_toolbox/lib/python3.11/site-packages/slam_toolbox/srv/_loop_closure.py
[29.665s] -- Up-to-date symlink: /home/hp/ROS2_WS/src/install/slam_toolbox/lib/python3.11/site-packages/slam_toolbox/srv/_loop_closure_s.c
[29.665s] -- Up-to-date symlink: /home/hp/ROS2_WS/src/install/slam_toolbox/lib/python3.11/site-packages/slam_toolbox/srv/_merge_maps.py
[29.665s] -- Up-to-date symlink: /home/hp/ROS2_WS/src/install/slam_toolbox/lib/python3.11/site-packages/slam_toolbox/srv/_merge_maps_s.c
[29.666s] -- Up-to-date symlink: /home/hp/ROS2_WS/src/install/slam_toolbox/lib/python3.11/site-packages/slam_toolbox/srv/_pause.py
[29.666s] -- Up-to-date symlink: /home/hp/ROS2_WS/src/install/slam_toolbox/lib/python3.11/site-packages/slam_toolbox/srv/_pause_s.c
[29.666s] -- Up-to-date symlink: /home/hp/ROS2_WS/src/install/slam_toolbox/lib/python3.11/site-packages/slam_toolbox/srv/_reset.py
[29.666s] -- Up-to-date symlink: /home/hp/ROS2_WS/src/install/slam_toolbox/lib/python3.11/site-packages/slam_toolbox/srv/_reset_s.c
[29.666s] -- Up-to-date symlink: /home/hp/ROS2_WS/src/install/slam_toolbox/lib/python3.11/site-packages/slam_toolbox/srv/_save_map.py
[29.667s] -- Up-to-date symlink: /home/hp/ROS2_WS/src/install/slam_toolbox/lib/python3.11/site-packages/slam_toolbox/srv/_save_map_s.c
[29.667s] -- Up-to-date symlink: /home/hp/ROS2_WS/src/install/slam_toolbox/lib/python3.11/site-packages/slam_toolbox/srv/_serialize_pose_graph.py
[29.667s] -- Up-to-date symlink: /home/hp/ROS2_WS/src/install/slam_toolbox/lib/python3.11/site-packages/slam_toolbox/srv/_serialize_pose_graph_s.c
[29.667s] -- Up-to-date symlink: /home/hp/ROS2_WS/src/install/slam_toolbox/lib/python3.11/site-packages/slam_toolbox/srv/_toggle_interactive.py
[29.667s] -- Up-to-date symlink: /home/hp/ROS2_WS/src/install/slam_toolbox/lib/python3.11/site-packages/slam_toolbox/srv/_toggle_interactive_s.c
[29.683s] -- Up-to-date symlink: /home/hp/ROS2_WS/src/install/slam_toolbox/lib/python3.11/site-packages/slam_toolbox/slam_toolbox_s__rosidl_typesupport_fastrtps_c.cpython-311-x86_64-linux-gnu.so
[29.684s] -- Up-to-date symlink: /home/hp/ROS2_WS/src/install/slam_toolbox/lib/python3.11/site-packages/slam_toolbox/slam_toolbox_s__rosidl_typesupport_introspection_c.cpython-311-x86_64-linux-gnu.so
[29.684s] -- Up-to-date symlink: /home/hp/ROS2_WS/src/install/slam_toolbox/lib/python3.11/site-packages/slam_toolbox/slam_toolbox_s__rosidl_typesupport_c.cpython-311-x86_64-linux-gnu.so
[29.685s] -- Up-to-date symlink: /home/hp/ROS2_WS/src/install/slam_toolbox/share/slam_toolbox/srv/Pause.idl
[29.685s] -- Up-to-date symlink: /home/hp/ROS2_WS/src/install/slam_toolbox/share/slam_toolbox/srv/Reset.idl
[29.685s] -- Up-to-date symlink: /home/hp/ROS2_WS/src/install/slam_toolbox/share/slam_toolbox/srv/ClearQueue.idl
[29.686s] -- Up-to-date symlink: /home/hp/ROS2_WS/src/install/slam_toolbox/share/slam_toolbox/srv/ToggleInteractive.idl
[29.686s] -- Up-to-date symlink: /home/hp/ROS2_WS/src/install/slam_toolbox/share/slam_toolbox/srv/Clear.idl
[29.687s] -- Up-to-date symlink: /home/hp/ROS2_WS/src/install/slam_toolbox/share/slam_toolbox/srv/SaveMap.idl
[29.687s] -- Up-to-date symlink: /home/hp/ROS2_WS/src/install/slam_toolbox/share/slam_toolbox/srv/LoopClosure.idl
[29.687s] -- Up-to-date symlink: /home/hp/ROS2_WS/src/install/slam_toolbox/share/slam_toolbox/srv/MergeMaps.idl
[29.688s] -- Up-to-date symlink: /home/hp/ROS2_WS/src/install/slam_toolbox/share/slam_toolbox/srv/AddSubmap.idl
[29.688s] -- Up-to-date symlink: /home/hp/ROS2_WS/src/install/slam_toolbox/share/slam_toolbox/srv/DeserializePoseGraph.idl
[29.689s] -- Up-to-date symlink: /home/hp/ROS2_WS/src/install/slam_toolbox/share/slam_toolbox/srv/SerializePoseGraph.idl
[29.689s] -- Up-to-date symlink: /home/hp/ROS2_WS/src/install/slam_toolbox/share/slam_toolbox/srvs/Pause.srv
[29.689s] -- Up-to-date symlink: /home/hp/ROS2_WS/src/install/slam_toolbox/share/slam_toolbox/srvs/Pause_Request.msg
[29.689s] -- Up-to-date symlink: /home/hp/ROS2_WS/src/install/slam_toolbox/share/slam_toolbox/srvs/Pause_Response.msg
[29.690s] -- Up-to-date symlink: /home/hp/ROS2_WS/src/install/slam_toolbox/share/slam_toolbox/srvs/Reset.srv
[29.690s] -- Up-to-date symlink: /home/hp/ROS2_WS/src/install/slam_toolbox/share/slam_toolbox/srvs/Reset_Request.msg
[29.690s] -- Up-to-date symlink: /home/hp/ROS2_WS/src/install/slam_toolbox/share/slam_toolbox/srvs/Reset_Response.msg
[29.690s] -- Up-to-date symlink: /home/hp/ROS2_WS/src/install/slam_toolbox/share/slam_toolbox/srvs/ClearQueue.srv
[29.691s] -- Up-to-date symlink: /home/hp/ROS2_WS/src/install/slam_toolbox/share/slam_toolbox/srvs/ClearQueue_Request.msg
[29.691s] -- Up-to-date symlink: /home/hp/ROS2_WS/src/install/slam_toolbox/share/slam_toolbox/srvs/ClearQueue_Response.msg
[29.691s] -- Up-to-date symlink: /home/hp/ROS2_WS/src/install/slam_toolbox/share/slam_toolbox/srvs/ToggleInteractive.srv
[29.691s] -- Up-to-date symlink: /home/hp/ROS2_WS/src/install/slam_toolbox/share/slam_toolbox/srvs/ToggleInteractive_Request.msg
[29.692s] -- Up-to-date symlink: /home/hp/ROS2_WS/src/install/slam_toolbox/share/slam_toolbox/srvs/ToggleInteractive_Response.msg
[29.692s] -- Up-to-date symlink: /home/hp/ROS2_WS/src/install/slam_toolbox/share/slam_toolbox/srvs/Clear.srv
[29.692s] -- Up-to-date symlink: /home/hp/ROS2_WS/src/install/slam_toolbox/share/slam_toolbox/srvs/Clear_Request.msg
[29.692s] -- Up-to-date symlink: /home/hp/ROS2_WS/src/install/slam_toolbox/share/slam_toolbox/srvs/Clear_Response.msg
[29.692s] -- Up-to-date symlink: /home/hp/ROS2_WS/src/install/slam_toolbox/share/slam_toolbox/srvs/SaveMap.srv
[29.693s] -- Up-to-date symlink: /home/hp/ROS2_WS/src/install/slam_toolbox/share/slam_toolbox/srvs/SaveMap_Request.msg
[29.693s] -- Up-to-date symlink: /home/hp/ROS2_WS/src/install/slam_toolbox/share/slam_toolbox/srvs/SaveMap_Response.msg
[29.693s] -- Up-to-date symlink: /home/hp/ROS2_WS/src/install/slam_toolbox/share/slam_toolbox/srvs/LoopClosure.srv
[29.693s] -- Up-to-date symlink: /home/hp/ROS2_WS/src/install/slam_toolbox/share/slam_toolbox/srvs/LoopClosure_Request.msg
[29.693s] -- Up-to-date symlink: /home/hp/ROS2_WS/src/install/slam_toolbox/share/slam_toolbox/srvs/LoopClosure_Response.msg
[29.693s] -- Up-to-date symlink: /home/hp/ROS2_WS/src/install/slam_toolbox/share/slam_toolbox/srvs/MergeMaps.srv
[29.694s] -- Up-to-date symlink: /home/hp/ROS2_WS/src/install/slam_toolbox/share/slam_toolbox/srvs/MergeMaps_Request.msg
[29.694s] -- Up-to-date symlink: /home/hp/ROS2_WS/src/install/slam_toolbox/share/slam_toolbox/srvs/MergeMaps_Response.msg
[29.694s] -- Up-to-date symlink: /home/hp/ROS2_WS/src/install/slam_toolbox/share/slam_toolbox/srvs/AddSubmap.srv
[29.694s] -- Up-to-date symlink: /home/hp/ROS2_WS/src/install/slam_toolbox/share/slam_toolbox/srvs/AddSubmap_Request.msg
[29.694s] -- Up-to-date symlink: /home/hp/ROS2_WS/src/install/slam_toolbox/share/slam_toolbox/srvs/AddSubmap_Response.msg
[29.695s] -- Up-to-date symlink: /home/hp/ROS2_WS/src/install/slam_toolbox/share/slam_toolbox/srvs/DeserializePoseGraph.srv
[29.695s] -- Up-to-date symlink: /home/hp/ROS2_WS/src/install/slam_toolbox/share/slam_toolbox/srvs/DeserializePoseGraph_Request.msg
[29.695s] -- Up-to-date symlink: /home/hp/ROS2_WS/src/install/slam_toolbox/share/slam_toolbox/srvs/DeserializePoseGraph_Response.msg
[29.695s] -- Up-to-date symlink: /home/hp/ROS2_WS/src/install/slam_toolbox/share/slam_toolbox/srvs/SerializePoseGraph.srv
[29.696s] -- Up-to-date symlink: /home/hp/ROS2_WS/src/install/slam_toolbox/share/slam_toolbox/srvs/SerializePoseGraph_Request.msg
[29.696s] -- Up-to-date symlink: /home/hp/ROS2_WS/src/install/slam_toolbox/share/slam_toolbox/srvs/SerializePoseGraph_Response.msg
[29.696s] -- Up-to-date symlink: /home/hp/ROS2_WS/src/install/slam_toolbox/share/slam_toolbox//rviz_plugins.xml
[29.696s] -- Up-to-date symlink: /home/hp/ROS2_WS/src/install/slam_toolbox/share/slam_toolbox//solver_plugins.xml
[29.697s] -- Up-to-date symlink: /home/hp/ROS2_WS/src/install/slam_toolbox/lib/slam_toolbox/async_slam_toolbox_node
[29.697s] -- Up-to-date symlink: /home/hp/ROS2_WS/src/install/slam_toolbox/lib/slam_toolbox/sync_slam_toolbox_node
[29.697s] -- Up-to-date symlink: /home/hp/ROS2_WS/src/install/slam_toolbox/lib/slam_toolbox/localization_slam_toolbox_node
[29.697s] -- Up-to-date symlink: /home/hp/ROS2_WS/src/install/slam_toolbox/lib/slam_toolbox/map_and_localization_slam_toolbox_node
[29.697s] -- Up-to-date symlink: /home/hp/ROS2_WS/src/install/slam_toolbox/lib/slam_toolbox/lifelong_slam_toolbox_node
[29.698s] -- Up-to-date symlink: /home/hp/ROS2_WS/src/install/slam_toolbox/lib/slam_toolbox/merge_maps_kinematic
[29.698s] -- Up-to-date symlink: /home/hp/ROS2_WS/src/install/slam_toolbox/lib/libtoolbox_common.so
[29.698s] -- Up-to-date symlink: /home/hp/ROS2_WS/src/install/slam_toolbox/lib/libSlamToolboxPlugin.so
[29.698s] -- Up-to-date symlink: /home/hp/ROS2_WS/src/install/slam_toolbox/lib/libceres_solver_plugin.so
[29.698s] -- Up-to-date symlink: /home/hp/ROS2_WS/src/install/slam_toolbox/lib/libasync_slam_toolbox.so
[29.699s] -- Up-to-date symlink: /home/hp/ROS2_WS/src/install/slam_toolbox/lib/libsync_slam_toolbox.so
[29.699s] -- Up-to-date symlink: /home/hp/ROS2_WS/src/install/slam_toolbox/lib/liblocalization_slam_toolbox.so
[29.699s] -- Up-to-date symlink: /home/hp/ROS2_WS/src/install/slam_toolbox/lib/liblifelong_slam_toolbox.so
[29.699s] -- Up-to-date symlink: /home/hp/ROS2_WS/src/install/slam_toolbox/lib/libmap_and_localization_slam_toolbox.so
[29.699s] -- Up-to-date symlink: /home/hp/ROS2_WS/src/install/slam_toolbox/lib/libkartoSlamToolbox.so
[29.700s] -- Up-to-date symlink: /home/hp/ROS2_WS/src/install/slam_toolbox/include/slam_toolbox/experimental/slam_toolbox_lifelong.hpp
[29.700s] -- Up-to-date symlink: /home/hp/ROS2_WS/src/install/slam_toolbox/include/slam_toolbox/experimental/slam_toolbox_map_and_localization.hpp
[29.700s] -- Up-to-date symlink: /home/hp/ROS2_WS/src/install/slam_toolbox/include/slam_toolbox/get_pose_helper.hpp
[29.701s] -- Up-to-date symlink: /home/hp/ROS2_WS/src/install/slam_toolbox/include/slam_toolbox/laser_utils.hpp
[29.701s] -- Up-to-date symlink: /home/hp/ROS2_WS/src/install/slam_toolbox/include/slam_toolbox/loop_closure_assistant.hpp
[29.701s] -- Up-to-date symlink: /home/hp/ROS2_WS/src/install/slam_toolbox/include/slam_toolbox/map_saver.hpp
[29.701s] -- Up-to-date symlink: /home/hp/ROS2_WS/src/install/slam_toolbox/include/slam_toolbox/merge_maps_kinematic.hpp
[29.701s] -- Up-to-date symlink: /home/hp/ROS2_WS/src/install/slam_toolbox/include/slam_toolbox/serialization.hpp
[29.701s] -- Up-to-date symlink: /home/hp/ROS2_WS/src/install/slam_toolbox/include/slam_toolbox/slam_mapper.hpp
[29.702s] -- Up-to-date symlink: /home/hp/ROS2_WS/src/install/slam_toolbox/include/slam_toolbox/slam_toolbox_async.hpp
[29.702s] -- Up-to-date symlink: /home/hp/ROS2_WS/src/install/slam_toolbox/include/slam_toolbox/slam_toolbox_common.hpp
[29.702s] -- Up-to-date symlink: /home/hp/ROS2_WS/src/install/slam_toolbox/include/slam_toolbox/slam_toolbox_localization.hpp
[29.702s] -- Up-to-date symlink: /home/hp/ROS2_WS/src/install/slam_toolbox/include/slam_toolbox/slam_toolbox_sync.hpp
[29.702s] -- Up-to-date symlink: /home/hp/ROS2_WS/src/install/slam_toolbox/include/slam_toolbox/snap_utils.hpp
[29.702s] -- Up-to-date symlink: /home/hp/ROS2_WS/src/install/slam_toolbox/include/slam_toolbox/toolbox_msgs.hpp
[29.703s] -- Up-to-date symlink: /home/hp/ROS2_WS/src/install/slam_toolbox/include/slam_toolbox/toolbox_types.hpp
[29.703s] -- Up-to-date symlink: /home/hp/ROS2_WS/src/install/slam_toolbox/include/slam_toolbox/visualization_utils.hpp
[29.731s] -- Up-to-date symlink: /home/hp/ROS2_WS/src/install/slam_toolbox/share/slam_toolbox/launch/localization_launch.py
[29.731s] -- Up-to-date symlink: /home/hp/ROS2_WS/src/install/slam_toolbox/share/slam_toolbox/launch/merge_maps_kinematic_launch.py
[29.731s] -- Up-to-date symlink: /home/hp/ROS2_WS/src/install/slam_toolbox/share/slam_toolbox/launch/offline_launch.py
[29.732s] -- Up-to-date symlink: /home/hp/ROS2_WS/src/install/slam_toolbox/share/slam_toolbox/launch/online_async_launch.py
[29.732s] -- Up-to-date symlink: /home/hp/ROS2_WS/src/install/slam_toolbox/share/slam_toolbox/launch/online_sync_launch.py
[29.762s] -- Up-to-date symlink: /home/hp/ROS2_WS/src/install/slam_toolbox/share/slam_toolbox/config/mapper_params_lifelong.yaml
[29.763s] -- Up-to-date symlink: /home/hp/ROS2_WS/src/install/slam_toolbox/share/slam_toolbox/config/mapper_params_localization.yaml
[29.764s] -- Up-to-date symlink: /home/hp/ROS2_WS/src/install/slam_toolbox/share/slam_toolbox/config/mapper_params_offline.yaml
[29.764s] -- Up-to-date symlink: /home/hp/ROS2_WS/src/install/slam_toolbox/share/slam_toolbox/config/mapper_params_online_async.yaml
[29.764s] -- Up-to-date symlink: /home/hp/ROS2_WS/src/install/slam_toolbox/share/slam_toolbox/config/mapper_params_online_sync.yaml
[29.764s] -- Up-to-date symlink: /home/hp/ROS2_WS/src/install/slam_toolbox/share/slam_toolbox/config/slam_toolbox_default.rviz
[29.765s] -- Up-to-date symlink: /home/hp/ROS2_WS/src/install/slam_toolbox/share/solver_plugins.xml
[29.765s] -- Up-to-date symlink: /home/hp/ROS2_WS/src/install/slam_toolbox/share/rviz_plugins.xml
[29.765s] -- Up-to-date symlink: /home/hp/ROS2_WS/src/install/slam_toolbox/share/ament_index/resource_index/package_run_dependencies/slam_toolbox
[29.766s] -- Up-to-date symlink: /home/hp/ROS2_WS/src/install/slam_toolbox/share/ament_index/resource_index/parent_prefix_path/slam_toolbox
[29.767s] -- Up-to-date symlink: /home/hp/ROS2_WS/src/install/slam_toolbox/share/slam_toolbox/environment/ament_prefix_path.sh
[29.767s] -- Up-to-date symlink: /home/hp/ROS2_WS/src/install/slam_toolbox/share/slam_toolbox/environment/ament_prefix_path.dsv
[29.768s] -- Up-to-date symlink: /home/hp/ROS2_WS/src/install/slam_toolbox/share/slam_toolbox/environment/path.sh
[29.768s] -- Up-to-date symlink: /home/hp/ROS2_WS/src/install/slam_toolbox/share/slam_toolbox/environment/path.dsv
[29.781s] -- Up-to-date symlink: /home/hp/ROS2_WS/src/install/slam_toolbox/share/slam_toolbox/local_setup.bash
[29.781s] -- Up-to-date symlink: /home/hp/ROS2_WS/src/install/slam_toolbox/share/slam_toolbox/local_setup.sh
[29.792s] -- Up-to-date symlink: /home/hp/ROS2_WS/src/install/slam_toolbox/share/slam_toolbox/local_setup.zsh
[29.792s] -- Up-to-date symlink: /home/hp/ROS2_WS/src/install/slam_toolbox/share/slam_toolbox/local_setup.dsv
[29.792s] -- Symlinking: /home/hp/ROS2_WS/src/install/slam_toolbox/share/slam_toolbox/package.dsv
[29.818s] -- Up-to-date symlink: /home/hp/ROS2_WS/src/install/slam_toolbox/share/ament_index/resource_index/packages/slam_toolbox
[29.818s] -- Up-to-date symlink: /home/hp/ROS2_WS/src/install/slam_toolbox/share/ament_index/resource_index/rviz_common__pluginlib__plugin/slam_toolbox
[29.819s] -- Up-to-date symlink: /home/hp/ROS2_WS/src/install/slam_toolbox/share/ament_index/resource_index/slam_toolbox__pluginlib__plugin/slam_toolbox
[29.819s] -- Up-to-date symlink: /home/hp/ROS2_WS/src/install/slam_toolbox/share/ament_index/resource_index/rclcpp_components/slam_toolbox
[29.820s] -- Up-to-date symlink: /home/hp/ROS2_WS/src/install/slam_toolbox/share/slam_toolbox/cmake/rosidl_cmake-extras.cmake
[29.843s] -- Up-to-date symlink: /home/hp/ROS2_WS/src/install/slam_toolbox/share/slam_toolbox/cmake/ament_cmake_export_dependencies-extras.cmake
[29.844s] -- Up-to-date symlink: /home/hp/ROS2_WS/src/install/slam_toolbox/share/slam_toolbox/cmake/ament_cmake_export_include_directories-extras.cmake
[29.844s] -- Up-to-date symlink: /home/hp/ROS2_WS/src/install/slam_toolbox/share/slam_toolbox/cmake/ament_cmake_export_libraries-extras.cmake
[29.845s] -- Up-to-date symlink: /home/hp/ROS2_WS/src/install/slam_toolbox/share/slam_toolbox/cmake/ament_cmake_export_targets-extras.cmake
[29.845s] -- Up-to-date symlink: /home/hp/ROS2_WS/src/install/slam_toolbox/share/slam_toolbox/cmake/rosidl_cmake_export_typesupport_targets-extras.cmake
[29.845s] -- Up-to-date symlink: /home/hp/ROS2_WS/src/install/slam_toolbox/share/slam_toolbox/cmake/rosidl_cmake_export_typesupport_libraries-extras.cmake
[29.846s] -- Up-to-date symlink: /home/hp/ROS2_WS/src/install/slam_toolbox/share/slam_toolbox/cmake/slam_toolboxConfig.cmake
[29.846s] -- Up-to-date symlink: /home/hp/ROS2_WS/src/install/slam_toolbox/share/slam_toolbox/cmake/slam_toolboxConfig-version.cmake
[29.846s] -- Up-to-date symlink: /home/hp/ROS2_WS/src/install/slam_toolbox/share/slam_toolbox/package.xml
[29.875s] -- Up-to-date: /home/hp/ROS2_WS/src/install/slam_toolbox/lib/libslam_toolbox__rosidl_generator_c.so
[29.914s] -- Up-to-date: /home/hp/ROS2_WS/src/install/slam_toolbox/lib/libslam_toolbox__rosidl_typesupport_fastrtps_c.so
[29.939s] -- Up-to-date: /home/hp/ROS2_WS/src/install/slam_toolbox/lib/libslam_toolbox__rosidl_typesupport_fastrtps_cpp.so
[29.940s] -- Up-to-date: /home/hp/ROS2_WS/src/install/slam_toolbox/lib/libslam_toolbox__rosidl_typesupport_introspection_c.so
[29.964s] -- Up-to-date: /home/hp/ROS2_WS/src/install/slam_toolbox/lib/libslam_toolbox__rosidl_typesupport_c.so
[29.984s] -- Up-to-date: /home/hp/ROS2_WS/src/install/slam_toolbox/lib/libslam_toolbox__rosidl_typesupport_introspection_cpp.so
[29.985s] -- Up-to-date: /home/hp/ROS2_WS/src/install/slam_toolbox/lib/libslam_toolbox__rosidl_typesupport_cpp.so
[30.365s] Listing '/home/hp/ROS2_WS/src/install/slam_toolbox/lib/python3.11/site-packages/slam_toolbox'...
[30.365s] Listing '/home/hp/ROS2_WS/src/install/slam_toolbox/lib/python3.11/site-packages/slam_toolbox/srv'...
[30.398s] -- Up-to-date: /home/hp/ROS2_WS/src/install/slam_toolbox/lib/libslam_toolbox__rosidl_generator_py.so
[30.458s] -- Up-to-date: /home/hp/ROS2_WS/src/install/slam_toolbox/share/slam_toolbox/cmake/export_slam_toolbox__rosidl_generator_cExport.cmake
[30.458s] -- Up-to-date: /home/hp/ROS2_WS/src/install/slam_toolbox/share/slam_toolbox/cmake/export_slam_toolbox__rosidl_generator_cExport-release.cmake
[30.458s] -- Up-to-date: /home/hp/ROS2_WS/src/install/slam_toolbox/share/slam_toolbox/cmake/export_slam_toolbox__rosidl_typesupport_fastrtps_cExport.cmake
[30.459s] -- Up-to-date: /home/hp/ROS2_WS/src/install/slam_toolbox/share/slam_toolbox/cmake/export_slam_toolbox__rosidl_typesupport_fastrtps_cExport-release.cmake
[30.459s] -- Up-to-date: /home/hp/ROS2_WS/src/install/slam_toolbox/share/slam_toolbox/cmake/export_slam_toolbox__rosidl_generator_cppExport.cmake
[30.459s] -- Up-to-date: /home/hp/ROS2_WS/src/install/slam_toolbox/share/slam_toolbox/cmake/export_slam_toolbox__rosidl_typesupport_fastrtps_cppExport.cmake
[30.459s] -- Up-to-date: /home/hp/ROS2_WS/src/install/slam_toolbox/share/slam_toolbox/cmake/export_slam_toolbox__rosidl_typesupport_fastrtps_cppExport-release.cmake
[30.460s] -- Up-to-date: /home/hp/ROS2_WS/src/install/slam_toolbox/share/slam_toolbox/cmake/slam_toolbox__rosidl_typesupport_introspection_cExport.cmake
[30.460s] -- Up-to-date: /home/hp/ROS2_WS/src/install/slam_toolbox/share/slam_toolbox/cmake/slam_toolbox__rosidl_typesupport_introspection_cExport-release.cmake
[30.460s] -- Up-to-date: /home/hp/ROS2_WS/src/install/slam_toolbox/share/slam_toolbox/cmake/slam_toolbox__rosidl_typesupport_cExport.cmake
[30.461s] -- Up-to-date: /home/hp/ROS2_WS/src/install/slam_toolbox/share/slam_toolbox/cmake/slam_toolbox__rosidl_typesupport_cExport-release.cmake
[30.461s] -- Up-to-date: /home/hp/ROS2_WS/src/install/slam_toolbox/share/slam_toolbox/cmake/slam_toolbox__rosidl_typesupport_introspection_cppExport.cmake
[30.461s] -- Up-to-date: /home/hp/ROS2_WS/src/install/slam_toolbox/share/slam_toolbox/cmake/slam_toolbox__rosidl_typesupport_introspection_cppExport-release.cmake
[30.462s] -- Up-to-date: /home/hp/ROS2_WS/src/install/slam_toolbox/share/slam_toolbox/cmake/slam_toolbox__rosidl_typesupport_cppExport.cmake
[30.462s] -- Up-to-date: /home/hp/ROS2_WS/src/install/slam_toolbox/share/slam_toolbox/cmake/slam_toolbox__rosidl_typesupport_cppExport-release.cmake
[30.463s] -- Up-to-date: /home/hp/ROS2_WS/src/install/slam_toolbox/share/slam_toolbox/cmake/export_slam_toolbox__rosidl_generator_pyExport.cmake
[30.463s] -- Up-to-date: /home/hp/ROS2_WS/src/install/slam_toolbox/share/slam_toolbox/cmake/export_slam_toolbox__rosidl_generator_pyExport-release.cmake
[30.464s] -- Up-to-date: /home/hp/ROS2_WS/src/install/slam_toolbox/share/slam_toolbox/cmake/SlamToolboxPluginExport.cmake
[30.464s] -- Up-to-date: /home/hp/ROS2_WS/src/install/slam_toolbox/share/slam_toolbox/cmake/SlamToolboxPluginExport-release.cmake
[30.470s] Invoked command in '/home/hp/ROS2_WS/src/build/slam_toolbox' returned '0': CMAKE_PREFIX_PATH=${CMAKE_PREFIX_PATH}:/home/hp/ROS2_WS/install/my_robot_controller:/home/hp/ROS2_WS/install/my_exo:/home/hp/ROS2_WS/install/dynamic_tf:/home/hp/ROS2_WS/src/install/my_robot_controller:/home/hp/ROS2_WS/src/install/my_exo:/home/hp/ROS2_WS/src/install/dynamic_tf:/opt/ros/humble CONDA_PROMPT_MODIFIER=(base) /usr/bin/cmake --install /home/hp/ROS2_WS/src/build/slam_toolbox
