[0.869s] Invoking command in '/home/hp/ROS2_WS/src/build/rplidar_ros': CMAKE_PREFIX_PATH=${CMAKE_PREFIX_PATH}:/home/hp/ROS2_WS/install/my_robot_controller:/home/hp/ROS2_WS/install/my_exo:/home/hp/ROS2_WS/install/dynamic_tf:/home/hp/ROS2_WS/install/Dynamic_tf:/home/hp/ROS2_WS/install/DYNAMIC_TF:/home/hp/ROS2_WS/src/install/rosidl_pycommon:/home/hp/ROS2_WS/src/install/rosidl_cli:/home/hp/ROS2_WS/src/install/my_robot_controller:/home/hp/ROS2_WS/src/install/my_exo:/home/hp/ROS2_WS/src/install/dynamic_tf:/opt/ros/humble CONDA_PROMPT_MODIFIER=(base) /usr/bin/cmake --build /home/hp/ROS2_WS/src/build/rplidar_ros -- -j8 -l8
[1.235s] [ 76%] Built target rplidar_composition
[1.236s] [ 85%] Built target rplidar_node
[1.237s] [ 90%] Built target rplidar_client
[1.250s] [ 95%] Built target tf_broadcaster
[1.251s] [100%] Built target tf_listener
[1.269s] Invoked command in '/home/hp/ROS2_WS/src/build/rplidar_ros' returned '0': CMAKE_PREFIX_PATH=${CMAKE_PREFIX_PATH}:/home/hp/ROS2_WS/install/my_robot_controller:/home/hp/ROS2_WS/install/my_exo:/home/hp/ROS2_WS/install/dynamic_tf:/home/hp/ROS2_WS/install/Dynamic_tf:/home/hp/ROS2_WS/install/DYNAMIC_TF:/home/hp/ROS2_WS/src/install/rosidl_pycommon:/home/hp/ROS2_WS/src/install/rosidl_cli:/home/hp/ROS2_WS/src/install/my_robot_controller:/home/hp/ROS2_WS/src/install/my_exo:/home/hp/ROS2_WS/src/install/dynamic_tf:/opt/ros/humble CONDA_PROMPT_MODIFIER=(base) /usr/bin/cmake --build /home/hp/ROS2_WS/src/build/rplidar_ros -- -j8 -l8
[1.389s] Invoking command in '/home/hp/ROS2_WS/src/build/rplidar_ros': CMAKE_PREFIX_PATH=${CMAKE_PREFIX_PATH}:/home/hp/ROS2_WS/install/my_robot_controller:/home/hp/ROS2_WS/install/my_exo:/home/hp/ROS2_WS/install/dynamic_tf:/home/hp/ROS2_WS/install/Dynamic_tf:/home/hp/ROS2_WS/install/DYNAMIC_TF:/home/hp/ROS2_WS/src/install/rosidl_pycommon:/home/hp/ROS2_WS/src/install/rosidl_cli:/home/hp/ROS2_WS/src/install/my_robot_controller:/home/hp/ROS2_WS/src/install/my_exo:/home/hp/ROS2_WS/src/install/dynamic_tf:/opt/ros/humble CONDA_PROMPT_MODIFIER=(base) /usr/bin/cmake --install /home/hp/ROS2_WS/src/build/rplidar_ros
[1.397s] -- Install configuration: ""
[1.398s] -- Execute custom install script
[1.398s] -- Up-to-date symlink: /home/hp/ROS2_WS/src/install/rplidar_ros/share/rplidar_ros/launch/rplidar_a1_launch.py
[1.398s] -- Up-to-date symlink: /home/hp/ROS2_WS/src/install/rplidar_ros/share/rplidar_ros/launch/rplidar_a2m12_launch.py
[1.399s] -- Up-to-date symlink: /home/hp/ROS2_WS/src/install/rplidar_ros/share/rplidar_ros/launch/rplidar_a2m7_launch.py
[1.399s] -- Up-to-date symlink: /home/hp/ROS2_WS/src/install/rplidar_ros/share/rplidar_ros/launch/rplidar_a2m8_launch.py
[1.399s] -- Up-to-date symlink: /home/hp/ROS2_WS/src/install/rplidar_ros/share/rplidar_ros/launch/rplidar_a3_launch.py
[1.399s] -- Up-to-date symlink: /home/hp/ROS2_WS/src/install/rplidar_ros/share/rplidar_ros/launch/rplidar_c1_launch.py
[1.399s] -- Up-to-date symlink: /home/hp/ROS2_WS/src/install/rplidar_ros/share/rplidar_ros/launch/rplidar_s1_launch.py
[1.399s] -- Up-to-date symlink: /home/hp/ROS2_WS/src/install/rplidar_ros/share/rplidar_ros/launch/rplidar_s1_tcp_launch.py
[1.399s] -- Up-to-date symlink: /home/hp/ROS2_WS/src/install/rplidar_ros/share/rplidar_ros/launch/rplidar_s2_launch.py
[1.400s] -- Up-to-date symlink: /home/hp/ROS2_WS/src/install/rplidar_ros/share/rplidar_ros/launch/rplidar_s2e_launch.py
[1.400s] -- Up-to-date symlink: /home/hp/ROS2_WS/src/install/rplidar_ros/share/rplidar_ros/launch/rplidar_s3_launch.py
[1.400s] -- Up-to-date symlink: /home/hp/ROS2_WS/src/install/rplidar_ros/share/rplidar_ros/launch/rplidar_t1_launch.py
[1.400s] -- Up-to-date symlink: /home/hp/ROS2_WS/src/install/rplidar_ros/share/rplidar_ros/launch/slam.launch.py
[1.400s] -- Up-to-date symlink: /home/hp/ROS2_WS/src/install/rplidar_ros/share/rplidar_ros/launch/view_rplidar_a1_launch.py
[1.400s] -- Up-to-date symlink: /home/hp/ROS2_WS/src/install/rplidar_ros/share/rplidar_ros/launch/view_rplidar_a2m12_launch.py
[1.400s] -- Up-to-date symlink: /home/hp/ROS2_WS/src/install/rplidar_ros/share/rplidar_ros/launch/view_rplidar_a2m7_launch.py
[1.401s] -- Up-to-date symlink: /home/hp/ROS2_WS/src/install/rplidar_ros/share/rplidar_ros/launch/view_rplidar_a2m8_launch.py
[1.401s] -- Up-to-date symlink: /home/hp/ROS2_WS/src/install/rplidar_ros/share/rplidar_ros/launch/view_rplidar_a3_launch.py
[1.401s] -- Up-to-date symlink: /home/hp/ROS2_WS/src/install/rplidar_ros/share/rplidar_ros/launch/view_rplidar_c1_launch.py
[1.401s] -- Up-to-date symlink: /home/hp/ROS2_WS/src/install/rplidar_ros/share/rplidar_ros/launch/view_rplidar_s1_launch.py
[1.401s] -- Up-to-date symlink: /home/hp/ROS2_WS/src/install/rplidar_ros/share/rplidar_ros/launch/view_rplidar_s1_tcp_launch.py
[1.401s] -- Up-to-date symlink: /home/hp/ROS2_WS/src/install/rplidar_ros/share/rplidar_ros/launch/view_rplidar_s2_launch.py
[1.401s] -- Up-to-date symlink: /home/hp/ROS2_WS/src/install/rplidar_ros/share/rplidar_ros/launch/view_rplidar_s2e_launch.py
[1.402s] -- Up-to-date symlink: /home/hp/ROS2_WS/src/install/rplidar_ros/share/rplidar_ros/launch/view_rplidar_s3_launch.py
[1.402s] -- Up-to-date symlink: /home/hp/ROS2_WS/src/install/rplidar_ros/share/rplidar_ros/launch/view_rplidar_t1_launch.py
[1.402s] -- Up-to-date symlink: /home/hp/ROS2_WS/src/install/rplidar_ros/share/rplidar_ros/config/slam.yaml
[1.402s] -- Up-to-date symlink: /home/hp/ROS2_WS/src/install/rplidar_ros/share/rplidar_ros/rviz/rplidar_ros.rviz
[1.402s] -- Up-to-date symlink: /home/hp/ROS2_WS/src/install/rplidar_ros/lib/rplidar_ros/tf_broadcaster
[1.402s] -- Up-to-date symlink: /home/hp/ROS2_WS/src/install/rplidar_ros/lib/rplidar_ros/tf_listener
[1.402s] -- Up-to-date symlink: /home/hp/ROS2_WS/src/install/rplidar_ros/lib/rplidar_ros/rplidar_node
[1.403s] -- Up-to-date symlink: /home/hp/ROS2_WS/src/install/rplidar_ros/lib/rplidar_ros/rplidar_composition
[1.403s] -- Up-to-date symlink: /home/hp/ROS2_WS/src/install/rplidar_ros/lib/rplidar_ros/rplidar_client
[1.403s] -- Up-to-date symlink: /home/hp/ROS2_WS/src/install/rplidar_ros/lib/rplidar_ros/tf_map_baselink.py
[1.403s] -- Up-to-date symlink: /home/hp/ROS2_WS/src/install/rplidar_ros/share/ament_index/resource_index/package_run_dependencies/rplidar_ros
[1.403s] -- Up-to-date symlink: /home/hp/ROS2_WS/src/install/rplidar_ros/share/ament_index/resource_index/parent_prefix_path/rplidar_ros
[1.403s] -- Up-to-date symlink: /home/hp/ROS2_WS/src/install/rplidar_ros/share/rplidar_ros/environment/ament_prefix_path.sh
[1.404s] -- Up-to-date symlink: /home/hp/ROS2_WS/src/install/rplidar_ros/share/rplidar_ros/environment/ament_prefix_path.dsv
[1.404s] -- Up-to-date symlink: /home/hp/ROS2_WS/src/install/rplidar_ros/share/rplidar_ros/environment/path.sh
[1.404s] -- Up-to-date symlink: /home/hp/ROS2_WS/src/install/rplidar_ros/share/rplidar_ros/environment/path.dsv
[1.404s] -- Up-to-date symlink: /home/hp/ROS2_WS/src/install/rplidar_ros/share/rplidar_ros/local_setup.bash
[1.404s] -- Up-to-date symlink: /home/hp/ROS2_WS/src/install/rplidar_ros/share/rplidar_ros/local_setup.sh
[1.404s] -- Up-to-date symlink: /home/hp/ROS2_WS/src/install/rplidar_ros/share/rplidar_ros/local_setup.zsh
[1.405s] -- Up-to-date symlink: /home/hp/ROS2_WS/src/install/rplidar_ros/share/rplidar_ros/local_setup.dsv
[1.405s] -- Symlinking: /home/hp/ROS2_WS/src/install/rplidar_ros/share/rplidar_ros/package.dsv
[1.416s] -- Up-to-date symlink: /home/hp/ROS2_WS/src/install/rplidar_ros/share/ament_index/resource_index/packages/rplidar_ros
[1.416s] -- Up-to-date symlink: /home/hp/ROS2_WS/src/install/rplidar_ros/share/rplidar_ros/cmake/ament_cmake_export_dependencies-extras.cmake
[1.416s] -- Up-to-date symlink: /home/hp/ROS2_WS/src/install/rplidar_ros/share/rplidar_ros/cmake/ament_cmake_export_include_directories-extras.cmake
[1.417s] -- Up-to-date symlink: /home/hp/ROS2_WS/src/install/rplidar_ros/share/rplidar_ros/cmake/rplidar_rosConfig.cmake
[1.417s] -- Up-to-date symlink: /home/hp/ROS2_WS/src/install/rplidar_ros/share/rplidar_ros/cmake/rplidar_rosConfig-version.cmake
[1.417s] -- Up-to-date symlink: /home/hp/ROS2_WS/src/install/rplidar_ros/share/rplidar_ros/package.xml
[1.421s] Invoked command in '/home/hp/ROS2_WS/src/build/rplidar_ros' returned '0': CMAKE_PREFIX_PATH=${CMAKE_PREFIX_PATH}:/home/hp/ROS2_WS/install/my_robot_controller:/home/hp/ROS2_WS/install/my_exo:/home/hp/ROS2_WS/install/dynamic_tf:/home/hp/ROS2_WS/install/Dynamic_tf:/home/hp/ROS2_WS/install/DYNAMIC_TF:/home/hp/ROS2_WS/src/install/rosidl_pycommon:/home/hp/ROS2_WS/src/install/rosidl_cli:/home/hp/ROS2_WS/src/install/my_robot_controller:/home/hp/ROS2_WS/src/install/my_exo:/home/hp/ROS2_WS/src/install/dynamic_tf:/opt/ros/humble CONDA_PROMPT_MODIFIER=(base) /usr/bin/cmake --install /home/hp/ROS2_WS/src/build/rplidar_ros
