[1.691s] Invoking command in '/home/hp/ROS2_WS/build/my_exo': PYTHONPATH=/home/hp/ROS2_WS/build/my_exo/prefix_override:/home/hp/ROS2_WS/install/my_exo/lib/python3.10/site-packages:${PYTHONPATH} /usr/bin/python3 -W ignore:setup.py install is deprecated setup.py develop --editable --build-directory /home/hp/ROS2_WS/build/my_exo/build --no-deps symlink_data
[2.074s] running develop
[2.306s] running egg_info
[2.306s] writing my_exo.egg-info/PKG-INFO
[2.307s] writing dependency_links to my_exo.egg-info/dependency_links.txt
[2.307s] writing entry points to my_exo.egg-info/entry_points.txt
[2.307s] writing requirements to my_exo.egg-info/requires.txt
[2.307s] writing top-level names to my_exo.egg-info/top_level.txt
[2.310s] reading manifest file 'my_exo.egg-info/SOURCES.txt'
[2.311s] writing manifest file 'my_exo.egg-info/SOURCES.txt'
[2.313s] running build_ext
[2.313s] Creating /home/hp/ROS2_WS/install/my_exo/lib/python3.10/site-packages/my-exo.egg-link (link to .)
[2.314s] Installing first_node script to /home/hp/ROS2_WS/install/my_exo/lib/my_exo
[2.314s] Installing fourth_node script to /home/hp/ROS2_WS/install/my_exo/lib/my_exo
[2.314s] Installing input_node script to /home/hp/ROS2_WS/install/my_exo/lib/my_exo
[2.315s] Installing second_node script to /home/hp/ROS2_WS/install/my_exo/lib/my_exo
[2.315s] Installing selector_node script to /home/hp/ROS2_WS/install/my_exo/lib/my_exo
[2.315s] Installing third_node script to /home/hp/ROS2_WS/install/my_exo/lib/my_exo
[2.315s] 
[2.315s] Installed /home/hp/ROS2_WS/build/my_exo
[2.315s] running symlink_data
[2.382s] Invoked command in '/home/hp/ROS2_WS/build/my_exo' returned '0': PYTHONPATH=/home/hp/ROS2_WS/build/my_exo/prefix_override:/home/hp/ROS2_WS/install/my_exo/lib/python3.10/site-packages:${PYTHONPATH} /usr/bin/python3 -W ignore:setup.py install is deprecated setup.py develop --editable --build-directory /home/hp/ROS2_WS/build/my_exo/build --no-deps symlink_data
