[1.874s] Invoking command in '/home/hp/ROS2_WS/build/my_exo': PYTHONPATH=/home/hp/ROS2_WS/build/my_exo/prefix_override:/home/hp/ROS2_WS/install/my_exo/lib/python3.10/site-packages:${PYTHONPATH} /usr/bin/python3 -W ignore:setup.py install is deprecated setup.py develop --editable --build-directory /home/hp/ROS2_WS/build/my_exo/build --no-deps symlink_data
[2.280s] running develop
[2.531s] running egg_info
[2.532s] writing my_exo.egg-info/PKG-INFO
[2.532s] writing dependency_links to my_exo.egg-info/dependency_links.txt
[2.532s] writing entry points to my_exo.egg-info/entry_points.txt
[2.533s] writing requirements to my_exo.egg-info/requires.txt
[2.533s] writing top-level names to my_exo.egg-info/top_level.txt
[2.536s] reading manifest file 'my_exo.egg-info/SOURCES.txt'
[2.537s] writing manifest file 'my_exo.egg-info/SOURCES.txt'
[2.540s] running build_ext
[2.540s] Creating /home/hp/ROS2_WS/install/my_exo/lib/python3.10/site-packages/my-exo.egg-link (link to .)
[2.541s] Installing first_node script to /home/hp/ROS2_WS/install/my_exo/lib/my_exo
[2.541s] Installing fourth_node script to /home/hp/ROS2_WS/install/my_exo/lib/my_exo
[2.542s] Installing input_node script to /home/hp/ROS2_WS/install/my_exo/lib/my_exo
[2.542s] Installing second_node script to /home/hp/ROS2_WS/install/my_exo/lib/my_exo
[2.542s] Installing selector_node script to /home/hp/ROS2_WS/install/my_exo/lib/my_exo
[2.542s] Installing third_node script to /home/hp/ROS2_WS/install/my_exo/lib/my_exo
[2.543s] 
[2.543s] Installed /home/hp/ROS2_WS/build/my_exo
[2.543s] running symlink_data
[2.604s] Invoked command in '/home/hp/ROS2_WS/build/my_exo' returned '0': PYTHONPATH=/home/hp/ROS2_WS/build/my_exo/prefix_override:/home/hp/ROS2_WS/install/my_exo/lib/python3.10/site-packages:${PYTHONPATH} /usr/bin/python3 -W ignore:setup.py install is deprecated setup.py develop --editable --build-directory /home/hp/ROS2_WS/build/my_exo/build --no-deps symlink_data
