[13.369s] Invoking command in '/home/hp/ROS2_WS/src/build/my_exo': CONDA_PROMPT_MODIFIER=(base) PYTHONPATH=/home/hp/ROS2_WS/src/build/my_exo/prefix_override:/home/hp/ROS2_WS/src/install/my_exo/lib/python3.10/site-packages:${PYTHONPATH} /usr/bin/python3 -W ignore:setup.py install is deprecated setup.py develop --editable --build-directory /home/hp/ROS2_WS/src/build/my_exo/build --no-deps symlink_data
[14.014s] running develop
[15.780s] running egg_info
[15.780s] writing my_exo.egg-info/PKG-INFO
[15.790s] writing dependency_links to my_exo.egg-info/dependency_links.txt
[15.790s] writing entry points to my_exo.egg-info/entry_points.txt
[15.791s] writing requirements to my_exo.egg-info/requires.txt
[15.791s] writing top-level names to my_exo.egg-info/top_level.txt
[15.793s] reading manifest file 'my_exo.egg-info/SOURCES.txt'
[15.871s] writing manifest file 'my_exo.egg-info/SOURCES.txt'
[15.878s] running build_ext
[15.880s] Creating /home/hp/ROS2_WS/src/install/my_exo/lib/python3.10/site-packages/my-exo.egg-link (link to .)
[15.881s] Installing first_node script to /home/hp/ROS2_WS/src/install/my_exo/lib/my_exo
[15.882s] Installing fourth_node script to /home/hp/ROS2_WS/src/install/my_exo/lib/my_exo
[15.882s] Installing input_node script to /home/hp/ROS2_WS/src/install/my_exo/lib/my_exo
[15.882s] Installing second_node script to /home/hp/ROS2_WS/src/install/my_exo/lib/my_exo
[15.883s] Installing selector_node script to /home/hp/ROS2_WS/src/install/my_exo/lib/my_exo
[15.883s] Installing third_node script to /home/hp/ROS2_WS/src/install/my_exo/lib/my_exo
[15.884s] 
[15.884s] Installed /home/hp/ROS2_WS/src/build/my_exo
[15.884s] running symlink_data
[16.031s] Invoked command in '/home/hp/ROS2_WS/src/build/my_exo' returned '0': CONDA_PROMPT_MODIFIER=(base) PYTHONPATH=/home/hp/ROS2_WS/src/build/my_exo/prefix_override:/home/hp/ROS2_WS/src/install/my_exo/lib/python3.10/site-packages:${PYTHONPATH} /usr/bin/python3 -W ignore:setup.py install is deprecated setup.py develop --editable --build-directory /home/hp/ROS2_WS/src/build/my_exo/build --no-deps symlink_data
