[2.981s] Invoking command in '/home/hp/ROS2_WS/build/my_exo': PYTHONPATH=/home/hp/ROS2_WS/build/my_exo/prefix_override:/home/hp/ROS2_WS/install/my_exo/lib/python3.10/site-packages:${PYTHONPATH} /usr/bin/python3 -W ignore:setup.py install is deprecated setup.py develop --editable --build-directory /home/hp/ROS2_WS/build/my_exo/build --no-deps symlink_data
[3.354s] running develop
[3.611s] running egg_info
[3.611s] writing my_exo.egg-info/PKG-INFO
[3.622s] writing dependency_links to my_exo.egg-info/dependency_links.txt
[3.622s] writing entry points to my_exo.egg-info/entry_points.txt
[3.622s] writing requirements to my_exo.egg-info/requires.txt
[3.622s] writing top-level names to my_exo.egg-info/top_level.txt
[3.625s] reading manifest file 'my_exo.egg-info/SOURCES.txt'
[3.636s] writing manifest file 'my_exo.egg-info/SOURCES.txt'
[3.641s] running build_ext
[3.641s] Creating /home/hp/ROS2_WS/install/my_exo/lib/python3.10/site-packages/my-exo.egg-link (link to .)
[3.643s] Installing first_node script to /home/hp/ROS2_WS/install/my_exo/lib/my_exo
[3.643s] Installing fourth_node script to /home/hp/ROS2_WS/install/my_exo/lib/my_exo
[3.643s] Installing input_node script to /home/hp/ROS2_WS/install/my_exo/lib/my_exo
[3.644s] Installing second_node script to /home/hp/ROS2_WS/install/my_exo/lib/my_exo
[3.644s] Installing selector_node script to /home/hp/ROS2_WS/install/my_exo/lib/my_exo
[3.644s] Installing third_node script to /home/hp/ROS2_WS/install/my_exo/lib/my_exo
[3.644s] 
[3.644s] Installed /home/hp/ROS2_WS/build/my_exo
[3.644s] running symlink_data
[3.727s] Invoked command in '/home/hp/ROS2_WS/build/my_exo' returned '0': PYTHONPATH=/home/hp/ROS2_WS/build/my_exo/prefix_override:/home/hp/ROS2_WS/install/my_exo/lib/python3.10/site-packages:${PYTHONPATH} /usr/bin/python3 -W ignore:setup.py install is deprecated setup.py develop --editable --build-directory /home/hp/ROS2_WS/build/my_exo/build --no-deps symlink_data
