[1.240s] Invoking command in '/home/hp/ROS2_WS/build/rplidar_ros': CMAKE_PREFIX_PATH=/opt/ros/humble /usr/bin/cmake --build /home/hp/ROS2_WS/build/rplidar_ros -- -j8 -l8
[10.495s] [  9%] Built target tf_broadcaster
[10.496s] [  9%] Built target tf_listener
[10.577s] [ 14%] Built target rplidar_client
[11.205s] [100%] Built target rplidar_composition
[11.205s] [100%] Built target rplidar_node
[11.220s] Invoked command in '/home/hp/ROS2_WS/build/rplidar_ros' returned '0': CMAKE_PREFIX_PATH=/opt/ros/humble /usr/bin/cmake --build /home/hp/ROS2_WS/build/rplidar_ros -- -j8 -l8
[11.705s] Invoking command in '/home/hp/ROS2_WS/build/rplidar_ros': CMAKE_PREFIX_PATH=/opt/ros/humble /usr/bin/cmake --install /home/hp/ROS2_WS/build/rplidar_ros
[11.899s] -- Install configuration: ""
[12.011s] -- Execute custom install script
[12.496s] -- Up-to-date symlink: /home/hp/ROS2_WS/install/rplidar_ros/share/rplidar_ros/launch/rplidar_a1_launch.py
[12.496s] -- Up-to-date symlink: /home/hp/ROS2_WS/install/rplidar_ros/share/rplidar_ros/launch/rplidar_a2m12_launch.py
[12.497s] -- Up-to-date symlink: /home/hp/ROS2_WS/install/rplidar_ros/share/rplidar_ros/launch/rplidar_a2m7_launch.py
[12.497s] -- Up-to-date symlink: /home/hp/ROS2_WS/install/rplidar_ros/share/rplidar_ros/launch/rplidar_a2m8_launch.py
[12.497s] -- Up-to-date symlink: /home/hp/ROS2_WS/install/rplidar_ros/share/rplidar_ros/launch/rplidar_a3_launch.py
[12.497s] -- Up-to-date symlink: /home/hp/ROS2_WS/install/rplidar_ros/share/rplidar_ros/launch/rplidar_c1_launch.py
[12.509s] -- Up-to-date symlink: /home/hp/ROS2_WS/install/rplidar_ros/share/rplidar_ros/launch/rplidar_s1_launch.py
[12.509s] -- Up-to-date symlink: /home/hp/ROS2_WS/install/rplidar_ros/share/rplidar_ros/launch/rplidar_s1_tcp_launch.py
[12.509s] -- Up-to-date symlink: /home/hp/ROS2_WS/install/rplidar_ros/share/rplidar_ros/launch/rplidar_s2_launch.py
[12.509s] -- Up-to-date symlink: /home/hp/ROS2_WS/install/rplidar_ros/share/rplidar_ros/launch/rplidar_s2e_launch.py
[12.523s] -- Up-to-date symlink: /home/hp/ROS2_WS/install/rplidar_ros/share/rplidar_ros/launch/rplidar_s3_launch.py
[12.534s] -- Up-to-date symlink: /home/hp/ROS2_WS/install/rplidar_ros/share/rplidar_ros/launch/rplidar_t1_launch.py
[12.535s] -- Up-to-date symlink: /home/hp/ROS2_WS/install/rplidar_ros/share/rplidar_ros/launch/slam.launch.py
[12.542s] -- Up-to-date symlink: /home/hp/ROS2_WS/install/rplidar_ros/share/rplidar_ros/launch/view_rplidar_a1_launch.py
[12.600s] -- Up-to-date symlink: /home/hp/ROS2_WS/install/rplidar_ros/share/rplidar_ros/launch/view_rplidar_a2m12_launch.py
[12.633s] -- Up-to-date symlink: /home/hp/ROS2_WS/install/rplidar_ros/share/rplidar_ros/launch/view_rplidar_a2m7_launch.py
[12.666s] -- Up-to-date symlink: /home/hp/ROS2_WS/install/rplidar_ros/share/rplidar_ros/launch/view_rplidar_a2m8_launch.py
[12.667s] -- Up-to-date symlink: /home/hp/ROS2_WS/install/rplidar_ros/share/rplidar_ros/launch/view_rplidar_a3_launch.py
[12.678s] -- Up-to-date symlink: /home/hp/ROS2_WS/install/rplidar_ros/share/rplidar_ros/launch/view_rplidar_c1_launch.py
[12.697s] -- Up-to-date symlink: /home/hp/ROS2_WS/install/rplidar_ros/share/rplidar_ros/launch/view_rplidar_s1_launch.py
[12.700s] -- Up-to-date symlink: /home/hp/ROS2_WS/install/rplidar_ros/share/rplidar_ros/launch/view_rplidar_s1_tcp_launch.py
[12.700s] -- Up-to-date symlink: /home/hp/ROS2_WS/install/rplidar_ros/share/rplidar_ros/launch/view_rplidar_s2_launch.py
[12.714s] -- Up-to-date symlink: /home/hp/ROS2_WS/install/rplidar_ros/share/rplidar_ros/launch/view_rplidar_s2e_launch.py
[12.729s] -- Up-to-date symlink: /home/hp/ROS2_WS/install/rplidar_ros/share/rplidar_ros/launch/view_rplidar_s3_launch.py
[12.739s] -- Up-to-date symlink: /home/hp/ROS2_WS/install/rplidar_ros/share/rplidar_ros/launch/view_rplidar_t1_launch.py
[13.175s] -- Up-to-date symlink: /home/hp/ROS2_WS/install/rplidar_ros/share/rplidar_ros/config/slam.yaml
[13.240s] -- Up-to-date symlink: /home/hp/ROS2_WS/install/rplidar_ros/share/rplidar_ros/rviz/rplidar_ros.rviz
[13.564s] -- Up-to-date symlink: /home/hp/ROS2_WS/install/rplidar_ros/lib/rplidar_ros/tf_broadcaster
[13.564s] -- Up-to-date symlink: /home/hp/ROS2_WS/install/rplidar_ros/lib/rplidar_ros/tf_listener
[13.564s] -- Up-to-date symlink: /home/hp/ROS2_WS/install/rplidar_ros/lib/rplidar_ros/rplidar_node
[13.566s] -- Up-to-date symlink: /home/hp/ROS2_WS/install/rplidar_ros/lib/rplidar_ros/rplidar_composition
[13.567s] -- Up-to-date symlink: /home/hp/ROS2_WS/install/rplidar_ros/lib/rplidar_ros/rplidar_client
[13.567s] -- Up-to-date symlink: /home/hp/ROS2_WS/install/rplidar_ros/lib/rplidar_ros/tf_map_baselink.py
[13.692s] -- Up-to-date symlink: /home/hp/ROS2_WS/install/rplidar_ros/share/ament_index/resource_index/package_run_dependencies/rplidar_ros
[13.709s] -- Up-to-date symlink: /home/hp/ROS2_WS/install/rplidar_ros/share/ament_index/resource_index/parent_prefix_path/rplidar_ros
[13.773s] -- Up-to-date symlink: /home/hp/ROS2_WS/install/rplidar_ros/share/rplidar_ros/environment/ament_prefix_path.sh
[13.781s] -- Up-to-date symlink: /home/hp/ROS2_WS/install/rplidar_ros/share/rplidar_ros/environment/ament_prefix_path.dsv
[13.792s] -- Up-to-date symlink: /home/hp/ROS2_WS/install/rplidar_ros/share/rplidar_ros/environment/path.sh
[13.817s] -- Up-to-date symlink: /home/hp/ROS2_WS/install/rplidar_ros/share/rplidar_ros/environment/path.dsv
[13.830s] -- Up-to-date symlink: /home/hp/ROS2_WS/install/rplidar_ros/share/rplidar_ros/local_setup.bash
[13.836s] -- Up-to-date symlink: /home/hp/ROS2_WS/install/rplidar_ros/share/rplidar_ros/local_setup.sh
[13.837s] -- Up-to-date symlink: /home/hp/ROS2_WS/install/rplidar_ros/share/rplidar_ros/local_setup.zsh
[13.889s] -- Up-to-date symlink: /home/hp/ROS2_WS/install/rplidar_ros/share/rplidar_ros/local_setup.dsv
[13.889s] -- Symlinking: /home/hp/ROS2_WS/install/rplidar_ros/share/rplidar_ros/package.dsv
[13.913s] -- Up-to-date symlink: /home/hp/ROS2_WS/install/rplidar_ros/share/ament_index/resource_index/packages/rplidar_ros
[13.975s] -- Up-to-date symlink: /home/hp/ROS2_WS/install/rplidar_ros/share/rplidar_ros/cmake/ament_cmake_export_dependencies-extras.cmake
[13.993s] -- Up-to-date symlink: /home/hp/ROS2_WS/install/rplidar_ros/share/rplidar_ros/cmake/ament_cmake_export_include_directories-extras.cmake
[14.012s] -- Up-to-date symlink: /home/hp/ROS2_WS/install/rplidar_ros/share/rplidar_ros/cmake/rplidar_rosConfig.cmake
[14.062s] -- Up-to-date symlink: /home/hp/ROS2_WS/install/rplidar_ros/share/rplidar_ros/cmake/rplidar_rosConfig-version.cmake
[14.062s] -- Up-to-date symlink: /home/hp/ROS2_WS/install/rplidar_ros/share/rplidar_ros/package.xml
[14.068s] Invoked command in '/home/hp/ROS2_WS/build/rplidar_ros' returned '0': CMAKE_PREFIX_PATH=/opt/ros/humble /usr/bin/cmake --install /home/hp/ROS2_WS/build/rplidar_ros
