[10.336s] Invoking command in '/home/hp/ROS2_WS/build/my_exo': PYTHONPATH=/home/hp/ROS2_WS/build/my_exo/prefix_override:/home/hp/ROS2_WS/install/my_exo/lib/python3.10/site-packages:${PYTHONPATH} /usr/bin/python3 -W ignore:setup.py install is deprecated setup.py develop --editable --build-directory /home/hp/ROS2_WS/build/my_exo/build --no-deps symlink_data
[10.680s] running develop
[10.928s] running egg_info
[10.928s] writing my_exo.egg-info/PKG-INFO
[10.928s] writing dependency_links to my_exo.egg-info/dependency_links.txt
[10.928s] writing entry points to my_exo.egg-info/entry_points.txt
[10.928s] writing requirements to my_exo.egg-info/requires.txt
[10.928s] writing top-level names to my_exo.egg-info/top_level.txt
[10.930s] reading manifest file 'my_exo.egg-info/SOURCES.txt'
[11.373s] writing manifest file 'my_exo.egg-info/SOURCES.txt'
[11.376s] running build_ext
[11.376s] Creating /home/hp/ROS2_WS/install/my_exo/lib/python3.10/site-packages/my-exo.egg-link (link to .)
[11.378s] Installing first_node script to /home/hp/ROS2_WS/install/my_exo/lib/my_exo
[11.378s] Installing fourth_node script to /home/hp/ROS2_WS/install/my_exo/lib/my_exo
[11.378s] Installing input_node script to /home/hp/ROS2_WS/install/my_exo/lib/my_exo
[11.379s] Installing second_node script to /home/hp/ROS2_WS/install/my_exo/lib/my_exo
[11.379s] Installing selector_node script to /home/hp/ROS2_WS/install/my_exo/lib/my_exo
[11.379s] Installing third_node script to /home/hp/ROS2_WS/install/my_exo/lib/my_exo
[11.380s] 
[11.380s] Installed /home/hp/ROS2_WS/build/my_exo
[11.380s] running symlink_data
[11.963s] Invoked command in '/home/hp/ROS2_WS/build/my_exo' returned '0': PYTHONPATH=/home/hp/ROS2_WS/build/my_exo/prefix_override:/home/hp/ROS2_WS/install/my_exo/lib/python3.10/site-packages:${PYTHONPATH} /usr/bin/python3 -W ignore:setup.py install is deprecated setup.py develop --editable --build-directory /home/hp/ROS2_WS/build/my_exo/build --no-deps symlink_data
