[1.825s] Invoking command in '/home/hp/ROS2_WS/src/build/my_exo': PYTHONPATH=/home/hp/ROS2_WS/src/build/my_exo/prefix_override:/home/hp/ROS2_WS/src/install/my_exo/lib/python3.10/site-packages:${PYTHONPATH} /usr/bin/python3 setup.py develop --editable --build-directory /home/hp/ROS2_WS/src/build/my_exo/build --no-deps install_data
[2.154s] running develop
[2.367s] running egg_info
[2.367s] writing my_exo.egg-info/PKG-INFO
[2.367s] writing dependency_links to my_exo.egg-info/dependency_links.txt
[2.368s] writing entry points to my_exo.egg-info/entry_points.txt
[2.369s] writing requirements to my_exo.egg-info/requires.txt
[2.369s] writing top-level names to my_exo.egg-info/top_level.txt
[2.371s] reading manifest file 'my_exo.egg-info/SOURCES.txt'
[2.372s] writing manifest file 'my_exo.egg-info/SOURCES.txt'
[2.375s] running build_ext
[2.375s] Creating /home/hp/ROS2_WS/src/install/my_exo/lib/python3.10/site-packages/my-exo.egg-link (link to .)
[2.377s] Installing first_node script to /home/hp/ROS2_WS/src/install/my_exo/lib/my_exo
[2.378s] Installing fourth_node script to /home/hp/ROS2_WS/src/install/my_exo/lib/my_exo
[2.378s] Installing input_node script to /home/hp/ROS2_WS/src/install/my_exo/lib/my_exo
[2.378s] Installing second_node script to /home/hp/ROS2_WS/src/install/my_exo/lib/my_exo
[2.378s] Installing selector_node script to /home/hp/ROS2_WS/src/install/my_exo/lib/my_exo
[2.378s] Installing third_node script to /home/hp/ROS2_WS/src/install/my_exo/lib/my_exo
[2.379s] 
[2.379s] Installed /home/hp/ROS2_WS/src/build/my_exo
[2.379s] running install_data
[2.522s] Invoked command in '/home/hp/ROS2_WS/src/build/my_exo' returned '0': PYTHONPATH=/home/hp/ROS2_WS/src/build/my_exo/prefix_override:/home/hp/ROS2_WS/src/install/my_exo/lib/python3.10/site-packages:${PYTHONPATH} /usr/bin/python3 setup.py develop --editable --build-directory /home/hp/ROS2_WS/src/build/my_exo/build --no-deps install_data
