[1.612s] Invoking command in '/home/hp/ROS2_WS/build/my_exo': PYTHONPATH=/home/hp/ROS2_WS/build/my_exo/prefix_override:/home/hp/ROS2_WS/install/my_exo/lib/python3.10/site-packages:${PYTHONPATH} /usr/bin/python3 -W ignore:setup.py install is deprecated setup.py develop --editable --build-directory /home/hp/ROS2_WS/build/my_exo/build --no-deps symlink_data
[1.986s] running develop
[2.222s] running egg_info
[2.222s] writing my_exo.egg-info/PKG-INFO
[2.223s] writing dependency_links to my_exo.egg-info/dependency_links.txt
[2.223s] writing entry points to my_exo.egg-info/entry_points.txt
[2.223s] writing requirements to my_exo.egg-info/requires.txt
[2.223s] writing top-level names to my_exo.egg-info/top_level.txt
[2.227s] reading manifest file 'my_exo.egg-info/SOURCES.txt'
[2.228s] writing manifest file 'my_exo.egg-info/SOURCES.txt'
[2.230s] running build_ext
[2.230s] Creating /home/hp/ROS2_WS/install/my_exo/lib/python3.10/site-packages/my-exo.egg-link (link to .)
[2.231s] Installing first_node script to /home/hp/ROS2_WS/install/my_exo/lib/my_exo
[2.232s] Installing fourth_node script to /home/hp/ROS2_WS/install/my_exo/lib/my_exo
[2.232s] Installing input_node script to /home/hp/ROS2_WS/install/my_exo/lib/my_exo
[2.232s] Installing second_node script to /home/hp/ROS2_WS/install/my_exo/lib/my_exo
[2.232s] Installing selector_node script to /home/hp/ROS2_WS/install/my_exo/lib/my_exo
[2.232s] Installing third_node script to /home/hp/ROS2_WS/install/my_exo/lib/my_exo
[2.233s] 
[2.233s] Installed /home/hp/ROS2_WS/build/my_exo
[2.233s] running symlink_data
[2.273s] Invoked command in '/home/hp/ROS2_WS/build/my_exo' returned '0': PYTHONPATH=/home/hp/ROS2_WS/build/my_exo/prefix_override:/home/hp/ROS2_WS/install/my_exo/lib/python3.10/site-packages:${PYTHONPATH} /usr/bin/python3 -W ignore:setup.py install is deprecated setup.py develop --editable --build-directory /home/hp/ROS2_WS/build/my_exo/build --no-deps symlink_data
