[11.430s] Invoking command in '/home/hp/ROS2_WS/build/my_exo': PYTHONPATH=/home/hp/ROS2_WS/build/my_exo/prefix_override:/home/hp/ROS2_WS/install/my_exo/lib/python3.10/site-packages:${PYTHONPATH} /usr/bin/python3 -W ignore:setup.py install is deprecated setup.py develop --editable --build-directory /home/hp/ROS2_WS/build/my_exo/build --no-deps symlink_data
[11.756s] running develop
[12.124s] running egg_info
[12.124s] writing my_exo.egg-info/PKG-INFO
[12.124s] writing dependency_links to my_exo.egg-info/dependency_links.txt
[12.124s] writing entry points to my_exo.egg-info/entry_points.txt
[12.125s] writing requirements to my_exo.egg-info/requires.txt
[12.125s] writing top-level names to my_exo.egg-info/top_level.txt
[12.127s] reading manifest file 'my_exo.egg-info/SOURCES.txt'
[12.143s] writing manifest file 'my_exo.egg-info/SOURCES.txt'
[12.145s] running build_ext
[12.145s] Creating /home/hp/ROS2_WS/install/my_exo/lib/python3.10/site-packages/my-exo.egg-link (link to .)
[12.146s] Installing first_node script to /home/hp/ROS2_WS/install/my_exo/lib/my_exo
[12.146s] Installing fourth_node script to /home/hp/ROS2_WS/install/my_exo/lib/my_exo
[12.146s] Installing input_node script to /home/hp/ROS2_WS/install/my_exo/lib/my_exo
[12.147s] Installing second_node script to /home/hp/ROS2_WS/install/my_exo/lib/my_exo
[12.147s] Installing selector_node script to /home/hp/ROS2_WS/install/my_exo/lib/my_exo
[12.147s] Installing third_node script to /home/hp/ROS2_WS/install/my_exo/lib/my_exo
[12.147s] 
[12.147s] Installed /home/hp/ROS2_WS/build/my_exo
[12.147s] running symlink_data
[12.242s] Invoked command in '/home/hp/ROS2_WS/build/my_exo' returned '0': PYTHONPATH=/home/hp/ROS2_WS/build/my_exo/prefix_override:/home/hp/ROS2_WS/install/my_exo/lib/python3.10/site-packages:${PYTHONPATH} /usr/bin/python3 -W ignore:setup.py install is deprecated setup.py develop --editable --build-directory /home/hp/ROS2_WS/build/my_exo/build --no-deps symlink_data
