[7.721s] Invoking command in '/home/hp/ROS2_WS/build/my_exo': PYTHONPATH=/home/hp/ROS2_WS/build/my_exo/prefix_override:/home/hp/ROS2_WS/install/my_exo/lib/python3.10/site-packages:${PYTHONPATH} /usr/bin/python3 -W ignore:setup.py install is deprecated setup.py develop --editable --build-directory /home/hp/ROS2_WS/build/my_exo/build --no-deps symlink_data
[8.053s] running develop
[8.693s] running egg_info
[8.693s] writing my_exo.egg-info/PKG-INFO
[8.693s] writing dependency_links to my_exo.egg-info/dependency_links.txt
[8.715s] writing entry points to my_exo.egg-info/entry_points.txt
[8.715s] writing requirements to my_exo.egg-info/requires.txt
[8.716s] writing top-level names to my_exo.egg-info/top_level.txt
[8.718s] reading manifest file 'my_exo.egg-info/SOURCES.txt'
[8.728s] writing manifest file 'my_exo.egg-info/SOURCES.txt'
[8.730s] running build_ext
[8.730s] Creating /home/hp/ROS2_WS/install/my_exo/lib/python3.10/site-packages/my-exo.egg-link (link to .)
[8.732s] Installing first_node script to /home/hp/ROS2_WS/install/my_exo/lib/my_exo
[8.732s] Installing fourth_node script to /home/hp/ROS2_WS/install/my_exo/lib/my_exo
[8.732s] Installing input_node script to /home/hp/ROS2_WS/install/my_exo/lib/my_exo
[8.732s] Installing second_node script to /home/hp/ROS2_WS/install/my_exo/lib/my_exo
[8.733s] Installing selector_node script to /home/hp/ROS2_WS/install/my_exo/lib/my_exo
[8.733s] Installing third_node script to /home/hp/ROS2_WS/install/my_exo/lib/my_exo
[8.733s] 
[8.733s] Installed /home/hp/ROS2_WS/build/my_exo
[8.733s] running symlink_data
[8.807s] Invoked command in '/home/hp/ROS2_WS/build/my_exo' returned '0': PYTHONPATH=/home/hp/ROS2_WS/build/my_exo/prefix_override:/home/hp/ROS2_WS/install/my_exo/lib/python3.10/site-packages:${PYTHONPATH} /usr/bin/python3 -W ignore:setup.py install is deprecated setup.py develop --editable --build-directory /home/hp/ROS2_WS/build/my_exo/build --no-deps symlink_data
