[0.789s] Invoking command in '/home/hp/ROS2_WS/build/slam_toolbox': CMAKE_PREFIX_PATH=${CMAKE_PREFIX_PATH}:/home/hp/ROS2_WS/install/my_robot_controller:/home/hp/ROS2_WS/install/my_exo:/home/hp/ROS2_WS/install/dynamic_tf:/opt/ros/humble /usr/bin/cmake --build /home/hp/ROS2_WS/build/slam_toolbox -- -j8 -l8
[0.882s] [35m[1mConsolidate compiler generated dependencies of target kartoSlamToolbox[0m
[0.887s] [  0%] Built target slam_toolbox__cpp
[0.899s] [  9%] Built target slam_toolbox__rosidl_generator_c
[0.915s] [  9%] Built target ament_cmake_python_symlink_slam_toolbox
[0.957s] [ 10%] [32mBuilding CXX object lib/karto_sdk/CMakeFiles/kartoSlamToolbox.dir/src/Karto.cpp.o[0m
[0.961s] [ 11%] [32mBuilding CXX object lib/karto_sdk/CMakeFiles/kartoSlamToolbox.dir/src/Mapper.cpp.o[0m
[0.973s] [ 20%] Built target slam_toolbox__rosidl_typesupport_cpp
[0.974s] [ 29%] Built target slam_toolbox__rosidl_typesupport_fastrtps_cpp
[0.975s] [ 38%] Built target slam_toolbox__rosidl_typesupport_introspection_c
[0.977s] [ 47%] Built target slam_toolbox__rosidl_typesupport_introspection_cpp
[0.989s] [ 56%] Built target slam_toolbox__rosidl_typesupport_c
[1.035s] [ 58%] Built target SlamToolboxPlugin
[1.042s] [ 67%] Built target slam_toolbox__rosidl_typesupport_fastrtps_c
[1.072s] [ 67%] Built target slam_toolbox
[1.105s] [ 68%] Built target slam_toolbox__py
[1.156s] [ 76%] Built target slam_toolbox__rosidl_generator_py
[1.203s] [ 77%] Built target slam_toolbox__rosidl_typesupport_fastrtps_c__pyext
[1.218s] [ 78%] Built target slam_toolbox__rosidl_typesupport_c__pyext
[1.219s] [ 79%] Built target slam_toolbox__rosidl_typesupport_introspection_c__pyext
[1.525s] running egg_info
[1.527s] writing slam_toolbox.egg-info/PKG-INFO
[1.527s] writing dependency_links to slam_toolbox.egg-info/dependency_links.txt
[1.527s] writing top-level names to slam_toolbox.egg-info/top_level.txt
[1.533s] reading manifest file 'slam_toolbox.egg-info/SOURCES.txt'
[1.534s] writing manifest file 'slam_toolbox.egg-info/SOURCES.txt'
[1.600s] [ 79%] Built target ament_cmake_python_build_slam_toolbox_egg
[3.377s] In file included from [01m[K/home/hp/ROS2_WS/src/slam_toolbox/lib/karto_sdk/src/Karto.cpp:27[m[K:
[3.377s] [01m[K/home/hp/ROS2_WS/src/slam_toolbox/lib/karto_sdk/include/karto_sdk/Karto.h:5595:24:[m[K [01;31m[Kerror: [m[K‘[01m[Kconst karto::Pose2& karto::LocalizedRangeScan::GetOdometricPose() const[m[K’ cannot be overloaded with ‘[01m[Kconst karto::Pose2& karto::LocalizedRangeScan::GetOdometricPose() const[m[K’
[3.377s]  5595 |   inline const Pose2 & [01;31m[KGetOdometricPose[m[K() const
[3.377s]       |                        [01;31m[K^~~~~~~~~~~~~~~~[m[K
[3.377s] [01m[K/home/hp/ROS2_WS/src/slam_toolbox/lib/karto_sdk/include/karto_sdk/Karto.h:5471:18:[m[K [01;36m[Knote: [m[Kprevious declaration ‘[01m[Kconst karto::Pose2& karto::LocalizedRangeScan::GetOdometricPose() const[m[K’
[3.377s]  5471 |     const Pose2& [01;36m[KGetOdometricPose[m[K() const {
[3.377s]       |                  [01;36m[K^~~~~~~~~~~~~~~~[m[K
[3.377s] [01m[K/home/hp/ROS2_WS/src/slam_toolbox/lib/karto_sdk/include/karto_sdk/Karto.h:5604:15:[m[K [01;31m[Kerror: [m[K‘[01m[Kvoid karto::LocalizedRangeScan::SetOdometricPose(const karto::Pose2&)[m[K’ cannot be overloaded with ‘[01m[Kvoid karto::LocalizedRangeScan::SetOdometricPose(const karto::Pose2&)[m[K’
[3.377s]  5604 |   inline void [01;31m[KSetOdometricPose[m[K(const Pose2 & rPose)
[3.377s]       |               [01;31m[K^~~~~~~~~~~~~~~~[m[K
[3.377s] [01m[K/home/hp/ROS2_WS/src/slam_toolbox/lib/karto_sdk/include/karto_sdk/Karto.h:5475:10:[m[K [01;36m[Knote: [m[Kprevious declaration ‘[01m[Kvoid karto::LocalizedRangeScan::SetOdometricPose(const karto::Pose2&)[m[K’
[3.377s]  5475 |     void [01;36m[KSetOdometricPose[m[K(const Pose2& pose) {
[3.377s]       |          [01;36m[K^~~~~~~~~~~~~~~~[m[K
[3.377s] [01m[K/home/hp/ROS2_WS/src/slam_toolbox/lib/karto_sdk/include/karto_sdk/Karto.h:5617:24:[m[K [01;31m[Kerror: [m[K‘[01m[Kconst karto::Pose2& karto::LocalizedRangeScan::GetCorrectedPose() const[m[K’ cannot be overloaded with ‘[01m[Kconst karto::Pose2& karto::LocalizedRangeScan::GetCorrectedPose() const[m[K’
[3.378s]  5617 |   inline const Pose2 & [01;31m[KGetCorrectedPose[m[K() const
[3.378s]       |                        [01;31m[K^~~~~~~~~~~~~~~~[m[K
[3.378s] [01m[K/home/hp/ROS2_WS/src/slam_toolbox/lib/karto_sdk/include/karto_sdk/Karto.h:5479:18:[m[K [01;36m[Knote: [m[Kprevious declaration ‘[01m[Kconst karto::Pose2& karto::LocalizedRangeScan::GetCorrectedPose() const[m[K’
[3.378s]  5479 |     const Pose2& [01;36m[KGetCorrectedPose[m[K() const {
[3.378s]       |                  [01;36m[K^~~~~~~~~~~~~~~~[m[K
[3.378s] [01m[K/home/hp/ROS2_WS/src/slam_toolbox/lib/karto_sdk/include/karto_sdk/Karto.h:5626:15:[m[K [01;31m[Kerror: [m[K‘[01m[Kvoid karto::LocalizedRangeScan::SetCorrectedPose(const karto::Pose2&)[m[K’ cannot be overloaded with ‘[01m[Kvoid karto::LocalizedRangeScan::SetCorrectedPose(const karto::Pose2&)[m[K’
[3.378s]  5626 |   inline void [01;31m[KSetCorrectedPose[m[K(const Pose2 & rPose)
[3.378s]       |               [01;31m[K^~~~~~~~~~~~~~~~[m[K
[3.378s] [01m[K/home/hp/ROS2_WS/src/slam_toolbox/lib/karto_sdk/include/karto_sdk/Karto.h:5483:10:[m[K [01;36m[Knote: [m[Kprevious declaration ‘[01m[Kvoid karto::LocalizedRangeScan::SetCorrectedPose(const karto::Pose2&)[m[K’
[3.378s]  5483 |     void [01;36m[KSetCorrectedPose[m[K(const Pose2& pose) {
[3.378s]       |          [01;36m[K^~~~~~~~~~~~~~~~[m[K
[3.378s] [01m[K/home/hp/ROS2_WS/src/slam_toolbox/lib/karto_sdk/include/karto_sdk/Karto.h:5647:24:[m[K [01;31m[Kerror: [m[K‘[01m[Kconst karto::Pose2& karto::LocalizedRangeScan::GetBarycenterPose() const[m[K’ cannot be overloaded with ‘[01m[Kconst karto::Pose2& karto::LocalizedRangeScan::GetBarycenterPose() const[m[K’
[3.378s]  5647 |   inline const Pose2 & [01;31m[KGetBarycenterPose[m[K() const
[3.378s]       |                        [01;31m[K^~~~~~~~~~~~~~~~~[m[K
[3.378s] [01m[K/home/hp/ROS2_WS/src/slam_toolbox/lib/karto_sdk/include/karto_sdk/Karto.h:5488:18:[m[K [01;36m[Knote: [m[Kprevious declaration ‘[01m[Kconst karto::Pose2& karto::LocalizedRangeScan::GetBarycenterPose() const[m[K’
[3.379s]  5488 |     const Pose2& [01;36m[KGetBarycenterPose[m[K() const {
[3.379s]       |                  [01;36m[K^~~~~~~~~~~~~~~~~[m[K
[3.379s] [01m[K/home/hp/ROS2_WS/src/slam_toolbox/lib/karto_sdk/include/karto_sdk/Karto.h:5741:31:[m[K [01;31m[Kerror: [m[K‘[01m[Kconst karto::BoundingBox2& karto::LocalizedRangeScan::GetBoundingBox() const[m[K’ cannot be overloaded with ‘[01m[Kconst karto::BoundingBox2& karto::LocalizedRangeScan::GetBoundingBox() const[m[K’
[3.379s]  5741 |   inline const BoundingBox2 & [01;31m[KGetBoundingBox[m[K() const
[3.379s]       |                               [01;31m[K^~~~~~~~~~~~~~[m[K
[3.379s] [01m[K/home/hp/ROS2_WS/src/slam_toolbox/lib/karto_sdk/include/karto_sdk/Karto.h:5520:25:[m[K [01;36m[Knote: [m[Kprevious declaration ‘[01m[Kconst karto::BoundingBox2& karto::LocalizedRangeScan::GetBoundingBox() const[m[K’
[3.379s]  5520 |     const BoundingBox2& [01;36m[KGetBoundingBox[m[K() const {
[3.379s]       |                         [01;36m[K^~~~~~~~~~~~~~[m[K
[3.379s] [01m[K/home/hp/ROS2_WS/src/slam_toolbox/lib/karto_sdk/include/karto_sdk/Karto.h:5762:36:[m[K [01;31m[Kerror: [m[K‘[01m[Kconst PointVectorDouble& karto::LocalizedRangeScan::GetPointReadings(kt_bool) const[m[K’ cannot be overloaded with ‘[01m[Kconst PointVectorDouble& karto::LocalizedRangeScan::GetPointReadings(bool) const[m[K’
[3.379s]  5762 |   inline const PointVectorDouble & [01;31m[KGetPointReadings[m[K(kt_bool wantFiltered = false) const
[3.379s]       |                                    [01;31m[K^~~~~~~~~~~~~~~~[m[K
[3.379s] [01m[K/home/hp/ROS2_WS/src/slam_toolbox/lib/karto_sdk/include/karto_sdk/Karto.h:5502:30:[m[K [01;36m[Knote: [m[Kprevious declaration ‘[01m[Kconst PointVectorDouble& karto::LocalizedRangeScan::GetPointReadings(bool) const[m[K’
[3.379s]  5502 |     const PointVectorDouble& [01;36m[KGetPointReadings[m[K(bool wantFiltered = false) const {
[3.379s]       |                              [01;36m[K^~~~~~~~~~~~~~~~[m[K
[4.783s] gmake[2]: *** [lib/karto_sdk/CMakeFiles/kartoSlamToolbox.dir/build.make:76: lib/karto_sdk/CMakeFiles/kartoSlamToolbox.dir/src/Karto.cpp.o] Error 1
[4.783s] gmake[2]: *** Waiting for unfinished jobs....
[5.170s] In file included from [01m[K/home/hp/ROS2_WS/src/slam_toolbox/lib/karto_sdk/include/karto_sdk/Mapper.h:36[m[K,
[5.170s]                  from [01m[K/home/hp/ROS2_WS/src/slam_toolbox/lib/karto_sdk/src/Mapper.cpp:38[m[K:
[5.170s] [01m[K/home/hp/ROS2_WS/src/slam_toolbox/lib/karto_sdk/include/karto_sdk/Karto.h:5595:24:[m[K [01;31m[Kerror: [m[K‘[01m[Kconst karto::Pose2& karto::LocalizedRangeScan::GetOdometricPose() const[m[K’ cannot be overloaded with ‘[01m[Kconst karto::Pose2& karto::LocalizedRangeScan::GetOdometricPose() const[m[K’
[5.170s]  5595 |   inline const Pose2 & [01;31m[KGetOdometricPose[m[K() const
[5.170s]       |                        [01;31m[K^~~~~~~~~~~~~~~~[m[K
[5.170s] [01m[K/home/hp/ROS2_WS/src/slam_toolbox/lib/karto_sdk/include/karto_sdk/Karto.h:5471:18:[m[K [01;36m[Knote: [m[Kprevious declaration ‘[01m[Kconst karto::Pose2& karto::LocalizedRangeScan::GetOdometricPose() const[m[K’
[5.170s]  5471 |     const Pose2& [01;36m[KGetOdometricPose[m[K() const {
[5.171s]       |                  [01;36m[K^~~~~~~~~~~~~~~~[m[K
[5.171s] [01m[K/home/hp/ROS2_WS/src/slam_toolbox/lib/karto_sdk/include/karto_sdk/Karto.h:5604:15:[m[K [01;31m[Kerror: [m[K‘[01m[Kvoid karto::LocalizedRangeScan::SetOdometricPose(const karto::Pose2&)[m[K’ cannot be overloaded with ‘[01m[Kvoid karto::LocalizedRangeScan::SetOdometricPose(const karto::Pose2&)[m[K’
[5.171s]  5604 |   inline void [01;31m[KSetOdometricPose[m[K(const Pose2 & rPose)
[5.171s]       |               [01;31m[K^~~~~~~~~~~~~~~~[m[K
[5.171s] [01m[K/home/hp/ROS2_WS/src/slam_toolbox/lib/karto_sdk/include/karto_sdk/Karto.h:5475:10:[m[K [01;36m[Knote: [m[Kprevious declaration ‘[01m[Kvoid karto::LocalizedRangeScan::SetOdometricPose(const karto::Pose2&)[m[K’
[5.171s]  5475 |     void [01;36m[KSetOdometricPose[m[K(const Pose2& pose) {
[5.171s]       |          [01;36m[K^~~~~~~~~~~~~~~~[m[K
[5.171s] [01m[K/home/hp/ROS2_WS/src/slam_toolbox/lib/karto_sdk/include/karto_sdk/Karto.h:5617:24:[m[K [01;31m[Kerror: [m[K‘[01m[Kconst karto::Pose2& karto::LocalizedRangeScan::GetCorrectedPose() const[m[K’ cannot be overloaded with ‘[01m[Kconst karto::Pose2& karto::LocalizedRangeScan::GetCorrectedPose() const[m[K’
[5.171s]  5617 |   inline const Pose2 & [01;31m[KGetCorrectedPose[m[K() const
[5.171s]       |                        [01;31m[K^~~~~~~~~~~~~~~~[m[K
[5.171s] [01m[K/home/hp/ROS2_WS/src/slam_toolbox/lib/karto_sdk/include/karto_sdk/Karto.h:5479:18:[m[K [01;36m[Knote: [m[Kprevious declaration ‘[01m[Kconst karto::Pose2& karto::LocalizedRangeScan::GetCorrectedPose() const[m[K’
[5.171s]  5479 |     const Pose2& [01;36m[KGetCorrectedPose[m[K() const {
[5.171s]       |                  [01;36m[K^~~~~~~~~~~~~~~~[m[K
[5.171s] [01m[K/home/hp/ROS2_WS/src/slam_toolbox/lib/karto_sdk/include/karto_sdk/Karto.h:5626:15:[m[K [01;31m[Kerror: [m[K‘[01m[Kvoid karto::LocalizedRangeScan::SetCorrectedPose(const karto::Pose2&)[m[K’ cannot be overloaded with ‘[01m[Kvoid karto::LocalizedRangeScan::SetCorrectedPose(const karto::Pose2&)[m[K’
[5.171s]  5626 |   inline void [01;31m[KSetCorrectedPose[m[K(const Pose2 & rPose)
[5.171s]       |               [01;31m[K^~~~~~~~~~~~~~~~[m[K
[5.171s] [01m[K/home/hp/ROS2_WS/src/slam_toolbox/lib/karto_sdk/include/karto_sdk/Karto.h:5483:10:[m[K [01;36m[Knote: [m[Kprevious declaration ‘[01m[Kvoid karto::LocalizedRangeScan::SetCorrectedPose(const karto::Pose2&)[m[K’
[5.171s]  5483 |     void [01;36m[KSetCorrectedPose[m[K(const Pose2& pose) {
[5.171s]       |          [01;36m[K^~~~~~~~~~~~~~~~[m[K
[5.172s] [01m[K/home/hp/ROS2_WS/src/slam_toolbox/lib/karto_sdk/include/karto_sdk/Karto.h:5647:24:[m[K [01;31m[Kerror: [m[K‘[01m[Kconst karto::Pose2& karto::LocalizedRangeScan::GetBarycenterPose() const[m[K’ cannot be overloaded with ‘[01m[Kconst karto::Pose2& karto::LocalizedRangeScan::GetBarycenterPose() const[m[K’
[5.172s]  5647 |   inline const Pose2 & [01;31m[KGetBarycenterPose[m[K() const
[5.172s]       |                        [01;31m[K^~~~~~~~~~~~~~~~~[m[K
[5.172s] [01m[K/home/hp/ROS2_WS/src/slam_toolbox/lib/karto_sdk/include/karto_sdk/Karto.h:5488:18:[m[K [01;36m[Knote: [m[Kprevious declaration ‘[01m[Kconst karto::Pose2& karto::LocalizedRangeScan::GetBarycenterPose() const[m[K’
[5.172s]  5488 |     const Pose2& [01;36m[KGetBarycenterPose[m[K() const {
[5.172s]       |                  [01;36m[K^~~~~~~~~~~~~~~~~[m[K
[5.172s] [01m[K/home/hp/ROS2_WS/src/slam_toolbox/lib/karto_sdk/include/karto_sdk/Karto.h:5741:31:[m[K [01;31m[Kerror: [m[K‘[01m[Kconst karto::BoundingBox2& karto::LocalizedRangeScan::GetBoundingBox() const[m[K’ cannot be overloaded with ‘[01m[Kconst karto::BoundingBox2& karto::LocalizedRangeScan::GetBoundingBox() const[m[K’
[5.172s]  5741 |   inline const BoundingBox2 & [01;31m[KGetBoundingBox[m[K() const
[5.172s]       |                               [01;31m[K^~~~~~~~~~~~~~[m[K
[5.172s] [01m[K/home/hp/ROS2_WS/src/slam_toolbox/lib/karto_sdk/include/karto_sdk/Karto.h:5520:25:[m[K [01;36m[Knote: [m[Kprevious declaration ‘[01m[Kconst karto::BoundingBox2& karto::LocalizedRangeScan::GetBoundingBox() const[m[K’
[5.172s]  5520 |     const BoundingBox2& [01;36m[KGetBoundingBox[m[K() const {
[5.172s]       |                         [01;36m[K^~~~~~~~~~~~~~[m[K
[5.172s] [01m[K/home/hp/ROS2_WS/src/slam_toolbox/lib/karto_sdk/include/karto_sdk/Karto.h:5762:36:[m[K [01;31m[Kerror: [m[K‘[01m[Kconst PointVectorDouble& karto::LocalizedRangeScan::GetPointReadings(kt_bool) const[m[K’ cannot be overloaded with ‘[01m[Kconst PointVectorDouble& karto::LocalizedRangeScan::GetPointReadings(bool) const[m[K’
[5.172s]  5762 |   inline const PointVectorDouble & [01;31m[KGetPointReadings[m[K(kt_bool wantFiltered = false) const
[5.172s]       |                                    [01;31m[K^~~~~~~~~~~~~~~~[m[K
[5.172s] [01m[K/home/hp/ROS2_WS/src/slam_toolbox/lib/karto_sdk/include/karto_sdk/Karto.h:5502:30:[m[K [01;36m[Knote: [m[Kprevious declaration ‘[01m[Kconst PointVectorDouble& karto::LocalizedRangeScan::GetPointReadings(bool) const[m[K’
[5.172s]  5502 |     const PointVectorDouble& [01;36m[KGetPointReadings[m[K(bool wantFiltered = false) const {
[5.172s]       |                              [01;36m[K^~~~~~~~~~~~~~~~[m[K
[5.275s] [01m[K/home/hp/ROS2_WS/src/slam_toolbox/lib/karto_sdk/src/Mapper.cpp:39:14:[m[K [01;31m[Kerror: [m[K‘[01m[Knlohmann[m[K’ does not name a type
[5.275s]    39 | using json = [01;31m[Knlohmann[m[K::json;
[5.275s]       |              [01;31m[K^~~~~~~~[m[K
[5.351s] [01m[K/home/hp/ROS2_WS/src/slam_toolbox/lib/karto_sdk/src/Mapper.cpp:[m[K In member function ‘[01m[Kvirtual kt_bool karto::Mapper::Process(karto::LocalizedRangeScan*, karto::Matrix3*)[m[K’:
[5.351s] [01m[K/home/hp/ROS2_WS/src/slam_toolbox/lib/karto_sdk/src/Mapper.cpp:2758:5:[m[K [01;31m[Kerror: [m[K‘[01m[Kjson[m[K’ was not declared in this scope
[5.351s]  2758 |     [01;31m[Kjson[m[K inputJson;
[5.352s]       |     [01;31m[K^~~~[m[K
[5.368s] [01m[K/home/hp/ROS2_WS/src/slam_toolbox/lib/karto_sdk/src/Mapper.cpp:2763:5:[m[K [01;31m[Kerror: [m[K‘[01m[KinputJson[m[K’ was not declared in this scope
[5.368s]  2763 |     [01;31m[KinputJson[m[K["OdometricPose"] = {
[5.368s]       |     [01;31m[K^~~~~~~~~[m[K
[5.369s] [01m[K/home/hp/ROS2_WS/src/slam_toolbox/lib/karto_sdk/src/Mapper.cpp:2766:33:[m[K [01;31m[Kerror: [m[K‘[01m[Kconst class karto::Pose2[m[K’ has no member named ‘[01m[KGetTheta[m[K’
[5.369s]  2766 |         {"Theta", odometricPose.[01;31m[KGetTheta[m[K()}
[5.369s]       |                                 [01;31m[K^~~~~~~~[m[K
[5.369s] [01m[K/home/hp/ROS2_WS/src/slam_toolbox/lib/karto_sdk/src/Mapper.cpp:2771:33:[m[K [01;31m[Kerror: [m[K‘[01m[Kconst class karto::Pose2[m[K’ has no member named ‘[01m[KGetTheta[m[K’
[5.369s]  2771 |         {"Theta", correctedPose.[01;31m[KGetTheta[m[K()}
[5.369s]       |                                 [01;31m[K^~~~~~~~[m[K
[5.369s] [01m[K/home/hp/ROS2_WS/src/slam_toolbox/lib/karto_sdk/src/Mapper.cpp:2776:34:[m[K [01;31m[Kerror: [m[K‘[01m[Kconst class karto::Pose2[m[K’ has no member named ‘[01m[KGetTheta[m[K’
[5.369s]  2776 |         {"Theta", barycenterPose.[01;31m[KGetTheta[m[K()}
[5.369s]       |                                  [01;31m[K^~~~~~~~[m[K
[5.369s] [01m[K/home/hp/ROS2_WS/src/slam_toolbox/lib/karto_sdk/src/Mapper.cpp:2778:35:[m[K [01;31m[Kerror: [m[K‘[01m[Kclass karto::LocalizedRangeScan[m[K’ has no member named ‘[01m[KIsDirty[m[K’; did you mean ‘[01m[Kkt_bool karto::LocalizedRangeScan::m_IsDirty[m[K’? (not accessible from this context)
[5.369s]  2778 |     inputJson["IsDirty"] = pScan->[01;31m[KIsDirty[m[K();
[5.369s]       |                                   [01;31m[K^~~~~~~[m[K
[5.369s] In file included from [01m[K/home/hp/ROS2_WS/src/slam_toolbox/lib/karto_sdk/include/karto_sdk/Mapper.h:36[m[K,
[5.369s]                  from [01m[K/home/hp/ROS2_WS/src/slam_toolbox/lib/karto_sdk/src/Mapper.cpp:38[m[K:
[5.369s] [01m[K/home/hp/ROS2_WS/src/slam_toolbox/lib/karto_sdk/include/karto_sdk/Karto.h:5917:11:[m[K [01;36m[Knote: [m[Kdeclared protected here
[5.369s]  5917 |   kt_bool [01;36m[Km_IsDirty[m[K;
[5.369s]       |           [01;36m[K^~~~~~~~~[m[K
[5.369s] [01m[K/home/hp/ROS2_WS/src/slam_toolbox/lib/karto_sdk/src/Mapper.cpp:2780:9:[m[K [01;31m[Kerror: [m[Kexpected ‘[01m[K;[m[K’ before ‘[01m[KpointReadings[m[K’
[5.369s]  2780 |     json[01;31m[K [m[K[32m[KpointReadings[m[K;
[5.370s]       |         [01;31m[K^[m[K[32m[K~~~~~~~~~~~~~[m[K
[5.370s]       |         [32m[K;[m[K
[5.392s] [01m[K/home/hp/ROS2_WS/src/slam_toolbox/lib/karto_sdk/src/Mapper.cpp:2782:9:[m[K [01;31m[Kerror: [m[K‘[01m[KpointReadings[m[K’ was not declared in this scope
[5.393s]  2782 |         [01;31m[KpointReadings[m[K.push_back({{"X", point.x}, {"Y", point.y}});
[5.393s]       |         [01;31m[K^~~~~~~~~~~~~[m[K
[5.393s] [01m[K/home/hp/ROS2_WS/src/slam_toolbox/lib/karto_sdk/src/Mapper.cpp:2782:46:[m[K [01;31m[Kerror: [m[K‘[01m[Kconst class karto::Vector2<double>[m[K’ has no member named ‘[01m[Kx[m[K’
[5.393s]  2782 |         pointReadings.push_back({{"X", point.[01;31m[Kx[m[K}, {"Y", point.y}});
[5.393s]       |                                              [01;31m[K^[m[K
[5.393s] [01m[K/home/hp/ROS2_WS/src/slam_toolbox/lib/karto_sdk/src/Mapper.cpp:2782:62:[m[K [01;31m[Kerror: [m[K‘[01m[Kconst class karto::Vector2<double>[m[K’ has no member named ‘[01m[Ky[m[K’
[5.393s]  2782 |         pointReadings.push_back({{"X", point.x}, {"Y", point.[01;31m[Ky[m[K}});
[5.393s]       |                                                              [01;31m[K^[m[K
[5.417s] [01m[K/home/hp/ROS2_WS/src/slam_toolbox/lib/karto_sdk/src/Mapper.cpp:2784:34:[m[K [01;31m[Kerror: [m[K‘[01m[KpointReadings[m[K’ was not declared in this scope
[5.417s]  2784 |     inputJson["PointReadings"] = [01;31m[KpointReadings[m[K;
[5.417s]       |                                  [01;31m[K^~~~~~~~~~~~~[m[K
[5.417s] [01m[K/home/hp/ROS2_WS/src/slam_toolbox/lib/karto_sdk/src/Mapper.cpp:2786:9:[m[K [01;31m[Kerror: [m[Kexpected ‘[01m[K;[m[K’ before ‘[01m[KunfilteredPointReadings[m[K’
[5.417s]  2786 |     json[01;31m[K [m[K[32m[KunfilteredPointReadings[m[K;
[5.417s]       |         [01;31m[K^[m[K[32m[K~~~~~~~~~~~~~~~~~~~~~~~[m[K
[5.418s]       |         [32m[K;[m[K
[5.460s] [01m[K/home/hp/ROS2_WS/src/slam_toolbox/lib/karto_sdk/src/Mapper.cpp:2788:9:[m[K [01;31m[Kerror: [m[K‘[01m[KunfilteredPointReadings[m[K’ was not declared in this scope
[5.460s]  2788 |         [01;31m[KunfilteredPointReadings[m[K.push_back({{"X", point.x}, {"Y", point.y}});
[5.461s]       |         [01;31m[K^~~~~~~~~~~~~~~~~~~~~~~[m[K
[5.461s] [01m[K/home/hp/ROS2_WS/src/slam_toolbox/lib/karto_sdk/src/Mapper.cpp:2788:56:[m[K [01;31m[Kerror: [m[K‘[01m[Kconst class karto::Vector2<double>[m[K’ has no member named ‘[01m[Kx[m[K’
[5.461s]  2788 |         unfilteredPointReadings.push_back({{"X", point.[01;31m[Kx[m[K}, {"Y", point.y}});
[5.461s]       |                                                        [01;31m[K^[m[K
[5.461s] [01m[K/home/hp/ROS2_WS/src/slam_toolbox/lib/karto_sdk/src/Mapper.cpp:2788:72:[m[K [01;31m[Kerror: [m[K‘[01m[Kconst class karto::Vector2<double>[m[K’ has no member named ‘[01m[Ky[m[K’
[5.461s]  2788 |         unfilteredPointReadings.push_back({{"X", point.x}, {"Y", point.[01;31m[Ky[m[K}});
[5.461s]       |                                                                        [01;31m[K^[m[K
[5.500s] [01m[K/home/hp/ROS2_WS/src/slam_toolbox/lib/karto_sdk/src/Mapper.cpp:2790:44:[m[K [01;31m[Kerror: [m[K‘[01m[KunfilteredPointReadings[m[K’ was not declared in this scope
[5.501s]  2790 |     inputJson["UnfilteredPointReadings"] = [01;31m[KunfilteredPointReadings[m[K;
[5.501s]       |                                            [01;31m[K^~~~~~~~~~~~~~~~~~~~~~~[m[K
[5.501s] [01m[K/home/hp/ROS2_WS/src/slam_toolbox/lib/karto_sdk/src/Mapper.cpp:2794:23:[m[K [01;31m[Kerror: [m[K‘[01m[Kconst class karto::BoundingBox2[m[K’ has no member named ‘[01m[KGetXMin[m[K’
[5.501s]  2794 |         {"XMin", bbox.[01;31m[KGetXMin[m[K()},
[5.501s]       |                       [01;31m[K^~~~~~~[m[K
[5.501s] [01m[K/home/hp/ROS2_WS/src/slam_toolbox/lib/karto_sdk/src/Mapper.cpp:2795:23:[m[K [01;31m[Kerror: [m[K‘[01m[Kconst class karto::BoundingBox2[m[K’ has no member named ‘[01m[KGetXMax[m[K’
[5.501s]  2795 |         {"XMax", bbox.[01;31m[KGetXMax[m[K()},
[5.501s]       |                       [01;31m[K^~~~~~~[m[K
[5.501s] [01m[K/home/hp/ROS2_WS/src/slam_toolbox/lib/karto_sdk/src/Mapper.cpp:2796:23:[m[K [01;31m[Kerror: [m[K‘[01m[Kconst class karto::BoundingBox2[m[K’ has no member named ‘[01m[KGetYMin[m[K’
[5.501s]  2796 |         {"YMin", bbox.[01;31m[KGetYMin[m[K()},
[5.501s]       |                       [01;31m[K^~~~~~~[m[K
[5.501s] [01m[K/home/hp/ROS2_WS/src/slam_toolbox/lib/karto_sdk/src/Mapper.cpp:2797:23:[m[K [01;31m[Kerror: [m[K‘[01m[Kconst class karto::BoundingBox2[m[K’ has no member named ‘[01m[KGetYMax[m[K’
[5.501s]  2797 |         {"YMax", bbox.[01;31m[KGetYMax[m[K()}
[5.501s]       |                       [01;31m[K^~~~~~~[m[K
[7.810s] gmake[2]: *** [lib/karto_sdk/CMakeFiles/kartoSlamToolbox.dir/build.make:90: lib/karto_sdk/CMakeFiles/kartoSlamToolbox.dir/src/Mapper.cpp.o] Error 1
[7.811s] gmake[1]: *** [CMakeFiles/Makefile2:1045: lib/karto_sdk/CMakeFiles/kartoSlamToolbox.dir/all] Error 2
[7.811s] gmake: *** [Makefile:146: all] Error 2
[7.814s] Invoked command in '/home/hp/ROS2_WS/build/slam_toolbox' returned '2': CMAKE_PREFIX_PATH=${CMAKE_PREFIX_PATH}:/home/hp/ROS2_WS/install/my_robot_controller:/home/hp/ROS2_WS/install/my_exo:/home/hp/ROS2_WS/install/dynamic_tf:/opt/ros/humble /usr/bin/cmake --build /home/hp/ROS2_WS/build/slam_toolbox -- -j8 -l8
