[35m[1mConsolidate compiler generated dependencies of target kartoSlamToolbox[0m
[  0%] Built target slam_toolbox__cpp
[  9%] Built target slam_toolbox__rosidl_generator_c
[  9%] Built target ament_cmake_python_symlink_slam_toolbox
[ 18%] Built target slam_toolbox__rosidl_typesupport_cpp
[ 27%] Built target slam_toolbox__rosidl_typesupport_fastrtps_cpp
[ 36%] Built target slam_toolbox__rosidl_typesupport_introspection_c
[ 45%] Built target slam_toolbox__rosidl_typesupport_introspection_cpp
[ 54%] Built target slam_toolbox__rosidl_typesupport_fastrtps_c
[ 60%] [32mBuilding CXX object lib/karto_sdk/CMakeFiles/kartoSlamToolbox.dir/src/Mapper.cpp.o[0m
[ 64%] Built target slam_toolbox__rosidl_typesupport_c
[ 66%] Built target SlamToolboxPlugin
[ 66%] Built target slam_toolbox
[ 67%] Built target slam_toolbox__py
[ 75%] Built target slam_toolbox__rosidl_generator_py
[ 76%] Built target slam_toolbox__rosidl_typesupport_introspection_c__pyext
[ 77%] Built target slam_toolbox__rosidl_typesupport_fastrtps_c__pyext
[ 78%] Built target slam_toolbox__rosidl_typesupport_c__pyext
running egg_info
writing slam_toolbox.egg-info/PKG-INFO
writing dependency_links to slam_toolbox.egg-info/dependency_links.txt
writing top-level names to slam_toolbox.egg-info/top_level.txt
reading manifest file 'slam_toolbox.egg-info/SOURCES.txt'
writing manifest file 'slam_toolbox.egg-info/SOURCES.txt'
[ 78%] Built target ament_cmake_python_build_slam_toolbox_egg
