[0.902s] Invoking command in '/home/hp/ROS2_WS/build/slam_toolbox': CMAKE_PREFIX_PATH=${CMAKE_PREFIX_PATH}:/home/hp/ROS2_WS/install/my_robot_controller:/home/hp/ROS2_WS/install/my_exo:/home/hp/ROS2_WS/install/dynamic_tf:/opt/ros/humble /usr/bin/cmake --build /home/hp/ROS2_WS/build/slam_toolbox -- -j8 -l8
[0.990s] [35m[1mConsolidate compiler generated dependencies of target kartoSlamToolbox[0m
[1.010s] [  0%] Built target slam_toolbox__cpp
[1.013s] [  9%] Built target slam_toolbox__rosidl_generator_c
[1.021s] [  9%] Built target ament_cmake_python_symlink_slam_toolbox
[1.067s] [ 18%] Built target slam_toolbox__rosidl_typesupport_cpp
[1.075s] [ 19%] [32mBuilding CXX object lib/karto_sdk/CMakeFiles/kartoSlamToolbox.dir/src/Mapper.cpp.o[0m
[1.083s] [ 28%] Built target slam_toolbox__rosidl_typesupport_fastrtps_cpp
[1.093s] [ 37%] Built target slam_toolbox__rosidl_typesupport_introspection_cpp
[1.094s] [ 46%] Built target slam_toolbox__rosidl_typesupport_fastrtps_c
[1.096s] [ 55%] Built target slam_toolbox__rosidl_typesupport_introspection_c
[1.133s] [ 64%] Built target slam_toolbox__rosidl_typesupport_c
[1.141s] [ 66%] Built target SlamToolboxPlugin
[1.176s] [ 66%] Built target slam_toolbox
[1.214s] [ 67%] Built target slam_toolbox__py
[1.268s] [ 75%] Built target slam_toolbox__rosidl_generator_py
[1.314s] [ 76%] Built target slam_toolbox__rosidl_typesupport_c__pyext
[1.317s] [ 77%] Built target slam_toolbox__rosidl_typesupport_introspection_c__pyext
[1.328s] [ 78%] Built target slam_toolbox__rosidl_typesupport_fastrtps_c__pyext
[1.543s] running egg_info
[1.544s] writing slam_toolbox.egg-info/PKG-INFO
[1.544s] writing dependency_links to slam_toolbox.egg-info/dependency_links.txt
[1.545s] writing top-level names to slam_toolbox.egg-info/top_level.txt
[1.548s] reading manifest file 'slam_toolbox.egg-info/SOURCES.txt'
[1.550s] writing manifest file 'slam_toolbox.egg-info/SOURCES.txt'
[1.602s] [ 78%] Built target ament_cmake_python_build_slam_toolbox_egg
[4.951s] [01m[K/home/hp/ROS2_WS/src/slam_toolbox/lib/karto_sdk/src/Mapper.cpp:[m[K In member function ‘[01m[Kvirtual kt_bool karto::Mapper::Process(karto::LocalizedRangeScan*, karto::Matrix3*)[m[K’:
[4.951s] [01m[K/home/hp/ROS2_WS/src/slam_toolbox/lib/karto_sdk/src/Mapper.cpp:2806:29:[m[K [01;31m[Kerror: [m[Kreturn-statement with no value, in function returning ‘[01m[Kkt_bool[m[K’ {aka ‘[01m[Kbool[m[K’} [[01;31m[K]8;;https://gcc.gnu.org/onlinedocs/gcc/Warning-Options.html#index-fpermissive-fpermissive]8;;[m[K]
[4.951s]  2806 |                             [01;31m[Kreturn[m[K;
[4.951s]       |                             [01;31m[K^~~~~~[m[K
[4.955s] [01m[K/home/hp/ROS2_WS/src/slam_toolbox/lib/karto_sdk/src/Mapper.cpp:2882:12:[m[K [01;31m[Kerror: [m[Kexpected ‘[01m[Kcatch[m[K’ before ‘[01m[Kfalse[m[K’
[4.955s]  2882 |     return [01;31m[Kfalse[m[K;
[4.955s]       |            [01;31m[K^~~~~[m[K
[4.955s] [01m[K/home/hp/ROS2_WS/src/slam_toolbox/lib/karto_sdk/src/Mapper.cpp:2882:12:[m[K [01;31m[Kerror: [m[Kexpected ‘[01m[K([m[K’ before ‘[01m[Kfalse[m[K’
[4.955s]  2882 |     return [01;31m[Kf[m[K[32m[Kalse[m[K;
[4.955s]       |            [01;31m[K^[m[K[32m[K~~~~[m[K
[4.955s]       |            [32m[K([m[K
[4.955s] [01m[K/home/hp/ROS2_WS/src/slam_toolbox/lib/karto_sdk/src/Mapper.cpp:2882:12:[m[K [01;31m[Kerror: [m[Kexpected type-specifier before ‘[01m[Kfalse[m[K’
[4.955s]  2882 |     return [01;31m[Kfalse[m[K;
[4.955s]       |            [01;31m[K^~~~~[m[K
[4.955s] [01m[K/home/hp/ROS2_WS/src/slam_toolbox/lib/karto_sdk/src/Mapper.cpp:2882:11:[m[K [01;31m[Kerror: [m[Kexpected ‘[01m[K)[m[K’ before ‘[01m[Kfalse[m[K’
[4.955s]  2882 |     return[01;31m[K [m[K[32m[Kfalse[m[K;
[4.956s]       |           [01;31m[K^[m[K[32m[K~~~~~[m[K
[4.956s]       |           [32m[K)[m[K
[4.956s] [01m[K/home/hp/ROS2_WS/src/slam_toolbox/lib/karto_sdk/src/Mapper.cpp:2882:12:[m[K [01;31m[Kerror: [m[Kexpected ‘[01m[K{[m[K’ before ‘[01m[Kfalse[m[K’
[4.956s]  2882 |     return [01;31m[Kfalse[m[K;
[4.956s]       |            [01;31m[K^~~~~[m[K
[4.956s] [01m[K/home/hp/ROS2_WS/src/slam_toolbox/lib/karto_sdk/src/Mapper.cpp:2885:42:[m[K [01;31m[Kerror: [m[Kqualified-id in declaration before ‘[01m[K([m[K’ token
[4.956s]  2885 | kt_bool Mapper::ProcessAgainstNodesNearBy[01;31m[K([m[KLocalizedRangeScan * pScan, kt_bool addScanToLocalizationBuffer, Matrix3 * covariance)
[4.956s]       |                                          [01;31m[K^[m[K
[4.956s] [01m[K/home/hp/ROS2_WS/src/slam_toolbox/lib/karto_sdk/src/Mapper.cpp:2965:36:[m[K [01;31m[Kerror: [m[Kqualified-id in declaration before ‘[01m[K([m[K’ token
[4.956s]  2965 | kt_bool Mapper::ProcessLocalization[01;31m[K([m[KLocalizedRangeScan * pScan, Matrix3 * covariance)
[4.956s]       |                                    [01;31m[K^[m[K
[4.956s] [01m[K/home/hp/ROS2_WS/src/slam_toolbox/lib/karto_sdk/src/Mapper.cpp:3045:41:[m[K [01;31m[Kerror: [m[Kqualified-id in declaration before ‘[01m[K([m[K’ token
[4.957s]  3045 | void Mapper::AddScanToLocalizationBuffer[01;31m[K([m[KLocalizedRangeScan * pScan, Vertex <LocalizedRangeScan> * scan_vertex)
[4.957s]       |                                         [01;31m[K^[m[K
[4.957s] [01m[K/home/hp/ROS2_WS/src/slam_toolbox/lib/karto_sdk/src/Mapper.cpp:3071:37:[m[K [01;31m[Kerror: [m[Kqualified-id in declaration before ‘[01m[K([m[K’ token
[4.957s]  3071 | void Mapper::ClearLocalizationBuffer[01;31m[K([m[K)
[4.957s]       |                                     [01;31m[K^[m[K
[4.957s] [01m[K/home/hp/ROS2_WS/src/slam_toolbox/lib/karto_sdk/src/Mapper.cpp:3098:36:[m[K [01;31m[Kerror: [m[Kqualified-id in declaration before ‘[01m[K([m[K’ token
[4.957s]  3098 | kt_bool Mapper::RemoveNodeFromGraph[01;31m[K([m[KVertex<LocalizedRangeScan> * vertex_to_remove)
[4.957s]       |                                    [01;31m[K^[m[K
[4.957s] [01m[K/home/hp/ROS2_WS/src/slam_toolbox/lib/karto_sdk/src/Mapper.cpp:3157:35:[m[K [01;31m[Kerror: [m[Kqualified-id in declaration before ‘[01m[K([m[K’ token
[4.957s]  3157 | kt_bool Mapper::ProcessAgainstNode[01;31m[K([m[K
[4.957s]       |                                   [01;31m[K^[m[K
[4.957s] [01m[K/home/hp/ROS2_WS/src/slam_toolbox/lib/karto_sdk/src/Mapper.cpp:3232:30:[m[K [01;31m[Kerror: [m[Kqualified-id in declaration before ‘[01m[K([m[K’ token
[4.957s]  3232 | kt_bool Mapper::ProcessAtDock[01;31m[K([m[KLocalizedRangeScan * pScan, Matrix3 * covariance)
[4.957s]       |                              [01;31m[K^[m[K
[4.957s] [01m[K/home/hp/ROS2_WS/src/slam_toolbox/lib/karto_sdk/src/Mapper.cpp:3244:31:[m[K [01;31m[Kerror: [m[Kqualified-id in declaration before ‘[01m[K([m[K’ token
[4.957s]  3244 | kt_bool Mapper::HasMovedEnough[01;31m[K([m[KLocalizedRangeScan * pScan, LocalizedRangeScan * pLastScan) const
[4.957s]       |                               [01;31m[K^[m[K
[4.958s] [01m[K/home/hp/ROS2_WS/src/slam_toolbox/lib/karto_sdk/src/Mapper.cpp:3281:60:[m[K [01;31m[Kerror: [m[Kqualified-id in declaration before ‘[01m[K([m[K’ token
[4.958s]  3281 | const LocalizedRangeScanVector Mapper::GetAllProcessedScans[01;31m[K([m[K) const
[4.958s]       |                                                            [01;31m[K^[m[K
[4.958s] [01m[K/home/hp/ROS2_WS/src/slam_toolbox/lib/karto_sdk/src/Mapper.cpp:3296:25:[m[K [01;31m[Kerror: [m[Kqualified-id in declaration before ‘[01m[K([m[K’ token
[4.958s]  3296 | void Mapper::AddListener[01;31m[K([m[KMapperListener * pListener)
[4.958s]       |                         [01;31m[K^[m[K
[4.958s] [01m[K/home/hp/ROS2_WS/src/slam_toolbox/lib/karto_sdk/src/Mapper.cpp:3305:28:[m[K [01;31m[Kerror: [m[Kqualified-id in declaration before ‘[01m[K([m[K’ token
[4.958s]  3305 | void Mapper::RemoveListener[01;31m[K([m[KMapperListener * pListener)
[4.958s]       |                            [01;31m[K^[m[K
[4.958s] [01m[K/home/hp/ROS2_WS/src/slam_toolbox/lib/karto_sdk/src/Mapper.cpp:3314:22:[m[K [01;31m[Kerror: [m[Kqualified-id in declaration before ‘[01m[K([m[K’ token
[4.958s]  3314 | void Mapper::FireInfo[01;31m[K([m[Kconst std::string & rInfo) const
[4.958s]       |                      [01;31m[K^[m[K
[4.958s] [01m[K/home/hp/ROS2_WS/src/slam_toolbox/lib/karto_sdk/src/Mapper.cpp:3322:23:[m[K [01;31m[Kerror: [m[Kqualified-id in declaration before ‘[01m[K([m[K’ token
[4.958s]  3322 | void Mapper::FireDebug[01;31m[K([m[Kconst std::string & rInfo) const
[4.958s]       |                       [01;31m[K^[m[K
[4.958s] [01m[K/home/hp/ROS2_WS/src/slam_toolbox/lib/karto_sdk/src/Mapper.cpp:3334:34:[m[K [01;31m[Kerror: [m[Kqualified-id in declaration before ‘[01m[K([m[K’ token
[4.958s]  3334 | void Mapper::FireLoopClosureCheck[01;31m[K([m[Kconst std::string & rInfo) const
[4.958s]       |                                  [01;31m[K^[m[K
[4.958s] [01m[K/home/hp/ROS2_WS/src/slam_toolbox/lib/karto_sdk/src/Mapper.cpp:3346:34:[m[K [01;31m[Kerror: [m[Kqualified-id in declaration before ‘[01m[K([m[K’ token
[4.959s]  3346 | void Mapper::FireBeginLoopClosure[01;31m[K([m[Kconst std::string & rInfo) const
[4.959s]       |                                  [01;31m[K^[m[K
[4.959s] [01m[K/home/hp/ROS2_WS/src/slam_toolbox/lib/karto_sdk/src/Mapper.cpp:3358:32:[m[K [01;31m[Kerror: [m[Kqualified-id in declaration before ‘[01m[K([m[K’ token
[4.959s]  3358 | void Mapper::FireEndLoopClosure[01;31m[K([m[Kconst std::string & rInfo) const
[4.959s]       |                                [01;31m[K^[m[K
[4.959s] [01m[K/home/hp/ROS2_WS/src/slam_toolbox/lib/karto_sdk/src/Mapper.cpp:3370:27:[m[K [01;31m[Kerror: [m[Kqualified-id in declaration before ‘[01m[K([m[K’ token
[4.959s]  3370 | void Mapper::SetScanSolver[01;31m[K([m[KScanSolver * pScanOptimizer)
[4.959s]       |                           [01;31m[K^[m[K
[4.959s] [01m[K/home/hp/ROS2_WS/src/slam_toolbox/lib/karto_sdk/src/Mapper.cpp:3375:35:[m[K [01;31m[Kerror: [m[Kqualified-id in declaration before ‘[01m[K([m[K’ token
[4.959s]  3375 | ScanSolver * Mapper::getScanSolver[01;31m[K([m[K)
[4.959s]       |                                   [01;31m[K^[m[K
[4.959s] [01m[K/home/hp/ROS2_WS/src/slam_toolbox/lib/karto_sdk/src/Mapper.cpp:3380:31:[m[K [01;31m[Kerror: [m[Kqualified-id in declaration before ‘[01m[K([m[K’ token
[4.959s]  3380 | MapperGraph * Mapper::GetGraph[01;31m[K([m[K) const
[4.959s]       |                               [01;31m[K^[m[K
[4.959s] [01m[K/home/hp/ROS2_WS/src/slam_toolbox/lib/karto_sdk/src/Mapper.cpp:3385:47:[m[K [01;31m[Kerror: [m[Kqualified-id in declaration before ‘[01m[K([m[K’ token
[4.959s]  3385 | ScanMatcher * Mapper::GetSequentialScanMatcher[01;31m[K([m[K) const
[4.959s]       |                                               [01;31m[K^[m[K
[4.959s] [01m[K/home/hp/ROS2_WS/src/slam_toolbox/lib/karto_sdk/src/Mapper.cpp:3390:41:[m[K [01;31m[Kerror: [m[Kqualified-id in declaration before ‘[01m[K([m[K’ token
[4.959s]  3390 | ScanMatcher * Mapper::GetLoopScanMatcher[01;31m[K([m[K) const
[4.959s]       |                                         [01;31m[K^[m[K
[4.959s] In file included from [01m[K/home/hp/ROS2_WS/src/slam_toolbox/lib/karto_sdk/include/karto_sdk/Karto.h:31[m[K,
[4.960s]                  from [01m[K/home/hp/ROS2_WS/src/slam_toolbox/lib/karto_sdk/include/karto_sdk/Mapper.h:36[m[K,
[4.960s]                  from [01m[K/home/hp/ROS2_WS/src/slam_toolbox/lib/karto_sdk/src/Mapper.cpp:42[m[K:
[4.960s] [01m[K/home/hp/ROS2_WS/src/slam_toolbox/lib/karto_sdk/src/Mapper.cpp:[m[K At global scope:
[4.960s] [01m[K/home/hp/ROS2_WS/src/slam_toolbox/lib/karto_sdk/src/Mapper.cpp:3395:1:[m[K [01;31m[Kerror: [m[K‘[01m[Kguid_defined[m[K’ is not a class template
[4.960s]  3395 | [01;31m[KBOOST_CLASS_EXPORT[m[K(karto::BreadthFirstTraversal<karto::LocalizedRangeScan>)
[4.960s]       | [01;31m[K^~~~~~~~~~~~~~~~~~[m[K
[4.960s] [01m[K/home/hp/ROS2_WS/src/slam_toolbox/lib/karto_sdk/src/Mapper.cpp:3395:1:[m[K [01;31m[Kerror: [m[K‘[01m[Kkarto::boost::mpl[m[K’ has not been declared
[4.960s]  3395 | [01;31m[KBOOST_CLASS_EXPORT[m[K(karto::BreadthFirstTraversal<karto::LocalizedRangeScan>)
[4.960s]       | [01;31m[K^~~~~~~~~~~~~~~~~~[m[K
[4.960s] [01m[K/home/hp/ROS2_WS/src/slam_toolbox/lib/karto_sdk/src/Mapper.cpp:3395:1:[m[K [01;31m[Kerror: [m[Kexpected ‘[01m[K{[m[K’ before ‘[01m[Ktrue_[m[K’
[4.960s]  3395 | [01;31m[KBOOST_CLASS_EXPORT[m[K(karto::BreadthFirstTraversal<karto::LocalizedRangeScan>)
[4.960s]       | [01;31m[K^~~~~~~~~~~~~~~~~~[m[K
[4.960s] [01m[K/home/hp/ROS2_WS/src/slam_toolbox/lib/karto_sdk/src/Mapper.cpp:3395:1:[m[K [01;31m[Kerror: [m[Kexpected initializer before ‘[01m[K<[m[K’ token
[4.960s]  3395 | [01;31m[KBOOST_CLASS_EXPORT[m[K(karto::BreadthFirstTraversal<karto::LocalizedRangeScan>)
[4.960s]       | [01;31m[K^~~~~~~~~~~~~~~~~~[m[K
[4.961s] [01m[K/home/hp/ROS2_WS/src/slam_toolbox/lib/karto_sdk/src/Mapper.cpp:3395:1:[m[K [01;31m[Kerror: [m[K‘[01m[Kinit_guid[m[K’ is not a class template
[4.961s]  3395 | [01;31m[KBOOST_CLASS_EXPORT[m[K(karto::BreadthFirstTraversal<karto::LocalizedRangeScan>)
[4.961s]       | [01;31m[K^~~~~~~~~~~~~~~~~~[m[K
[4.961s] [01m[K/home/hp/ROS2_WS/src/slam_toolbox/lib/karto_sdk/src/Mapper.cpp:3395:1:[m[K [01;31m[Kerror: [m[Kexplicit specialization of non-template ‘[01m[Kkarto::boost::archive::detail::extra_detail::init_guid[m[K’
[4.961s]  3395 | [01;31m[KBOOST_CLASS_EXPORT[m[K(karto::BreadthFirstTraversal<karto::LocalizedRangeScan>)
[4.961s]       | [01;31m[K^~~~~~~~~~~~~~~~~~[m[K
[4.966s] [01m[K/home/hp/ROS2_WS/src/slam_toolbox/lib/karto_sdk/src/Mapper.cpp:3395:1:[m[K [01;31m[Kerror: [m[K‘[01m[Kguid_initializer[m[K’ does not name a type
[4.967s]  3395 | [01;31m[KBOOST_CLASS_EXPORT[m[K(karto::BreadthFirstTraversal<karto::LocalizedRangeScan>)
[4.967s]       | [01;31m[K^~~~~~~~~~~~~~~~~~[m[K
[4.976s] [01m[K/home/hp/ROS2_WS/src/slam_toolbox/lib/karto_sdk/src/Mapper.cpp:3395:1:[m[K [01;31m[Kerror: [m[K‘[01m[Kguid_initializer[m[K’ does not name a type
[4.976s]  3395 | [01;31m[KBOOST_CLASS_EXPORT[m[K(karto::BreadthFirstTraversal<karto::LocalizedRangeScan>)
[4.976s]       | [01;31m[K^~~~~~~~~~~~~~~~~~[m[K
[4.976s] [01m[K/home/hp/ROS2_WS/src/slam_toolbox/lib/karto_sdk/src/Mapper.cpp:3395:1:[m[K [01;31m[Kerror: [m[Kexpected ‘[01m[K}[m[K’ at end of input
[4.976s]  3395 | [01;31m[KBOOST_CLASS_EXPORT[m[K(karto::BreadthFirstTraversal<karto::LocalizedRangeScan>)
[4.976s]       | [01;31m[K^~~~~~~~~~~~~~~~~~[m[K
[4.976s] [01m[K/home/hp/ROS2_WS/src/slam_toolbox/lib/karto_sdk/src/Mapper.cpp:53:1:[m[K [01;36m[Knote: [m[Kto match this ‘[01m[K{[m[K’
[4.977s]    53 | [01;36m[K{[m[K
[4.977s]       | [01;36m[K^[m[K
[7.796s] [01m[K/home/hp/ROS2_WS/src/slam_toolbox/lib/karto_sdk/src/Mapper.cpp:[m[K In member function ‘[01m[Kvirtual kt_bool karto::Mapper::Process(karto::LocalizedRangeScan*, karto::Matrix3*)[m[K’:
[7.796s] [01m[K/home/hp/ROS2_WS/src/slam_toolbox/lib/karto_sdk/src/Mapper.cpp:3394:1:[m[K [01;35m[Kwarning: [m[Kcontrol reaches end of non-void function [[01;35m[K]8;;https://gcc.gnu.org/onlinedocs/gcc/Warning-Options.html#index-Wreturn-type-Wreturn-type]8;;[m[K]
[7.796s]  3394 | [01;35m[K}[m[K  // namespace karto
[7.796s]       | [01;35m[K^[m[K
[8.766s] gmake[2]: *** [lib/karto_sdk/CMakeFiles/kartoSlamToolbox.dir/build.make:90: lib/karto_sdk/CMakeFiles/kartoSlamToolbox.dir/src/Mapper.cpp.o] Error 1
[8.766s] gmake[1]: *** [CMakeFiles/Makefile2:1045: lib/karto_sdk/CMakeFiles/kartoSlamToolbox.dir/all] Error 2
[8.766s] gmake: *** [Makefile:146: all] Error 2
[8.769s] Invoked command in '/home/hp/ROS2_WS/build/slam_toolbox' returned '2': CMAKE_PREFIX_PATH=${CMAKE_PREFIX_PATH}:/home/hp/ROS2_WS/install/my_robot_controller:/home/hp/ROS2_WS/install/my_exo:/home/hp/ROS2_WS/install/dynamic_tf:/opt/ros/humble /usr/bin/cmake --build /home/hp/ROS2_WS/build/slam_toolbox -- -j8 -l8
