[  0%] Built target slam_toolbox__cpp
[  0%] Built target ament_cmake_python_symlink_slam_toolbox
[  9%] Built target slam_toolbox__rosidl_typesupport_introspection_cpp
[ 18%] Built target slam_toolbox__rosidl_typesupport_fastrtps_cpp
[ 27%] Built target slam_toolbox__rosidl_typesupport_cpp
[ 36%] Built target slam_toolbox__rosidl_generator_c
[ 38%] Built target SlamToolboxPlugin
[ 47%] Built target slam_toolbox__rosidl_typesupport_fastrtps_c
[ 65%] Built target slam_toolbox__rosidl_typesupport_c
[ 65%] Built target slam_toolbox__rosidl_typesupport_introspection_c
[ 65%] Built target slam_toolbox
[35m[1mConsolidate compiler generated dependencies of target kartoSlamToolbox[0m
[ 66%] Built target slam_toolbox__py
[ 67%] [32mBuilding CXX object lib/karto_sdk/CMakeFiles/kartoSlamToolbox.dir/src/Mapper.cpp.o[0m
[ 75%] Built target slam_toolbox__rosidl_generator_py
running egg_info
writing slam_toolbox.egg-info/PKG-INFO
writing dependency_links to slam_toolbox.egg-info/dependency_links.txt
writing top-level names to slam_toolbox.egg-info/top_level.txt
reading manifest file 'slam_toolbox.egg-info/SOURCES.txt'
[ 76%] Built target slam_toolbox__rosidl_typesupport_fastrtps_c__pyext
writing manifest file 'slam_toolbox.egg-info/SOURCES.txt'
[ 77%] Built target slam_toolbox__rosidl_typesupport_introspection_c__pyext
[ 77%] Built target ament_cmake_python_build_slam_toolbox_egg
[ 78%] Built target slam_toolbox__rosidl_typesupport_c__pyext
[ 78%] [32m[1mLinking CXX shared library libkartoSlamToolbox.so[0m
[ 79%] Built target kartoSlamToolbox
[ 79%] [32m[1mLinking CXX shared library libceres_solver_plugin.so[0m
[ 80%] [32m[1mLinking CXX shared library libtoolbox_common.so[0m
[ 81%] Built target ceres_solver_plugin
[ 85%] Built target toolbox_common
[ 86%] [32m[1mLinking CXX shared library liblifelong_slam_toolbox.so[0m
[ 87%] [32m[1mLinking CXX shared library libsync_slam_toolbox.so[0m
[ 88%] [32m[1mLinking CXX executable merge_maps_kinematic[0m
[ 88%] [32m[1mLinking CXX shared library liblocalization_slam_toolbox.so[0m
[ 89%] [32m[1mLinking CXX shared library libasync_slam_toolbox.so[0m
[ 89%] Built target sync_slam_toolbox
/usr/bin/ld: lib/karto_sdk/libkartoSlamToolbox.so: undefined reference to `boost::archive::detail::archive_serializer_map<boost::archive::xml_woarchive>::erase(boost::archive::detail::basic_serializer const*)'
/usr/bin/ld: lib/karto_sdk/libkartoSlamToolbox.so: undefined reference to `boost::archive::detail::archive_serializer_map<boost::archive::xml_wiarchive>::find(boost::serialization::extended_type_info const&)'
/usr/bin/ld: lib/karto_sdk/libkartoSlamToolbox.so: undefined reference to `boost::archive::basic_xml_oarchive<boost::archive::xml_woarchive>::save_override(boost::archive::object_id_type const&)'
/usr/bin/ld: lib/karto_sdk/libkartoSlamToolbox.so: undefined reference to `boost::archive::basic_xml_oarchive<boost::archive::xml_woarchive>::save_end(char const*)'
/usr/bin/ld: lib/karto_sdk/libkartoSlamToolbox.so: undefined reference to `boost::archive::basic_xml_oarchive<boost::archive::xml_woarchive>::end_preamble()'
/usr/bin/ld: lib/karto_sdk/libkartoSlamToolbox.so: undefined reference to `boost::archive::basic_xml_oarchive<boost::archive::xml_woarchive>::save_override(boost::archive::tracking_type const&)'
/usr/bin/ld: lib/karto_sdk/libkartoSlamToolbox.so: undefined reference to `boost::archive::xml_wiarchive_impl<boost::archive::xml_wiarchive>::load(std::__cxx11::basic_string<char, std::char_traits<char>, std::allocator<char> >&)'
/usr/bin/ld: lib/karto_sdk/libkartoSlamToolbox.so: undefined reference to `boost::archive::detail::archive_serializer_map<boost::archive::xml_wiarchive>::insert(boost::archive::detail::basic_serializer const*)'
/usr/bin/ld: lib/karto_sdk/libkartoSlamToolbox.so: undefined reference to `boost::archive::xml_woarchive_impl<boost::archive::xml_woarchive>::xml_woarchive_impl(std::basic_ostream<wchar_t, std::char_traits<wchar_t> >&, unsigned int)'
/usr/bin/ld: lib/karto_sdk/libkartoSlamToolbox.so: undefined reference to `boost::archive::basic_xml_iarchive<boost::archive::xml_wiarchive>::load_start(char const*)'
/usr/bin/ld: lib/karto_sdk/libkartoSlamToolbox.so: undefined reference to `boost::archive::basic_xml_oarchive<boost::archive::xml_woarchive>::save_override(boost::archive::class_id_type const&)'
/usr/bin/ld: lib/karto_sdk/libkartoSlamToolbox.so: undefined reference to `boost::archive::basic_xml_oarchive<boost::archive::xml_woarchive>::save_start(char const*)'
/usr/bin/ld: lib/karto_sdk/libkartoSlamToolbox.so: undefined reference to `boost::archive::detail::archive_serializer_map<boost::archive::xml_woarchive>::find(boost::serialization::extended_type_info const&)'
/usr/bin/ld: lib/karto_sdk/libkartoSlamToolbox.so: undefined reference to `boost::archive::basic_xml_oarchive<boost::archive::xml_woarchive>::save_override(boost::archive::class_id_optional_type const&)'
/usr/bin/ld: lib/karto_sdk/libkartoSlamToolbox.so: undefined reference to `boost::archive::detail::archive_serializer_map<boost::archive::xml_woarchive>::insert(boost::archive::detail::basic_serializer const*)'
/usr/bin/ld: lib/karto_sdk/libkartoSlamToolbox.so: undefined reference to `boost::archive::basic_xml_oarchive<boost::archive::xml_woarchive>::save_override(boost::archive::object_reference_type const&)'
/usr/bin/ld: lib/karto_sdk/libkartoSlamToolbox.so: undefined reference to `boost::archive::basic_xml_iarchive<boost::archive::xml_wiarchive>::load_end(char const*)'
/usr/bin/ld: lib/karto_sdk/libkartoSlamToolbox.so: undefined reference to `boost::archive::basic_xml_oarchive<boost::archive::xml_woarchive>::save_override(boost::archive::version_type const&)'
/usr/bin/ld: lib/karto_sdk/libkartoSlamToolbox.so: undefined reference to `boost::archive::basic_xml_oarchive<boost::archive::xml_woarchive>::init()'
/usr/bin/ld: lib/karto_sdk/libkartoSlamToolbox.so: undefined reference to `boost::archive::basic_xml_oarchive<boost::archive::xml_woarchive>::save_override(boost::archive::class_name_type const&)'
/usr/bin/ld: lib/karto_sdk/libkartoSlamToolbox.so: undefined reference to `boost::archive::detail::archive_serializer_map<boost::archive::xml_wiarchive>::erase(boost::archive::detail::basic_serializer const*)'
/usr/bin/ld: lib/karto_sdk/libkartoSlamToolbox.so: undefined reference to `boost::archive::xml_woarchive_impl<boost::archive::xml_woarchive>::save(std::__cxx11::basic_string<char, std::char_traits<char>, std::allocator<char> > const&)'
/usr/bin/ld: lib/karto_sdk/libkartoSlamToolbox.so: undefined reference to `boost::archive::basic_xml_oarchive<boost::archive::xml_woarchive>::save_override(boost::archive::class_id_reference_type const&)'
/usr/bin/ld: lib/karto_sdk/libkartoSlamToolbox.so: undefined reference to `boost::archive::xml_woarchive_impl<boost::archive::xml_woarchive>::~xml_woarchive_impl()'
[ 90%] Built target localization_slam_toolbox
[ 90%] [32m[1mLinking CXX executable sync_slam_toolbox_node[0m
collect2: error: ld returned 1 exit status
gmake[2]: *** [CMakeFiles/merge_maps_kinematic.dir/build.make:377: merge_maps_kinematic] Error 1
gmake[1]: *** [CMakeFiles/Makefile2:1019: CMakeFiles/merge_maps_kinematic.dir/all] Error 2
gmake[1]: *** Waiting for unfinished jobs....
[ 91%] [32m[1mLinking CXX executable localization_slam_toolbox_node[0m
[ 92%] [32m[1mLinking CXX shared library libmap_and_localization_slam_toolbox.so[0m
[ 93%] Built target lifelong_slam_toolbox
[ 94%] Built target async_slam_toolbox
/usr/bin/ld: lib/karto_sdk/libkartoSlamToolbox.so: undefined reference to `boost::archive::detail::archive_serializer_map<boost::archive::xml_woarchive>::erase(boost::archive::detail::basic_serializer const*)'
/usr/bin/ld: lib/karto_sdk/libkartoSlamToolbox.so: undefined reference to `boost::archive::detail::archive_serializer_map<boost::archive::xml_wiarchive>::find(boost::serialization::extended_type_info const&)'
/usr/bin/ld: lib/karto_sdk/libkartoSlamToolbox.so: undefined reference to `boost::archive::basic_xml_oarchive<boost::archive::xml_woarchive>::save_override(boost::archive::object_id_type const&)'
/usr/bin/ld: lib/karto_sdk/libkartoSlamToolbox.so: undefined reference to `boost::archive::basic_xml_oarchive<boost::archive::xml_woarchive>::save_end(char const*)'
/usr/bin/ld: lib/karto_sdk/libkartoSlamToolbox.so: undefined reference to `boost::archive::basic_xml_oarchive<boost::archive::xml_woarchive>::end_preamble()'
/usr/bin/ld: lib/karto_sdk/libkartoSlamToolbox.so: undefined reference to `boost::archive::basic_xml_oarchive<boost::archive::xml_woarchive>::save_override(boost::archive::tracking_type const&)'
/usr/bin/ld: lib/karto_sdk/libkartoSlamToolbox.so: undefined reference to `boost::archive::xml_wiarchive_impl<boost::archive::xml_wiarchive>::load(std::__cxx11::basic_string<char, std::char_traits<char>, std::allocator<char> >&)'
/usr/bin/ld: lib/karto_sdk/libkartoSlamToolbox.so: undefined reference to `boost::archive::detail::archive_serializer_map<boost::archive::xml_wiarchive>::insert(boost::archive::detail::basic_serializer const*)'
/usr/bin/ld: lib/karto_sdk/libkartoSlamToolbox.so: undefined reference to `boost::archive::xml_woarchive_impl<boost::archive::xml_woarchive>::xml_woarchive_impl(std::basic_ostream<wchar_t, std::char_traits<wchar_t> >&, unsigned int)'
/usr/bin/ld: lib/karto_sdk/libkartoSlamToolbox.so: undefined reference to `boost::archive::basic_xml_iarchive<boost::archive::xml_wiarchive>::load_start(char const*)'
/usr/bin/ld: lib/karto_sdk/libkartoSlamToolbox.so: undefined reference to `boost::archive::basic_xml_oarchive<boost::archive::xml_woarchive>::save_override(boost::archive::class_id_type const&)'
/usr/bin/ld: lib/karto_sdk/libkartoSlamToolbox.so: undefined reference to `boost::archive::basic_xml_oarchive<boost::archive::xml_woarchive>::save_start(char const*)'
/usr/bin/ld: lib/karto_sdk/libkartoSlamToolbox.so: undefined reference to `boost::archive::detail::archive_serializer_map<boost::archive::xml_woarchive>::find(boost::serialization::extended_type_info const&)'
/usr/bin/ld: lib/karto_sdk/libkartoSlamToolbox.so: undefined reference to `boost::archive::basic_xml_oarchive<boost::archive::xml_woarchive>::save_override(boost::archive::class_id_optional_type const&)'
/usr/bin/ld: lib/karto_sdk/libkartoSlamToolbox.so: undefined reference to `boost::archive::detail::archive_serializer_map<boost::archive::xml_woarchive>::insert(boost::archive::detail::basic_serializer const*)'
/usr/bin/ld: lib/karto_sdk/libkartoSlamToolbox.so: undefined reference to `boost::archive::basic_xml_oarchive<boost::archive::xml_woarchive>::save_override(boost::archive::object_reference_type const&)'
/usr/bin/ld: lib/karto_sdk/libkartoSlamToolbox.so: undefined reference to `boost::archive::basic_xml_iarchive<boost::archive::xml_wiarchive>::load_end(char const*)'
/usr/bin/ld: lib/karto_sdk/libkartoSlamToolbox.so: undefined reference to `boost::archive::basic_xml_oarchive<boost::archive::xml_woarchive>::save_override(boost::archive::version_type const&)'
/usr/bin/ld: lib/karto_sdk/libkartoSlamToolbox.so: undefined reference to `boost::archive::basic_xml_oarchive<boost::archive::xml_woarchive>::init()'
/usr/bin/ld: lib/karto_sdk/libkartoSlamToolbox.so: undefined reference to `boost::archive::basic_xml_oarchive<boost::archive::xml_woarchive>::save_override(boost::archive::class_name_type const&)'
/usr/bin/ld: lib/karto_sdk/libkartoSlamToolbox.so: undefined reference to `boost::archive::detail::archive_serializer_map<boost::archive::xml_wiarchive>::erase(boost::archive::detail::basic_serializer const*)'
/usr/bin/ld: lib/karto_sdk/libkartoSlamToolbox.so: undefined reference to `boost::archive::xml_woarchive_impl<boost::archive::xml_woarchive>::save(std::__cxx11::basic_string<char, std::char_traits<char>, std::allocator<char> > const&)'
/usr/bin/ld: lib/karto_sdk/libkartoSlamToolbox.so: undefined reference to `boost::archive::basic_xml_oarchive<boost::archive::xml_woarchive>::save_override(boost::archive::class_id_reference_type const&)'
/usr/bin/ld: lib/karto_sdk/libkartoSlamToolbox.so: undefined reference to `boost::archive::xml_woarchive_impl<boost::archive::xml_woarchive>::~xml_woarchive_impl()'
collect2: error: ld returned 1 exit status
gmake[2]: *** [CMakeFiles/sync_slam_toolbox_node.dir/build.make:378: sync_slam_toolbox_node] Error 1
gmake[1]: *** [CMakeFiles/Makefile2:811: CMakeFiles/sync_slam_toolbox_node.dir/all] Error 2
/usr/bin/ld: lib/karto_sdk/libkartoSlamToolbox.so: undefined reference to `boost::archive::detail::archive_serializer_map<boost::archive::xml_woarchive>::erase(boost::archive::detail::basic_serializer const*)'
/usr/bin/ld: lib/karto_sdk/libkartoSlamToolbox.so: undefined reference to `boost::archive::detail::archive_serializer_map<boost::archive::xml_wiarchive>::find(boost::serialization::extended_type_info const&)'
/usr/bin/ld: lib/karto_sdk/libkartoSlamToolbox.so: undefined reference to `boost::archive::basic_xml_oarchive<boost::archive::xml_woarchive>::save_override(boost::archive::object_id_type const&)'
/usr/bin/ld: lib/karto_sdk/libkartoSlamToolbox.so: undefined reference to `boost::archive::basic_xml_oarchive<boost::archive::xml_woarchive>::save_end(char const*)'
/usr/bin/ld: lib/karto_sdk/libkartoSlamToolbox.so: undefined reference to `boost::archive::basic_xml_oarchive<boost::archive::xml_woarchive>::end_preamble()'
/usr/bin/ld: lib/karto_sdk/libkartoSlamToolbox.so: undefined reference to `boost::archive::basic_xml_oarchive<boost::archive::xml_woarchive>::save_override(boost::archive::tracking_type const&)'
/usr/bin/ld: lib/karto_sdk/libkartoSlamToolbox.so: undefined reference to `boost::archive::xml_wiarchive_impl<boost::archive::xml_wiarchive>::load(std::__cxx11::basic_string<char, std::char_traits<char>, std::allocator<char> >&)'
/usr/bin/ld: lib/karto_sdk/libkartoSlamToolbox.so: undefined reference to `boost::archive::detail::archive_serializer_map<boost::archive::xml_wiarchive>::insert(boost::archive::detail::basic_serializer const*)'
/usr/bin/ld: lib/karto_sdk/libkartoSlamToolbox.so: undefined reference to `boost::archive::xml_woarchive_impl<boost::archive::xml_woarchive>::xml_woarchive_impl(std::basic_ostream<wchar_t, std::char_traits<wchar_t> >&, unsigned int)'
/usr/bin/ld: lib/karto_sdk/libkartoSlamToolbox.so: undefined reference to `boost::archive::basic_xml_iarchive<boost::archive::xml_wiarchive>::load_start(char const*)'
/usr/bin/ld: lib/karto_sdk/libkartoSlamToolbox.so: undefined reference to `boost::archive::basic_xml_oarchive<boost::archive::xml_woarchive>::save_override(boost::archive::class_id_type const&)'
/usr/bin/ld: lib/karto_sdk/libkartoSlamToolbox.so: undefined reference to `boost::archive::basic_xml_oarchive<boost::archive::xml_woarchive>::save_start(char const*)'
/usr/bin/ld: lib/karto_sdk/libkartoSlamToolbox.so: undefined reference to `boost::archive::detail::archive_serializer_map<boost::archive::xml_woarchive>::find(boost::serialization::extended_type_info const&)'
/usr/bin/ld: lib/karto_sdk/libkartoSlamToolbox.so: undefined reference to `boost::archive::basic_xml_oarchive<boost::archive::xml_woarchive>::save_override(boost::archive::class_id_optional_type const&)'
/usr/bin/ld: lib/karto_sdk/libkartoSlamToolbox.so: undefined reference to `boost::archive::detail::archive_serializer_map<boost::archive::xml_woarchive>::insert(boost::archive::detail::basic_serializer const*)'
/usr/bin/ld: lib/karto_sdk/libkartoSlamToolbox.so: undefined reference to `boost::archive::basic_xml_oarchive<boost::archive::xml_woarchive>::save_override(boost::archive::object_reference_type const&)'
/usr/bin/ld: lib/karto_sdk/libkartoSlamToolbox.so: undefined reference to `boost::archive::basic_xml_iarchive<boost::archive::xml_wiarchive>::load_end(char const*)'
/usr/bin/ld: lib/karto_sdk/libkartoSlamToolbox.so: undefined reference to `boost::archive::basic_xml_oarchive<boost::archive::xml_woarchive>::save_override(boost::archive::version_type const&)'
/usr/bin/ld: lib/karto_sdk/libkartoSlamToolbox.so: undefined reference to `boost::archive::basic_xml_oarchive<boost::archive::xml_woarchive>::init()'
/usr/bin/ld: lib/karto_sdk/libkartoSlamToolbox.so: undefined reference to `boost::archive::basic_xml_oarchive<boost::archive::xml_woarchive>::save_override(boost::archive::class_name_type const&)'
/usr/bin/ld: lib/karto_sdk/libkartoSlamToolbox.so: undefined reference to `boost::archive::detail::archive_serializer_map<boost::archive::xml_wiarchive>::erase(boost::archive::detail::basic_serializer const*)'
/usr/bin/ld: lib/karto_sdk/libkartoSlamToolbox.so: undefined reference to `boost::archive::xml_woarchive_impl<boost::archive::xml_woarchive>::save(std::__cxx11::basic_string<char, std::char_traits<char>, std::allocator<char> > const&)'
/usr/bin/ld: lib/karto_sdk/libkartoSlamToolbox.so: undefined reference to `boost::archive::basic_xml_oarchive<boost::archive::xml_woarchive>::save_override(boost::archive::class_id_reference_type const&)'
/usr/bin/ld: lib/karto_sdk/libkartoSlamToolbox.so: undefined reference to `boost::archive::xml_woarchive_impl<boost::archive::xml_woarchive>::~xml_woarchive_impl()'
collect2: error: ld returned 1 exit status
gmake[2]: *** [CMakeFiles/localization_slam_toolbox_node.dir/build.make:378: localization_slam_toolbox_node] Error 1
gmake[1]: *** [CMakeFiles/Makefile2:870: CMakeFiles/localization_slam_toolbox_node.dir/all] Error 2
[ 94%] Built target map_and_localization_slam_toolbox
gmake: *** [Makefile:146: all] Error 2
