/usr/bin/ld: lib/karto_sdk/libkartoSlamToolbox.so: undefined reference to `karto::operator<<(std::ostream&, karto::BoundingBox2 const&)'
/usr/bin/ld: lib/karto_sdk/libkartoSlamToolbox.so: undefined reference to `karto::operator>>(std::istream&, karto::Vector2<double>&)'
/usr/bin/ld: lib/karto_sdk/libkartoSlamToolbox.so: undefined reference to `karto::operator>>(std::istream&, karto::Pose2&)'
/usr/bin/ld: lib/karto_sdk/libkartoSlamToolbox.so: undefined reference to `karto::operator>>(std::istream&, karto::BoundingBox2&)'
collect2: error: ld returned 1 exit status
gmake[2]: *** [CMakeFiles/merge_maps_kinematic.dir/build.make:376: merge_maps_kinematic] Error 1
gmake[1]: *** [CMakeFiles/Makefile2:1019: CMakeFiles/merge_maps_kinematic.dir/all] Error 2
gmake[1]: *** Waiting for unfinished jobs....
/usr/bin/ld: lib/karto_sdk/libkartoSlamToolbox.so: undefined reference to `karto::operator<<(std::ostream&, karto::BoundingBox2 const&)'
/usr/bin/ld: lib/karto_sdk/libkartoSlamToolbox.so: undefined reference to `karto::operator>>(std::istream&, karto::Vector2<double>&)'
/usr/bin/ld: lib/karto_sdk/libkartoSlamToolbox.so: undefined reference to `karto::operator>>(std::istream&, karto::Pose2&)'
/usr/bin/ld: lib/karto_sdk/libkartoSlamToolbox.so: undefined reference to `karto::operator>>(std::istream&, karto::BoundingBox2&)'
collect2: error: ld returned 1 exit status
gmake[2]: *** [CMakeFiles/sync_slam_toolbox_node.dir/build.make:377: sync_slam_toolbox_node] Error 1
gmake[1]: *** [CMakeFiles/Makefile2:811: CMakeFiles/sync_slam_toolbox_node.dir/all] Error 2
/usr/bin/ld: lib/karto_sdk/libkartoSlamToolbox.so: undefined reference to `karto::operator<<(std::ostream&, karto::BoundingBox2 const&)'
/usr/bin/ld: lib/karto_sdk/libkartoSlamToolbox.so: undefined reference to `karto::operator>>(std::istream&, karto::Vector2<double>&)'
/usr/bin/ld: lib/karto_sdk/libkartoSlamToolbox.so: undefined reference to `karto::operator>>(std::istream&, karto::Pose2&)'
/usr/bin/ld: lib/karto_sdk/libkartoSlamToolbox.so: undefined reference to `karto::operator>>(std::istream&, karto::BoundingBox2&)'
collect2: error: ld returned 1 exit status
gmake[2]: *** [CMakeFiles/async_slam_toolbox_node.dir/build.make:377: async_slam_toolbox_node] Error 1
gmake[1]: *** [CMakeFiles/Makefile2:752: CMakeFiles/async_slam_toolbox_node.dir/all] Error 2
/usr/bin/ld: lib/karto_sdk/libkartoSlamToolbox.so: undefined reference to `karto::operator<<(std::ostream&, karto::BoundingBox2 const&)'
/usr/bin/ld: lib/karto_sdk/libkartoSlamToolbox.so: undefined reference to `karto::operator>>(std::istream&, karto::Vector2<double>&)'
/usr/bin/ld: lib/karto_sdk/libkartoSlamToolbox.so: undefined reference to `karto::operator>>(std::istream&, karto::Pose2&)'
/usr/bin/ld: lib/karto_sdk/libkartoSlamToolbox.so: undefined reference to `karto::operator>>(std::istream&, karto::BoundingBox2&)'
collect2: error: ld returned 1 exit status
gmake[2]: *** [CMakeFiles/lifelong_slam_toolbox_node.dir/build.make:377: lifelong_slam_toolbox_node] Error 1
gmake[1]: *** [CMakeFiles/Makefile2:929: CMakeFiles/lifelong_slam_toolbox_node.dir/all] Error 2
gmake: *** [Makefile:146: all] Error 2
