[1.349s] Invoking command in '/home/hp/ROS2_WS/build/my_exo': PYTHONPATH=/home/hp/ROS2_WS/build/my_exo/prefix_override:/home/hp/ROS2_WS/install/my_exo/lib/python3.10/site-packages:${PYTHONPATH} /usr/bin/python3 -W ignore:setup.py install is deprecated setup.py develop --editable --build-directory /home/hp/ROS2_WS/build/my_exo/build --no-deps symlink_data
[1.767s] running develop
[1.997s] running egg_info
[1.997s] creating my_exo.egg-info
[1.997s] writing my_exo.egg-info/PKG-INFO
[1.997s] writing dependency_links to my_exo.egg-info/dependency_links.txt
[1.998s] writing entry points to my_exo.egg-info/entry_points.txt
[1.998s] writing requirements to my_exo.egg-info/requires.txt
[1.998s] writing top-level names to my_exo.egg-info/top_level.txt
[1.998s] writing manifest file 'my_exo.egg-info/SOURCES.txt'
[2.000s] reading manifest file 'my_exo.egg-info/SOURCES.txt'
[2.001s] writing manifest file 'my_exo.egg-info/SOURCES.txt'
[2.003s] running build_ext
[2.003s] Creating /home/hp/ROS2_WS/install/my_exo/lib/python3.10/site-packages/my-exo.egg-link (link to .)
[2.004s] Installing first_node script to /home/hp/ROS2_WS/install/my_exo/lib/my_exo
[2.004s] Installing fourth_node script to /home/hp/ROS2_WS/install/my_exo/lib/my_exo
[2.004s] Installing input_node script to /home/hp/ROS2_WS/install/my_exo/lib/my_exo
[2.004s] Installing second_node script to /home/hp/ROS2_WS/install/my_exo/lib/my_exo
[2.004s] Installing selector_node script to /home/hp/ROS2_WS/install/my_exo/lib/my_exo
[2.005s] Installing third_node script to /home/hp/ROS2_WS/install/my_exo/lib/my_exo
[2.005s] 
[2.005s] Installed /home/hp/ROS2_WS/build/my_exo
[2.005s] running symlink_data
[2.005s] creating /home/hp/ROS2_WS/install/my_exo/share/ament_index
[2.005s] creating /home/hp/ROS2_WS/install/my_exo/share/ament_index/resource_index
[2.006s] creating /home/hp/ROS2_WS/install/my_exo/share/ament_index/resource_index/packages
[2.006s] symbolically linking /home/hp/ROS2_WS/build/my_exo/resource/my_exo -> /home/hp/ROS2_WS/install/my_exo/share/ament_index/resource_index/packages
[2.006s] symbolically linking /home/hp/ROS2_WS/build/my_exo/package.xml -> /home/hp/ROS2_WS/install/my_exo/share/my_exo
[2.063s] Invoked command in '/home/hp/ROS2_WS/build/my_exo' returned '0': PYTHONPATH=/home/hp/ROS2_WS/build/my_exo/prefix_override:/home/hp/ROS2_WS/install/my_exo/lib/python3.10/site-packages:${PYTHONPATH} /usr/bin/python3 -W ignore:setup.py install is deprecated setup.py develop --editable --build-directory /home/hp/ROS2_WS/build/my_exo/build --no-deps symlink_data
