[7.900s] Invoking command in '/home/hp/ROS2_WS/src/build/my_exo': PYTHONPATH=/home/hp/ROS2_WS/src/build/my_exo/prefix_override:/home/hp/ROS2_WS/src/install/my_exo/lib/python3.10/site-packages:${PYTHONPATH} /usr/bin/python3 -W ignore:setup.py install is deprecated setup.py develop --editable --build-directory /home/hp/ROS2_WS/src/build/my_exo/build --no-deps symlink_data
[8.260s] running develop
[8.584s] running egg_info
[8.584s] writing my_exo.egg-info/PKG-INFO
[8.585s] writing dependency_links to my_exo.egg-info/dependency_links.txt
[8.585s] writing entry points to my_exo.egg-info/entry_points.txt
[8.585s] writing requirements to my_exo.egg-info/requires.txt
[8.585s] writing top-level names to my_exo.egg-info/top_level.txt
[8.595s] reading manifest file 'my_exo.egg-info/SOURCES.txt'
[8.626s] writing manifest file 'my_exo.egg-info/SOURCES.txt'
[8.628s] running build_ext
[8.630s] Creating /home/hp/ROS2_WS/src/install/my_exo/lib/python3.10/site-packages/my-exo.egg-link (link to .)
[8.631s] Installing first_node script to /home/hp/ROS2_WS/src/install/my_exo/lib/my_exo
[8.631s] Installing fourth_node script to /home/hp/ROS2_WS/src/install/my_exo/lib/my_exo
[8.633s] Installing input_node script to /home/hp/ROS2_WS/src/install/my_exo/lib/my_exo
[8.633s] Installing second_node script to /home/hp/ROS2_WS/src/install/my_exo/lib/my_exo
[8.633s] Installing selector_node script to /home/hp/ROS2_WS/src/install/my_exo/lib/my_exo
[8.633s] Installing third_node script to /home/hp/ROS2_WS/src/install/my_exo/lib/my_exo
[8.633s] 
[8.634s] Installed /home/hp/ROS2_WS/src/build/my_exo
[8.634s] running symlink_data
[8.713s] Invoked command in '/home/hp/ROS2_WS/src/build/my_exo' returned '0': PYTHONPATH=/home/hp/ROS2_WS/src/build/my_exo/prefix_override:/home/hp/ROS2_WS/src/install/my_exo/lib/python3.10/site-packages:${PYTHONPATH} /usr/bin/python3 -W ignore:setup.py install is deprecated setup.py develop --editable --build-directory /home/hp/ROS2_WS/src/build/my_exo/build --no-deps symlink_data
