[1.344s] Invoking command in '/home/hp/ROS2_WS/src/build/slam_toolbox': CMAKE_PREFIX_PATH=${CMAKE_PREFIX_PATH}:/home/hp/ROS2_WS/install/my_robot_controller:/home/hp/ROS2_WS/install/my_exo:/home/hp/ROS2_WS/install/dynamic_tf:/home/hp/ROS2_WS/src/install/my_robot_controller:/home/hp/ROS2_WS/src/install/my_exo:/home/hp/ROS2_WS/src/install/dynamic_tf:/opt/ros/humble CONDA_PROMPT_MODIFIER=(base) /usr/bin/cmake --build /home/hp/ROS2_WS/src/build/slam_toolbox -- -j8 -l8
[8.357s] [  0%] Built target ament_cmake_python_symlink_slam_toolbox
[8.534s] [  0%] Built target slam_toolbox__cpp
[8.833s] [  9%] Built target slam_toolbox__rosidl_generator_c
[9.070s] [ 18%] Built target slam_toolbox__rosidl_typesupport_fastrtps_cpp
[9.073s] [ 27%] Built target slam_toolbox__rosidl_typesupport_introspection_c
[9.226s] [ 38%] Built target slam_toolbox__rosidl_typesupport_cpp
[9.235s] [ 54%] Built target slam_toolbox__rosidl_typesupport_c
[9.236s] [ 54%] Built target slam_toolbox__rosidl_typesupport_fastrtps_c
[9.467s] [ 63%] Built target slam_toolbox__rosidl_typesupport_introspection_cpp
[9.580s] [ 63%] Built target slam_toolbox
[9.715s] [ 64%] Built target slam_toolbox__py
[11.743s] [ 72%] Built target slam_toolbox__rosidl_generator_py
[11.830s] [ 74%] Built target SlamToolboxPlugin
[11.918s] [ 77%] Built target slam_toolbox__rosidl_typesupport_fastrtps_c__pyext
[11.918s] [ 77%] Built target slam_toolbox__rosidl_typesupport_c__pyext
[11.918s] [ 77%] Built target slam_toolbox__rosidl_typesupport_introspection_c__pyext
[15.376s] [ 78%] [32mBuilding CXX object lib/karto_sdk/CMakeFiles/kartoSlamToolbox.dir/src/Karto.cpp.o[0m
[15.940s] [ 79%] [32mBuilding CXX object lib/karto_sdk/CMakeFiles/kartoSlamToolbox.dir/src/Mapper.cpp.o[0m
[38.165s] running egg_info
[38.199s] writing slam_toolbox.egg-info/PKG-INFO
[38.200s] writing dependency_links to slam_toolbox.egg-info/dependency_links.txt
[38.200s] writing top-level names to slam_toolbox.egg-info/top_level.txt
[38.413s] reading manifest file 'slam_toolbox.egg-info/SOURCES.txt'
[38.446s] writing manifest file 'slam_toolbox.egg-info/SOURCES.txt'
[38.476s] [ 79%] Built target ament_cmake_python_build_slam_toolbox_egg
[62.987s] [ 79%] [32m[1mLinking CXX shared library libkartoSlamToolbox.so[0m
[64.523s] [ 79%] Built target kartoSlamToolbox
[65.038s] [ 80%] [32mBuilding CXX object CMakeFiles/ceres_solver_plugin.dir/solvers/ceres_solver.cpp.o[0m
[65.193s] [ 81%] [32mBuilding CXX object CMakeFiles/toolbox_common.dir/src/slam_toolbox_common.cpp.o[0m
[65.197s] [ 81%] [32mBuilding CXX object CMakeFiles/toolbox_common.dir/src/loop_closure_assistant.cpp.o[0m
[65.200s] [ 82%] [32mBuilding CXX object CMakeFiles/toolbox_common.dir/src/laser_utils.cpp.o[0m
[65.202s] [ 83%] [32mBuilding CXX object CMakeFiles/toolbox_common.dir/src/slam_mapper.cpp.o[0m
[87.300s] [ 83%] [32m[1mLinking CXX shared library libceres_solver_plugin.so[0m
[90.343s] [ 83%] Built target ceres_solver_plugin
[108.471s] [ 84%] [32m[1mLinking CXX shared library libtoolbox_common.so[0m
[109.335s] [ 85%] Built target toolbox_common
[109.635s] [ 86%] [32mBuilding CXX object CMakeFiles/merge_maps_kinematic.dir/src/merge_maps_kinematic.cpp.o[0m
[109.683s] [ 88%] [32mBuilding CXX object CMakeFiles/sync_slam_toolbox.dir/src/slam_toolbox_sync.cpp.o[0m
[109.683s] [ 88%] [32mBuilding CXX object CMakeFiles/async_slam_toolbox.dir/src/slam_toolbox_async.cpp.o[0m
[109.683s] [ 88%] [32mBuilding CXX object CMakeFiles/localization_slam_toolbox.dir/src/slam_toolbox_localization.cpp.o[0m
[109.714s] [ 89%] [32mBuilding CXX object CMakeFiles/lifelong_slam_toolbox.dir/src/experimental/slam_toolbox_lifelong.cpp.o[0m
[128.155s] [ 90%] [32m[1mLinking CXX shared library libasync_slam_toolbox.so[0m
[129.230s] [ 91%] [32m[1mLinking CXX shared library liblifelong_slam_toolbox.so[0m
[129.959s] [ 91%] Built target async_slam_toolbox
[130.196s] [ 91%] [32mBuilding CXX object CMakeFiles/async_slam_toolbox_node.dir/src/slam_toolbox_async_node.cpp.o[0m
[130.832s] [ 91%] Built target lifelong_slam_toolbox
[130.958s] [ 91%] [32mBuilding CXX object CMakeFiles/lifelong_slam_toolbox_node.dir/src/experimental/slam_toolbox_lifelong_node.cpp.o[0m
[140.586s] [ 92%] [32m[1mLinking CXX shared library libsync_slam_toolbox.so[0m
[141.837s] [ 92%] [32m[1mLinking CXX shared library liblocalization_slam_toolbox.so[0m
[142.226s] [ 92%] Built target sync_slam_toolbox
[142.369s] [ 93%] [32mBuilding CXX object CMakeFiles/sync_slam_toolbox_node.dir/src/slam_toolbox_sync_node.cpp.o[0m
[143.084s] [ 93%] Built target localization_slam_toolbox
[143.185s] [ 94%] [32m[1mLinking CXX executable merge_maps_kinematic[0m
[143.193s] [ 95%] [32mBuilding CXX object CMakeFiles/localization_slam_toolbox_node.dir/src/slam_toolbox_localization_node.cpp.o[0m
[143.228s] [ 95%] [32mBuilding CXX object CMakeFiles/map_and_localization_slam_toolbox.dir/src/experimental/slam_toolbox_map_and_localization.cpp.o[0m
[145.216s] [ 95%] Built target merge_maps_kinematic
[150.567s] [ 96%] [32m[1mLinking CXX executable async_slam_toolbox_node[0m
[151.289s] [ 96%] Built target async_slam_toolbox_node
[157.104s] [ 97%] [32m[1mLinking CXX executable lifelong_slam_toolbox_node[0m
[157.842s] [ 97%] Built target lifelong_slam_toolbox_node
[161.326s] [ 98%] [32m[1mLinking CXX executable localization_slam_toolbox_node[0m
[161.937s] [ 98%] Built target localization_slam_toolbox_node
[163.005s] [ 98%] [32m[1mLinking CXX executable sync_slam_toolbox_node[0m
[163.491s] [ 98%] Built target sync_slam_toolbox_node
[169.797s] [ 99%] [32m[1mLinking CXX shared library libmap_and_localization_slam_toolbox.so[0m
[170.355s] [ 99%] Built target map_and_localization_slam_toolbox
[170.491s] [100%] [32mBuilding CXX object CMakeFiles/map_and_localization_slam_toolbox_node.dir/src/experimental/slam_toolbox_map_and_localization_node.cpp.o[0m
[180.991s] [100%] [32m[1mLinking CXX executable map_and_localization_slam_toolbox_node[0m
[181.389s] [100%] Built target map_and_localization_slam_toolbox_node
[181.409s] Invoked command in '/home/hp/ROS2_WS/src/build/slam_toolbox' returned '0': CMAKE_PREFIX_PATH=${CMAKE_PREFIX_PATH}:/home/hp/ROS2_WS/install/my_robot_controller:/home/hp/ROS2_WS/install/my_exo:/home/hp/ROS2_WS/install/dynamic_tf:/home/hp/ROS2_WS/src/install/my_robot_controller:/home/hp/ROS2_WS/src/install/my_exo:/home/hp/ROS2_WS/src/install/dynamic_tf:/opt/ros/humble CONDA_PROMPT_MODIFIER=(base) /usr/bin/cmake --build /home/hp/ROS2_WS/src/build/slam_toolbox -- -j8 -l8
[181.886s] Invoking command in '/home/hp/ROS2_WS/src/build/slam_toolbox': CMAKE_PREFIX_PATH=${CMAKE_PREFIX_PATH}:/home/hp/ROS2_WS/install/my_robot_controller:/home/hp/ROS2_WS/install/my_exo:/home/hp/ROS2_WS/install/dynamic_tf:/home/hp/ROS2_WS/src/install/my_robot_controller:/home/hp/ROS2_WS/src/install/my_exo:/home/hp/ROS2_WS/src/install/dynamic_tf:/opt/ros/humble CONDA_PROMPT_MODIFIER=(base) /usr/bin/cmake --install /home/hp/ROS2_WS/src/build/slam_toolbox
[181.926s] -- Install configuration: "Release"
[181.950s] -- Execute custom install script
[181.998s] -- Up-to-date symlink: /home/hp/ROS2_WS/src/install/slam_toolbox/include//karto_sdk/Karto.h
[181.998s] -- Up-to-date symlink: /home/hp/ROS2_WS/src/install/slam_toolbox/include//karto_sdk/Macros.h
[181.998s] -- Up-to-date symlink: /home/hp/ROS2_WS/src/install/slam_toolbox/include//karto_sdk/Mapper.h
[181.999s] -- Up-to-date symlink: /home/hp/ROS2_WS/src/install/slam_toolbox/include//karto_sdk/Math.h
[181.999s] -- Up-to-date symlink: /home/hp/ROS2_WS/src/install/slam_toolbox/include//karto_sdk/ProcessData.h
[181.999s] -- Up-to-date symlink: /home/hp/ROS2_WS/src/install/slam_toolbox/include//karto_sdk/Types.h
[182.000s] -- Up-to-date symlink: /home/hp/ROS2_WS/src/install/slam_toolbox/include//karto_sdk/nanoflann.hpp
[182.000s] -- Up-to-date symlink: /home/hp/ROS2_WS/src/install/slam_toolbox/include//karto_sdk/nanoflann_adaptors.h
[182.008s] -- Up-to-date symlink: /home/hp/ROS2_WS/src/install/slam_toolbox/share/ament_index/resource_index/rosidl_interfaces/slam_toolbox
[182.014s] -- Up-to-date symlink: /home/hp/ROS2_WS/src/install/slam_toolbox/include/slam_toolbox/slam_toolbox/msg/rosidl_generator_c__visibility_control.h
[182.014s] -- Up-to-date symlink: /home/hp/ROS2_WS/src/install/slam_toolbox/include/slam_toolbox/slam_toolbox/srv/add_submap.h
[182.015s] -- Up-to-date symlink: /home/hp/ROS2_WS/src/install/slam_toolbox/include/slam_toolbox/slam_toolbox/srv/clear.h
[182.015s] -- Up-to-date symlink: /home/hp/ROS2_WS/src/install/slam_toolbox/include/slam_toolbox/slam_toolbox/srv/clear_queue.h
[182.015s] -- Up-to-date symlink: /home/hp/ROS2_WS/src/install/slam_toolbox/include/slam_toolbox/slam_toolbox/srv/deserialize_pose_graph.h
[182.024s] -- Up-to-date symlink: /home/hp/ROS2_WS/src/install/slam_toolbox/include/slam_toolbox/slam_toolbox/srv/detail/add_submap__functions.h
[182.025s] -- Up-to-date symlink: /home/hp/ROS2_WS/src/install/slam_toolbox/include/slam_toolbox/slam_toolbox/srv/detail/add_submap__struct.h
[182.025s] -- Up-to-date symlink: /home/hp/ROS2_WS/src/install/slam_toolbox/include/slam_toolbox/slam_toolbox/srv/detail/add_submap__type_support.h
[182.025s] -- Up-to-date symlink: /home/hp/ROS2_WS/src/install/slam_toolbox/include/slam_toolbox/slam_toolbox/srv/detail/clear__functions.h
[182.035s] -- Up-to-date symlink: /home/hp/ROS2_WS/src/install/slam_toolbox/include/slam_toolbox/slam_toolbox/srv/detail/clear__struct.h
[182.035s] -- Up-to-date symlink: /home/hp/ROS2_WS/src/install/slam_toolbox/include/slam_toolbox/slam_toolbox/srv/detail/clear__type_support.h
[182.036s] -- Up-to-date symlink: /home/hp/ROS2_WS/src/install/slam_toolbox/include/slam_toolbox/slam_toolbox/srv/detail/clear_queue__functions.h
[182.036s] -- Up-to-date symlink: /home/hp/ROS2_WS/src/install/slam_toolbox/include/slam_toolbox/slam_toolbox/srv/detail/clear_queue__struct.h
[182.037s] -- Up-to-date symlink: /home/hp/ROS2_WS/src/install/slam_toolbox/include/slam_toolbox/slam_toolbox/srv/detail/clear_queue__type_support.h
[182.037s] -- Up-to-date symlink: /home/hp/ROS2_WS/src/install/slam_toolbox/include/slam_toolbox/slam_toolbox/srv/detail/deserialize_pose_graph__functions.h
[182.037s] -- Up-to-date symlink: /home/hp/ROS2_WS/src/install/slam_toolbox/include/slam_toolbox/slam_toolbox/srv/detail/deserialize_pose_graph__struct.h
[182.038s] -- Up-to-date symlink: /home/hp/ROS2_WS/src/install/slam_toolbox/include/slam_toolbox/slam_toolbox/srv/detail/deserialize_pose_graph__type_support.h
[182.038s] -- Up-to-date symlink: /home/hp/ROS2_WS/src/install/slam_toolbox/include/slam_toolbox/slam_toolbox/srv/detail/loop_closure__functions.h
[182.039s] -- Up-to-date symlink: /home/hp/ROS2_WS/src/install/slam_toolbox/include/slam_toolbox/slam_toolbox/srv/detail/loop_closure__struct.h
[182.039s] -- Up-to-date symlink: /home/hp/ROS2_WS/src/install/slam_toolbox/include/slam_toolbox/slam_toolbox/srv/detail/loop_closure__type_support.h
[182.039s] -- Up-to-date symlink: /home/hp/ROS2_WS/src/install/slam_toolbox/include/slam_toolbox/slam_toolbox/srv/detail/merge_maps__functions.h
[182.076s] -- Up-to-date symlink: /home/hp/ROS2_WS/src/install/slam_toolbox/include/slam_toolbox/slam_toolbox/srv/detail/merge_maps__struct.h
[182.078s] -- Up-to-date symlink: /home/hp/ROS2_WS/src/install/slam_toolbox/include/slam_toolbox/slam_toolbox/srv/detail/merge_maps__type_support.h
[182.078s] -- Up-to-date symlink: /home/hp/ROS2_WS/src/install/slam_toolbox/include/slam_toolbox/slam_toolbox/srv/detail/pause__functions.h
[182.079s] -- Up-to-date symlink: /home/hp/ROS2_WS/src/install/slam_toolbox/include/slam_toolbox/slam_toolbox/srv/detail/pause__struct.h
[182.079s] -- Up-to-date symlink: /home/hp/ROS2_WS/src/install/slam_toolbox/include/slam_toolbox/slam_toolbox/srv/detail/pause__type_support.h
[182.080s] -- Up-to-date symlink: /home/hp/ROS2_WS/src/install/slam_toolbox/include/slam_toolbox/slam_toolbox/srv/detail/reset__functions.h
[182.080s] -- Up-to-date symlink: /home/hp/ROS2_WS/src/install/slam_toolbox/include/slam_toolbox/slam_toolbox/srv/detail/reset__struct.h
[182.081s] -- Up-to-date symlink: /home/hp/ROS2_WS/src/install/slam_toolbox/include/slam_toolbox/slam_toolbox/srv/detail/reset__type_support.h
[182.081s] -- Up-to-date symlink: /home/hp/ROS2_WS/src/install/slam_toolbox/include/slam_toolbox/slam_toolbox/srv/detail/save_map__functions.h
[182.081s] -- Up-to-date symlink: /home/hp/ROS2_WS/src/install/slam_toolbox/include/slam_toolbox/slam_toolbox/srv/detail/save_map__struct.h
[182.082s] -- Up-to-date symlink: /home/hp/ROS2_WS/src/install/slam_toolbox/include/slam_toolbox/slam_toolbox/srv/detail/save_map__type_support.h
[182.083s] -- Up-to-date symlink: /home/hp/ROS2_WS/src/install/slam_toolbox/include/slam_toolbox/slam_toolbox/srv/detail/serialize_pose_graph__functions.h
[182.083s] -- Up-to-date symlink: /home/hp/ROS2_WS/src/install/slam_toolbox/include/slam_toolbox/slam_toolbox/srv/detail/serialize_pose_graph__struct.h
[182.083s] -- Up-to-date symlink: /home/hp/ROS2_WS/src/install/slam_toolbox/include/slam_toolbox/slam_toolbox/srv/detail/serialize_pose_graph__type_support.h
[182.084s] -- Up-to-date symlink: /home/hp/ROS2_WS/src/install/slam_toolbox/include/slam_toolbox/slam_toolbox/srv/detail/toggle_interactive__functions.h
[182.084s] -- Up-to-date symlink: /home/hp/ROS2_WS/src/install/slam_toolbox/include/slam_toolbox/slam_toolbox/srv/detail/toggle_interactive__struct.h
[182.084s] -- Up-to-date symlink: /home/hp/ROS2_WS/src/install/slam_toolbox/include/slam_toolbox/slam_toolbox/srv/detail/toggle_interactive__type_support.h
[182.085s] -- Up-to-date symlink: /home/hp/ROS2_WS/src/install/slam_toolbox/include/slam_toolbox/slam_toolbox/srv/loop_closure.h
[182.085s] -- Up-to-date symlink: /home/hp/ROS2_WS/src/install/slam_toolbox/include/slam_toolbox/slam_toolbox/srv/merge_maps.h
[182.086s] -- Up-to-date symlink: /home/hp/ROS2_WS/src/install/slam_toolbox/include/slam_toolbox/slam_toolbox/srv/pause.h
[182.086s] -- Up-to-date symlink: /home/hp/ROS2_WS/src/install/slam_toolbox/include/slam_toolbox/slam_toolbox/srv/reset.h
[182.086s] -- Up-to-date symlink: /home/hp/ROS2_WS/src/install/slam_toolbox/include/slam_toolbox/slam_toolbox/srv/save_map.h
[182.087s] -- Up-to-date symlink: /home/hp/ROS2_WS/src/install/slam_toolbox/include/slam_toolbox/slam_toolbox/srv/serialize_pose_graph.h
[182.087s] -- Up-to-date symlink: /home/hp/ROS2_WS/src/install/slam_toolbox/include/slam_toolbox/slam_toolbox/srv/toggle_interactive.h
[182.088s] -- Up-to-date symlink: /home/hp/ROS2_WS/src/install/slam_toolbox/share/slam_toolbox/environment/library_path.sh
[182.088s] -- Up-to-date symlink: /home/hp/ROS2_WS/src/install/slam_toolbox/share/slam_toolbox/environment/library_path.dsv
[182.090s] -- Up-to-date symlink: /home/hp/ROS2_WS/src/install/slam_toolbox/include/slam_toolbox/slam_toolbox/msg/rosidl_typesupport_fastrtps_c__visibility_control.h
[182.091s] -- Up-to-date symlink: /home/hp/ROS2_WS/src/install/slam_toolbox/include/slam_toolbox/slam_toolbox/srv/detail/add_submap__rosidl_typesupport_fastrtps_c.h
[182.091s] -- Up-to-date symlink: /home/hp/ROS2_WS/src/install/slam_toolbox/include/slam_toolbox/slam_toolbox/srv/detail/clear__rosidl_typesupport_fastrtps_c.h
[182.092s] -- Up-to-date symlink: /home/hp/ROS2_WS/src/install/slam_toolbox/include/slam_toolbox/slam_toolbox/srv/detail/clear_queue__rosidl_typesupport_fastrtps_c.h
[182.092s] -- Up-to-date symlink: /home/hp/ROS2_WS/src/install/slam_toolbox/include/slam_toolbox/slam_toolbox/srv/detail/deserialize_pose_graph__rosidl_typesupport_fastrtps_c.h
[182.093s] -- Up-to-date symlink: /home/hp/ROS2_WS/src/install/slam_toolbox/include/slam_toolbox/slam_toolbox/srv/detail/loop_closure__rosidl_typesupport_fastrtps_c.h
[182.093s] -- Up-to-date symlink: /home/hp/ROS2_WS/src/install/slam_toolbox/include/slam_toolbox/slam_toolbox/srv/detail/merge_maps__rosidl_typesupport_fastrtps_c.h
[182.093s] -- Up-to-date symlink: /home/hp/ROS2_WS/src/install/slam_toolbox/include/slam_toolbox/slam_toolbox/srv/detail/pause__rosidl_typesupport_fastrtps_c.h
[182.094s] -- Up-to-date symlink: /home/hp/ROS2_WS/src/install/slam_toolbox/include/slam_toolbox/slam_toolbox/srv/detail/reset__rosidl_typesupport_fastrtps_c.h
[182.094s] -- Up-to-date symlink: /home/hp/ROS2_WS/src/install/slam_toolbox/include/slam_toolbox/slam_toolbox/srv/detail/save_map__rosidl_typesupport_fastrtps_c.h
[182.095s] -- Up-to-date symlink: /home/hp/ROS2_WS/src/install/slam_toolbox/include/slam_toolbox/slam_toolbox/srv/detail/serialize_pose_graph__rosidl_typesupport_fastrtps_c.h
[182.095s] -- Up-to-date symlink: /home/hp/ROS2_WS/src/install/slam_toolbox/include/slam_toolbox/slam_toolbox/srv/detail/toggle_interactive__rosidl_typesupport_fastrtps_c.h
[182.096s] -- Up-to-date symlink: /home/hp/ROS2_WS/src/install/slam_toolbox/include/slam_toolbox/slam_toolbox/srv/add_submap.hpp
[182.097s] -- Up-to-date symlink: /home/hp/ROS2_WS/src/install/slam_toolbox/include/slam_toolbox/slam_toolbox/srv/clear.hpp
[182.097s] -- Up-to-date symlink: /home/hp/ROS2_WS/src/install/slam_toolbox/include/slam_toolbox/slam_toolbox/srv/clear_queue.hpp
[182.098s] -- Up-to-date symlink: /home/hp/ROS2_WS/src/install/slam_toolbox/include/slam_toolbox/slam_toolbox/srv/deserialize_pose_graph.hpp
[182.098s] -- Up-to-date symlink: /home/hp/ROS2_WS/src/install/slam_toolbox/include/slam_toolbox/slam_toolbox/srv/detail/add_submap__builder.hpp
[182.098s] -- Up-to-date symlink: /home/hp/ROS2_WS/src/install/slam_toolbox/include/slam_toolbox/slam_toolbox/srv/detail/add_submap__struct.hpp
[182.098s] -- Up-to-date symlink: /home/hp/ROS2_WS/src/install/slam_toolbox/include/slam_toolbox/slam_toolbox/srv/detail/add_submap__traits.hpp
[182.099s] -- Up-to-date symlink: /home/hp/ROS2_WS/src/install/slam_toolbox/include/slam_toolbox/slam_toolbox/srv/detail/clear__builder.hpp
[182.099s] -- Up-to-date symlink: /home/hp/ROS2_WS/src/install/slam_toolbox/include/slam_toolbox/slam_toolbox/srv/detail/clear__struct.hpp
[182.099s] -- Up-to-date symlink: /home/hp/ROS2_WS/src/install/slam_toolbox/include/slam_toolbox/slam_toolbox/srv/detail/clear__traits.hpp
[182.100s] -- Up-to-date symlink: /home/hp/ROS2_WS/src/install/slam_toolbox/include/slam_toolbox/slam_toolbox/srv/detail/clear_queue__builder.hpp
[182.100s] -- Up-to-date symlink: /home/hp/ROS2_WS/src/install/slam_toolbox/include/slam_toolbox/slam_toolbox/srv/detail/clear_queue__struct.hpp
[182.100s] -- Up-to-date symlink: /home/hp/ROS2_WS/src/install/slam_toolbox/include/slam_toolbox/slam_toolbox/srv/detail/clear_queue__traits.hpp
[182.101s] -- Up-to-date symlink: /home/hp/ROS2_WS/src/install/slam_toolbox/include/slam_toolbox/slam_toolbox/srv/detail/deserialize_pose_graph__builder.hpp
[182.101s] -- Up-to-date symlink: /home/hp/ROS2_WS/src/install/slam_toolbox/include/slam_toolbox/slam_toolbox/srv/detail/deserialize_pose_graph__struct.hpp
[182.101s] -- Up-to-date symlink: /home/hp/ROS2_WS/src/install/slam_toolbox/include/slam_toolbox/slam_toolbox/srv/detail/deserialize_pose_graph__traits.hpp
[182.102s] -- Up-to-date symlink: /home/hp/ROS2_WS/src/install/slam_toolbox/include/slam_toolbox/slam_toolbox/srv/detail/loop_closure__builder.hpp
[182.102s] -- Up-to-date symlink: /home/hp/ROS2_WS/src/install/slam_toolbox/include/slam_toolbox/slam_toolbox/srv/detail/loop_closure__struct.hpp
[182.102s] -- Up-to-date symlink: /home/hp/ROS2_WS/src/install/slam_toolbox/include/slam_toolbox/slam_toolbox/srv/detail/loop_closure__traits.hpp
[182.102s] -- Up-to-date symlink: /home/hp/ROS2_WS/src/install/slam_toolbox/include/slam_toolbox/slam_toolbox/srv/detail/merge_maps__builder.hpp
[182.102s] -- Up-to-date symlink: /home/hp/ROS2_WS/src/install/slam_toolbox/include/slam_toolbox/slam_toolbox/srv/detail/merge_maps__struct.hpp
[182.103s] -- Up-to-date symlink: /home/hp/ROS2_WS/src/install/slam_toolbox/include/slam_toolbox/slam_toolbox/srv/detail/merge_maps__traits.hpp
[182.103s] -- Up-to-date symlink: /home/hp/ROS2_WS/src/install/slam_toolbox/include/slam_toolbox/slam_toolbox/srv/detail/pause__builder.hpp
[182.103s] -- Up-to-date symlink: /home/hp/ROS2_WS/src/install/slam_toolbox/include/slam_toolbox/slam_toolbox/srv/detail/pause__struct.hpp
[182.103s] -- Up-to-date symlink: /home/hp/ROS2_WS/src/install/slam_toolbox/include/slam_toolbox/slam_toolbox/srv/detail/pause__traits.hpp
[182.103s] -- Up-to-date symlink: /home/hp/ROS2_WS/src/install/slam_toolbox/include/slam_toolbox/slam_toolbox/srv/detail/reset__builder.hpp
[182.104s] -- Up-to-date symlink: /home/hp/ROS2_WS/src/install/slam_toolbox/include/slam_toolbox/slam_toolbox/srv/detail/reset__struct.hpp
[182.104s] -- Up-to-date symlink: /home/hp/ROS2_WS/src/install/slam_toolbox/include/slam_toolbox/slam_toolbox/srv/detail/reset__traits.hpp
[182.104s] -- Up-to-date symlink: /home/hp/ROS2_WS/src/install/slam_toolbox/include/slam_toolbox/slam_toolbox/srv/detail/save_map__builder.hpp
[182.104s] -- Up-to-date symlink: /home/hp/ROS2_WS/src/install/slam_toolbox/include/slam_toolbox/slam_toolbox/srv/detail/save_map__struct.hpp
[182.105s] -- Up-to-date symlink: /home/hp/ROS2_WS/src/install/slam_toolbox/include/slam_toolbox/slam_toolbox/srv/detail/save_map__traits.hpp
[182.105s] -- Up-to-date symlink: /home/hp/ROS2_WS/src/install/slam_toolbox/include/slam_toolbox/slam_toolbox/srv/detail/serialize_pose_graph__builder.hpp
[182.105s] -- Up-to-date symlink: /home/hp/ROS2_WS/src/install/slam_toolbox/include/slam_toolbox/slam_toolbox/srv/detail/serialize_pose_graph__struct.hpp
[182.105s] -- Up-to-date symlink: /home/hp/ROS2_WS/src/install/slam_toolbox/include/slam_toolbox/slam_toolbox/srv/detail/serialize_pose_graph__traits.hpp
[182.105s] -- Up-to-date symlink: /home/hp/ROS2_WS/src/install/slam_toolbox/include/slam_toolbox/slam_toolbox/srv/detail/toggle_interactive__builder.hpp
[182.106s] -- Up-to-date symlink: /home/hp/ROS2_WS/src/install/slam_toolbox/include/slam_toolbox/slam_toolbox/srv/detail/toggle_interactive__struct.hpp
[182.106s] -- Up-to-date symlink: /home/hp/ROS2_WS/src/install/slam_toolbox/include/slam_toolbox/slam_toolbox/srv/detail/toggle_interactive__traits.hpp
[182.106s] -- Up-to-date symlink: /home/hp/ROS2_WS/src/install/slam_toolbox/include/slam_toolbox/slam_toolbox/srv/loop_closure.hpp
[182.106s] -- Up-to-date symlink: /home/hp/ROS2_WS/src/install/slam_toolbox/include/slam_toolbox/slam_toolbox/srv/merge_maps.hpp
[182.106s] -- Up-to-date symlink: /home/hp/ROS2_WS/src/install/slam_toolbox/include/slam_toolbox/slam_toolbox/srv/pause.hpp
[182.107s] -- Up-to-date symlink: /home/hp/ROS2_WS/src/install/slam_toolbox/include/slam_toolbox/slam_toolbox/srv/reset.hpp
[182.107s] -- Up-to-date symlink: /home/hp/ROS2_WS/src/install/slam_toolbox/include/slam_toolbox/slam_toolbox/srv/save_map.hpp
[182.107s] -- Up-to-date symlink: /home/hp/ROS2_WS/src/install/slam_toolbox/include/slam_toolbox/slam_toolbox/srv/serialize_pose_graph.hpp
[182.107s] -- Up-to-date symlink: /home/hp/ROS2_WS/src/install/slam_toolbox/include/slam_toolbox/slam_toolbox/srv/toggle_interactive.hpp
[182.108s] -- Up-to-date symlink: /home/hp/ROS2_WS/src/install/slam_toolbox/include/slam_toolbox/slam_toolbox/msg/rosidl_typesupport_fastrtps_cpp__visibility_control.h
[182.108s] -- Up-to-date symlink: /home/hp/ROS2_WS/src/install/slam_toolbox/include/slam_toolbox/slam_toolbox/srv/detail/add_submap__rosidl_typesupport_fastrtps_cpp.hpp
[182.109s] -- Up-to-date symlink: /home/hp/ROS2_WS/src/install/slam_toolbox/include/slam_toolbox/slam_toolbox/srv/detail/clear__rosidl_typesupport_fastrtps_cpp.hpp
[182.109s] -- Up-to-date symlink: /home/hp/ROS2_WS/src/install/slam_toolbox/include/slam_toolbox/slam_toolbox/srv/detail/clear_queue__rosidl_typesupport_fastrtps_cpp.hpp
[182.109s] -- Up-to-date symlink: /home/hp/ROS2_WS/src/install/slam_toolbox/include/slam_toolbox/slam_toolbox/srv/detail/deserialize_pose_graph__rosidl_typesupport_fastrtps_cpp.hpp
[182.109s] -- Up-to-date symlink: /home/hp/ROS2_WS/src/install/slam_toolbox/include/slam_toolbox/slam_toolbox/srv/detail/loop_closure__rosidl_typesupport_fastrtps_cpp.hpp
[182.110s] -- Up-to-date symlink: /home/hp/ROS2_WS/src/install/slam_toolbox/include/slam_toolbox/slam_toolbox/srv/detail/merge_maps__rosidl_typesupport_fastrtps_cpp.hpp
[182.110s] -- Up-to-date symlink: /home/hp/ROS2_WS/src/install/slam_toolbox/include/slam_toolbox/slam_toolbox/srv/detail/pause__rosidl_typesupport_fastrtps_cpp.hpp
[182.124s] -- Up-to-date symlink: /home/hp/ROS2_WS/src/install/slam_toolbox/include/slam_toolbox/slam_toolbox/srv/detail/reset__rosidl_typesupport_fastrtps_cpp.hpp
[182.124s] -- Up-to-date symlink: /home/hp/ROS2_WS/src/install/slam_toolbox/include/slam_toolbox/slam_toolbox/srv/detail/save_map__rosidl_typesupport_fastrtps_cpp.hpp
[182.124s] -- Up-to-date symlink: /home/hp/ROS2_WS/src/install/slam_toolbox/include/slam_toolbox/slam_toolbox/srv/detail/serialize_pose_graph__rosidl_typesupport_fastrtps_cpp.hpp
[182.125s] -- Up-to-date symlink: /home/hp/ROS2_WS/src/install/slam_toolbox/include/slam_toolbox/slam_toolbox/srv/detail/toggle_interactive__rosidl_typesupport_fastrtps_cpp.hpp
[182.126s] -- Up-to-date symlink: /home/hp/ROS2_WS/src/install/slam_toolbox/include/slam_toolbox/slam_toolbox/msg/rosidl_typesupport_introspection_c__visibility_control.h
[182.126s] -- Up-to-date symlink: /home/hp/ROS2_WS/src/install/slam_toolbox/include/slam_toolbox/slam_toolbox/srv/detail/add_submap__rosidl_typesupport_introspection_c.h
[182.127s] -- Up-to-date symlink: /home/hp/ROS2_WS/src/install/slam_toolbox/include/slam_toolbox/slam_toolbox/srv/detail/clear__rosidl_typesupport_introspection_c.h
[182.127s] -- Up-to-date symlink: /home/hp/ROS2_WS/src/install/slam_toolbox/include/slam_toolbox/slam_toolbox/srv/detail/clear_queue__rosidl_typesupport_introspection_c.h
[182.127s] -- Up-to-date symlink: /home/hp/ROS2_WS/src/install/slam_toolbox/include/slam_toolbox/slam_toolbox/srv/detail/deserialize_pose_graph__rosidl_typesupport_introspection_c.h
[182.128s] -- Up-to-date symlink: /home/hp/ROS2_WS/src/install/slam_toolbox/include/slam_toolbox/slam_toolbox/srv/detail/loop_closure__rosidl_typesupport_introspection_c.h
[182.128s] -- Up-to-date symlink: /home/hp/ROS2_WS/src/install/slam_toolbox/include/slam_toolbox/slam_toolbox/srv/detail/merge_maps__rosidl_typesupport_introspection_c.h
[182.129s] -- Up-to-date symlink: /home/hp/ROS2_WS/src/install/slam_toolbox/include/slam_toolbox/slam_toolbox/srv/detail/pause__rosidl_typesupport_introspection_c.h
[182.129s] -- Up-to-date symlink: /home/hp/ROS2_WS/src/install/slam_toolbox/include/slam_toolbox/slam_toolbox/srv/detail/reset__rosidl_typesupport_introspection_c.h
[182.130s] -- Up-to-date symlink: /home/hp/ROS2_WS/src/install/slam_toolbox/include/slam_toolbox/slam_toolbox/srv/detail/save_map__rosidl_typesupport_introspection_c.h
[182.130s] -- Up-to-date symlink: /home/hp/ROS2_WS/src/install/slam_toolbox/include/slam_toolbox/slam_toolbox/srv/detail/serialize_pose_graph__rosidl_typesupport_introspection_c.h
[182.131s] -- Up-to-date symlink: /home/hp/ROS2_WS/src/install/slam_toolbox/include/slam_toolbox/slam_toolbox/srv/detail/toggle_interactive__rosidl_typesupport_introspection_c.h
[182.132s] -- Up-to-date symlink: /home/hp/ROS2_WS/src/install/slam_toolbox/include/slam_toolbox/slam_toolbox/srv/detail/add_submap__rosidl_typesupport_introspection_cpp.hpp
[182.132s] -- Up-to-date symlink: /home/hp/ROS2_WS/src/install/slam_toolbox/include/slam_toolbox/slam_toolbox/srv/detail/clear__rosidl_typesupport_introspection_cpp.hpp
[182.132s] -- Up-to-date symlink: /home/hp/ROS2_WS/src/install/slam_toolbox/include/slam_toolbox/slam_toolbox/srv/detail/clear_queue__rosidl_typesupport_introspection_cpp.hpp
[182.133s] -- Up-to-date symlink: /home/hp/ROS2_WS/src/install/slam_toolbox/include/slam_toolbox/slam_toolbox/srv/detail/deserialize_pose_graph__rosidl_typesupport_introspection_cpp.hpp
[182.133s] -- Up-to-date symlink: /home/hp/ROS2_WS/src/install/slam_toolbox/include/slam_toolbox/slam_toolbox/srv/detail/loop_closure__rosidl_typesupport_introspection_cpp.hpp
[182.133s] -- Up-to-date symlink: /home/hp/ROS2_WS/src/install/slam_toolbox/include/slam_toolbox/slam_toolbox/srv/detail/merge_maps__rosidl_typesupport_introspection_cpp.hpp
[182.134s] -- Up-to-date symlink: /home/hp/ROS2_WS/src/install/slam_toolbox/include/slam_toolbox/slam_toolbox/srv/detail/pause__rosidl_typesupport_introspection_cpp.hpp
[182.134s] -- Up-to-date symlink: /home/hp/ROS2_WS/src/install/slam_toolbox/include/slam_toolbox/slam_toolbox/srv/detail/reset__rosidl_typesupport_introspection_cpp.hpp
[182.134s] -- Up-to-date symlink: /home/hp/ROS2_WS/src/install/slam_toolbox/include/slam_toolbox/slam_toolbox/srv/detail/save_map__rosidl_typesupport_introspection_cpp.hpp
[182.135s] -- Up-to-date symlink: /home/hp/ROS2_WS/src/install/slam_toolbox/include/slam_toolbox/slam_toolbox/srv/detail/serialize_pose_graph__rosidl_typesupport_introspection_cpp.hpp
[182.135s] -- Up-to-date symlink: /home/hp/ROS2_WS/src/install/slam_toolbox/include/slam_toolbox/slam_toolbox/srv/detail/toggle_interactive__rosidl_typesupport_introspection_cpp.hpp
[182.135s] -- Up-to-date symlink: /home/hp/ROS2_WS/src/install/slam_toolbox/share/slam_toolbox/environment/pythonpath.sh
[182.136s] -- Up-to-date symlink: /home/hp/ROS2_WS/src/install/slam_toolbox/share/slam_toolbox/environment/pythonpath.dsv
[182.136s] -- Up-to-date symlink: /home/hp/ROS2_WS/src/install/slam_toolbox/lib/python3.11/site-packages/slam_toolbox-2.7.0-py3.11.egg-info/PKG-INFO
[182.137s] -- Up-to-date symlink: /home/hp/ROS2_WS/src/install/slam_toolbox/lib/python3.11/site-packages/slam_toolbox-2.7.0-py3.11.egg-info/SOURCES.txt
[182.137s] -- Up-to-date symlink: /home/hp/ROS2_WS/src/install/slam_toolbox/lib/python3.11/site-packages/slam_toolbox-2.7.0-py3.11.egg-info/dependency_links.txt
[182.137s] -- Up-to-date symlink: /home/hp/ROS2_WS/src/install/slam_toolbox/lib/python3.11/site-packages/slam_toolbox-2.7.0-py3.11.egg-info/top_level.txt
[182.138s] -- Up-to-date symlink: /home/hp/ROS2_WS/src/install/slam_toolbox/lib/python3.11/site-packages/slam_toolbox/__init__.py
[182.139s] -- Up-to-date symlink: /home/hp/ROS2_WS/src/install/slam_toolbox/lib/python3.11/site-packages/slam_toolbox/_slam_toolbox_s.ep.rosidl_typesupport_c.c
[182.139s] -- Up-to-date symlink: /home/hp/ROS2_WS/src/install/slam_toolbox/lib/python3.11/site-packages/slam_toolbox/_slam_toolbox_s.ep.rosidl_typesupport_fastrtps_c.c
[182.139s] -- Up-to-date symlink: /home/hp/ROS2_WS/src/install/slam_toolbox/lib/python3.11/site-packages/slam_toolbox/_slam_toolbox_s.ep.rosidl_typesupport_introspection_c.c
[182.140s] -- Up-to-date symlink: /home/hp/ROS2_WS/src/install/slam_toolbox/lib/python3.11/site-packages/slam_toolbox/libslam_toolbox__rosidl_generator_py.so
[182.140s] -- Up-to-date symlink: /home/hp/ROS2_WS/src/install/slam_toolbox/lib/python3.11/site-packages/slam_toolbox/slam_toolbox_s__rosidl_typesupport_c.cpython-311-x86_64-linux-gnu.so
[182.140s] -- Up-to-date symlink: /home/hp/ROS2_WS/src/install/slam_toolbox/lib/python3.11/site-packages/slam_toolbox/slam_toolbox_s__rosidl_typesupport_fastrtps_c.cpython-311-x86_64-linux-gnu.so
[182.141s] -- Up-to-date symlink: /home/hp/ROS2_WS/src/install/slam_toolbox/lib/python3.11/site-packages/slam_toolbox/slam_toolbox_s__rosidl_typesupport_introspection_c.cpython-311-x86_64-linux-gnu.so
[182.141s] -- Up-to-date symlink: /home/hp/ROS2_WS/src/install/slam_toolbox/lib/python3.11/site-packages/slam_toolbox/srv/__init__.py
[182.141s] -- Up-to-date symlink: /home/hp/ROS2_WS/src/install/slam_toolbox/lib/python3.11/site-packages/slam_toolbox/srv/_add_submap.py
[182.141s] -- Up-to-date symlink: /home/hp/ROS2_WS/src/install/slam_toolbox/lib/python3.11/site-packages/slam_toolbox/srv/_add_submap_s.c
[182.142s] -- Up-to-date symlink: /home/hp/ROS2_WS/src/install/slam_toolbox/lib/python3.11/site-packages/slam_toolbox/srv/_clear.py
[182.142s] -- Up-to-date symlink: /home/hp/ROS2_WS/src/install/slam_toolbox/lib/python3.11/site-packages/slam_toolbox/srv/_clear_queue.py
[182.142s] -- Up-to-date symlink: /home/hp/ROS2_WS/src/install/slam_toolbox/lib/python3.11/site-packages/slam_toolbox/srv/_clear_queue_s.c
[182.142s] -- Up-to-date symlink: /home/hp/ROS2_WS/src/install/slam_toolbox/lib/python3.11/site-packages/slam_toolbox/srv/_clear_s.c
[182.143s] -- Up-to-date symlink: /home/hp/ROS2_WS/src/install/slam_toolbox/lib/python3.11/site-packages/slam_toolbox/srv/_deserialize_pose_graph.py
[182.143s] -- Up-to-date symlink: /home/hp/ROS2_WS/src/install/slam_toolbox/lib/python3.11/site-packages/slam_toolbox/srv/_deserialize_pose_graph_s.c
[182.143s] -- Up-to-date symlink: /home/hp/ROS2_WS/src/install/slam_toolbox/lib/python3.11/site-packages/slam_toolbox/srv/_loop_closure.py
[182.143s] -- Up-to-date symlink: /home/hp/ROS2_WS/src/install/slam_toolbox/lib/python3.11/site-packages/slam_toolbox/srv/_loop_closure_s.c
[182.144s] -- Up-to-date symlink: /home/hp/ROS2_WS/src/install/slam_toolbox/lib/python3.11/site-packages/slam_toolbox/srv/_merge_maps.py
[182.144s] -- Up-to-date symlink: /home/hp/ROS2_WS/src/install/slam_toolbox/lib/python3.11/site-packages/slam_toolbox/srv/_merge_maps_s.c
[182.144s] -- Up-to-date symlink: /home/hp/ROS2_WS/src/install/slam_toolbox/lib/python3.11/site-packages/slam_toolbox/srv/_pause.py
[182.144s] -- Up-to-date symlink: /home/hp/ROS2_WS/src/install/slam_toolbox/lib/python3.11/site-packages/slam_toolbox/srv/_pause_s.c
[182.144s] -- Up-to-date symlink: /home/hp/ROS2_WS/src/install/slam_toolbox/lib/python3.11/site-packages/slam_toolbox/srv/_reset.py
[182.145s] -- Up-to-date symlink: /home/hp/ROS2_WS/src/install/slam_toolbox/lib/python3.11/site-packages/slam_toolbox/srv/_reset_s.c
[182.145s] -- Up-to-date symlink: /home/hp/ROS2_WS/src/install/slam_toolbox/lib/python3.11/site-packages/slam_toolbox/srv/_save_map.py
[182.145s] -- Up-to-date symlink: /home/hp/ROS2_WS/src/install/slam_toolbox/lib/python3.11/site-packages/slam_toolbox/srv/_save_map_s.c
[182.145s] -- Up-to-date symlink: /home/hp/ROS2_WS/src/install/slam_toolbox/lib/python3.11/site-packages/slam_toolbox/srv/_serialize_pose_graph.py
[182.145s] -- Up-to-date symlink: /home/hp/ROS2_WS/src/install/slam_toolbox/lib/python3.11/site-packages/slam_toolbox/srv/_serialize_pose_graph_s.c
[182.146s] -- Up-to-date symlink: /home/hp/ROS2_WS/src/install/slam_toolbox/lib/python3.11/site-packages/slam_toolbox/srv/_toggle_interactive.py
[182.146s] -- Up-to-date symlink: /home/hp/ROS2_WS/src/install/slam_toolbox/lib/python3.11/site-packages/slam_toolbox/srv/_toggle_interactive_s.c
[182.164s] -- Up-to-date symlink: /home/hp/ROS2_WS/src/install/slam_toolbox/lib/python3.11/site-packages/slam_toolbox/slam_toolbox_s__rosidl_typesupport_fastrtps_c.cpython-311-x86_64-linux-gnu.so
[182.165s] -- Up-to-date symlink: /home/hp/ROS2_WS/src/install/slam_toolbox/lib/python3.11/site-packages/slam_toolbox/slam_toolbox_s__rosidl_typesupport_introspection_c.cpython-311-x86_64-linux-gnu.so
[182.165s] -- Up-to-date symlink: /home/hp/ROS2_WS/src/install/slam_toolbox/lib/python3.11/site-packages/slam_toolbox/slam_toolbox_s__rosidl_typesupport_c.cpython-311-x86_64-linux-gnu.so
[182.166s] -- Up-to-date symlink: /home/hp/ROS2_WS/src/install/slam_toolbox/share/slam_toolbox/srv/Pause.idl
[182.166s] -- Up-to-date symlink: /home/hp/ROS2_WS/src/install/slam_toolbox/share/slam_toolbox/srv/Reset.idl
[182.167s] -- Up-to-date symlink: /home/hp/ROS2_WS/src/install/slam_toolbox/share/slam_toolbox/srv/ClearQueue.idl
[182.167s] -- Up-to-date symlink: /home/hp/ROS2_WS/src/install/slam_toolbox/share/slam_toolbox/srv/ToggleInteractive.idl
[182.168s] -- Up-to-date symlink: /home/hp/ROS2_WS/src/install/slam_toolbox/share/slam_toolbox/srv/Clear.idl
[182.168s] -- Up-to-date symlink: /home/hp/ROS2_WS/src/install/slam_toolbox/share/slam_toolbox/srv/SaveMap.idl
[182.169s] -- Up-to-date symlink: /home/hp/ROS2_WS/src/install/slam_toolbox/share/slam_toolbox/srv/LoopClosure.idl
[182.170s] -- Up-to-date symlink: /home/hp/ROS2_WS/src/install/slam_toolbox/share/slam_toolbox/srv/MergeMaps.idl
[182.170s] -- Up-to-date symlink: /home/hp/ROS2_WS/src/install/slam_toolbox/share/slam_toolbox/srv/AddSubmap.idl
[182.171s] -- Up-to-date symlink: /home/hp/ROS2_WS/src/install/slam_toolbox/share/slam_toolbox/srv/DeserializePoseGraph.idl
[182.171s] -- Up-to-date symlink: /home/hp/ROS2_WS/src/install/slam_toolbox/share/slam_toolbox/srv/SerializePoseGraph.idl
[182.171s] -- Up-to-date symlink: /home/hp/ROS2_WS/src/install/slam_toolbox/share/slam_toolbox/srvs/Pause.srv
[182.172s] -- Up-to-date symlink: /home/hp/ROS2_WS/src/install/slam_toolbox/share/slam_toolbox/srvs/Pause_Request.msg
[182.172s] -- Up-to-date symlink: /home/hp/ROS2_WS/src/install/slam_toolbox/share/slam_toolbox/srvs/Pause_Response.msg
[182.173s] -- Up-to-date symlink: /home/hp/ROS2_WS/src/install/slam_toolbox/share/slam_toolbox/srvs/Reset.srv
[182.173s] -- Up-to-date symlink: /home/hp/ROS2_WS/src/install/slam_toolbox/share/slam_toolbox/srvs/Reset_Request.msg
[182.174s] -- Up-to-date symlink: /home/hp/ROS2_WS/src/install/slam_toolbox/share/slam_toolbox/srvs/Reset_Response.msg
[182.174s] -- Up-to-date symlink: /home/hp/ROS2_WS/src/install/slam_toolbox/share/slam_toolbox/srvs/ClearQueue.srv
[182.174s] -- Up-to-date symlink: /home/hp/ROS2_WS/src/install/slam_toolbox/share/slam_toolbox/srvs/ClearQueue_Request.msg
[182.175s] -- Up-to-date symlink: /home/hp/ROS2_WS/src/install/slam_toolbox/share/slam_toolbox/srvs/ClearQueue_Response.msg
[182.175s] -- Up-to-date symlink: /home/hp/ROS2_WS/src/install/slam_toolbox/share/slam_toolbox/srvs/ToggleInteractive.srv
[182.176s] -- Up-to-date symlink: /home/hp/ROS2_WS/src/install/slam_toolbox/share/slam_toolbox/srvs/ToggleInteractive_Request.msg
[182.176s] -- Up-to-date symlink: /home/hp/ROS2_WS/src/install/slam_toolbox/share/slam_toolbox/srvs/ToggleInteractive_Response.msg
[182.176s] -- Up-to-date symlink: /home/hp/ROS2_WS/src/install/slam_toolbox/share/slam_toolbox/srvs/Clear.srv
[182.177s] -- Up-to-date symlink: /home/hp/ROS2_WS/src/install/slam_toolbox/share/slam_toolbox/srvs/Clear_Request.msg
[182.177s] -- Up-to-date symlink: /home/hp/ROS2_WS/src/install/slam_toolbox/share/slam_toolbox/srvs/Clear_Response.msg
[182.177s] -- Up-to-date symlink: /home/hp/ROS2_WS/src/install/slam_toolbox/share/slam_toolbox/srvs/SaveMap.srv
[182.178s] -- Up-to-date symlink: /home/hp/ROS2_WS/src/install/slam_toolbox/share/slam_toolbox/srvs/SaveMap_Request.msg
[182.178s] -- Up-to-date symlink: /home/hp/ROS2_WS/src/install/slam_toolbox/share/slam_toolbox/srvs/SaveMap_Response.msg
[182.178s] -- Up-to-date symlink: /home/hp/ROS2_WS/src/install/slam_toolbox/share/slam_toolbox/srvs/LoopClosure.srv
[182.179s] -- Up-to-date symlink: /home/hp/ROS2_WS/src/install/slam_toolbox/share/slam_toolbox/srvs/LoopClosure_Request.msg
[182.179s] -- Up-to-date symlink: /home/hp/ROS2_WS/src/install/slam_toolbox/share/slam_toolbox/srvs/LoopClosure_Response.msg
[182.179s] -- Up-to-date symlink: /home/hp/ROS2_WS/src/install/slam_toolbox/share/slam_toolbox/srvs/MergeMaps.srv
[182.194s] -- Up-to-date symlink: /home/hp/ROS2_WS/src/install/slam_toolbox/share/slam_toolbox/srvs/MergeMaps_Request.msg
[182.195s] -- Up-to-date symlink: /home/hp/ROS2_WS/src/install/slam_toolbox/share/slam_toolbox/srvs/MergeMaps_Response.msg
[182.195s] -- Up-to-date symlink: /home/hp/ROS2_WS/src/install/slam_toolbox/share/slam_toolbox/srvs/AddSubmap.srv
[182.196s] -- Up-to-date symlink: /home/hp/ROS2_WS/src/install/slam_toolbox/share/slam_toolbox/srvs/AddSubmap_Request.msg
[182.196s] -- Up-to-date symlink: /home/hp/ROS2_WS/src/install/slam_toolbox/share/slam_toolbox/srvs/AddSubmap_Response.msg
[182.197s] -- Up-to-date symlink: /home/hp/ROS2_WS/src/install/slam_toolbox/share/slam_toolbox/srvs/DeserializePoseGraph.srv
[182.197s] -- Up-to-date symlink: /home/hp/ROS2_WS/src/install/slam_toolbox/share/slam_toolbox/srvs/DeserializePoseGraph_Request.msg
[182.198s] -- Up-to-date symlink: /home/hp/ROS2_WS/src/install/slam_toolbox/share/slam_toolbox/srvs/DeserializePoseGraph_Response.msg
[182.198s] -- Up-to-date symlink: /home/hp/ROS2_WS/src/install/slam_toolbox/share/slam_toolbox/srvs/SerializePoseGraph.srv
[182.198s] -- Up-to-date symlink: /home/hp/ROS2_WS/src/install/slam_toolbox/share/slam_toolbox/srvs/SerializePoseGraph_Request.msg
[182.199s] -- Up-to-date symlink: /home/hp/ROS2_WS/src/install/slam_toolbox/share/slam_toolbox/srvs/SerializePoseGraph_Response.msg
[182.199s] -- Up-to-date symlink: /home/hp/ROS2_WS/src/install/slam_toolbox/share/slam_toolbox//rviz_plugins.xml
[182.199s] -- Up-to-date symlink: /home/hp/ROS2_WS/src/install/slam_toolbox/share/slam_toolbox//solver_plugins.xml
[182.201s] -- Up-to-date symlink: /home/hp/ROS2_WS/src/install/slam_toolbox/lib/slam_toolbox/async_slam_toolbox_node
[182.201s] -- Up-to-date symlink: /home/hp/ROS2_WS/src/install/slam_toolbox/lib/slam_toolbox/sync_slam_toolbox_node
[182.201s] -- Up-to-date symlink: /home/hp/ROS2_WS/src/install/slam_toolbox/lib/slam_toolbox/localization_slam_toolbox_node
[182.202s] -- Up-to-date symlink: /home/hp/ROS2_WS/src/install/slam_toolbox/lib/slam_toolbox/map_and_localization_slam_toolbox_node
[182.202s] -- Up-to-date symlink: /home/hp/ROS2_WS/src/install/slam_toolbox/lib/slam_toolbox/lifelong_slam_toolbox_node
[182.203s] -- Up-to-date symlink: /home/hp/ROS2_WS/src/install/slam_toolbox/lib/slam_toolbox/merge_maps_kinematic
[182.203s] -- Up-to-date symlink: /home/hp/ROS2_WS/src/install/slam_toolbox/lib/libtoolbox_common.so
[182.203s] -- Up-to-date symlink: /home/hp/ROS2_WS/src/install/slam_toolbox/lib/libSlamToolboxPlugin.so
[182.204s] -- Up-to-date symlink: /home/hp/ROS2_WS/src/install/slam_toolbox/lib/libceres_solver_plugin.so
[182.204s] -- Up-to-date symlink: /home/hp/ROS2_WS/src/install/slam_toolbox/lib/libasync_slam_toolbox.so
[182.204s] -- Up-to-date symlink: /home/hp/ROS2_WS/src/install/slam_toolbox/lib/libsync_slam_toolbox.so
[182.205s] -- Up-to-date symlink: /home/hp/ROS2_WS/src/install/slam_toolbox/lib/liblocalization_slam_toolbox.so
[182.205s] -- Up-to-date symlink: /home/hp/ROS2_WS/src/install/slam_toolbox/lib/liblifelong_slam_toolbox.so
[182.205s] -- Up-to-date symlink: /home/hp/ROS2_WS/src/install/slam_toolbox/lib/libmap_and_localization_slam_toolbox.so
[182.206s] -- Up-to-date symlink: /home/hp/ROS2_WS/src/install/slam_toolbox/lib/libkartoSlamToolbox.so
[182.207s] -- Up-to-date symlink: /home/hp/ROS2_WS/src/install/slam_toolbox/include/slam_toolbox/experimental/slam_toolbox_lifelong.hpp
[182.207s] -- Up-to-date symlink: /home/hp/ROS2_WS/src/install/slam_toolbox/include/slam_toolbox/experimental/slam_toolbox_map_and_localization.hpp
[182.207s] -- Up-to-date symlink: /home/hp/ROS2_WS/src/install/slam_toolbox/include/slam_toolbox/get_pose_helper.hpp
[182.207s] -- Up-to-date symlink: /home/hp/ROS2_WS/src/install/slam_toolbox/include/slam_toolbox/laser_utils.hpp
[182.207s] -- Up-to-date symlink: /home/hp/ROS2_WS/src/install/slam_toolbox/include/slam_toolbox/loop_closure_assistant.hpp
[182.207s] -- Up-to-date symlink: /home/hp/ROS2_WS/src/install/slam_toolbox/include/slam_toolbox/map_saver.hpp
[182.208s] -- Up-to-date symlink: /home/hp/ROS2_WS/src/install/slam_toolbox/include/slam_toolbox/merge_maps_kinematic.hpp
[182.208s] -- Up-to-date symlink: /home/hp/ROS2_WS/src/install/slam_toolbox/include/slam_toolbox/serialization.hpp
[182.208s] -- Up-to-date symlink: /home/hp/ROS2_WS/src/install/slam_toolbox/include/slam_toolbox/slam_mapper.hpp
[182.208s] -- Up-to-date symlink: /home/hp/ROS2_WS/src/install/slam_toolbox/include/slam_toolbox/slam_toolbox_async.hpp
[182.208s] -- Up-to-date symlink: /home/hp/ROS2_WS/src/install/slam_toolbox/include/slam_toolbox/slam_toolbox_common.hpp
[182.208s] -- Up-to-date symlink: /home/hp/ROS2_WS/src/install/slam_toolbox/include/slam_toolbox/slam_toolbox_localization.hpp
[182.209s] -- Up-to-date symlink: /home/hp/ROS2_WS/src/install/slam_toolbox/include/slam_toolbox/slam_toolbox_sync.hpp
[182.209s] -- Up-to-date symlink: /home/hp/ROS2_WS/src/install/slam_toolbox/include/slam_toolbox/snap_utils.hpp
[182.209s] -- Up-to-date symlink: /home/hp/ROS2_WS/src/install/slam_toolbox/include/slam_toolbox/toolbox_msgs.hpp
[182.209s] -- Up-to-date symlink: /home/hp/ROS2_WS/src/install/slam_toolbox/include/slam_toolbox/toolbox_types.hpp
[182.209s] -- Up-to-date symlink: /home/hp/ROS2_WS/src/install/slam_toolbox/include/slam_toolbox/visualization_utils.hpp
[182.281s] -- Up-to-date symlink: /home/hp/ROS2_WS/src/install/slam_toolbox/share/slam_toolbox/launch/localization_launch.py
[182.282s] -- Up-to-date symlink: /home/hp/ROS2_WS/src/install/slam_toolbox/share/slam_toolbox/launch/merge_maps_kinematic_launch.py
[182.282s] -- Up-to-date symlink: /home/hp/ROS2_WS/src/install/slam_toolbox/share/slam_toolbox/launch/offline_launch.py
[182.282s] -- Up-to-date symlink: /home/hp/ROS2_WS/src/install/slam_toolbox/share/slam_toolbox/launch/online_async_launch.py
[182.283s] -- Up-to-date symlink: /home/hp/ROS2_WS/src/install/slam_toolbox/share/slam_toolbox/launch/online_sync_launch.py
[182.335s] -- Up-to-date symlink: /home/hp/ROS2_WS/src/install/slam_toolbox/share/slam_toolbox/config/mapper_params_lifelong.yaml
[182.336s] -- Up-to-date symlink: /home/hp/ROS2_WS/src/install/slam_toolbox/share/slam_toolbox/config/mapper_params_localization.yaml
[182.336s] -- Up-to-date symlink: /home/hp/ROS2_WS/src/install/slam_toolbox/share/slam_toolbox/config/mapper_params_offline.yaml
[182.336s] -- Up-to-date symlink: /home/hp/ROS2_WS/src/install/slam_toolbox/share/slam_toolbox/config/mapper_params_online_async.yaml
[182.337s] -- Up-to-date symlink: /home/hp/ROS2_WS/src/install/slam_toolbox/share/slam_toolbox/config/mapper_params_online_sync.yaml
[182.337s] -- Up-to-date symlink: /home/hp/ROS2_WS/src/install/slam_toolbox/share/slam_toolbox/config/slam_toolbox_default.rviz
[182.337s] -- Up-to-date symlink: /home/hp/ROS2_WS/src/install/slam_toolbox/share/solver_plugins.xml
[182.338s] -- Up-to-date symlink: /home/hp/ROS2_WS/src/install/slam_toolbox/share/rviz_plugins.xml
[182.338s] -- Up-to-date symlink: /home/hp/ROS2_WS/src/install/slam_toolbox/share/ament_index/resource_index/package_run_dependencies/slam_toolbox
[182.377s] -- Up-to-date symlink: /home/hp/ROS2_WS/src/install/slam_toolbox/share/ament_index/resource_index/parent_prefix_path/slam_toolbox
[182.378s] -- Up-to-date symlink: /home/hp/ROS2_WS/src/install/slam_toolbox/share/slam_toolbox/environment/ament_prefix_path.sh
[182.378s] -- Up-to-date symlink: /home/hp/ROS2_WS/src/install/slam_toolbox/share/slam_toolbox/environment/ament_prefix_path.dsv
[182.378s] -- Up-to-date symlink: /home/hp/ROS2_WS/src/install/slam_toolbox/share/slam_toolbox/environment/path.sh
[182.379s] -- Up-to-date symlink: /home/hp/ROS2_WS/src/install/slam_toolbox/share/slam_toolbox/environment/path.dsv
[182.391s] -- Up-to-date symlink: /home/hp/ROS2_WS/src/install/slam_toolbox/share/slam_toolbox/local_setup.bash
[182.392s] -- Up-to-date symlink: /home/hp/ROS2_WS/src/install/slam_toolbox/share/slam_toolbox/local_setup.sh
[182.403s] -- Up-to-date symlink: /home/hp/ROS2_WS/src/install/slam_toolbox/share/slam_toolbox/local_setup.zsh
[182.403s] -- Up-to-date symlink: /home/hp/ROS2_WS/src/install/slam_toolbox/share/slam_toolbox/local_setup.dsv
[182.403s] -- Symlinking: /home/hp/ROS2_WS/src/install/slam_toolbox/share/slam_toolbox/package.dsv
[182.415s] -- Up-to-date symlink: /home/hp/ROS2_WS/src/install/slam_toolbox/share/ament_index/resource_index/packages/slam_toolbox
[182.415s] -- Up-to-date symlink: /home/hp/ROS2_WS/src/install/slam_toolbox/share/ament_index/resource_index/rviz_common__pluginlib__plugin/slam_toolbox
[182.416s] -- Up-to-date symlink: /home/hp/ROS2_WS/src/install/slam_toolbox/share/ament_index/resource_index/slam_toolbox__pluginlib__plugin/slam_toolbox
[182.417s] -- Up-to-date symlink: /home/hp/ROS2_WS/src/install/slam_toolbox/share/ament_index/resource_index/rclcpp_components/slam_toolbox
[182.417s] -- Up-to-date symlink: /home/hp/ROS2_WS/src/install/slam_toolbox/share/slam_toolbox/cmake/rosidl_cmake-extras.cmake
[182.424s] -- Up-to-date symlink: /home/hp/ROS2_WS/src/install/slam_toolbox/share/slam_toolbox/cmake/ament_cmake_export_dependencies-extras.cmake
[182.425s] -- Up-to-date symlink: /home/hp/ROS2_WS/src/install/slam_toolbox/share/slam_toolbox/cmake/ament_cmake_export_include_directories-extras.cmake
[182.425s] -- Up-to-date symlink: /home/hp/ROS2_WS/src/install/slam_toolbox/share/slam_toolbox/cmake/ament_cmake_export_libraries-extras.cmake
[182.426s] -- Up-to-date symlink: /home/hp/ROS2_WS/src/install/slam_toolbox/share/slam_toolbox/cmake/ament_cmake_export_targets-extras.cmake
[182.426s] -- Up-to-date symlink: /home/hp/ROS2_WS/src/install/slam_toolbox/share/slam_toolbox/cmake/rosidl_cmake_export_typesupport_targets-extras.cmake
[182.426s] -- Up-to-date symlink: /home/hp/ROS2_WS/src/install/slam_toolbox/share/slam_toolbox/cmake/rosidl_cmake_export_typesupport_libraries-extras.cmake
[182.427s] -- Up-to-date symlink: /home/hp/ROS2_WS/src/install/slam_toolbox/share/slam_toolbox/cmake/slam_toolboxConfig.cmake
[182.427s] -- Up-to-date symlink: /home/hp/ROS2_WS/src/install/slam_toolbox/share/slam_toolbox/cmake/slam_toolboxConfig-version.cmake
[182.427s] -- Up-to-date symlink: /home/hp/ROS2_WS/src/install/slam_toolbox/share/slam_toolbox/package.xml
[182.447s] -- Up-to-date: /home/hp/ROS2_WS/src/install/slam_toolbox/lib/libslam_toolbox__rosidl_generator_c.so
[182.492s] -- Up-to-date: /home/hp/ROS2_WS/src/install/slam_toolbox/lib/libslam_toolbox__rosidl_typesupport_fastrtps_c.so
[182.511s] -- Up-to-date: /home/hp/ROS2_WS/src/install/slam_toolbox/lib/libslam_toolbox__rosidl_typesupport_fastrtps_cpp.so
[182.512s] -- Up-to-date: /home/hp/ROS2_WS/src/install/slam_toolbox/lib/libslam_toolbox__rosidl_typesupport_introspection_c.so
[182.534s] -- Up-to-date: /home/hp/ROS2_WS/src/install/slam_toolbox/lib/libslam_toolbox__rosidl_typesupport_c.so
[182.563s] -- Up-to-date: /home/hp/ROS2_WS/src/install/slam_toolbox/lib/libslam_toolbox__rosidl_typesupport_introspection_cpp.so
[182.563s] -- Up-to-date: /home/hp/ROS2_WS/src/install/slam_toolbox/lib/libslam_toolbox__rosidl_typesupport_cpp.so
[183.052s] Listing '/home/hp/ROS2_WS/src/install/slam_toolbox/lib/python3.11/site-packages/slam_toolbox'...
[183.052s] Listing '/home/hp/ROS2_WS/src/install/slam_toolbox/lib/python3.11/site-packages/slam_toolbox/srv'...
[183.064s] -- Up-to-date: /home/hp/ROS2_WS/src/install/slam_toolbox/lib/libslam_toolbox__rosidl_generator_py.so
[183.077s] -- Up-to-date: /home/hp/ROS2_WS/src/install/slam_toolbox/share/slam_toolbox/cmake/export_slam_toolbox__rosidl_generator_cExport.cmake
[183.077s] -- Up-to-date: /home/hp/ROS2_WS/src/install/slam_toolbox/share/slam_toolbox/cmake/export_slam_toolbox__rosidl_generator_cExport-release.cmake
[183.077s] -- Up-to-date: /home/hp/ROS2_WS/src/install/slam_toolbox/share/slam_toolbox/cmake/export_slam_toolbox__rosidl_typesupport_fastrtps_cExport.cmake
[183.078s] -- Up-to-date: /home/hp/ROS2_WS/src/install/slam_toolbox/share/slam_toolbox/cmake/export_slam_toolbox__rosidl_typesupport_fastrtps_cExport-release.cmake
[183.078s] -- Up-to-date: /home/hp/ROS2_WS/src/install/slam_toolbox/share/slam_toolbox/cmake/export_slam_toolbox__rosidl_generator_cppExport.cmake
[183.078s] -- Up-to-date: /home/hp/ROS2_WS/src/install/slam_toolbox/share/slam_toolbox/cmake/export_slam_toolbox__rosidl_typesupport_fastrtps_cppExport.cmake
[183.078s] -- Up-to-date: /home/hp/ROS2_WS/src/install/slam_toolbox/share/slam_toolbox/cmake/export_slam_toolbox__rosidl_typesupport_fastrtps_cppExport-release.cmake
[183.079s] -- Up-to-date: /home/hp/ROS2_WS/src/install/slam_toolbox/share/slam_toolbox/cmake/slam_toolbox__rosidl_typesupport_introspection_cExport.cmake
[183.079s] -- Up-to-date: /home/hp/ROS2_WS/src/install/slam_toolbox/share/slam_toolbox/cmake/slam_toolbox__rosidl_typesupport_introspection_cExport-release.cmake
[183.079s] -- Up-to-date: /home/hp/ROS2_WS/src/install/slam_toolbox/share/slam_toolbox/cmake/slam_toolbox__rosidl_typesupport_cExport.cmake
[183.080s] -- Up-to-date: /home/hp/ROS2_WS/src/install/slam_toolbox/share/slam_toolbox/cmake/slam_toolbox__rosidl_typesupport_cExport-release.cmake
[183.080s] -- Up-to-date: /home/hp/ROS2_WS/src/install/slam_toolbox/share/slam_toolbox/cmake/slam_toolbox__rosidl_typesupport_introspection_cppExport.cmake
[183.080s] -- Up-to-date: /home/hp/ROS2_WS/src/install/slam_toolbox/share/slam_toolbox/cmake/slam_toolbox__rosidl_typesupport_introspection_cppExport-release.cmake
[183.080s] -- Up-to-date: /home/hp/ROS2_WS/src/install/slam_toolbox/share/slam_toolbox/cmake/slam_toolbox__rosidl_typesupport_cppExport.cmake
[183.081s] -- Up-to-date: /home/hp/ROS2_WS/src/install/slam_toolbox/share/slam_toolbox/cmake/slam_toolbox__rosidl_typesupport_cppExport-release.cmake
[183.081s] -- Up-to-date: /home/hp/ROS2_WS/src/install/slam_toolbox/share/slam_toolbox/cmake/export_slam_toolbox__rosidl_generator_pyExport.cmake
[183.081s] -- Up-to-date: /home/hp/ROS2_WS/src/install/slam_toolbox/share/slam_toolbox/cmake/export_slam_toolbox__rosidl_generator_pyExport-release.cmake
[183.082s] -- Up-to-date: /home/hp/ROS2_WS/src/install/slam_toolbox/share/slam_toolbox/cmake/SlamToolboxPluginExport.cmake
[183.082s] -- Up-to-date: /home/hp/ROS2_WS/src/install/slam_toolbox/share/slam_toolbox/cmake/SlamToolboxPluginExport-release.cmake
[183.123s] Invoked command in '/home/hp/ROS2_WS/src/build/slam_toolbox' returned '0': CMAKE_PREFIX_PATH=${CMAKE_PREFIX_PATH}:/home/hp/ROS2_WS/install/my_robot_controller:/home/hp/ROS2_WS/install/my_exo:/home/hp/ROS2_WS/install/dynamic_tf:/home/hp/ROS2_WS/src/install/my_robot_controller:/home/hp/ROS2_WS/src/install/my_exo:/home/hp/ROS2_WS/src/install/dynamic_tf:/opt/ros/humble CONDA_PROMPT_MODIFIER=(base) /usr/bin/cmake --install /home/hp/ROS2_WS/src/build/slam_toolbox
