[1.322s] Invoking command in '/home/hp/ROS2_WS/build/slam_toolbox': CMAKE_PREFIX_PATH=${CMAKE_PREFIX_PATH}:/home/hp/ROS2_WS/install/my_robot_controller:/home/hp/ROS2_WS/install/my_exo:/home/hp/ROS2_WS/install/dynamic_tf:/opt/ros/humble /usr/bin/cmake --build /home/hp/ROS2_WS/build/slam_toolbox -- -j8 -l8
[4.262s] [  0%] Built target ament_cmake_python_symlink_slam_toolbox
[4.475s] [  0%] Built target slam_toolbox__cpp
[4.513s] [35m[1mConsolidate compiler generated dependencies of target kartoSlamToolbox[0m
[4.628s] [  9%] Built target slam_toolbox__rosidl_generator_c
[4.716s] [ 10%] [32mBuilding CXX object lib/karto_sdk/CMakeFiles/kartoSlamToolbox.dir/src/Karto.cpp.o[0m
[4.771s] running egg_info
[4.771s] writing slam_toolbox.egg-info/PKG-INFO
[4.771s] writing dependency_links to slam_toolbox.egg-info/dependency_links.txt
[4.771s] writing top-level names to slam_toolbox.egg-info/top_level.txt
[4.788s] reading manifest file 'slam_toolbox.egg-info/SOURCES.txt'
[4.894s] writing manifest file 'slam_toolbox.egg-info/SOURCES.txt'
[4.925s] [ 10%] Built target ament_cmake_python_build_slam_toolbox_egg
[5.196s] [ 19%] Built target slam_toolbox__rosidl_typesupport_introspection_c
[5.197s] [ 20%] [32mBuilding CXX object lib/karto_sdk/CMakeFiles/kartoSlamToolbox.dir/src/Mapper.cpp.o[0m
[5.251s] [ 29%] Built target slam_toolbox__rosidl_typesupport_c
[5.311s] [ 38%] Built target slam_toolbox__rosidl_typesupport_fastrtps_c
[5.322s] [ 56%] Built target slam_toolbox__rosidl_typesupport_fastrtps_cpp
[5.322s] [ 56%] Built target slam_toolbox__rosidl_typesupport_cpp
[5.607s] [ 65%] Built target slam_toolbox__rosidl_typesupport_introspection_cpp
[5.669s] [ 65%] Built target slam_toolbox
[5.853s] [ 66%] Built target slam_toolbox__py
[6.500s] [ 74%] Built target slam_toolbox__rosidl_generator_py
[6.617s] [ 75%] Built target slam_toolbox__rosidl_typesupport_introspection_c__pyext
[6.654s] [ 76%] Built target slam_toolbox__rosidl_typesupport_c__pyext
[6.690s] [ 77%] Built target slam_toolbox__rosidl_typesupport_fastrtps_c__pyext
[6.844s] [ 79%] Built target SlamToolboxPlugin
[36.140s] [ 79%] [32m[1mLinking CXX shared library libkartoSlamToolbox.so[0m
[37.772s] [ 79%] Built target kartoSlamToolbox
[38.215s] [ 80%] [32mBuilding CXX object CMakeFiles/ceres_solver_plugin.dir/solvers/ceres_solver.cpp.o[0m
[38.304s] [ 81%] [32mBuilding CXX object CMakeFiles/toolbox_common.dir/src/slam_toolbox_common.cpp.o[0m
[38.307s] [ 81%] [32mBuilding CXX object CMakeFiles/toolbox_common.dir/src/loop_closure_assistant.cpp.o[0m
[38.310s] [ 82%] [32mBuilding CXX object CMakeFiles/toolbox_common.dir/src/laser_utils.cpp.o[0m
[38.314s] [ 83%] [32mBuilding CXX object CMakeFiles/toolbox_common.dir/src/slam_mapper.cpp.o[0m
[64.242s] [ 83%] [32m[1mLinking CXX shared library libceres_solver_plugin.so[0m
[71.678s] [ 83%] Built target ceres_solver_plugin
[81.619s] [ 84%] [32m[1mLinking CXX shared library libtoolbox_common.so[0m
[82.832s] [ 85%] Built target toolbox_common
[85.385s] [ 86%] [32mBuilding CXX object CMakeFiles/merge_maps_kinematic.dir/src/merge_maps_kinematic.cpp.o[0m
[85.483s] [ 88%] [32mBuilding CXX object CMakeFiles/sync_slam_toolbox.dir/src/slam_toolbox_sync.cpp.o[0m
[85.484s] [ 88%] [32mBuilding CXX object CMakeFiles/async_slam_toolbox.dir/src/slam_toolbox_async.cpp.o[0m
[85.484s] [ 88%] [32mBuilding CXX object CMakeFiles/lifelong_slam_toolbox.dir/src/experimental/slam_toolbox_lifelong.cpp.o[0m
[85.584s] [ 89%] [32mBuilding CXX object CMakeFiles/localization_slam_toolbox.dir/src/slam_toolbox_localization.cpp.o[0m
[121.017s] [ 93%] [32m[1mLinking CXX shared library libsync_slam_toolbox.so[0m
[121.179s] [ 93%] [32m[1mLinking CXX shared library libasync_slam_toolbox.so[0m
[121.179s] [ 93%] [32m[1mLinking CXX shared library liblifelong_slam_toolbox.so[0m
[121.179s] [ 93%] [32m[1mLinking CXX executable merge_maps_kinematic[0m
[122.485s] [ 93%] [32m[1mLinking CXX shared library liblocalization_slam_toolbox.so[0m
[145.810s] [ 93%] Built target async_slam_toolbox
[145.815s] [ 93%] Built target sync_slam_toolbox
[145.836s] [ 93%] Built target lifelong_slam_toolbox
[145.873s] [ 93%] Built target localization_slam_toolbox
[146.063s] [ 93%] Built target merge_maps_kinematic
[151.769s] [ 94%] [32mBuilding CXX object CMakeFiles/map_and_localization_slam_toolbox.dir/src/experimental/slam_toolbox_map_and_localization.cpp.o[0m
[151.770s] [ 94%] [32mBuilding CXX object CMakeFiles/async_slam_toolbox_node.dir/src/slam_toolbox_async_node.cpp.o[0m
[151.770s] [ 94%] [32mBuilding CXX object CMakeFiles/localization_slam_toolbox_node.dir/src/slam_toolbox_localization_node.cpp.o[0m
[151.775s] [ 95%] [32mBuilding CXX object CMakeFiles/lifelong_slam_toolbox_node.dir/src/experimental/slam_toolbox_lifelong_node.cpp.o[0m
[151.775s] [ 95%] [32mBuilding CXX object CMakeFiles/sync_slam_toolbox_node.dir/src/slam_toolbox_sync_node.cpp.o[0m
[179.651s] [ 95%] [32m[1mLinking CXX executable sync_slam_toolbox_node[0m
[179.692s] [ 96%] [32m[1mLinking CXX executable async_slam_toolbox_node[0m
[179.785s] [ 97%] [32m[1mLinking CXX executable localization_slam_toolbox_node[0m
[180.834s] [ 97%] Built target sync_slam_toolbox_node
[181.375s] [ 97%] Built target async_slam_toolbox_node
[181.454s] [ 97%] Built target localization_slam_toolbox_node
[184.636s] [ 98%] [32m[1mLinking CXX executable lifelong_slam_toolbox_node[0m
[185.230s] [ 98%] Built target lifelong_slam_toolbox_node
[192.442s] [ 99%] [32m[1mLinking CXX shared library libmap_and_localization_slam_toolbox.so[0m
[193.346s] [ 99%] Built target map_and_localization_slam_toolbox
[193.511s] [100%] [32mBuilding CXX object CMakeFiles/map_and_localization_slam_toolbox_node.dir/src/experimental/slam_toolbox_map_and_localization_node.cpp.o[0m
[203.996s] [100%] [32m[1mLinking CXX executable map_and_localization_slam_toolbox_node[0m
[204.461s] [100%] Built target map_and_localization_slam_toolbox_node
[204.511s] Invoked command in '/home/hp/ROS2_WS/build/slam_toolbox' returned '0': CMAKE_PREFIX_PATH=${CMAKE_PREFIX_PATH}:/home/hp/ROS2_WS/install/my_robot_controller:/home/hp/ROS2_WS/install/my_exo:/home/hp/ROS2_WS/install/dynamic_tf:/opt/ros/humble /usr/bin/cmake --build /home/hp/ROS2_WS/build/slam_toolbox -- -j8 -l8
[205.019s] Invoking command in '/home/hp/ROS2_WS/build/slam_toolbox': CMAKE_PREFIX_PATH=${CMAKE_PREFIX_PATH}:/home/hp/ROS2_WS/install/my_robot_controller:/home/hp/ROS2_WS/install/my_exo:/home/hp/ROS2_WS/install/dynamic_tf:/opt/ros/humble /usr/bin/cmake --install /home/hp/ROS2_WS/build/slam_toolbox
[205.059s] -- Install configuration: "Release"
[205.221s] -- Execute custom install script
[205.327s] -- Up-to-date symlink: /home/hp/ROS2_WS/install/slam_toolbox/include//karto_sdk/Karto.h
[205.327s] -- Up-to-date symlink: /home/hp/ROS2_WS/install/slam_toolbox/include//karto_sdk/Macros.h
[205.328s] -- Up-to-date symlink: /home/hp/ROS2_WS/install/slam_toolbox/include//karto_sdk/Mapper.h
[205.328s] -- Up-to-date symlink: /home/hp/ROS2_WS/install/slam_toolbox/include//karto_sdk/Math.h
[205.328s] -- Up-to-date symlink: /home/hp/ROS2_WS/install/slam_toolbox/include//karto_sdk/ProcessData.h
[205.336s] -- Up-to-date symlink: /home/hp/ROS2_WS/install/slam_toolbox/include//karto_sdk/Types.h
[205.336s] -- Up-to-date symlink: /home/hp/ROS2_WS/install/slam_toolbox/include//karto_sdk/nanoflann.hpp
[205.336s] -- Up-to-date symlink: /home/hp/ROS2_WS/install/slam_toolbox/include//karto_sdk/nanoflann_adaptors.h
[205.342s] -- Up-to-date symlink: /home/hp/ROS2_WS/install/slam_toolbox/share/ament_index/resource_index/rosidl_interfaces/slam_toolbox
[205.367s] -- Up-to-date symlink: /home/hp/ROS2_WS/install/slam_toolbox/include/slam_toolbox/slam_toolbox/msg/rosidl_generator_c__visibility_control.h
[205.367s] -- Up-to-date symlink: /home/hp/ROS2_WS/install/slam_toolbox/include/slam_toolbox/slam_toolbox/srv/add_submap.h
[205.368s] -- Up-to-date symlink: /home/hp/ROS2_WS/install/slam_toolbox/include/slam_toolbox/slam_toolbox/srv/clear.h
[205.368s] -- Up-to-date symlink: /home/hp/ROS2_WS/install/slam_toolbox/include/slam_toolbox/slam_toolbox/srv/clear_queue.h
[205.379s] -- Up-to-date symlink: /home/hp/ROS2_WS/install/slam_toolbox/include/slam_toolbox/slam_toolbox/srv/deserialize_pose_graph.h
[205.385s] -- Up-to-date symlink: /home/hp/ROS2_WS/install/slam_toolbox/include/slam_toolbox/slam_toolbox/srv/detail/add_submap__functions.h
[205.385s] -- Up-to-date symlink: /home/hp/ROS2_WS/install/slam_toolbox/include/slam_toolbox/slam_toolbox/srv/detail/add_submap__struct.h
[205.385s] -- Up-to-date symlink: /home/hp/ROS2_WS/install/slam_toolbox/include/slam_toolbox/slam_toolbox/srv/detail/add_submap__type_support.h
[205.386s] -- Up-to-date symlink: /home/hp/ROS2_WS/install/slam_toolbox/include/slam_toolbox/slam_toolbox/srv/detail/clear__functions.h
[205.387s] -- Up-to-date symlink: /home/hp/ROS2_WS/install/slam_toolbox/include/slam_toolbox/slam_toolbox/srv/detail/clear__struct.h
[205.387s] -- Up-to-date symlink: /home/hp/ROS2_WS/install/slam_toolbox/include/slam_toolbox/slam_toolbox/srv/detail/clear__type_support.h
[205.387s] -- Up-to-date symlink: /home/hp/ROS2_WS/install/slam_toolbox/include/slam_toolbox/slam_toolbox/srv/detail/clear_queue__functions.h
[205.387s] -- Up-to-date symlink: /home/hp/ROS2_WS/install/slam_toolbox/include/slam_toolbox/slam_toolbox/srv/detail/clear_queue__struct.h
[205.388s] -- Up-to-date symlink: /home/hp/ROS2_WS/install/slam_toolbox/include/slam_toolbox/slam_toolbox/srv/detail/clear_queue__type_support.h
[205.388s] -- Up-to-date symlink: /home/hp/ROS2_WS/install/slam_toolbox/include/slam_toolbox/slam_toolbox/srv/detail/deserialize_pose_graph__functions.h
[205.388s] -- Up-to-date symlink: /home/hp/ROS2_WS/install/slam_toolbox/include/slam_toolbox/slam_toolbox/srv/detail/deserialize_pose_graph__struct.h
[205.389s] -- Up-to-date symlink: /home/hp/ROS2_WS/install/slam_toolbox/include/slam_toolbox/slam_toolbox/srv/detail/deserialize_pose_graph__type_support.h
[205.389s] -- Up-to-date symlink: /home/hp/ROS2_WS/install/slam_toolbox/include/slam_toolbox/slam_toolbox/srv/detail/loop_closure__functions.h
[205.389s] -- Up-to-date symlink: /home/hp/ROS2_WS/install/slam_toolbox/include/slam_toolbox/slam_toolbox/srv/detail/loop_closure__struct.h
[205.393s] -- Up-to-date symlink: /home/hp/ROS2_WS/install/slam_toolbox/include/slam_toolbox/slam_toolbox/srv/detail/loop_closure__type_support.h
[205.393s] -- Up-to-date symlink: /home/hp/ROS2_WS/install/slam_toolbox/include/slam_toolbox/slam_toolbox/srv/detail/merge_maps__functions.h
[205.394s] -- Up-to-date symlink: /home/hp/ROS2_WS/install/slam_toolbox/include/slam_toolbox/slam_toolbox/srv/detail/merge_maps__struct.h
[205.394s] -- Up-to-date symlink: /home/hp/ROS2_WS/install/slam_toolbox/include/slam_toolbox/slam_toolbox/srv/detail/merge_maps__type_support.h
[205.395s] -- Up-to-date symlink: /home/hp/ROS2_WS/install/slam_toolbox/include/slam_toolbox/slam_toolbox/srv/detail/pause__functions.h
[205.395s] -- Up-to-date symlink: /home/hp/ROS2_WS/install/slam_toolbox/include/slam_toolbox/slam_toolbox/srv/detail/pause__struct.h
[205.395s] -- Up-to-date symlink: /home/hp/ROS2_WS/install/slam_toolbox/include/slam_toolbox/slam_toolbox/srv/detail/pause__type_support.h
[205.396s] -- Up-to-date symlink: /home/hp/ROS2_WS/install/slam_toolbox/include/slam_toolbox/slam_toolbox/srv/detail/reset__functions.h
[205.396s] -- Up-to-date symlink: /home/hp/ROS2_WS/install/slam_toolbox/include/slam_toolbox/slam_toolbox/srv/detail/reset__struct.h
[205.408s] -- Up-to-date symlink: /home/hp/ROS2_WS/install/slam_toolbox/include/slam_toolbox/slam_toolbox/srv/detail/reset__type_support.h
[205.408s] -- Up-to-date symlink: /home/hp/ROS2_WS/install/slam_toolbox/include/slam_toolbox/slam_toolbox/srv/detail/save_map__functions.h
[205.408s] -- Up-to-date symlink: /home/hp/ROS2_WS/install/slam_toolbox/include/slam_toolbox/slam_toolbox/srv/detail/save_map__struct.h
[205.408s] -- Up-to-date symlink: /home/hp/ROS2_WS/install/slam_toolbox/include/slam_toolbox/slam_toolbox/srv/detail/save_map__type_support.h
[205.409s] -- Up-to-date symlink: /home/hp/ROS2_WS/install/slam_toolbox/include/slam_toolbox/slam_toolbox/srv/detail/serialize_pose_graph__functions.h
[205.409s] -- Up-to-date symlink: /home/hp/ROS2_WS/install/slam_toolbox/include/slam_toolbox/slam_toolbox/srv/detail/serialize_pose_graph__struct.h
[205.409s] -- Up-to-date symlink: /home/hp/ROS2_WS/install/slam_toolbox/include/slam_toolbox/slam_toolbox/srv/detail/serialize_pose_graph__type_support.h
[205.410s] -- Up-to-date symlink: /home/hp/ROS2_WS/install/slam_toolbox/include/slam_toolbox/slam_toolbox/srv/detail/toggle_interactive__functions.h
[205.410s] -- Up-to-date symlink: /home/hp/ROS2_WS/install/slam_toolbox/include/slam_toolbox/slam_toolbox/srv/detail/toggle_interactive__struct.h
[205.410s] -- Up-to-date symlink: /home/hp/ROS2_WS/install/slam_toolbox/include/slam_toolbox/slam_toolbox/srv/detail/toggle_interactive__type_support.h
[205.411s] -- Up-to-date symlink: /home/hp/ROS2_WS/install/slam_toolbox/include/slam_toolbox/slam_toolbox/srv/loop_closure.h
[205.411s] -- Up-to-date symlink: /home/hp/ROS2_WS/install/slam_toolbox/include/slam_toolbox/slam_toolbox/srv/merge_maps.h
[205.411s] -- Up-to-date symlink: /home/hp/ROS2_WS/install/slam_toolbox/include/slam_toolbox/slam_toolbox/srv/pause.h
[205.412s] -- Up-to-date symlink: /home/hp/ROS2_WS/install/slam_toolbox/include/slam_toolbox/slam_toolbox/srv/reset.h
[205.412s] -- Up-to-date symlink: /home/hp/ROS2_WS/install/slam_toolbox/include/slam_toolbox/slam_toolbox/srv/save_map.h
[205.412s] -- Up-to-date symlink: /home/hp/ROS2_WS/install/slam_toolbox/include/slam_toolbox/slam_toolbox/srv/serialize_pose_graph.h
[205.413s] -- Up-to-date symlink: /home/hp/ROS2_WS/install/slam_toolbox/include/slam_toolbox/slam_toolbox/srv/toggle_interactive.h
[205.474s] -- Up-to-date symlink: /home/hp/ROS2_WS/install/slam_toolbox/share/slam_toolbox/environment/library_path.sh
[205.475s] -- Up-to-date symlink: /home/hp/ROS2_WS/install/slam_toolbox/share/slam_toolbox/environment/library_path.dsv
[205.503s] -- Up-to-date symlink: /home/hp/ROS2_WS/install/slam_toolbox/include/slam_toolbox/slam_toolbox/msg/rosidl_typesupport_fastrtps_c__visibility_control.h
[205.503s] -- Up-to-date symlink: /home/hp/ROS2_WS/install/slam_toolbox/include/slam_toolbox/slam_toolbox/srv/detail/add_submap__rosidl_typesupport_fastrtps_c.h
[205.504s] -- Up-to-date symlink: /home/hp/ROS2_WS/install/slam_toolbox/include/slam_toolbox/slam_toolbox/srv/detail/clear__rosidl_typesupport_fastrtps_c.h
[205.504s] -- Up-to-date symlink: /home/hp/ROS2_WS/install/slam_toolbox/include/slam_toolbox/slam_toolbox/srv/detail/clear_queue__rosidl_typesupport_fastrtps_c.h
[205.504s] -- Up-to-date symlink: /home/hp/ROS2_WS/install/slam_toolbox/include/slam_toolbox/slam_toolbox/srv/detail/deserialize_pose_graph__rosidl_typesupport_fastrtps_c.h
[205.516s] -- Up-to-date symlink: /home/hp/ROS2_WS/install/slam_toolbox/include/slam_toolbox/slam_toolbox/srv/detail/loop_closure__rosidl_typesupport_fastrtps_c.h
[205.516s] -- Up-to-date symlink: /home/hp/ROS2_WS/install/slam_toolbox/include/slam_toolbox/slam_toolbox/srv/detail/merge_maps__rosidl_typesupport_fastrtps_c.h
[205.517s] -- Up-to-date symlink: /home/hp/ROS2_WS/install/slam_toolbox/include/slam_toolbox/slam_toolbox/srv/detail/pause__rosidl_typesupport_fastrtps_c.h
[205.517s] -- Up-to-date symlink: /home/hp/ROS2_WS/install/slam_toolbox/include/slam_toolbox/slam_toolbox/srv/detail/reset__rosidl_typesupport_fastrtps_c.h
[205.517s] -- Up-to-date symlink: /home/hp/ROS2_WS/install/slam_toolbox/include/slam_toolbox/slam_toolbox/srv/detail/save_map__rosidl_typesupport_fastrtps_c.h
[205.517s] -- Up-to-date symlink: /home/hp/ROS2_WS/install/slam_toolbox/include/slam_toolbox/slam_toolbox/srv/detail/serialize_pose_graph__rosidl_typesupport_fastrtps_c.h
[205.518s] -- Up-to-date symlink: /home/hp/ROS2_WS/install/slam_toolbox/include/slam_toolbox/slam_toolbox/srv/detail/toggle_interactive__rosidl_typesupport_fastrtps_c.h
[205.519s] -- Up-to-date symlink: /home/hp/ROS2_WS/install/slam_toolbox/include/slam_toolbox/slam_toolbox/srv/add_submap.hpp
[205.520s] -- Up-to-date symlink: /home/hp/ROS2_WS/install/slam_toolbox/include/slam_toolbox/slam_toolbox/srv/clear.hpp
[205.520s] -- Up-to-date symlink: /home/hp/ROS2_WS/install/slam_toolbox/include/slam_toolbox/slam_toolbox/srv/clear_queue.hpp
[205.520s] -- Up-to-date symlink: /home/hp/ROS2_WS/install/slam_toolbox/include/slam_toolbox/slam_toolbox/srv/deserialize_pose_graph.hpp
[205.521s] -- Up-to-date symlink: /home/hp/ROS2_WS/install/slam_toolbox/include/slam_toolbox/slam_toolbox/srv/detail/add_submap__builder.hpp
[205.521s] -- Up-to-date symlink: /home/hp/ROS2_WS/install/slam_toolbox/include/slam_toolbox/slam_toolbox/srv/detail/add_submap__struct.hpp
[205.521s] -- Up-to-date symlink: /home/hp/ROS2_WS/install/slam_toolbox/include/slam_toolbox/slam_toolbox/srv/detail/add_submap__traits.hpp
[205.522s] -- Up-to-date symlink: /home/hp/ROS2_WS/install/slam_toolbox/include/slam_toolbox/slam_toolbox/srv/detail/clear__builder.hpp
[205.522s] -- Up-to-date symlink: /home/hp/ROS2_WS/install/slam_toolbox/include/slam_toolbox/slam_toolbox/srv/detail/clear__struct.hpp
[205.522s] -- Up-to-date symlink: /home/hp/ROS2_WS/install/slam_toolbox/include/slam_toolbox/slam_toolbox/srv/detail/clear__traits.hpp
[205.523s] -- Up-to-date symlink: /home/hp/ROS2_WS/install/slam_toolbox/include/slam_toolbox/slam_toolbox/srv/detail/clear_queue__builder.hpp
[205.523s] -- Up-to-date symlink: /home/hp/ROS2_WS/install/slam_toolbox/include/slam_toolbox/slam_toolbox/srv/detail/clear_queue__struct.hpp
[205.523s] -- Up-to-date symlink: /home/hp/ROS2_WS/install/slam_toolbox/include/slam_toolbox/slam_toolbox/srv/detail/clear_queue__traits.hpp
[205.524s] -- Up-to-date symlink: /home/hp/ROS2_WS/install/slam_toolbox/include/slam_toolbox/slam_toolbox/srv/detail/deserialize_pose_graph__builder.hpp
[205.524s] -- Up-to-date symlink: /home/hp/ROS2_WS/install/slam_toolbox/include/slam_toolbox/slam_toolbox/srv/detail/deserialize_pose_graph__struct.hpp
[205.524s] -- Up-to-date symlink: /home/hp/ROS2_WS/install/slam_toolbox/include/slam_toolbox/slam_toolbox/srv/detail/deserialize_pose_graph__traits.hpp
[205.525s] -- Up-to-date symlink: /home/hp/ROS2_WS/install/slam_toolbox/include/slam_toolbox/slam_toolbox/srv/detail/loop_closure__builder.hpp
[205.525s] -- Up-to-date symlink: /home/hp/ROS2_WS/install/slam_toolbox/include/slam_toolbox/slam_toolbox/srv/detail/loop_closure__struct.hpp
[205.525s] -- Up-to-date symlink: /home/hp/ROS2_WS/install/slam_toolbox/include/slam_toolbox/slam_toolbox/srv/detail/loop_closure__traits.hpp
[205.525s] -- Up-to-date symlink: /home/hp/ROS2_WS/install/slam_toolbox/include/slam_toolbox/slam_toolbox/srv/detail/merge_maps__builder.hpp
[205.540s] -- Up-to-date symlink: /home/hp/ROS2_WS/install/slam_toolbox/include/slam_toolbox/slam_toolbox/srv/detail/merge_maps__struct.hpp
[205.541s] -- Up-to-date symlink: /home/hp/ROS2_WS/install/slam_toolbox/include/slam_toolbox/slam_toolbox/srv/detail/merge_maps__traits.hpp
[205.541s] -- Up-to-date symlink: /home/hp/ROS2_WS/install/slam_toolbox/include/slam_toolbox/slam_toolbox/srv/detail/pause__builder.hpp
[205.541s] -- Up-to-date symlink: /home/hp/ROS2_WS/install/slam_toolbox/include/slam_toolbox/slam_toolbox/srv/detail/pause__struct.hpp
[205.541s] -- Up-to-date symlink: /home/hp/ROS2_WS/install/slam_toolbox/include/slam_toolbox/slam_toolbox/srv/detail/pause__traits.hpp
[205.541s] -- Up-to-date symlink: /home/hp/ROS2_WS/install/slam_toolbox/include/slam_toolbox/slam_toolbox/srv/detail/reset__builder.hpp
[205.542s] -- Up-to-date symlink: /home/hp/ROS2_WS/install/slam_toolbox/include/slam_toolbox/slam_toolbox/srv/detail/reset__struct.hpp
[205.542s] -- Up-to-date symlink: /home/hp/ROS2_WS/install/slam_toolbox/include/slam_toolbox/slam_toolbox/srv/detail/reset__traits.hpp
[205.543s] -- Up-to-date symlink: /home/hp/ROS2_WS/install/slam_toolbox/include/slam_toolbox/slam_toolbox/srv/detail/save_map__builder.hpp
[205.543s] -- Up-to-date symlink: /home/hp/ROS2_WS/install/slam_toolbox/include/slam_toolbox/slam_toolbox/srv/detail/save_map__struct.hpp
[205.543s] -- Up-to-date symlink: /home/hp/ROS2_WS/install/slam_toolbox/include/slam_toolbox/slam_toolbox/srv/detail/save_map__traits.hpp
[205.543s] -- Up-to-date symlink: /home/hp/ROS2_WS/install/slam_toolbox/include/slam_toolbox/slam_toolbox/srv/detail/serialize_pose_graph__builder.hpp
[205.544s] -- Up-to-date symlink: /home/hp/ROS2_WS/install/slam_toolbox/include/slam_toolbox/slam_toolbox/srv/detail/serialize_pose_graph__struct.hpp
[205.544s] -- Up-to-date symlink: /home/hp/ROS2_WS/install/slam_toolbox/include/slam_toolbox/slam_toolbox/srv/detail/serialize_pose_graph__traits.hpp
[205.544s] -- Up-to-date symlink: /home/hp/ROS2_WS/install/slam_toolbox/include/slam_toolbox/slam_toolbox/srv/detail/toggle_interactive__builder.hpp
[205.545s] -- Up-to-date symlink: /home/hp/ROS2_WS/install/slam_toolbox/include/slam_toolbox/slam_toolbox/srv/detail/toggle_interactive__struct.hpp
[205.564s] -- Up-to-date symlink: /home/hp/ROS2_WS/install/slam_toolbox/include/slam_toolbox/slam_toolbox/srv/detail/toggle_interactive__traits.hpp
[205.565s] -- Up-to-date symlink: /home/hp/ROS2_WS/install/slam_toolbox/include/slam_toolbox/slam_toolbox/srv/loop_closure.hpp
[205.565s] -- Up-to-date symlink: /home/hp/ROS2_WS/install/slam_toolbox/include/slam_toolbox/slam_toolbox/srv/merge_maps.hpp
[205.565s] -- Up-to-date symlink: /home/hp/ROS2_WS/install/slam_toolbox/include/slam_toolbox/slam_toolbox/srv/pause.hpp
[205.565s] -- Up-to-date symlink: /home/hp/ROS2_WS/install/slam_toolbox/include/slam_toolbox/slam_toolbox/srv/reset.hpp
[205.566s] -- Up-to-date symlink: /home/hp/ROS2_WS/install/slam_toolbox/include/slam_toolbox/slam_toolbox/srv/save_map.hpp
[205.566s] -- Up-to-date symlink: /home/hp/ROS2_WS/install/slam_toolbox/include/slam_toolbox/slam_toolbox/srv/serialize_pose_graph.hpp
[205.566s] -- Up-to-date symlink: /home/hp/ROS2_WS/install/slam_toolbox/include/slam_toolbox/slam_toolbox/srv/toggle_interactive.hpp
[205.625s] -- Up-to-date symlink: /home/hp/ROS2_WS/install/slam_toolbox/include/slam_toolbox/slam_toolbox/msg/rosidl_typesupport_fastrtps_cpp__visibility_control.h
[205.625s] -- Up-to-date symlink: /home/hp/ROS2_WS/install/slam_toolbox/include/slam_toolbox/slam_toolbox/srv/detail/add_submap__rosidl_typesupport_fastrtps_cpp.hpp
[205.625s] -- Up-to-date symlink: /home/hp/ROS2_WS/install/slam_toolbox/include/slam_toolbox/slam_toolbox/srv/detail/clear__rosidl_typesupport_fastrtps_cpp.hpp
[205.626s] -- Up-to-date symlink: /home/hp/ROS2_WS/install/slam_toolbox/include/slam_toolbox/slam_toolbox/srv/detail/clear_queue__rosidl_typesupport_fastrtps_cpp.hpp
[205.626s] -- Up-to-date symlink: /home/hp/ROS2_WS/install/slam_toolbox/include/slam_toolbox/slam_toolbox/srv/detail/deserialize_pose_graph__rosidl_typesupport_fastrtps_cpp.hpp
[205.626s] -- Up-to-date symlink: /home/hp/ROS2_WS/install/slam_toolbox/include/slam_toolbox/slam_toolbox/srv/detail/loop_closure__rosidl_typesupport_fastrtps_cpp.hpp
[205.627s] -- Up-to-date symlink: /home/hp/ROS2_WS/install/slam_toolbox/include/slam_toolbox/slam_toolbox/srv/detail/merge_maps__rosidl_typesupport_fastrtps_cpp.hpp
[205.627s] -- Up-to-date symlink: /home/hp/ROS2_WS/install/slam_toolbox/include/slam_toolbox/slam_toolbox/srv/detail/pause__rosidl_typesupport_fastrtps_cpp.hpp
[205.627s] -- Up-to-date symlink: /home/hp/ROS2_WS/install/slam_toolbox/include/slam_toolbox/slam_toolbox/srv/detail/reset__rosidl_typesupport_fastrtps_cpp.hpp
[205.627s] -- Up-to-date symlink: /home/hp/ROS2_WS/install/slam_toolbox/include/slam_toolbox/slam_toolbox/srv/detail/save_map__rosidl_typesupport_fastrtps_cpp.hpp
[205.628s] -- Up-to-date symlink: /home/hp/ROS2_WS/install/slam_toolbox/include/slam_toolbox/slam_toolbox/srv/detail/serialize_pose_graph__rosidl_typesupport_fastrtps_cpp.hpp
[205.628s] -- Up-to-date symlink: /home/hp/ROS2_WS/install/slam_toolbox/include/slam_toolbox/slam_toolbox/srv/detail/toggle_interactive__rosidl_typesupport_fastrtps_cpp.hpp
[205.645s] -- Up-to-date symlink: /home/hp/ROS2_WS/install/slam_toolbox/include/slam_toolbox/slam_toolbox/msg/rosidl_typesupport_introspection_c__visibility_control.h
[205.646s] -- Up-to-date symlink: /home/hp/ROS2_WS/install/slam_toolbox/include/slam_toolbox/slam_toolbox/srv/detail/add_submap__rosidl_typesupport_introspection_c.h
[205.646s] -- Up-to-date symlink: /home/hp/ROS2_WS/install/slam_toolbox/include/slam_toolbox/slam_toolbox/srv/detail/clear__rosidl_typesupport_introspection_c.h
[205.646s] -- Up-to-date symlink: /home/hp/ROS2_WS/install/slam_toolbox/include/slam_toolbox/slam_toolbox/srv/detail/clear_queue__rosidl_typesupport_introspection_c.h
[205.647s] -- Up-to-date symlink: /home/hp/ROS2_WS/install/slam_toolbox/include/slam_toolbox/slam_toolbox/srv/detail/deserialize_pose_graph__rosidl_typesupport_introspection_c.h
[205.647s] -- Up-to-date symlink: /home/hp/ROS2_WS/install/slam_toolbox/include/slam_toolbox/slam_toolbox/srv/detail/loop_closure__rosidl_typesupport_introspection_c.h
[205.648s] -- Up-to-date symlink: /home/hp/ROS2_WS/install/slam_toolbox/include/slam_toolbox/slam_toolbox/srv/detail/merge_maps__rosidl_typesupport_introspection_c.h
[205.648s] -- Up-to-date symlink: /home/hp/ROS2_WS/install/slam_toolbox/include/slam_toolbox/slam_toolbox/srv/detail/pause__rosidl_typesupport_introspection_c.h
[205.648s] -- Up-to-date symlink: /home/hp/ROS2_WS/install/slam_toolbox/include/slam_toolbox/slam_toolbox/srv/detail/reset__rosidl_typesupport_introspection_c.h
[205.648s] -- Up-to-date symlink: /home/hp/ROS2_WS/install/slam_toolbox/include/slam_toolbox/slam_toolbox/srv/detail/save_map__rosidl_typesupport_introspection_c.h
[205.648s] -- Up-to-date symlink: /home/hp/ROS2_WS/install/slam_toolbox/include/slam_toolbox/slam_toolbox/srv/detail/serialize_pose_graph__rosidl_typesupport_introspection_c.h
[205.649s] -- Up-to-date symlink: /home/hp/ROS2_WS/install/slam_toolbox/include/slam_toolbox/slam_toolbox/srv/detail/toggle_interactive__rosidl_typesupport_introspection_c.h
[205.651s] -- Up-to-date symlink: /home/hp/ROS2_WS/install/slam_toolbox/include/slam_toolbox/slam_toolbox/srv/detail/add_submap__rosidl_typesupport_introspection_cpp.hpp
[205.651s] -- Up-to-date symlink: /home/hp/ROS2_WS/install/slam_toolbox/include/slam_toolbox/slam_toolbox/srv/detail/clear__rosidl_typesupport_introspection_cpp.hpp
[205.651s] -- Up-to-date symlink: /home/hp/ROS2_WS/install/slam_toolbox/include/slam_toolbox/slam_toolbox/srv/detail/clear_queue__rosidl_typesupport_introspection_cpp.hpp
[205.652s] -- Up-to-date symlink: /home/hp/ROS2_WS/install/slam_toolbox/include/slam_toolbox/slam_toolbox/srv/detail/deserialize_pose_graph__rosidl_typesupport_introspection_cpp.hpp
[205.652s] -- Up-to-date symlink: /home/hp/ROS2_WS/install/slam_toolbox/include/slam_toolbox/slam_toolbox/srv/detail/loop_closure__rosidl_typesupport_introspection_cpp.hpp
[205.652s] -- Up-to-date symlink: /home/hp/ROS2_WS/install/slam_toolbox/include/slam_toolbox/slam_toolbox/srv/detail/merge_maps__rosidl_typesupport_introspection_cpp.hpp
[205.653s] -- Up-to-date symlink: /home/hp/ROS2_WS/install/slam_toolbox/include/slam_toolbox/slam_toolbox/srv/detail/pause__rosidl_typesupport_introspection_cpp.hpp
[205.653s] -- Up-to-date symlink: /home/hp/ROS2_WS/install/slam_toolbox/include/slam_toolbox/slam_toolbox/srv/detail/reset__rosidl_typesupport_introspection_cpp.hpp
[205.653s] -- Up-to-date symlink: /home/hp/ROS2_WS/install/slam_toolbox/include/slam_toolbox/slam_toolbox/srv/detail/save_map__rosidl_typesupport_introspection_cpp.hpp
[205.653s] -- Up-to-date symlink: /home/hp/ROS2_WS/install/slam_toolbox/include/slam_toolbox/slam_toolbox/srv/detail/serialize_pose_graph__rosidl_typesupport_introspection_cpp.hpp
[205.654s] -- Up-to-date symlink: /home/hp/ROS2_WS/install/slam_toolbox/include/slam_toolbox/slam_toolbox/srv/detail/toggle_interactive__rosidl_typesupport_introspection_cpp.hpp
[205.655s] -- Up-to-date symlink: /home/hp/ROS2_WS/install/slam_toolbox/share/slam_toolbox/environment/pythonpath.sh
[205.655s] -- Up-to-date symlink: /home/hp/ROS2_WS/install/slam_toolbox/share/slam_toolbox/environment/pythonpath.dsv
[205.688s] -- Up-to-date symlink: /home/hp/ROS2_WS/install/slam_toolbox/local/lib/python3.10/dist-packages/slam_toolbox-2.7.0-py3.10.egg-info/PKG-INFO
[205.688s] -- Up-to-date symlink: /home/hp/ROS2_WS/install/slam_toolbox/local/lib/python3.10/dist-packages/slam_toolbox-2.7.0-py3.10.egg-info/SOURCES.txt
[205.688s] -- Up-to-date symlink: /home/hp/ROS2_WS/install/slam_toolbox/local/lib/python3.10/dist-packages/slam_toolbox-2.7.0-py3.10.egg-info/dependency_links.txt
[205.689s] -- Up-to-date symlink: /home/hp/ROS2_WS/install/slam_toolbox/local/lib/python3.10/dist-packages/slam_toolbox-2.7.0-py3.10.egg-info/top_level.txt
[205.691s] -- Up-to-date symlink: /home/hp/ROS2_WS/install/slam_toolbox/local/lib/python3.10/dist-packages/slam_toolbox/__init__.py
[205.692s] -- Up-to-date symlink: /home/hp/ROS2_WS/install/slam_toolbox/local/lib/python3.10/dist-packages/slam_toolbox/_slam_toolbox_s.ep.rosidl_typesupport_c.c
[205.692s] -- Up-to-date symlink: /home/hp/ROS2_WS/install/slam_toolbox/local/lib/python3.10/dist-packages/slam_toolbox/_slam_toolbox_s.ep.rosidl_typesupport_fastrtps_c.c
[205.692s] -- Up-to-date symlink: /home/hp/ROS2_WS/install/slam_toolbox/local/lib/python3.10/dist-packages/slam_toolbox/_slam_toolbox_s.ep.rosidl_typesupport_introspection_c.c
[205.692s] -- Up-to-date symlink: /home/hp/ROS2_WS/install/slam_toolbox/local/lib/python3.10/dist-packages/slam_toolbox/libslam_toolbox__rosidl_generator_py.so
[205.693s] -- Up-to-date symlink: /home/hp/ROS2_WS/install/slam_toolbox/local/lib/python3.10/dist-packages/slam_toolbox/slam_toolbox_s__rosidl_typesupport_c.cpython-310-x86_64-linux-gnu.so
[205.693s] -- Up-to-date symlink: /home/hp/ROS2_WS/install/slam_toolbox/local/lib/python3.10/dist-packages/slam_toolbox/slam_toolbox_s__rosidl_typesupport_fastrtps_c.cpython-310-x86_64-linux-gnu.so
[205.693s] -- Up-to-date symlink: /home/hp/ROS2_WS/install/slam_toolbox/local/lib/python3.10/dist-packages/slam_toolbox/slam_toolbox_s__rosidl_typesupport_introspection_c.cpython-310-x86_64-linux-gnu.so
[205.694s] -- Up-to-date symlink: /home/hp/ROS2_WS/install/slam_toolbox/local/lib/python3.10/dist-packages/slam_toolbox/srv/__init__.py
[205.694s] -- Up-to-date symlink: /home/hp/ROS2_WS/install/slam_toolbox/local/lib/python3.10/dist-packages/slam_toolbox/srv/_add_submap.py
[205.694s] -- Up-to-date symlink: /home/hp/ROS2_WS/install/slam_toolbox/local/lib/python3.10/dist-packages/slam_toolbox/srv/_add_submap_s.c
[205.695s] -- Up-to-date symlink: /home/hp/ROS2_WS/install/slam_toolbox/local/lib/python3.10/dist-packages/slam_toolbox/srv/_clear.py
[205.695s] -- Up-to-date symlink: /home/hp/ROS2_WS/install/slam_toolbox/local/lib/python3.10/dist-packages/slam_toolbox/srv/_clear_queue.py
[205.699s] -- Up-to-date symlink: /home/hp/ROS2_WS/install/slam_toolbox/local/lib/python3.10/dist-packages/slam_toolbox/srv/_clear_queue_s.c
[205.700s] -- Up-to-date symlink: /home/hp/ROS2_WS/install/slam_toolbox/local/lib/python3.10/dist-packages/slam_toolbox/srv/_clear_s.c
[205.700s] -- Up-to-date symlink: /home/hp/ROS2_WS/install/slam_toolbox/local/lib/python3.10/dist-packages/slam_toolbox/srv/_deserialize_pose_graph.py
[205.700s] -- Up-to-date symlink: /home/hp/ROS2_WS/install/slam_toolbox/local/lib/python3.10/dist-packages/slam_toolbox/srv/_deserialize_pose_graph_s.c
[205.701s] -- Up-to-date symlink: /home/hp/ROS2_WS/install/slam_toolbox/local/lib/python3.10/dist-packages/slam_toolbox/srv/_loop_closure.py
[205.701s] -- Up-to-date symlink: /home/hp/ROS2_WS/install/slam_toolbox/local/lib/python3.10/dist-packages/slam_toolbox/srv/_loop_closure_s.c
[205.701s] -- Up-to-date symlink: /home/hp/ROS2_WS/install/slam_toolbox/local/lib/python3.10/dist-packages/slam_toolbox/srv/_merge_maps.py
[205.701s] -- Up-to-date symlink: /home/hp/ROS2_WS/install/slam_toolbox/local/lib/python3.10/dist-packages/slam_toolbox/srv/_merge_maps_s.c
[205.701s] -- Up-to-date symlink: /home/hp/ROS2_WS/install/slam_toolbox/local/lib/python3.10/dist-packages/slam_toolbox/srv/_pause.py
[205.702s] -- Up-to-date symlink: /home/hp/ROS2_WS/install/slam_toolbox/local/lib/python3.10/dist-packages/slam_toolbox/srv/_pause_s.c
[205.702s] -- Up-to-date symlink: /home/hp/ROS2_WS/install/slam_toolbox/local/lib/python3.10/dist-packages/slam_toolbox/srv/_reset.py
[205.703s] -- Up-to-date symlink: /home/hp/ROS2_WS/install/slam_toolbox/local/lib/python3.10/dist-packages/slam_toolbox/srv/_reset_s.c
[205.703s] -- Up-to-date symlink: /home/hp/ROS2_WS/install/slam_toolbox/local/lib/python3.10/dist-packages/slam_toolbox/srv/_save_map.py
[205.703s] -- Up-to-date symlink: /home/hp/ROS2_WS/install/slam_toolbox/local/lib/python3.10/dist-packages/slam_toolbox/srv/_save_map_s.c
[205.703s] -- Up-to-date symlink: /home/hp/ROS2_WS/install/slam_toolbox/local/lib/python3.10/dist-packages/slam_toolbox/srv/_serialize_pose_graph.py
[205.704s] -- Up-to-date symlink: /home/hp/ROS2_WS/install/slam_toolbox/local/lib/python3.10/dist-packages/slam_toolbox/srv/_serialize_pose_graph_s.c
[205.704s] -- Up-to-date symlink: /home/hp/ROS2_WS/install/slam_toolbox/local/lib/python3.10/dist-packages/slam_toolbox/srv/_toggle_interactive.py
[205.704s] -- Up-to-date symlink: /home/hp/ROS2_WS/install/slam_toolbox/local/lib/python3.10/dist-packages/slam_toolbox/srv/_toggle_interactive_s.c
[205.719s] -- Up-to-date symlink: /home/hp/ROS2_WS/install/slam_toolbox/local/lib/python3.10/dist-packages/slam_toolbox/slam_toolbox_s__rosidl_typesupport_fastrtps_c.cpython-310-x86_64-linux-gnu.so
[205.720s] -- Up-to-date symlink: /home/hp/ROS2_WS/install/slam_toolbox/local/lib/python3.10/dist-packages/slam_toolbox/slam_toolbox_s__rosidl_typesupport_introspection_c.cpython-310-x86_64-linux-gnu.so
[205.720s] -- Up-to-date symlink: /home/hp/ROS2_WS/install/slam_toolbox/local/lib/python3.10/dist-packages/slam_toolbox/slam_toolbox_s__rosidl_typesupport_c.cpython-310-x86_64-linux-gnu.so
[205.733s] -- Up-to-date symlink: /home/hp/ROS2_WS/install/slam_toolbox/share/slam_toolbox/srv/Pause.idl
[205.746s] -- Up-to-date symlink: /home/hp/ROS2_WS/install/slam_toolbox/share/slam_toolbox/srv/Reset.idl
[205.746s] -- Up-to-date symlink: /home/hp/ROS2_WS/install/slam_toolbox/share/slam_toolbox/srv/ClearQueue.idl
[205.746s] -- Up-to-date symlink: /home/hp/ROS2_WS/install/slam_toolbox/share/slam_toolbox/srv/ToggleInteractive.idl
[205.747s] -- Up-to-date symlink: /home/hp/ROS2_WS/install/slam_toolbox/share/slam_toolbox/srv/Clear.idl
[205.747s] -- Up-to-date symlink: /home/hp/ROS2_WS/install/slam_toolbox/share/slam_toolbox/srv/SaveMap.idl
[205.748s] -- Up-to-date symlink: /home/hp/ROS2_WS/install/slam_toolbox/share/slam_toolbox/srv/LoopClosure.idl
[205.748s] -- Up-to-date symlink: /home/hp/ROS2_WS/install/slam_toolbox/share/slam_toolbox/srv/MergeMaps.idl
[205.748s] -- Up-to-date symlink: /home/hp/ROS2_WS/install/slam_toolbox/share/slam_toolbox/srv/AddSubmap.idl
[205.749s] -- Up-to-date symlink: /home/hp/ROS2_WS/install/slam_toolbox/share/slam_toolbox/srv/DeserializePoseGraph.idl
[205.749s] -- Up-to-date symlink: /home/hp/ROS2_WS/install/slam_toolbox/share/slam_toolbox/srv/SerializePoseGraph.idl
[205.754s] -- Up-to-date symlink: /home/hp/ROS2_WS/install/slam_toolbox/share/slam_toolbox/srvs/Pause.srv
[205.755s] -- Up-to-date symlink: /home/hp/ROS2_WS/install/slam_toolbox/share/slam_toolbox/srvs/Pause_Request.msg
[205.755s] -- Up-to-date symlink: /home/hp/ROS2_WS/install/slam_toolbox/share/slam_toolbox/srvs/Pause_Response.msg
[205.755s] -- Up-to-date symlink: /home/hp/ROS2_WS/install/slam_toolbox/share/slam_toolbox/srvs/Reset.srv
[205.756s] -- Up-to-date symlink: /home/hp/ROS2_WS/install/slam_toolbox/share/slam_toolbox/srvs/Reset_Request.msg
[205.756s] -- Up-to-date symlink: /home/hp/ROS2_WS/install/slam_toolbox/share/slam_toolbox/srvs/Reset_Response.msg
[205.756s] -- Up-to-date symlink: /home/hp/ROS2_WS/install/slam_toolbox/share/slam_toolbox/srvs/ClearQueue.srv
[205.757s] -- Up-to-date symlink: /home/hp/ROS2_WS/install/slam_toolbox/share/slam_toolbox/srvs/ClearQueue_Request.msg
[205.757s] -- Up-to-date symlink: /home/hp/ROS2_WS/install/slam_toolbox/share/slam_toolbox/srvs/ClearQueue_Response.msg
[205.757s] -- Up-to-date symlink: /home/hp/ROS2_WS/install/slam_toolbox/share/slam_toolbox/srvs/ToggleInteractive.srv
[205.758s] -- Up-to-date symlink: /home/hp/ROS2_WS/install/slam_toolbox/share/slam_toolbox/srvs/ToggleInteractive_Request.msg
[205.759s] -- Up-to-date symlink: /home/hp/ROS2_WS/install/slam_toolbox/share/slam_toolbox/srvs/ToggleInteractive_Response.msg
[205.759s] -- Up-to-date symlink: /home/hp/ROS2_WS/install/slam_toolbox/share/slam_toolbox/srvs/Clear.srv
[205.759s] -- Up-to-date symlink: /home/hp/ROS2_WS/install/slam_toolbox/share/slam_toolbox/srvs/Clear_Request.msg
[205.759s] -- Up-to-date symlink: /home/hp/ROS2_WS/install/slam_toolbox/share/slam_toolbox/srvs/Clear_Response.msg
[205.760s] -- Up-to-date symlink: /home/hp/ROS2_WS/install/slam_toolbox/share/slam_toolbox/srvs/SaveMap.srv
[205.760s] -- Up-to-date symlink: /home/hp/ROS2_WS/install/slam_toolbox/share/slam_toolbox/srvs/SaveMap_Request.msg
[205.760s] -- Up-to-date symlink: /home/hp/ROS2_WS/install/slam_toolbox/share/slam_toolbox/srvs/SaveMap_Response.msg
[205.761s] -- Up-to-date symlink: /home/hp/ROS2_WS/install/slam_toolbox/share/slam_toolbox/srvs/LoopClosure.srv
[205.761s] -- Up-to-date symlink: /home/hp/ROS2_WS/install/slam_toolbox/share/slam_toolbox/srvs/LoopClosure_Request.msg
[205.761s] -- Up-to-date symlink: /home/hp/ROS2_WS/install/slam_toolbox/share/slam_toolbox/srvs/LoopClosure_Response.msg
[205.761s] -- Up-to-date symlink: /home/hp/ROS2_WS/install/slam_toolbox/share/slam_toolbox/srvs/MergeMaps.srv
[205.762s] -- Up-to-date symlink: /home/hp/ROS2_WS/install/slam_toolbox/share/slam_toolbox/srvs/MergeMaps_Request.msg
[205.763s] -- Up-to-date symlink: /home/hp/ROS2_WS/install/slam_toolbox/share/slam_toolbox/srvs/MergeMaps_Response.msg
[205.763s] -- Up-to-date symlink: /home/hp/ROS2_WS/install/slam_toolbox/share/slam_toolbox/srvs/AddSubmap.srv
[205.763s] -- Up-to-date symlink: /home/hp/ROS2_WS/install/slam_toolbox/share/slam_toolbox/srvs/AddSubmap_Request.msg
[205.763s] -- Up-to-date symlink: /home/hp/ROS2_WS/install/slam_toolbox/share/slam_toolbox/srvs/AddSubmap_Response.msg
[205.763s] -- Up-to-date symlink: /home/hp/ROS2_WS/install/slam_toolbox/share/slam_toolbox/srvs/DeserializePoseGraph.srv
[205.763s] -- Up-to-date symlink: /home/hp/ROS2_WS/install/slam_toolbox/share/slam_toolbox/srvs/DeserializePoseGraph_Request.msg
[205.777s] -- Up-to-date symlink: /home/hp/ROS2_WS/install/slam_toolbox/share/slam_toolbox/srvs/DeserializePoseGraph_Response.msg
[205.778s] -- Up-to-date symlink: /home/hp/ROS2_WS/install/slam_toolbox/share/slam_toolbox/srvs/SerializePoseGraph.srv
[205.778s] -- Up-to-date symlink: /home/hp/ROS2_WS/install/slam_toolbox/share/slam_toolbox/srvs/SerializePoseGraph_Request.msg
[205.779s] -- Up-to-date symlink: /home/hp/ROS2_WS/install/slam_toolbox/share/slam_toolbox/srvs/SerializePoseGraph_Response.msg
[205.779s] -- Up-to-date symlink: /home/hp/ROS2_WS/install/slam_toolbox/share/slam_toolbox//rviz_plugins.xml
[205.779s] -- Up-to-date symlink: /home/hp/ROS2_WS/install/slam_toolbox/share/slam_toolbox//solver_plugins.xml
[205.780s] -- Up-to-date symlink: /home/hp/ROS2_WS/install/slam_toolbox/lib/slam_toolbox/async_slam_toolbox_node
[205.780s] -- Up-to-date symlink: /home/hp/ROS2_WS/install/slam_toolbox/lib/slam_toolbox/sync_slam_toolbox_node
[205.781s] -- Up-to-date symlink: /home/hp/ROS2_WS/install/slam_toolbox/lib/slam_toolbox/localization_slam_toolbox_node
[205.781s] -- Up-to-date symlink: /home/hp/ROS2_WS/install/slam_toolbox/lib/slam_toolbox/map_and_localization_slam_toolbox_node
[205.781s] -- Up-to-date symlink: /home/hp/ROS2_WS/install/slam_toolbox/lib/slam_toolbox/lifelong_slam_toolbox_node
[205.782s] -- Up-to-date symlink: /home/hp/ROS2_WS/install/slam_toolbox/lib/slam_toolbox/merge_maps_kinematic
[205.782s] -- Up-to-date symlink: /home/hp/ROS2_WS/install/slam_toolbox/lib/libtoolbox_common.so
[205.782s] -- Up-to-date symlink: /home/hp/ROS2_WS/install/slam_toolbox/lib/libSlamToolboxPlugin.so
[205.783s] -- Up-to-date symlink: /home/hp/ROS2_WS/install/slam_toolbox/lib/libceres_solver_plugin.so
[205.783s] -- Up-to-date symlink: /home/hp/ROS2_WS/install/slam_toolbox/lib/libasync_slam_toolbox.so
[205.783s] -- Up-to-date symlink: /home/hp/ROS2_WS/install/slam_toolbox/lib/libsync_slam_toolbox.so
[205.784s] -- Up-to-date symlink: /home/hp/ROS2_WS/install/slam_toolbox/lib/liblocalization_slam_toolbox.so
[205.784s] -- Up-to-date symlink: /home/hp/ROS2_WS/install/slam_toolbox/lib/liblifelong_slam_toolbox.so
[205.784s] -- Up-to-date symlink: /home/hp/ROS2_WS/install/slam_toolbox/lib/libmap_and_localization_slam_toolbox.so
[205.785s] -- Up-to-date symlink: /home/hp/ROS2_WS/install/slam_toolbox/lib/libkartoSlamToolbox.so
[205.786s] -- Up-to-date symlink: /home/hp/ROS2_WS/install/slam_toolbox/include/slam_toolbox/experimental/slam_toolbox_lifelong.hpp
[205.787s] -- Up-to-date symlink: /home/hp/ROS2_WS/install/slam_toolbox/include/slam_toolbox/experimental/slam_toolbox_map_and_localization.hpp
[205.787s] -- Up-to-date symlink: /home/hp/ROS2_WS/install/slam_toolbox/include/slam_toolbox/get_pose_helper.hpp
[205.787s] -- Up-to-date symlink: /home/hp/ROS2_WS/install/slam_toolbox/include/slam_toolbox/laser_utils.hpp
[205.787s] -- Up-to-date symlink: /home/hp/ROS2_WS/install/slam_toolbox/include/slam_toolbox/loop_closure_assistant.hpp
[205.788s] -- Up-to-date symlink: /home/hp/ROS2_WS/install/slam_toolbox/include/slam_toolbox/map_saver.hpp
[205.788s] -- Up-to-date symlink: /home/hp/ROS2_WS/install/slam_toolbox/include/slam_toolbox/merge_maps_kinematic.hpp
[205.788s] -- Up-to-date symlink: /home/hp/ROS2_WS/install/slam_toolbox/include/slam_toolbox/serialization.hpp
[205.788s] -- Up-to-date symlink: /home/hp/ROS2_WS/install/slam_toolbox/include/slam_toolbox/slam_mapper.hpp
[205.788s] -- Up-to-date symlink: /home/hp/ROS2_WS/install/slam_toolbox/include/slam_toolbox/slam_toolbox_async.hpp
[205.788s] -- Up-to-date symlink: /home/hp/ROS2_WS/install/slam_toolbox/include/slam_toolbox/slam_toolbox_common.hpp
[205.788s] -- Up-to-date symlink: /home/hp/ROS2_WS/install/slam_toolbox/include/slam_toolbox/slam_toolbox_localization.hpp
[205.789s] -- Up-to-date symlink: /home/hp/ROS2_WS/install/slam_toolbox/include/slam_toolbox/slam_toolbox_sync.hpp
[205.799s] -- Up-to-date symlink: /home/hp/ROS2_WS/install/slam_toolbox/include/slam_toolbox/snap_utils.hpp
[205.799s] -- Up-to-date symlink: /home/hp/ROS2_WS/install/slam_toolbox/include/slam_toolbox/toolbox_msgs.hpp
[205.799s] -- Up-to-date symlink: /home/hp/ROS2_WS/install/slam_toolbox/include/slam_toolbox/toolbox_types.hpp
[205.799s] -- Up-to-date symlink: /home/hp/ROS2_WS/install/slam_toolbox/include/slam_toolbox/visualization_utils.hpp
[205.815s] -- Up-to-date symlink: /home/hp/ROS2_WS/install/slam_toolbox/share/slam_toolbox/launch/localization_launch.py
[205.826s] -- Up-to-date symlink: /home/hp/ROS2_WS/install/slam_toolbox/share/slam_toolbox/launch/merge_maps_kinematic_launch.py
[205.827s] -- Up-to-date symlink: /home/hp/ROS2_WS/install/slam_toolbox/share/slam_toolbox/launch/offline_launch.py
[205.827s] -- Up-to-date symlink: /home/hp/ROS2_WS/install/slam_toolbox/share/slam_toolbox/launch/online_async_launch.py
[205.827s] -- Up-to-date symlink: /home/hp/ROS2_WS/install/slam_toolbox/share/slam_toolbox/launch/online_sync_launch.py
[205.843s] -- Up-to-date symlink: /home/hp/ROS2_WS/install/slam_toolbox/share/slam_toolbox/config/mapper_params_lifelong.yaml
[205.844s] -- Up-to-date symlink: /home/hp/ROS2_WS/install/slam_toolbox/share/slam_toolbox/config/mapper_params_localization.yaml
[205.844s] -- Up-to-date symlink: /home/hp/ROS2_WS/install/slam_toolbox/share/slam_toolbox/config/mapper_params_offline.yaml
[205.845s] -- Up-to-date symlink: /home/hp/ROS2_WS/install/slam_toolbox/share/slam_toolbox/config/mapper_params_online_async.yaml
[205.845s] -- Up-to-date symlink: /home/hp/ROS2_WS/install/slam_toolbox/share/slam_toolbox/config/mapper_params_online_sync.yaml
[205.845s] -- Up-to-date symlink: /home/hp/ROS2_WS/install/slam_toolbox/share/slam_toolbox/config/slam_toolbox_default.rviz
[205.846s] -- Up-to-date symlink: /home/hp/ROS2_WS/install/slam_toolbox/share/solver_plugins.xml
[205.846s] -- Up-to-date symlink: /home/hp/ROS2_WS/install/slam_toolbox/share/rviz_plugins.xml
[205.864s] -- Up-to-date symlink: /home/hp/ROS2_WS/install/slam_toolbox/share/ament_index/resource_index/package_run_dependencies/slam_toolbox
[205.865s] -- Up-to-date symlink: /home/hp/ROS2_WS/install/slam_toolbox/share/ament_index/resource_index/parent_prefix_path/slam_toolbox
[205.906s] -- Up-to-date symlink: /home/hp/ROS2_WS/install/slam_toolbox/share/slam_toolbox/environment/ament_prefix_path.sh
[205.907s] -- Up-to-date symlink: /home/hp/ROS2_WS/install/slam_toolbox/share/slam_toolbox/environment/ament_prefix_path.dsv
[205.908s] -- Up-to-date symlink: /home/hp/ROS2_WS/install/slam_toolbox/share/slam_toolbox/environment/path.sh
[205.908s] -- Up-to-date symlink: /home/hp/ROS2_WS/install/slam_toolbox/share/slam_toolbox/environment/path.dsv
[205.909s] -- Up-to-date symlink: /home/hp/ROS2_WS/install/slam_toolbox/share/slam_toolbox/local_setup.bash
[205.909s] -- Up-to-date symlink: /home/hp/ROS2_WS/install/slam_toolbox/share/slam_toolbox/local_setup.sh
[205.909s] -- Up-to-date symlink: /home/hp/ROS2_WS/install/slam_toolbox/share/slam_toolbox/local_setup.zsh
[205.910s] -- Up-to-date symlink: /home/hp/ROS2_WS/install/slam_toolbox/share/slam_toolbox/local_setup.dsv
[205.910s] -- Symlinking: /home/hp/ROS2_WS/install/slam_toolbox/share/slam_toolbox/package.dsv
[205.955s] -- Up-to-date symlink: /home/hp/ROS2_WS/install/slam_toolbox/share/ament_index/resource_index/packages/slam_toolbox
[205.955s] -- Up-to-date symlink: /home/hp/ROS2_WS/install/slam_toolbox/share/ament_index/resource_index/rviz_common__pluginlib__plugin/slam_toolbox
[205.956s] -- Up-to-date symlink: /home/hp/ROS2_WS/install/slam_toolbox/share/ament_index/resource_index/slam_toolbox__pluginlib__plugin/slam_toolbox
[205.956s] -- Up-to-date symlink: /home/hp/ROS2_WS/install/slam_toolbox/share/ament_index/resource_index/rclcpp_components/slam_toolbox
[205.965s] -- Up-to-date symlink: /home/hp/ROS2_WS/install/slam_toolbox/share/slam_toolbox/cmake/rosidl_cmake-extras.cmake
[205.966s] -- Up-to-date symlink: /home/hp/ROS2_WS/install/slam_toolbox/share/slam_toolbox/cmake/ament_cmake_export_dependencies-extras.cmake
[205.966s] -- Up-to-date symlink: /home/hp/ROS2_WS/install/slam_toolbox/share/slam_toolbox/cmake/ament_cmake_export_include_directories-extras.cmake
[205.967s] -- Up-to-date symlink: /home/hp/ROS2_WS/install/slam_toolbox/share/slam_toolbox/cmake/ament_cmake_export_libraries-extras.cmake
[205.967s] -- Up-to-date symlink: /home/hp/ROS2_WS/install/slam_toolbox/share/slam_toolbox/cmake/ament_cmake_export_targets-extras.cmake
[205.968s] -- Up-to-date symlink: /home/hp/ROS2_WS/install/slam_toolbox/share/slam_toolbox/cmake/rosidl_cmake_export_typesupport_targets-extras.cmake
[205.968s] -- Up-to-date symlink: /home/hp/ROS2_WS/install/slam_toolbox/share/slam_toolbox/cmake/rosidl_cmake_export_typesupport_libraries-extras.cmake
[205.980s] -- Up-to-date symlink: /home/hp/ROS2_WS/install/slam_toolbox/share/slam_toolbox/cmake/slam_toolboxConfig.cmake
[205.980s] -- Up-to-date symlink: /home/hp/ROS2_WS/install/slam_toolbox/share/slam_toolbox/cmake/slam_toolboxConfig-version.cmake
[205.981s] -- Up-to-date symlink: /home/hp/ROS2_WS/install/slam_toolbox/share/slam_toolbox/package.xml
[206.033s] -- Up-to-date: /home/hp/ROS2_WS/install/slam_toolbox/lib/libslam_toolbox__rosidl_generator_c.so
[206.050s] -- Up-to-date: /home/hp/ROS2_WS/install/slam_toolbox/lib/libslam_toolbox__rosidl_typesupport_fastrtps_c.so
[206.053s] -- Up-to-date: /home/hp/ROS2_WS/install/slam_toolbox/lib/libslam_toolbox__rosidl_typesupport_fastrtps_cpp.so
[206.077s] -- Up-to-date: /home/hp/ROS2_WS/install/slam_toolbox/lib/libslam_toolbox__rosidl_typesupport_introspection_c.so
[206.117s] -- Up-to-date: /home/hp/ROS2_WS/install/slam_toolbox/lib/libslam_toolbox__rosidl_typesupport_c.so
[206.151s] -- Up-to-date: /home/hp/ROS2_WS/install/slam_toolbox/lib/libslam_toolbox__rosidl_typesupport_introspection_cpp.so
[206.173s] -- Up-to-date: /home/hp/ROS2_WS/install/slam_toolbox/lib/libslam_toolbox__rosidl_typesupport_cpp.so
[207.954s] Listing '/home/hp/ROS2_WS/install/slam_toolbox/local/lib/python3.10/dist-packages/slam_toolbox'...
[207.954s] Listing '/home/hp/ROS2_WS/install/slam_toolbox/local/lib/python3.10/dist-packages/slam_toolbox/srv'...
[207.984s] -- Up-to-date: /home/hp/ROS2_WS/install/slam_toolbox/lib/libslam_toolbox__rosidl_generator_py.so
[208.081s] -- Up-to-date: /home/hp/ROS2_WS/install/slam_toolbox/share/slam_toolbox/cmake/export_slam_toolbox__rosidl_generator_cExport.cmake
[208.081s] -- Up-to-date: /home/hp/ROS2_WS/install/slam_toolbox/share/slam_toolbox/cmake/export_slam_toolbox__rosidl_generator_cExport-release.cmake
[208.081s] -- Up-to-date: /home/hp/ROS2_WS/install/slam_toolbox/share/slam_toolbox/cmake/export_slam_toolbox__rosidl_typesupport_fastrtps_cExport.cmake
[208.081s] -- Up-to-date: /home/hp/ROS2_WS/install/slam_toolbox/share/slam_toolbox/cmake/export_slam_toolbox__rosidl_typesupport_fastrtps_cExport-release.cmake
[208.082s] -- Up-to-date: /home/hp/ROS2_WS/install/slam_toolbox/share/slam_toolbox/cmake/export_slam_toolbox__rosidl_generator_cppExport.cmake
[208.082s] -- Up-to-date: /home/hp/ROS2_WS/install/slam_toolbox/share/slam_toolbox/cmake/export_slam_toolbox__rosidl_typesupport_fastrtps_cppExport.cmake
[208.083s] -- Up-to-date: /home/hp/ROS2_WS/install/slam_toolbox/share/slam_toolbox/cmake/export_slam_toolbox__rosidl_typesupport_fastrtps_cppExport-release.cmake
[208.083s] -- Up-to-date: /home/hp/ROS2_WS/install/slam_toolbox/share/slam_toolbox/cmake/slam_toolbox__rosidl_typesupport_introspection_cExport.cmake
[208.083s] -- Up-to-date: /home/hp/ROS2_WS/install/slam_toolbox/share/slam_toolbox/cmake/slam_toolbox__rosidl_typesupport_introspection_cExport-release.cmake
[208.084s] -- Up-to-date: /home/hp/ROS2_WS/install/slam_toolbox/share/slam_toolbox/cmake/slam_toolbox__rosidl_typesupport_cExport.cmake
[208.084s] -- Up-to-date: /home/hp/ROS2_WS/install/slam_toolbox/share/slam_toolbox/cmake/slam_toolbox__rosidl_typesupport_cExport-release.cmake
[208.103s] -- Up-to-date: /home/hp/ROS2_WS/install/slam_toolbox/share/slam_toolbox/cmake/slam_toolbox__rosidl_typesupport_introspection_cppExport.cmake
[208.103s] -- Up-to-date: /home/hp/ROS2_WS/install/slam_toolbox/share/slam_toolbox/cmake/slam_toolbox__rosidl_typesupport_introspection_cppExport-release.cmake
[208.104s] -- Up-to-date: /home/hp/ROS2_WS/install/slam_toolbox/share/slam_toolbox/cmake/slam_toolbox__rosidl_typesupport_cppExport.cmake
[208.104s] -- Up-to-date: /home/hp/ROS2_WS/install/slam_toolbox/share/slam_toolbox/cmake/slam_toolbox__rosidl_typesupport_cppExport-release.cmake
[208.105s] -- Up-to-date: /home/hp/ROS2_WS/install/slam_toolbox/share/slam_toolbox/cmake/export_slam_toolbox__rosidl_generator_pyExport.cmake
[208.105s] -- Up-to-date: /home/hp/ROS2_WS/install/slam_toolbox/share/slam_toolbox/cmake/export_slam_toolbox__rosidl_generator_pyExport-release.cmake
[208.105s] -- Up-to-date: /home/hp/ROS2_WS/install/slam_toolbox/share/slam_toolbox/cmake/SlamToolboxPluginExport.cmake
[208.105s] -- Up-to-date: /home/hp/ROS2_WS/install/slam_toolbox/share/slam_toolbox/cmake/SlamToolboxPluginExport-release.cmake
[208.192s] Invoked command in '/home/hp/ROS2_WS/build/slam_toolbox' returned '0': CMAKE_PREFIX_PATH=${CMAKE_PREFIX_PATH}:/home/hp/ROS2_WS/install/my_robot_controller:/home/hp/ROS2_WS/install/my_exo:/home/hp/ROS2_WS/install/dynamic_tf:/opt/ros/humble /usr/bin/cmake --install /home/hp/ROS2_WS/build/slam_toolbox
