[4.376s] Invoking command in '/home/hp/ROS2_WS/build/my_exo': PYTHONPATH=/home/hp/ROS2_WS/build/my_exo/prefix_override:/home/hp/ROS2_WS/install/my_exo/lib/python3.10/site-packages:${PYTHONPATH} /usr/bin/python3 -W ignore:setup.py install is deprecated setup.py develop --editable --build-directory /home/hp/ROS2_WS/build/my_exo/build --no-deps symlink_data
[4.773s] running develop
[5.252s] running egg_info
[5.252s] writing my_exo.egg-info/PKG-INFO
[5.252s] writing dependency_links to my_exo.egg-info/dependency_links.txt
[5.253s] writing entry points to my_exo.egg-info/entry_points.txt
[5.253s] writing requirements to my_exo.egg-info/requires.txt
[5.253s] writing top-level names to my_exo.egg-info/top_level.txt
[5.256s] reading manifest file 'my_exo.egg-info/SOURCES.txt'
[5.257s] writing manifest file 'my_exo.egg-info/SOURCES.txt'
[5.259s] running build_ext
[5.259s] Creating /home/hp/ROS2_WS/install/my_exo/lib/python3.10/site-packages/my-exo.egg-link (link to .)
[5.260s] Installing first_node script to /home/hp/ROS2_WS/install/my_exo/lib/my_exo
[5.260s] Installing fourth_node script to /home/hp/ROS2_WS/install/my_exo/lib/my_exo
[5.260s] Installing input_node script to /home/hp/ROS2_WS/install/my_exo/lib/my_exo
[5.260s] Installing second_node script to /home/hp/ROS2_WS/install/my_exo/lib/my_exo
[5.260s] Installing selector_node script to /home/hp/ROS2_WS/install/my_exo/lib/my_exo
[5.260s] Installing third_node script to /home/hp/ROS2_WS/install/my_exo/lib/my_exo
[5.261s] 
[5.261s] Installed /home/hp/ROS2_WS/build/my_exo
[5.261s] running symlink_data
[5.315s] Invoked command in '/home/hp/ROS2_WS/build/my_exo' returned '0': PYTHONPATH=/home/hp/ROS2_WS/build/my_exo/prefix_override:/home/hp/ROS2_WS/install/my_exo/lib/python3.10/site-packages:${PYTHONPATH} /usr/bin/python3 -W ignore:setup.py install is deprecated setup.py develop --editable --build-directory /home/hp/ROS2_WS/build/my_exo/build --no-deps symlink_data
