[1.360s] Invoking command in '/home/hp/ROS2_WS/build/slam_toolbox': CMAKE_PREFIX_PATH=${CMAKE_PREFIX_PATH}:/home/hp/ROS2_WS/install/my_robot_controller:/home/hp/ROS2_WS/install/my_exo:/home/hp/ROS2_WS/install/dynamic_tf:/opt/ros/humble /usr/bin/cmake --build /home/hp/ROS2_WS/build/slam_toolbox -- -j8 -l8
[4.968s] [  0%] Built target ament_cmake_python_symlink_slam_toolbox
[5.233s] [35m[1mConsolidate compiler generated dependencies of target kartoSlamToolbox[0m
[5.370s] [  0%] Built target slam_toolbox__cpp
[5.394s] [  1%] [32mBuilding CXX object lib/karto_sdk/CMakeFiles/kartoSlamToolbox.dir/src/Karto.cpp.o[0m
[5.398s] [  2%] [32mBuilding CXX object lib/karto_sdk/CMakeFiles/kartoSlamToolbox.dir/src/Mapper.cpp.o[0m
[5.416s] running egg_info
[5.416s] writing slam_toolbox.egg-info/PKG-INFO
[5.416s] writing dependency_links to slam_toolbox.egg-info/dependency_links.txt
[5.417s] writing top-level names to slam_toolbox.egg-info/top_level.txt
[5.496s] [ 11%] Built target slam_toolbox__rosidl_generator_c
[5.501s] reading manifest file 'slam_toolbox.egg-info/SOURCES.txt'
[5.668s] writing manifest file 'slam_toolbox.egg-info/SOURCES.txt'
[5.699s] [ 11%] Built target ament_cmake_python_build_slam_toolbox_egg
[5.878s] [ 20%] Built target slam_toolbox__rosidl_typesupport_cpp
[5.896s] [ 29%] Built target slam_toolbox__rosidl_typesupport_introspection_cpp
[5.908s] [ 38%] Built target slam_toolbox__rosidl_typesupport_fastrtps_c
[6.118s] [ 47%] Built target slam_toolbox__rosidl_typesupport_c
[6.122s] [ 56%] Built target slam_toolbox__rosidl_typesupport_fastrtps_cpp
[6.162s] [ 65%] Built target slam_toolbox__rosidl_typesupport_introspection_c
[6.206s] [ 65%] Built target slam_toolbox
[6.300s] [ 66%] Built target slam_toolbox__py
[6.328s] [ 68%] Built target SlamToolboxPlugin
[6.652s] [ 76%] Built target slam_toolbox__rosidl_generator_py
[6.771s] [ 77%] Built target slam_toolbox__rosidl_typesupport_fastrtps_c__pyext
[6.815s] [ 78%] Built target slam_toolbox__rosidl_typesupport_introspection_c__pyext
[6.843s] [ 79%] Built target slam_toolbox__rosidl_typesupport_c__pyext
[26.270s] [ 79%] [32m[1mLinking CXX shared library libkartoSlamToolbox.so[0m
[26.669s] [ 79%] Built target kartoSlamToolbox
[26.906s] [35m[1mConsolidate compiler generated dependencies of target ceres_solver_plugin[0m
[26.922s] [35m[1mConsolidate compiler generated dependencies of target toolbox_common[0m
[26.997s] [ 80%] [32mBuilding CXX object CMakeFiles/toolbox_common.dir/src/slam_toolbox_common.cpp.o[0m
[26.999s] [ 80%] [32mBuilding CXX object CMakeFiles/toolbox_common.dir/src/loop_closure_assistant.cpp.o[0m
[27.002s] [ 81%] [32mBuilding CXX object CMakeFiles/toolbox_common.dir/src/laser_utils.cpp.o[0m
[27.003s] [ 82%] [32mBuilding CXX object CMakeFiles/toolbox_common.dir/src/slam_mapper.cpp.o[0m
[27.004s] [ 83%] [32mBuilding CXX object CMakeFiles/ceres_solver_plugin.dir/solvers/ceres_solver.cpp.o[0m
[53.390s] [ 83%] [32m[1mLinking CXX shared library libceres_solver_plugin.so[0m
[60.417s] [ 83%] Built target ceres_solver_plugin
[71.774s] [ 84%] [32m[1mLinking CXX shared library libtoolbox_common.so[0m
[72.726s] [ 85%] Built target toolbox_common
[73.488s] [35m[1mConsolidate compiler generated dependencies of target async_slam_toolbox[0m
[73.623s] [35m[1mConsolidate compiler generated dependencies of target sync_slam_toolbox[0m
[73.623s] [35m[1mConsolidate compiler generated dependencies of target localization_slam_toolbox[0m
[73.656s] [35m[1mConsolidate compiler generated dependencies of target merge_maps_kinematic[0m
[73.670s] [35m[1mConsolidate compiler generated dependencies of target lifelong_slam_toolbox[0m
[77.368s] [ 87%] [32mBuilding CXX object CMakeFiles/merge_maps_kinematic.dir/src/merge_maps_kinematic.cpp.o[0m
[77.368s] [ 87%] [32mBuilding CXX object CMakeFiles/sync_slam_toolbox.dir/src/slam_toolbox_sync.cpp.o[0m
[77.368s] [ 87%] [32mBuilding CXX object CMakeFiles/async_slam_toolbox.dir/src/slam_toolbox_async.cpp.o[0m
[77.372s] [ 89%] [32mBuilding CXX object CMakeFiles/localization_slam_toolbox.dir/src/slam_toolbox_localization.cpp.o[0m
[77.372s] [ 89%] [32mBuilding CXX object CMakeFiles/lifelong_slam_toolbox.dir/src/experimental/slam_toolbox_lifelong.cpp.o[0m
