[6.800s] DEBUG:colcon:Command line arguments: ['/usr/bin/colcon', 'build', '--symlink-install']
[6.801s] DEBUG:colcon:Parsed command line arguments: Namespace(log_base=None, log_level=None, verb_name='build', build_base='build', install_base='install', merge_install=False, symlink_install=True, test_result_base=None, continue_on_error=False, executor='parallel', parallel_workers=8, event_handlers=None, ignore_user_meta=False, metas=['./colcon.meta'], base_paths=['.'], packages_ignore=None, packages_ignore_regex=None, paths=None, packages_up_to=None, packages_up_to_regex=None, packages_above=None, packages_above_and_dependencies=None, packages_above_depth=None, packages_select_by_dep=None, packages_skip_by_dep=None, packages_skip_up_to=None, packages_select_build_failed=False, packages_skip_build_finished=False, packages_select_test_failures=False, packages_skip_test_passed=False, packages_select=None, packages_skip=None, packages_select_regex=None, packages_skip_regex=None, packages_start=None, packages_end=None, allow_overriding=[], cmake_args=None, cmake_target=None, cmake_target_skip_unavailable=False, cmake_clean_cache=False, cmake_clean_first=False, cmake_force_configure=False, ament_cmake_args=None, catkin_cmake_args=None, catkin_skip_building_tests=False, verb_parser=<colcon_defaults.argument_parser.defaults.DefaultArgumentsDecorator object at 0x73325b3490c0>, verb_extension=<colcon_core.verb.build.BuildVerb object at 0x73325b348070>, main=<bound method BuildVerb.main of <colcon_core.verb.build.BuildVerb object at 0x73325b348070>>)
[13.671s] Level 1:colcon.colcon_core.package_discovery:discover_packages(colcon_meta) check parameters
[13.672s] Level 1:colcon.colcon_core.package_discovery:discover_packages(recursive) check parameters
[13.672s] Level 1:colcon.colcon_core.package_discovery:discover_packages(ignore) check parameters
[13.672s] Level 1:colcon.colcon_core.package_discovery:discover_packages(path) check parameters
[13.672s] Level 1:colcon.colcon_core.package_discovery:discover_packages(colcon_meta) discover
[13.672s] Level 1:colcon.colcon_core.package_discovery:discover_packages(recursive) discover
[13.672s] INFO:colcon.colcon_core.package_discovery:Crawling recursively for packages in '/home/hp/ROS2_WS'
[13.672s] Level 1:colcon.colcon_core.package_identification:_identify(.) by extensions ['ignore', 'ignore_ament_install']
[13.672s] Level 1:colcon.colcon_core.package_identification:_identify(.) by extension 'ignore'
[13.673s] Level 1:colcon.colcon_core.package_identification:_identify(.) by extension 'ignore_ament_install'
[13.673s] Level 1:colcon.colcon_core.package_identification:_identify(.) by extensions ['colcon_pkg']
[13.673s] Level 1:colcon.colcon_core.package_identification:_identify(.) by extension 'colcon_pkg'
[13.673s] Level 1:colcon.colcon_core.package_identification:_identify(.) by extensions ['colcon_meta']
[13.673s] Level 1:colcon.colcon_core.package_identification:_identify(.) by extension 'colcon_meta'
[13.673s] Level 1:colcon.colcon_core.package_identification:_identify(.) by extensions ['ros']
[13.673s] Level 1:colcon.colcon_core.package_identification:_identify(.) by extension 'ros'
[13.775s] Level 1:colcon.colcon_core.package_identification:_identify(.) by extensions ['cmake', 'python']
[13.775s] Level 1:colcon.colcon_core.package_identification:_identify(.) by extension 'cmake'
[13.776s] Level 1:colcon.colcon_core.package_identification:_identify(.) by extension 'python'
[13.776s] Level 1:colcon.colcon_core.package_identification:_identify(.) by extensions ['python_setup_py']
[13.776s] Level 1:colcon.colcon_core.package_identification:_identify(.) by extension 'python_setup_py'
[13.776s] Level 1:colcon.colcon_core.package_identification:_identify(build) by extensions ['ignore', 'ignore_ament_install']
[13.776s] Level 1:colcon.colcon_core.package_identification:_identify(build) by extension 'ignore'
[13.776s] Level 1:colcon.colcon_core.package_identification:_identify(build) ignored
[13.776s] Level 1:colcon.colcon_core.package_identification:_identify(install) by extensions ['ignore', 'ignore_ament_install']
[13.777s] Level 1:colcon.colcon_core.package_identification:_identify(install) by extension 'ignore'
[13.777s] Level 1:colcon.colcon_core.package_identification:_identify(install) ignored
[13.777s] Level 1:colcon.colcon_core.package_identification:_identify(log) by extensions ['ignore', 'ignore_ament_install']
[13.777s] Level 1:colcon.colcon_core.package_identification:_identify(log) by extension 'ignore'
[13.777s] Level 1:colcon.colcon_core.package_identification:_identify(log) ignored
[13.805s] Level 1:colcon.colcon_core.package_identification:_identify(src) by extensions ['ignore', 'ignore_ament_install']
[13.805s] Level 1:colcon.colcon_core.package_identification:_identify(src) by extension 'ignore'
[13.805s] Level 1:colcon.colcon_core.package_identification:_identify(src) by extension 'ignore_ament_install'
[13.806s] Level 1:colcon.colcon_core.package_identification:_identify(src) by extensions ['colcon_pkg']
[13.806s] Level 1:colcon.colcon_core.package_identification:_identify(src) by extension 'colcon_pkg'
[13.806s] Level 1:colcon.colcon_core.package_identification:_identify(src) by extensions ['colcon_meta']
[13.806s] Level 1:colcon.colcon_core.package_identification:_identify(src) by extension 'colcon_meta'
[13.806s] Level 1:colcon.colcon_core.package_identification:_identify(src) by extensions ['ros']
[13.806s] Level 1:colcon.colcon_core.package_identification:_identify(src) by extension 'ros'
[13.806s] Level 1:colcon.colcon_core.package_identification:_identify(src) by extensions ['cmake', 'python']
[13.806s] Level 1:colcon.colcon_core.package_identification:_identify(src) by extension 'cmake'
[13.806s] Level 1:colcon.colcon_core.package_identification:_identify(src) by extension 'python'
[13.807s] Level 1:colcon.colcon_core.package_identification:_identify(src) by extensions ['python_setup_py']
[13.807s] Level 1:colcon.colcon_core.package_identification:_identify(src) by extension 'python_setup_py'
[13.859s] Level 1:colcon.colcon_core.package_identification:_identify(src/build) by extensions ['ignore', 'ignore_ament_install']
[13.860s] Level 1:colcon.colcon_core.package_identification:_identify(src/build) by extension 'ignore'
[13.860s] Level 1:colcon.colcon_core.package_identification:_identify(src/build) ignored
[13.890s] Level 1:colcon.colcon_core.package_identification:_identify(src/dynamic_tf) by extensions ['ignore', 'ignore_ament_install']
[13.890s] Level 1:colcon.colcon_core.package_identification:_identify(src/dynamic_tf) by extension 'ignore'
[13.891s] Level 1:colcon.colcon_core.package_identification:_identify(src/dynamic_tf) by extension 'ignore_ament_install'
[13.891s] Level 1:colcon.colcon_core.package_identification:_identify(src/dynamic_tf) by extensions ['colcon_pkg']
[13.891s] Level 1:colcon.colcon_core.package_identification:_identify(src/dynamic_tf) by extension 'colcon_pkg'
[13.891s] Level 1:colcon.colcon_core.package_identification:_identify(src/dynamic_tf) by extensions ['colcon_meta']
[13.891s] Level 1:colcon.colcon_core.package_identification:_identify(src/dynamic_tf) by extension 'colcon_meta'
[13.891s] Level 1:colcon.colcon_core.package_identification:_identify(src/dynamic_tf) by extensions ['ros']
[13.891s] Level 1:colcon.colcon_core.package_identification:_identify(src/dynamic_tf) by extension 'ros'
[13.968s] DEBUG:colcon.colcon_core.package_identification:Package 'src/dynamic_tf' with type 'ros.ament_python' and name 'dynamic_tf'
[14.004s] Level 1:colcon.colcon_core.package_identification:_identify(src/install) by extensions ['ignore', 'ignore_ament_install']
[14.004s] Level 1:colcon.colcon_core.package_identification:_identify(src/install) by extension 'ignore'
[14.004s] Level 1:colcon.colcon_core.package_identification:_identify(src/install) ignored
[14.057s] Level 1:colcon.colcon_core.package_identification:_identify(src/lidar2_data.bag) by extensions ['ignore', 'ignore_ament_install']
[14.057s] Level 1:colcon.colcon_core.package_identification:_identify(src/lidar2_data.bag) by extension 'ignore'
[14.057s] Level 1:colcon.colcon_core.package_identification:_identify(src/lidar2_data.bag) by extension 'ignore_ament_install'
[14.057s] Level 1:colcon.colcon_core.package_identification:_identify(src/lidar2_data.bag) by extensions ['colcon_pkg']
[14.057s] Level 1:colcon.colcon_core.package_identification:_identify(src/lidar2_data.bag) by extension 'colcon_pkg'
[14.057s] Level 1:colcon.colcon_core.package_identification:_identify(src/lidar2_data.bag) by extensions ['colcon_meta']
[14.058s] Level 1:colcon.colcon_core.package_identification:_identify(src/lidar2_data.bag) by extension 'colcon_meta'
[14.058s] Level 1:colcon.colcon_core.package_identification:_identify(src/lidar2_data.bag) by extensions ['ros']
[14.058s] Level 1:colcon.colcon_core.package_identification:_identify(src/lidar2_data.bag) by extension 'ros'
[14.058s] Level 1:colcon.colcon_core.package_identification:_identify(src/lidar2_data.bag) by extensions ['cmake', 'python']
[14.058s] Level 1:colcon.colcon_core.package_identification:_identify(src/lidar2_data.bag) by extension 'cmake'
[14.058s] Level 1:colcon.colcon_core.package_identification:_identify(src/lidar2_data.bag) by extension 'python'
[14.058s] Level 1:colcon.colcon_core.package_identification:_identify(src/lidar2_data.bag) by extensions ['python_setup_py']
[14.058s] Level 1:colcon.colcon_core.package_identification:_identify(src/lidar2_data.bag) by extension 'python_setup_py'
[14.059s] Level 1:colcon.colcon_core.package_identification:_identify(src/lidar_data) by extensions ['ignore', 'ignore_ament_install']
[14.059s] Level 1:colcon.colcon_core.package_identification:_identify(src/lidar_data) by extension 'ignore'
[14.059s] Level 1:colcon.colcon_core.package_identification:_identify(src/lidar_data) by extension 'ignore_ament_install'
[14.059s] Level 1:colcon.colcon_core.package_identification:_identify(src/lidar_data) by extensions ['colcon_pkg']
[14.059s] Level 1:colcon.colcon_core.package_identification:_identify(src/lidar_data) by extension 'colcon_pkg'
[14.059s] Level 1:colcon.colcon_core.package_identification:_identify(src/lidar_data) by extensions ['colcon_meta']
[14.059s] Level 1:colcon.colcon_core.package_identification:_identify(src/lidar_data) by extension 'colcon_meta'
[14.060s] Level 1:colcon.colcon_core.package_identification:_identify(src/lidar_data) by extensions ['ros']
[14.060s] Level 1:colcon.colcon_core.package_identification:_identify(src/lidar_data) by extension 'ros'
[14.060s] Level 1:colcon.colcon_core.package_identification:_identify(src/lidar_data) by extensions ['cmake', 'python']
[14.060s] Level 1:colcon.colcon_core.package_identification:_identify(src/lidar_data) by extension 'cmake'
[14.060s] Level 1:colcon.colcon_core.package_identification:_identify(src/lidar_data) by extension 'python'
[14.060s] Level 1:colcon.colcon_core.package_identification:_identify(src/lidar_data) by extensions ['python_setup_py']
[14.060s] Level 1:colcon.colcon_core.package_identification:_identify(src/lidar_data) by extension 'python_setup_py'
[14.061s] Level 1:colcon.colcon_core.package_identification:_identify(src/lidar_data.bag) by extensions ['ignore', 'ignore_ament_install']
[14.061s] Level 1:colcon.colcon_core.package_identification:_identify(src/lidar_data.bag) by extension 'ignore'
[14.061s] Level 1:colcon.colcon_core.package_identification:_identify(src/lidar_data.bag) by extension 'ignore_ament_install'
[14.061s] Level 1:colcon.colcon_core.package_identification:_identify(src/lidar_data.bag) by extensions ['colcon_pkg']
[14.061s] Level 1:colcon.colcon_core.package_identification:_identify(src/lidar_data.bag) by extension 'colcon_pkg'
[14.061s] Level 1:colcon.colcon_core.package_identification:_identify(src/lidar_data.bag) by extensions ['colcon_meta']
[14.061s] Level 1:colcon.colcon_core.package_identification:_identify(src/lidar_data.bag) by extension 'colcon_meta'
[14.061s] Level 1:colcon.colcon_core.package_identification:_identify(src/lidar_data.bag) by extensions ['ros']
[14.061s] Level 1:colcon.colcon_core.package_identification:_identify(src/lidar_data.bag) by extension 'ros'
[14.062s] Level 1:colcon.colcon_core.package_identification:_identify(src/lidar_data.bag) by extensions ['cmake', 'python']
[14.062s] Level 1:colcon.colcon_core.package_identification:_identify(src/lidar_data.bag) by extension 'cmake'
[14.062s] Level 1:colcon.colcon_core.package_identification:_identify(src/lidar_data.bag) by extension 'python'
[14.062s] Level 1:colcon.colcon_core.package_identification:_identify(src/lidar_data.bag) by extensions ['python_setup_py']
[14.062s] Level 1:colcon.colcon_core.package_identification:_identify(src/lidar_data.bag) by extension 'python_setup_py'
[14.163s] Level 1:colcon.colcon_core.package_identification:_identify(src/log) by extensions ['ignore', 'ignore_ament_install']
[14.163s] Level 1:colcon.colcon_core.package_identification:_identify(src/log) by extension 'ignore'
[14.164s] Level 1:colcon.colcon_core.package_identification:_identify(src/log) ignored
[14.228s] Level 1:colcon.colcon_core.package_identification:_identify(src/my_exo) by extensions ['ignore', 'ignore_ament_install']
[14.229s] Level 1:colcon.colcon_core.package_identification:_identify(src/my_exo) by extension 'ignore'
[14.229s] Level 1:colcon.colcon_core.package_identification:_identify(src/my_exo) by extension 'ignore_ament_install'
[14.229s] Level 1:colcon.colcon_core.package_identification:_identify(src/my_exo) by extensions ['colcon_pkg']
[14.229s] Level 1:colcon.colcon_core.package_identification:_identify(src/my_exo) by extension 'colcon_pkg'
[14.229s] Level 1:colcon.colcon_core.package_identification:_identify(src/my_exo) by extensions ['colcon_meta']
[14.229s] Level 1:colcon.colcon_core.package_identification:_identify(src/my_exo) by extension 'colcon_meta'
[14.230s] Level 1:colcon.colcon_core.package_identification:_identify(src/my_exo) by extensions ['ros']
[14.230s] Level 1:colcon.colcon_core.package_identification:_identify(src/my_exo) by extension 'ros'
[14.262s] DEBUG:colcon.colcon_core.package_identification:Package 'src/my_exo' with type 'ros.ament_python' and name 'my_exo'
[14.309s] Level 1:colcon.colcon_core.package_identification:_identify(src/my_robot_controller) by extensions ['ignore', 'ignore_ament_install']
[14.309s] Level 1:colcon.colcon_core.package_identification:_identify(src/my_robot_controller) by extension 'ignore'
[14.309s] Level 1:colcon.colcon_core.package_identification:_identify(src/my_robot_controller) by extension 'ignore_ament_install'
[14.309s] Level 1:colcon.colcon_core.package_identification:_identify(src/my_robot_controller) by extensions ['colcon_pkg']
[14.310s] Level 1:colcon.colcon_core.package_identification:_identify(src/my_robot_controller) by extension 'colcon_pkg'
[14.310s] Level 1:colcon.colcon_core.package_identification:_identify(src/my_robot_controller) by extensions ['colcon_meta']
[14.310s] Level 1:colcon.colcon_core.package_identification:_identify(src/my_robot_controller) by extension 'colcon_meta'
[14.310s] Level 1:colcon.colcon_core.package_identification:_identify(src/my_robot_controller) by extensions ['ros']
[14.310s] Level 1:colcon.colcon_core.package_identification:_identify(src/my_robot_controller) by extension 'ros'
[14.395s] DEBUG:colcon.colcon_core.package_identification:Package 'src/my_robot_controller' with type 'ros.ament_python' and name 'my_robot_controller'
[14.438s] Level 1:colcon.colcon_core.package_identification:_identify(src/rplidar_ros) by extensions ['ignore', 'ignore_ament_install']
[14.438s] Level 1:colcon.colcon_core.package_identification:_identify(src/rplidar_ros) by extension 'ignore'
[14.438s] Level 1:colcon.colcon_core.package_identification:_identify(src/rplidar_ros) by extension 'ignore_ament_install'
[14.438s] Level 1:colcon.colcon_core.package_identification:_identify(src/rplidar_ros) by extensions ['colcon_pkg']
[14.438s] Level 1:colcon.colcon_core.package_identification:_identify(src/rplidar_ros) by extension 'colcon_pkg'
[14.439s] Level 1:colcon.colcon_core.package_identification:_identify(src/rplidar_ros) by extensions ['colcon_meta']
[14.439s] Level 1:colcon.colcon_core.package_identification:_identify(src/rplidar_ros) by extension 'colcon_meta'
[14.439s] Level 1:colcon.colcon_core.package_identification:_identify(src/rplidar_ros) by extensions ['ros']
[14.439s] Level 1:colcon.colcon_core.package_identification:_identify(src/rplidar_ros) by extension 'ros'
[14.499s] DEBUG:colcon.colcon_core.package_identification:Package 'src/rplidar_ros' with type 'ros.ament_cmake' and name 'rplidar_ros'
[14.597s] Level 1:colcon.colcon_core.package_identification:_identify(src/slam_toolbox) by extensions ['ignore', 'ignore_ament_install']
[14.597s] Level 1:colcon.colcon_core.package_identification:_identify(src/slam_toolbox) by extension 'ignore'
[14.597s] Level 1:colcon.colcon_core.package_identification:_identify(src/slam_toolbox) by extension 'ignore_ament_install'
[14.598s] Level 1:colcon.colcon_core.package_identification:_identify(src/slam_toolbox) by extensions ['colcon_pkg']
[14.598s] Level 1:colcon.colcon_core.package_identification:_identify(src/slam_toolbox) by extension 'colcon_pkg'
[14.598s] Level 1:colcon.colcon_core.package_identification:_identify(src/slam_toolbox) by extensions ['colcon_meta']
[14.598s] Level 1:colcon.colcon_core.package_identification:_identify(src/slam_toolbox) by extension 'colcon_meta'
[14.598s] Level 1:colcon.colcon_core.package_identification:_identify(src/slam_toolbox) by extensions ['ros']
[14.598s] Level 1:colcon.colcon_core.package_identification:_identify(src/slam_toolbox) by extension 'ros'
[14.633s] DEBUG:colcon.colcon_core.package_identification:Package 'src/slam_toolbox' with type 'ros.ament_cmake' and name 'slam_toolbox'
[14.673s] Level 1:colcon.colcon_core.package_identification:_identify(src/tf_transform) by extensions ['ignore', 'ignore_ament_install']
[14.673s] Level 1:colcon.colcon_core.package_identification:_identify(src/tf_transform) by extension 'ignore'
[14.674s] Level 1:colcon.colcon_core.package_identification:_identify(src/tf_transform) by extension 'ignore_ament_install'
[14.674s] Level 1:colcon.colcon_core.package_identification:_identify(src/tf_transform) by extensions ['colcon_pkg']
[14.674s] Level 1:colcon.colcon_core.package_identification:_identify(src/tf_transform) by extension 'colcon_pkg'
[14.674s] Level 1:colcon.colcon_core.package_identification:_identify(src/tf_transform) by extensions ['colcon_meta']
[14.674s] Level 1:colcon.colcon_core.package_identification:_identify(src/tf_transform) by extension 'colcon_meta'
[14.674s] Level 1:colcon.colcon_core.package_identification:_identify(src/tf_transform) by extensions ['ros']
[14.674s] Level 1:colcon.colcon_core.package_identification:_identify(src/tf_transform) by extension 'ros'
[14.674s] Level 1:colcon.colcon_core.package_identification:_identify(src/tf_transform) by extensions ['cmake', 'python']
[14.675s] Level 1:colcon.colcon_core.package_identification:_identify(src/tf_transform) by extension 'cmake'
[14.675s] Level 1:colcon.colcon_core.package_identification:_identify(src/tf_transform) by extension 'python'
[14.675s] Level 1:colcon.colcon_core.package_identification:_identify(src/tf_transform) by extensions ['python_setup_py']
[14.675s] Level 1:colcon.colcon_core.package_identification:_identify(src/tf_transform) by extension 'python_setup_py'
[14.725s] Level 1:colcon.colcon_core.package_identification:_identify(urdf) by extensions ['ignore', 'ignore_ament_install']
[14.725s] Level 1:colcon.colcon_core.package_identification:_identify(urdf) by extension 'ignore'
[14.725s] Level 1:colcon.colcon_core.package_identification:_identify(urdf) by extension 'ignore_ament_install'
[14.725s] Level 1:colcon.colcon_core.package_identification:_identify(urdf) by extensions ['colcon_pkg']
[14.726s] Level 1:colcon.colcon_core.package_identification:_identify(urdf) by extension 'colcon_pkg'
[14.726s] Level 1:colcon.colcon_core.package_identification:_identify(urdf) by extensions ['colcon_meta']
[14.726s] Level 1:colcon.colcon_core.package_identification:_identify(urdf) by extension 'colcon_meta'
[14.726s] Level 1:colcon.colcon_core.package_identification:_identify(urdf) by extensions ['ros']
[14.726s] Level 1:colcon.colcon_core.package_identification:_identify(urdf) by extension 'ros'
[14.726s] Level 1:colcon.colcon_core.package_identification:_identify(urdf) by extensions ['cmake', 'python']
[14.726s] Level 1:colcon.colcon_core.package_identification:_identify(urdf) by extension 'cmake'
[14.726s] Level 1:colcon.colcon_core.package_identification:_identify(urdf) by extension 'python'
[14.726s] Level 1:colcon.colcon_core.package_identification:_identify(urdf) by extensions ['python_setup_py']
[14.727s] Level 1:colcon.colcon_core.package_identification:_identify(urdf) by extension 'python_setup_py'
[14.727s] Level 1:colcon.colcon_core.package_discovery:discover_packages(recursive) using defaults
[14.727s] Level 1:colcon.colcon_core.package_discovery:discover_packages(ignore) discover
[14.727s] Level 1:colcon.colcon_core.package_discovery:discover_packages(ignore) using defaults
[14.727s] Level 1:colcon.colcon_core.package_discovery:discover_packages(path) discover
[14.727s] Level 1:colcon.colcon_core.package_discovery:discover_packages(path) using defaults
[15.365s] Level 1:colcon.colcon_core.package_discovery:discover_packages(prefix_path) check parameters
[15.365s] Level 1:colcon.colcon_core.package_discovery:discover_packages(prefix_path) discover
[15.373s] DEBUG:colcon.colcon_installed_package_information.package_discovery:Found 386 installed packages in /opt/ros/humble
[15.377s] Level 1:colcon.colcon_core.package_discovery:discover_packages(prefix_path) using defaults
[15.490s] WARNING:colcon.colcon_core.package_selection:Some selected packages are already built in one or more underlay workspaces:
	'slam_toolbox' is in: /opt/ros/humble
If a package in a merged underlay workspace is overridden and it installs headers, then all packages in the overlay must sort their include directories by workspace order. Failure to do so may result in build failures or undefined behavior at run time.
If the overridden package is used by another package in any underlay, then the overriding package in the overlay must be API and ABI compatible or undefined behavior at run time may occur.

If you understand the risks and want to override a package anyways, add the following to the command line:
	--allow-overriding slam_toolbox

This may be promoted to an error in a future release of colcon-override-check.
[15.491s] Level 5:colcon.colcon_core.verb:set package 'dynamic_tf' build argument 'cmake_args' from command line to 'None'
[15.491s] Level 5:colcon.colcon_core.verb:set package 'dynamic_tf' build argument 'cmake_target' from command line to 'None'
[15.491s] Level 5:colcon.colcon_core.verb:set package 'dynamic_tf' build argument 'cmake_target_skip_unavailable' from command line to 'False'
[15.491s] Level 5:colcon.colcon_core.verb:set package 'dynamic_tf' build argument 'cmake_clean_cache' from command line to 'False'
[15.491s] Level 5:colcon.colcon_core.verb:set package 'dynamic_tf' build argument 'cmake_clean_first' from command line to 'False'
[15.491s] Level 5:colcon.colcon_core.verb:set package 'dynamic_tf' build argument 'cmake_force_configure' from command line to 'False'
[15.491s] Level 5:colcon.colcon_core.verb:set package 'dynamic_tf' build argument 'ament_cmake_args' from command line to 'None'
[15.491s] Level 5:colcon.colcon_core.verb:set package 'dynamic_tf' build argument 'catkin_cmake_args' from command line to 'None'
[15.491s] Level 5:colcon.colcon_core.verb:set package 'dynamic_tf' build argument 'catkin_skip_building_tests' from command line to 'False'
[15.491s] DEBUG:colcon.colcon_core.verb:Building package 'dynamic_tf' with the following arguments: {'ament_cmake_args': None, 'build_base': '/home/hp/ROS2_WS/build/dynamic_tf', 'catkin_cmake_args': None, 'catkin_skip_building_tests': False, 'cmake_args': None, 'cmake_clean_cache': False, 'cmake_clean_first': False, 'cmake_force_configure': False, 'cmake_target': None, 'cmake_target_skip_unavailable': False, 'install_base': '/home/hp/ROS2_WS/install/dynamic_tf', 'merge_install': False, 'path': '/home/hp/ROS2_WS/src/dynamic_tf', 'symlink_install': True, 'test_result_base': None}
[15.491s] Level 5:colcon.colcon_core.verb:set package 'my_exo' build argument 'cmake_args' from command line to 'None'
[15.491s] Level 5:colcon.colcon_core.verb:set package 'my_exo' build argument 'cmake_target' from command line to 'None'
[15.491s] Level 5:colcon.colcon_core.verb:set package 'my_exo' build argument 'cmake_target_skip_unavailable' from command line to 'False'
[15.491s] Level 5:colcon.colcon_core.verb:set package 'my_exo' build argument 'cmake_clean_cache' from command line to 'False'
[15.491s] Level 5:colcon.colcon_core.verb:set package 'my_exo' build argument 'cmake_clean_first' from command line to 'False'
[15.491s] Level 5:colcon.colcon_core.verb:set package 'my_exo' build argument 'cmake_force_configure' from command line to 'False'
[15.491s] Level 5:colcon.colcon_core.verb:set package 'my_exo' build argument 'ament_cmake_args' from command line to 'None'
[15.491s] Level 5:colcon.colcon_core.verb:set package 'my_exo' build argument 'catkin_cmake_args' from command line to 'None'
[15.491s] Level 5:colcon.colcon_core.verb:set package 'my_exo' build argument 'catkin_skip_building_tests' from command line to 'False'
[15.492s] DEBUG:colcon.colcon_core.verb:Building package 'my_exo' with the following arguments: {'ament_cmake_args': None, 'build_base': '/home/hp/ROS2_WS/build/my_exo', 'catkin_cmake_args': None, 'catkin_skip_building_tests': False, 'cmake_args': None, 'cmake_clean_cache': False, 'cmake_clean_first': False, 'cmake_force_configure': False, 'cmake_target': None, 'cmake_target_skip_unavailable': False, 'install_base': '/home/hp/ROS2_WS/install/my_exo', 'merge_install': False, 'path': '/home/hp/ROS2_WS/src/my_exo', 'symlink_install': True, 'test_result_base': None}
[15.492s] Level 5:colcon.colcon_core.verb:set package 'my_robot_controller' build argument 'cmake_args' from command line to 'None'
[15.492s] Level 5:colcon.colcon_core.verb:set package 'my_robot_controller' build argument 'cmake_target' from command line to 'None'
[15.492s] Level 5:colcon.colcon_core.verb:set package 'my_robot_controller' build argument 'cmake_target_skip_unavailable' from command line to 'False'
[15.492s] Level 5:colcon.colcon_core.verb:set package 'my_robot_controller' build argument 'cmake_clean_cache' from command line to 'False'
[15.492s] Level 5:colcon.colcon_core.verb:set package 'my_robot_controller' build argument 'cmake_clean_first' from command line to 'False'
[15.492s] Level 5:colcon.colcon_core.verb:set package 'my_robot_controller' build argument 'cmake_force_configure' from command line to 'False'
[15.492s] Level 5:colcon.colcon_core.verb:set package 'my_robot_controller' build argument 'ament_cmake_args' from command line to 'None'
[15.492s] Level 5:colcon.colcon_core.verb:set package 'my_robot_controller' build argument 'catkin_cmake_args' from command line to 'None'
[15.492s] Level 5:colcon.colcon_core.verb:set package 'my_robot_controller' build argument 'catkin_skip_building_tests' from command line to 'False'
[15.492s] DEBUG:colcon.colcon_core.verb:Building package 'my_robot_controller' with the following arguments: {'ament_cmake_args': None, 'build_base': '/home/hp/ROS2_WS/build/my_robot_controller', 'catkin_cmake_args': None, 'catkin_skip_building_tests': False, 'cmake_args': None, 'cmake_clean_cache': False, 'cmake_clean_first': False, 'cmake_force_configure': False, 'cmake_target': None, 'cmake_target_skip_unavailable': False, 'install_base': '/home/hp/ROS2_WS/install/my_robot_controller', 'merge_install': False, 'path': '/home/hp/ROS2_WS/src/my_robot_controller', 'symlink_install': True, 'test_result_base': None}
[15.492s] Level 5:colcon.colcon_core.verb:set package 'rplidar_ros' build argument 'cmake_args' from command line to 'None'
[15.492s] Level 5:colcon.colcon_core.verb:set package 'rplidar_ros' build argument 'cmake_target' from command line to 'None'
[15.492s] Level 5:colcon.colcon_core.verb:set package 'rplidar_ros' build argument 'cmake_target_skip_unavailable' from command line to 'False'
[15.492s] Level 5:colcon.colcon_core.verb:set package 'rplidar_ros' build argument 'cmake_clean_cache' from command line to 'False'
[15.492s] Level 5:colcon.colcon_core.verb:set package 'rplidar_ros' build argument 'cmake_clean_first' from command line to 'False'
[15.492s] Level 5:colcon.colcon_core.verb:set package 'rplidar_ros' build argument 'cmake_force_configure' from command line to 'False'
[15.492s] Level 5:colcon.colcon_core.verb:set package 'rplidar_ros' build argument 'ament_cmake_args' from command line to 'None'
[15.492s] Level 5:colcon.colcon_core.verb:set package 'rplidar_ros' build argument 'catkin_cmake_args' from command line to 'None'
[15.492s] Level 5:colcon.colcon_core.verb:set package 'rplidar_ros' build argument 'catkin_skip_building_tests' from command line to 'False'
[15.492s] DEBUG:colcon.colcon_core.verb:Building package 'rplidar_ros' with the following arguments: {'ament_cmake_args': None, 'build_base': '/home/hp/ROS2_WS/build/rplidar_ros', 'catkin_cmake_args': None, 'catkin_skip_building_tests': False, 'cmake_args': None, 'cmake_clean_cache': False, 'cmake_clean_first': False, 'cmake_force_configure': False, 'cmake_target': None, 'cmake_target_skip_unavailable': False, 'install_base': '/home/hp/ROS2_WS/install/rplidar_ros', 'merge_install': False, 'path': '/home/hp/ROS2_WS/src/rplidar_ros', 'symlink_install': True, 'test_result_base': None}
[15.493s] Level 5:colcon.colcon_core.verb:set package 'slam_toolbox' build argument 'cmake_args' from command line to 'None'
[15.493s] Level 5:colcon.colcon_core.verb:set package 'slam_toolbox' build argument 'cmake_target' from command line to 'None'
[15.493s] Level 5:colcon.colcon_core.verb:set package 'slam_toolbox' build argument 'cmake_target_skip_unavailable' from command line to 'False'
[15.493s] Level 5:colcon.colcon_core.verb:set package 'slam_toolbox' build argument 'cmake_clean_cache' from command line to 'False'
[15.493s] Level 5:colcon.colcon_core.verb:set package 'slam_toolbox' build argument 'cmake_clean_first' from command line to 'False'
[15.493s] Level 5:colcon.colcon_core.verb:set package 'slam_toolbox' build argument 'cmake_force_configure' from command line to 'False'
[15.493s] Level 5:colcon.colcon_core.verb:set package 'slam_toolbox' build argument 'ament_cmake_args' from command line to 'None'
[15.493s] Level 5:colcon.colcon_core.verb:set package 'slam_toolbox' build argument 'catkin_cmake_args' from command line to 'None'
[15.493s] Level 5:colcon.colcon_core.verb:set package 'slam_toolbox' build argument 'catkin_skip_building_tests' from command line to 'False'
[15.493s] DEBUG:colcon.colcon_core.verb:Building package 'slam_toolbox' with the following arguments: {'ament_cmake_args': None, 'build_base': '/home/hp/ROS2_WS/build/slam_toolbox', 'catkin_cmake_args': None, 'catkin_skip_building_tests': False, 'cmake_args': None, 'cmake_clean_cache': False, 'cmake_clean_first': False, 'cmake_force_configure': False, 'cmake_target': None, 'cmake_target_skip_unavailable': False, 'install_base': '/home/hp/ROS2_WS/install/slam_toolbox', 'merge_install': False, 'path': '/home/hp/ROS2_WS/src/slam_toolbox', 'symlink_install': True, 'test_result_base': None}
[15.493s] INFO:colcon.colcon_core.executor:Executing jobs using 'parallel' executor
[15.494s] DEBUG:colcon.colcon_parallel_executor.executor.parallel:run_until_complete
[15.494s] INFO:colcon.colcon_ros.task.ament_python.build:Building ROS package in '/home/hp/ROS2_WS/src/dynamic_tf' with build type 'ament_python'
[15.495s] Level 1:colcon.colcon_core.shell:create_environment_hook('dynamic_tf', 'ament_prefix_path')
[15.564s] INFO:colcon.colcon_core.plugin_system:Skipping extension 'colcon_core.shell.bat': Not used on non-Windows systems
[15.564s] INFO:colcon.colcon_core.shell:Creating environment hook '/home/hp/ROS2_WS/install/dynamic_tf/share/dynamic_tf/hook/ament_prefix_path.ps1'
[15.683s] INFO:colcon.colcon_core.shell:Creating environment descriptor '/home/hp/ROS2_WS/install/dynamic_tf/share/dynamic_tf/hook/ament_prefix_path.dsv'
[15.706s] INFO:colcon.colcon_core.shell:Creating environment hook '/home/hp/ROS2_WS/install/dynamic_tf/share/dynamic_tf/hook/ament_prefix_path.sh'
[15.709s] INFO:colcon.colcon_core.shell:Skip shell extension 'powershell' for command environment: Not usable outside of PowerShell
[15.709s] DEBUG:colcon.colcon_core.shell:Skip shell extension 'dsv' for command environment
[15.772s] INFO:colcon.colcon_ros.task.ament_python.build:Building ROS package in '/home/hp/ROS2_WS/src/my_exo' with build type 'ament_python'
[15.773s] Level 1:colcon.colcon_core.shell:create_environment_hook('my_exo', 'ament_prefix_path')
[15.773s] INFO:colcon.colcon_core.shell:Creating environment hook '/home/hp/ROS2_WS/install/my_exo/share/my_exo/hook/ament_prefix_path.ps1'
[15.894s] INFO:colcon.colcon_core.shell:Creating environment descriptor '/home/hp/ROS2_WS/install/my_exo/share/my_exo/hook/ament_prefix_path.dsv'
[15.896s] INFO:colcon.colcon_core.shell:Creating environment hook '/home/hp/ROS2_WS/install/my_exo/share/my_exo/hook/ament_prefix_path.sh'
[15.897s] INFO:colcon.colcon_core.shell:Skip shell extension 'powershell' for command environment: Not usable outside of PowerShell
[15.897s] DEBUG:colcon.colcon_core.shell:Skip shell extension 'dsv' for command environment
[15.962s] INFO:colcon.colcon_ros.task.ament_python.build:Building ROS package in '/home/hp/ROS2_WS/src/my_robot_controller' with build type 'ament_python'
[15.963s] Level 1:colcon.colcon_core.shell:create_environment_hook('my_robot_controller', 'ament_prefix_path')
[15.964s] INFO:colcon.colcon_core.shell:Creating environment hook '/home/hp/ROS2_WS/install/my_robot_controller/share/my_robot_controller/hook/ament_prefix_path.ps1'
[16.048s] INFO:colcon.colcon_core.shell:Creating environment descriptor '/home/hp/ROS2_WS/install/my_robot_controller/share/my_robot_controller/hook/ament_prefix_path.dsv'
[16.049s] INFO:colcon.colcon_core.shell:Creating environment hook '/home/hp/ROS2_WS/install/my_robot_controller/share/my_robot_controller/hook/ament_prefix_path.sh'
[16.050s] INFO:colcon.colcon_core.shell:Skip shell extension 'powershell' for command environment: Not usable outside of PowerShell
[16.050s] DEBUG:colcon.colcon_core.shell:Skip shell extension 'dsv' for command environment
[16.070s] INFO:colcon.colcon_ros.task.ament_cmake.build:Building ROS package in '/home/hp/ROS2_WS/src/rplidar_ros' with build type 'ament_cmake'
[16.071s] INFO:colcon.colcon_cmake.task.cmake.build:Building CMake package in '/home/hp/ROS2_WS/src/rplidar_ros'
[16.071s] INFO:colcon.colcon_core.shell:Skip shell extension 'powershell' for command environment: Not usable outside of PowerShell
[16.071s] DEBUG:colcon.colcon_core.shell:Skip shell extension 'dsv' for command environment
[16.087s] INFO:colcon.colcon_ros.task.ament_cmake.build:Building ROS package in '/home/hp/ROS2_WS/src/slam_toolbox' with build type 'ament_cmake'
[16.087s] INFO:colcon.colcon_cmake.task.cmake.build:Building CMake package in '/home/hp/ROS2_WS/src/slam_toolbox'
[16.088s] INFO:colcon.colcon_core.shell:Skip shell extension 'powershell' for command environment: Not usable outside of PowerShell
[16.088s] DEBUG:colcon.colcon_core.shell:Skip shell extension 'dsv' for command environment
[16.495s] INFO:colcon.colcon_core.task.python.build:Building Python package in '/home/hp/ROS2_WS/src/dynamic_tf'
[16.495s] INFO:colcon.colcon_core.shell:Skip shell extension 'powershell' for command environment: Not usable outside of PowerShell
[16.495s] DEBUG:colcon.colcon_core.shell:Skip shell extension 'dsv' for command environment
[16.850s] INFO:colcon.colcon_core.task.python.build:Building Python package in '/home/hp/ROS2_WS/src/my_exo'
[16.850s] INFO:colcon.colcon_core.shell:Skip shell extension 'powershell' for command environment: Not usable outside of PowerShell
[16.850s] DEBUG:colcon.colcon_core.shell:Skip shell extension 'dsv' for command environment
[17.247s] INFO:colcon.colcon_core.task.python.build:Building Python package in '/home/hp/ROS2_WS/src/my_robot_controller'
[17.247s] INFO:colcon.colcon_core.shell:Skip shell extension 'powershell' for command environment: Not usable outside of PowerShell
[17.247s] DEBUG:colcon.colcon_core.shell:Skip shell extension 'dsv' for command environment
[17.312s] DEBUG:colcon.colcon_core.event_handler.log_command:Invoking command in '/home/hp/ROS2_WS/build/rplidar_ros': CMAKE_PREFIX_PATH=/opt/ros/humble /usr/bin/cmake --build /home/hp/ROS2_WS/build/rplidar_ros -- -j8 -l8
[17.619s] DEBUG:colcon.colcon_core.event_handler.log_command:Invoking command in '/home/hp/ROS2_WS/build/slam_toolbox': CMAKE_PREFIX_PATH=/opt/ros/humble /usr/bin/cmake --build /home/hp/ROS2_WS/build/slam_toolbox -- -j8 -l8
[27.291s] DEBUG:colcon.colcon_core.event_handler.log_command:Invoked command in '/home/hp/ROS2_WS/build/rplidar_ros' returned '0': CMAKE_PREFIX_PATH=/opt/ros/humble /usr/bin/cmake --build /home/hp/ROS2_WS/build/rplidar_ros -- -j8 -l8
[27.445s] DEBUG:colcon.colcon_core.event_handler.log_command:Invoking command in '/home/hp/ROS2_WS/build/my_exo': PYTHONPATH=/home/hp/ROS2_WS/build/my_exo/prefix_override:/home/hp/ROS2_WS/install/my_exo/lib/python3.10/site-packages:${PYTHONPATH} /usr/bin/python3 -W ignore:setup.py install is deprecated setup.py develop --editable --build-directory /home/hp/ROS2_WS/build/my_exo/build --no-deps symlink_data
[27.543s] DEBUG:colcon.colcon_core.event_handler.log_command:Invoking command in '/home/hp/ROS2_WS/build/dynamic_tf': PYTHONPATH=/home/hp/ROS2_WS/build/dynamic_tf/prefix_override:/home/hp/ROS2_WS/install/dynamic_tf/lib/python3.10/site-packages:${PYTHONPATH} /usr/bin/python3 -W ignore:setup.py install is deprecated setup.py develop --editable --build-directory /home/hp/ROS2_WS/build/dynamic_tf/build --no-deps symlink_data
[27.767s] DEBUG:colcon.colcon_core.event_handler.log_command:Invoking command in '/home/hp/ROS2_WS/build/my_robot_controller': PYTHONPATH=/home/hp/ROS2_WS/build/my_robot_controller/prefix_override:/home/hp/ROS2_WS/install/my_robot_controller/lib/python3.10/site-packages:${PYTHONPATH} /usr/bin/python3 -W ignore:setup.py install is deprecated setup.py develop --editable --build-directory /home/hp/ROS2_WS/build/my_robot_controller/build --no-deps symlink_data
[27.777s] DEBUG:colcon.colcon_core.event_handler.log_command:Invoking command in '/home/hp/ROS2_WS/build/rplidar_ros': CMAKE_PREFIX_PATH=/opt/ros/humble /usr/bin/cmake --install /home/hp/ROS2_WS/build/rplidar_ros
[28.361s] Level 1:colcon.colcon_core.shell:create_environment_hook('my_exo', 'pythonpath_develop')
[28.361s] INFO:colcon.colcon_core.shell:Creating environment hook '/home/hp/ROS2_WS/build/my_exo/share/my_exo/hook/pythonpath_develop.ps1'
[28.362s] DEBUG:colcon.colcon_core.event_handler.log_command:Invoked command in '/home/hp/ROS2_WS/build/my_exo' returned '0': PYTHONPATH=/home/hp/ROS2_WS/build/my_exo/prefix_override:/home/hp/ROS2_WS/install/my_exo/lib/python3.10/site-packages:${PYTHONPATH} /usr/bin/python3 -W ignore:setup.py install is deprecated setup.py develop --editable --build-directory /home/hp/ROS2_WS/build/my_exo/build --no-deps symlink_data
[28.365s] INFO:colcon.colcon_core.shell:Creating environment descriptor '/home/hp/ROS2_WS/build/my_exo/share/my_exo/hook/pythonpath_develop.dsv'
[28.366s] INFO:colcon.colcon_core.shell:Creating environment hook '/home/hp/ROS2_WS/build/my_exo/share/my_exo/hook/pythonpath_develop.sh'
[29.071s] Level 1:colcon.colcon_core.environment:checking '/home/hp/ROS2_WS/install/my_exo' for CMake module files
[29.072s] Level 1:colcon.colcon_core.environment:checking '/home/hp/ROS2_WS/install/my_exo' for CMake config files
[29.092s] Level 1:colcon.colcon_core.environment:checking '/home/hp/ROS2_WS/install/my_exo/lib'
[29.093s] Level 1:colcon.colcon_core.environment:checking '/home/hp/ROS2_WS/install/my_exo/bin'
[29.093s] Level 1:colcon.colcon_core.environment:checking '/home/hp/ROS2_WS/install/my_exo/lib/pkgconfig/my_exo.pc'
[29.093s] Level 1:colcon.colcon_core.environment:checking '/home/hp/ROS2_WS/install/my_exo/lib/python3.10/site-packages'
[29.094s] Level 1:colcon.colcon_core.shell:create_environment_hook('my_exo', 'pythonpath')
[29.094s] INFO:colcon.colcon_core.shell:Creating environment hook '/home/hp/ROS2_WS/install/my_exo/share/my_exo/hook/pythonpath.ps1'
[29.095s] INFO:colcon.colcon_core.shell:Creating environment descriptor '/home/hp/ROS2_WS/install/my_exo/share/my_exo/hook/pythonpath.dsv'
[29.096s] INFO:colcon.colcon_core.shell:Creating environment hook '/home/hp/ROS2_WS/install/my_exo/share/my_exo/hook/pythonpath.sh'
[29.097s] Level 1:colcon.colcon_core.environment:checking '/home/hp/ROS2_WS/install/my_exo/bin'
[29.097s] Level 1:colcon.colcon_core.environment:create_environment_scripts_only(my_exo)
[29.097s] INFO:colcon.colcon_core.shell:Creating package script '/home/hp/ROS2_WS/install/my_exo/share/my_exo/package.ps1'
[29.138s] INFO:colcon.colcon_core.shell:Creating package descriptor '/home/hp/ROS2_WS/install/my_exo/share/my_exo/package.dsv'
[29.218s] INFO:colcon.colcon_core.shell:Creating package script '/home/hp/ROS2_WS/install/my_exo/share/my_exo/package.sh'
[29.263s] INFO:colcon.colcon_core.shell:Creating package script '/home/hp/ROS2_WS/install/my_exo/share/my_exo/package.bash'
[29.344s] INFO:colcon.colcon_core.shell:Creating package script '/home/hp/ROS2_WS/install/my_exo/share/my_exo/package.zsh'
[29.393s] Level 1:colcon.colcon_core.environment:create_file_with_runtime_dependencies(/home/hp/ROS2_WS/install/my_exo/share/colcon-core/packages/my_exo)
[29.396s] Level 1:colcon.colcon_core.shell:create_environment_hook('dynamic_tf', 'pythonpath_develop')
[29.396s] INFO:colcon.colcon_core.shell:Creating environment hook '/home/hp/ROS2_WS/build/dynamic_tf/share/dynamic_tf/hook/pythonpath_develop.ps1'
[29.398s] DEBUG:colcon.colcon_core.event_handler.log_command:Invoked command in '/home/hp/ROS2_WS/build/dynamic_tf' returned '0': PYTHONPATH=/home/hp/ROS2_WS/build/dynamic_tf/prefix_override:/home/hp/ROS2_WS/install/dynamic_tf/lib/python3.10/site-packages:${PYTHONPATH} /usr/bin/python3 -W ignore:setup.py install is deprecated setup.py develop --editable --build-directory /home/hp/ROS2_WS/build/dynamic_tf/build --no-deps symlink_data
[29.453s] INFO:colcon.colcon_core.shell:Creating environment descriptor '/home/hp/ROS2_WS/build/dynamic_tf/share/dynamic_tf/hook/pythonpath_develop.dsv'
[29.454s] INFO:colcon.colcon_core.shell:Creating environment hook '/home/hp/ROS2_WS/build/dynamic_tf/share/dynamic_tf/hook/pythonpath_develop.sh'
[29.455s] Level 1:colcon.colcon_core.environment:checking '/home/hp/ROS2_WS/install/dynamic_tf' for CMake module files
[29.456s] Level 1:colcon.colcon_core.environment:checking '/home/hp/ROS2_WS/install/dynamic_tf' for CMake config files
[29.483s] Level 1:colcon.colcon_core.environment:checking '/home/hp/ROS2_WS/install/dynamic_tf/lib'
[29.483s] Level 1:colcon.colcon_core.environment:checking '/home/hp/ROS2_WS/install/dynamic_tf/bin'
[29.483s] Level 1:colcon.colcon_core.environment:checking '/home/hp/ROS2_WS/install/dynamic_tf/lib/pkgconfig/dynamic_tf.pc'
[29.484s] Level 1:colcon.colcon_core.environment:checking '/home/hp/ROS2_WS/install/dynamic_tf/lib/python3.10/site-packages'
[29.484s] Level 1:colcon.colcon_core.shell:create_environment_hook('dynamic_tf', 'pythonpath')
[29.485s] INFO:colcon.colcon_core.shell:Creating environment hook '/home/hp/ROS2_WS/install/dynamic_tf/share/dynamic_tf/hook/pythonpath.ps1'
[29.485s] INFO:colcon.colcon_core.shell:Creating environment descriptor '/home/hp/ROS2_WS/install/dynamic_tf/share/dynamic_tf/hook/pythonpath.dsv'
[29.486s] INFO:colcon.colcon_core.shell:Creating environment hook '/home/hp/ROS2_WS/install/dynamic_tf/share/dynamic_tf/hook/pythonpath.sh'
[29.487s] Level 1:colcon.colcon_core.environment:checking '/home/hp/ROS2_WS/install/dynamic_tf/bin'
[29.487s] Level 1:colcon.colcon_core.environment:create_environment_scripts_only(dynamic_tf)
[29.488s] INFO:colcon.colcon_core.shell:Creating package script '/home/hp/ROS2_WS/install/dynamic_tf/share/dynamic_tf/package.ps1'
[29.489s] INFO:colcon.colcon_core.shell:Creating package descriptor '/home/hp/ROS2_WS/install/dynamic_tf/share/dynamic_tf/package.dsv'
[29.490s] INFO:colcon.colcon_core.shell:Creating package script '/home/hp/ROS2_WS/install/dynamic_tf/share/dynamic_tf/package.sh'
[29.490s] INFO:colcon.colcon_core.shell:Creating package script '/home/hp/ROS2_WS/install/dynamic_tf/share/dynamic_tf/package.bash'
[29.509s] INFO:colcon.colcon_core.shell:Creating package script '/home/hp/ROS2_WS/install/dynamic_tf/share/dynamic_tf/package.zsh'
[29.510s] Level 1:colcon.colcon_core.environment:create_file_with_runtime_dependencies(/home/hp/ROS2_WS/install/dynamic_tf/share/colcon-core/packages/dynamic_tf)
[29.511s] Level 1:colcon.colcon_core.shell:create_environment_hook('my_robot_controller', 'pythonpath_develop')
[29.511s] INFO:colcon.colcon_core.shell:Creating environment hook '/home/hp/ROS2_WS/build/my_robot_controller/share/my_robot_controller/hook/pythonpath_develop.ps1'
[29.513s] DEBUG:colcon.colcon_core.event_handler.log_command:Invoked command in '/home/hp/ROS2_WS/build/my_robot_controller' returned '0': PYTHONPATH=/home/hp/ROS2_WS/build/my_robot_controller/prefix_override:/home/hp/ROS2_WS/install/my_robot_controller/lib/python3.10/site-packages:${PYTHONPATH} /usr/bin/python3 -W ignore:setup.py install is deprecated setup.py develop --editable --build-directory /home/hp/ROS2_WS/build/my_robot_controller/build --no-deps symlink_data
[29.574s] INFO:colcon.colcon_core.shell:Creating environment descriptor '/home/hp/ROS2_WS/build/my_robot_controller/share/my_robot_controller/hook/pythonpath_develop.dsv'
[29.574s] INFO:colcon.colcon_core.shell:Creating environment hook '/home/hp/ROS2_WS/build/my_robot_controller/share/my_robot_controller/hook/pythonpath_develop.sh'
[29.576s] Level 1:colcon.colcon_core.environment:checking '/home/hp/ROS2_WS/install/my_robot_controller' for CMake module files
[29.577s] Level 1:colcon.colcon_core.environment:checking '/home/hp/ROS2_WS/install/my_robot_controller' for CMake config files
[29.635s] Level 1:colcon.colcon_core.environment:checking '/home/hp/ROS2_WS/install/my_robot_controller/lib'
[29.636s] Level 1:colcon.colcon_core.environment:checking '/home/hp/ROS2_WS/install/my_robot_controller/bin'
[29.636s] Level 1:colcon.colcon_core.environment:checking '/home/hp/ROS2_WS/install/my_robot_controller/lib/pkgconfig/my_robot_controller.pc'
[29.636s] Level 1:colcon.colcon_core.environment:checking '/home/hp/ROS2_WS/install/my_robot_controller/lib/python3.10/site-packages'
[29.637s] Level 1:colcon.colcon_core.shell:create_environment_hook('my_robot_controller', 'pythonpath')
[29.637s] INFO:colcon.colcon_core.shell:Creating environment hook '/home/hp/ROS2_WS/install/my_robot_controller/share/my_robot_controller/hook/pythonpath.ps1'
[29.639s] INFO:colcon.colcon_core.shell:Creating environment descriptor '/home/hp/ROS2_WS/install/my_robot_controller/share/my_robot_controller/hook/pythonpath.dsv'
[29.639s] INFO:colcon.colcon_core.shell:Creating environment hook '/home/hp/ROS2_WS/install/my_robot_controller/share/my_robot_controller/hook/pythonpath.sh'
[29.640s] Level 1:colcon.colcon_core.environment:checking '/home/hp/ROS2_WS/install/my_robot_controller/bin'
[29.641s] Level 1:colcon.colcon_core.environment:create_environment_scripts_only(my_robot_controller)
[29.641s] INFO:colcon.colcon_core.shell:Creating package script '/home/hp/ROS2_WS/install/my_robot_controller/share/my_robot_controller/package.ps1'
[29.642s] INFO:colcon.colcon_core.shell:Creating package descriptor '/home/hp/ROS2_WS/install/my_robot_controller/share/my_robot_controller/package.dsv'
[29.643s] INFO:colcon.colcon_core.shell:Creating package script '/home/hp/ROS2_WS/install/my_robot_controller/share/my_robot_controller/package.sh'
[29.644s] INFO:colcon.colcon_core.shell:Creating package script '/home/hp/ROS2_WS/install/my_robot_controller/share/my_robot_controller/package.bash'
[29.644s] INFO:colcon.colcon_core.shell:Creating package script '/home/hp/ROS2_WS/install/my_robot_controller/share/my_robot_controller/package.zsh'
[29.645s] Level 1:colcon.colcon_core.environment:create_file_with_runtime_dependencies(/home/hp/ROS2_WS/install/my_robot_controller/share/colcon-core/packages/my_robot_controller)
[30.138s] Level 1:colcon.colcon_core.environment:create_environment_scripts_only(rplidar_ros)
[30.139s] Level 1:colcon.colcon_core.environment:checking '/home/hp/ROS2_WS/install/rplidar_ros' for CMake module files
[30.140s] DEBUG:colcon.colcon_core.event_handler.log_command:Invoked command in '/home/hp/ROS2_WS/build/rplidar_ros' returned '0': CMAKE_PREFIX_PATH=/opt/ros/humble /usr/bin/cmake --install /home/hp/ROS2_WS/build/rplidar_ros
[30.140s] Level 1:colcon.colcon_core.environment:checking '/home/hp/ROS2_WS/install/rplidar_ros' for CMake config files
[30.141s] Level 1:colcon.colcon_core.shell:create_environment_hook('rplidar_ros', 'cmake_prefix_path')
[30.141s] INFO:colcon.colcon_core.shell:Creating environment hook '/home/hp/ROS2_WS/install/rplidar_ros/share/rplidar_ros/hook/cmake_prefix_path.ps1'
[30.157s] INFO:colcon.colcon_core.shell:Creating environment descriptor '/home/hp/ROS2_WS/install/rplidar_ros/share/rplidar_ros/hook/cmake_prefix_path.dsv'
[30.158s] INFO:colcon.colcon_core.shell:Creating environment hook '/home/hp/ROS2_WS/install/rplidar_ros/share/rplidar_ros/hook/cmake_prefix_path.sh'
[30.159s] Level 1:colcon.colcon_core.environment:checking '/home/hp/ROS2_WS/install/rplidar_ros/lib'
[30.159s] Level 1:colcon.colcon_core.environment:checking '/home/hp/ROS2_WS/install/rplidar_ros/bin'
[30.159s] Level 1:colcon.colcon_core.environment:checking '/home/hp/ROS2_WS/install/rplidar_ros/lib/pkgconfig/rplidar_ros.pc'
[30.160s] Level 1:colcon.colcon_core.environment:checking '/home/hp/ROS2_WS/install/rplidar_ros/lib/python3.10/site-packages'
[30.160s] Level 1:colcon.colcon_core.environment:checking '/home/hp/ROS2_WS/install/rplidar_ros/bin'
[30.161s] INFO:colcon.colcon_core.shell:Creating package script '/home/hp/ROS2_WS/install/rplidar_ros/share/rplidar_ros/package.ps1'
[30.162s] INFO:colcon.colcon_core.shell:Creating package descriptor '/home/hp/ROS2_WS/install/rplidar_ros/share/rplidar_ros/package.dsv'
[30.162s] INFO:colcon.colcon_core.shell:Creating package script '/home/hp/ROS2_WS/install/rplidar_ros/share/rplidar_ros/package.sh'
[30.173s] INFO:colcon.colcon_core.shell:Creating package script '/home/hp/ROS2_WS/install/rplidar_ros/share/rplidar_ros/package.bash'
[30.173s] INFO:colcon.colcon_core.shell:Creating package script '/home/hp/ROS2_WS/install/rplidar_ros/share/rplidar_ros/package.zsh'
[30.174s] Level 1:colcon.colcon_core.environment:create_file_with_runtime_dependencies(/home/hp/ROS2_WS/install/rplidar_ros/share/colcon-core/packages/rplidar_ros)
[30.305s] Level 1:colcon.colcon_core.environment:create_environment_scripts_only(rplidar_ros)
[30.305s] Level 1:colcon.colcon_core.environment:checking '/home/hp/ROS2_WS/install/rplidar_ros' for CMake module files
[30.306s] Level 1:colcon.colcon_core.environment:checking '/home/hp/ROS2_WS/install/rplidar_ros' for CMake config files
[30.307s] Level 1:colcon.colcon_core.shell:create_environment_hook('rplidar_ros', 'cmake_prefix_path')
[30.307s] INFO:colcon.colcon_core.shell:Creating environment hook '/home/hp/ROS2_WS/install/rplidar_ros/share/rplidar_ros/hook/cmake_prefix_path.ps1'
[30.308s] INFO:colcon.colcon_core.shell:Creating environment descriptor '/home/hp/ROS2_WS/install/rplidar_ros/share/rplidar_ros/hook/cmake_prefix_path.dsv'
[30.309s] INFO:colcon.colcon_core.shell:Creating environment hook '/home/hp/ROS2_WS/install/rplidar_ros/share/rplidar_ros/hook/cmake_prefix_path.sh'
[30.309s] Level 1:colcon.colcon_core.environment:checking '/home/hp/ROS2_WS/install/rplidar_ros/lib'
[30.309s] Level 1:colcon.colcon_core.environment:checking '/home/hp/ROS2_WS/install/rplidar_ros/bin'
[30.310s] Level 1:colcon.colcon_core.environment:checking '/home/hp/ROS2_WS/install/rplidar_ros/lib/pkgconfig/rplidar_ros.pc'
[30.310s] Level 1:colcon.colcon_core.environment:checking '/home/hp/ROS2_WS/install/rplidar_ros/lib/python3.10/site-packages'
[30.310s] Level 1:colcon.colcon_core.environment:checking '/home/hp/ROS2_WS/install/rplidar_ros/bin'
[30.311s] INFO:colcon.colcon_core.shell:Creating package script '/home/hp/ROS2_WS/install/rplidar_ros/share/rplidar_ros/package.ps1'
[30.311s] INFO:colcon.colcon_core.shell:Creating package descriptor '/home/hp/ROS2_WS/install/rplidar_ros/share/rplidar_ros/package.dsv'
[30.312s] INFO:colcon.colcon_core.shell:Creating package script '/home/hp/ROS2_WS/install/rplidar_ros/share/rplidar_ros/package.sh'
[30.312s] INFO:colcon.colcon_core.shell:Creating package script '/home/hp/ROS2_WS/install/rplidar_ros/share/rplidar_ros/package.bash'
[30.313s] INFO:colcon.colcon_core.shell:Creating package script '/home/hp/ROS2_WS/install/rplidar_ros/share/rplidar_ros/package.zsh'
[30.313s] Level 1:colcon.colcon_core.environment:create_file_with_runtime_dependencies(/home/hp/ROS2_WS/install/rplidar_ros/share/colcon-core/packages/rplidar_ros)
[188.676s] DEBUG:colcon.colcon_core.event_handler.log_command:Invoked command in '/home/hp/ROS2_WS/build/slam_toolbox' returned '0': CMAKE_PREFIX_PATH=/opt/ros/humble /usr/bin/cmake --build /home/hp/ROS2_WS/build/slam_toolbox -- -j8 -l8
[189.265s] DEBUG:colcon.colcon_core.event_handler.log_command:Invoking command in '/home/hp/ROS2_WS/build/slam_toolbox': CMAKE_PREFIX_PATH=/opt/ros/humble /usr/bin/cmake --install /home/hp/ROS2_WS/build/slam_toolbox
[193.212s] Level 1:colcon.colcon_core.environment:create_environment_scripts_only(slam_toolbox)
[193.213s] Level 1:colcon.colcon_core.environment:checking '/home/hp/ROS2_WS/install/slam_toolbox' for CMake module files
[193.214s] DEBUG:colcon.colcon_core.event_handler.log_command:Invoked command in '/home/hp/ROS2_WS/build/slam_toolbox' returned '0': CMAKE_PREFIX_PATH=/opt/ros/humble /usr/bin/cmake --install /home/hp/ROS2_WS/build/slam_toolbox
[193.215s] Level 1:colcon.colcon_core.environment:checking '/home/hp/ROS2_WS/install/slam_toolbox' for CMake config files
[193.215s] Level 1:colcon.colcon_core.shell:create_environment_hook('slam_toolbox', 'cmake_prefix_path')
[193.216s] INFO:colcon.colcon_core.shell:Creating environment hook '/home/hp/ROS2_WS/install/slam_toolbox/share/slam_toolbox/hook/cmake_prefix_path.ps1'
[193.370s] INFO:colcon.colcon_core.shell:Creating environment descriptor '/home/hp/ROS2_WS/install/slam_toolbox/share/slam_toolbox/hook/cmake_prefix_path.dsv'
[193.518s] INFO:colcon.colcon_core.shell:Creating environment hook '/home/hp/ROS2_WS/install/slam_toolbox/share/slam_toolbox/hook/cmake_prefix_path.sh'
[193.519s] Level 1:colcon.colcon_core.environment:checking '/home/hp/ROS2_WS/install/slam_toolbox/lib'
[193.519s] Level 1:colcon.colcon_core.shell:create_environment_hook('slam_toolbox', 'ld_library_path_lib')
[193.520s] INFO:colcon.colcon_core.shell:Creating environment hook '/home/hp/ROS2_WS/install/slam_toolbox/share/slam_toolbox/hook/ld_library_path_lib.ps1'
[193.521s] INFO:colcon.colcon_core.shell:Creating environment descriptor '/home/hp/ROS2_WS/install/slam_toolbox/share/slam_toolbox/hook/ld_library_path_lib.dsv'
[193.521s] INFO:colcon.colcon_core.shell:Creating environment hook '/home/hp/ROS2_WS/install/slam_toolbox/share/slam_toolbox/hook/ld_library_path_lib.sh'
[193.522s] Level 1:colcon.colcon_core.environment:checking '/home/hp/ROS2_WS/install/slam_toolbox/bin'
[193.522s] Level 1:colcon.colcon_core.environment:checking '/home/hp/ROS2_WS/install/slam_toolbox/lib/pkgconfig/slam_toolbox.pc'
[193.522s] Level 1:colcon.colcon_core.environment:checking '/home/hp/ROS2_WS/install/slam_toolbox/lib/python3.10/site-packages'
[193.523s] Level 1:colcon.colcon_core.environment:checking '/home/hp/ROS2_WS/install/slam_toolbox/bin'
[193.523s] INFO:colcon.colcon_core.shell:Creating package script '/home/hp/ROS2_WS/install/slam_toolbox/share/slam_toolbox/package.ps1'
[193.539s] INFO:colcon.colcon_core.shell:Creating package descriptor '/home/hp/ROS2_WS/install/slam_toolbox/share/slam_toolbox/package.dsv'
[193.540s] INFO:colcon.colcon_core.shell:Creating package script '/home/hp/ROS2_WS/install/slam_toolbox/share/slam_toolbox/package.sh'
[193.541s] INFO:colcon.colcon_core.shell:Creating package script '/home/hp/ROS2_WS/install/slam_toolbox/share/slam_toolbox/package.bash'
[193.565s] INFO:colcon.colcon_core.shell:Creating package script '/home/hp/ROS2_WS/install/slam_toolbox/share/slam_toolbox/package.zsh'
[193.581s] Level 1:colcon.colcon_core.environment:create_file_with_runtime_dependencies(/home/hp/ROS2_WS/install/slam_toolbox/share/colcon-core/packages/slam_toolbox)
[194.032s] Level 1:colcon.colcon_core.environment:create_environment_scripts_only(slam_toolbox)
[194.032s] Level 1:colcon.colcon_core.environment:checking '/home/hp/ROS2_WS/install/slam_toolbox' for CMake module files
[194.034s] Level 1:colcon.colcon_core.environment:checking '/home/hp/ROS2_WS/install/slam_toolbox' for CMake config files
[194.034s] Level 1:colcon.colcon_core.shell:create_environment_hook('slam_toolbox', 'cmake_prefix_path')
[194.035s] INFO:colcon.colcon_core.shell:Creating environment hook '/home/hp/ROS2_WS/install/slam_toolbox/share/slam_toolbox/hook/cmake_prefix_path.ps1'
[194.035s] INFO:colcon.colcon_core.shell:Creating environment descriptor '/home/hp/ROS2_WS/install/slam_toolbox/share/slam_toolbox/hook/cmake_prefix_path.dsv'
[194.036s] INFO:colcon.colcon_core.shell:Creating environment hook '/home/hp/ROS2_WS/install/slam_toolbox/share/slam_toolbox/hook/cmake_prefix_path.sh'
[194.037s] Level 1:colcon.colcon_core.environment:checking '/home/hp/ROS2_WS/install/slam_toolbox/lib'
[194.037s] Level 1:colcon.colcon_core.shell:create_environment_hook('slam_toolbox', 'ld_library_path_lib')
[194.037s] INFO:colcon.colcon_core.shell:Creating environment hook '/home/hp/ROS2_WS/install/slam_toolbox/share/slam_toolbox/hook/ld_library_path_lib.ps1'
[194.038s] INFO:colcon.colcon_core.shell:Creating environment descriptor '/home/hp/ROS2_WS/install/slam_toolbox/share/slam_toolbox/hook/ld_library_path_lib.dsv'
[194.038s] INFO:colcon.colcon_core.shell:Creating environment hook '/home/hp/ROS2_WS/install/slam_toolbox/share/slam_toolbox/hook/ld_library_path_lib.sh'
[194.038s] Level 1:colcon.colcon_core.environment:checking '/home/hp/ROS2_WS/install/slam_toolbox/bin'
[194.039s] Level 1:colcon.colcon_core.environment:checking '/home/hp/ROS2_WS/install/slam_toolbox/lib/pkgconfig/slam_toolbox.pc'
[194.039s] Level 1:colcon.colcon_core.environment:checking '/home/hp/ROS2_WS/install/slam_toolbox/lib/python3.10/site-packages'
[194.039s] Level 1:colcon.colcon_core.environment:checking '/home/hp/ROS2_WS/install/slam_toolbox/bin'
[194.039s] INFO:colcon.colcon_core.shell:Creating package script '/home/hp/ROS2_WS/install/slam_toolbox/share/slam_toolbox/package.ps1'
[194.040s] INFO:colcon.colcon_core.shell:Creating package descriptor '/home/hp/ROS2_WS/install/slam_toolbox/share/slam_toolbox/package.dsv'
[194.040s] INFO:colcon.colcon_core.shell:Creating package script '/home/hp/ROS2_WS/install/slam_toolbox/share/slam_toolbox/package.sh'
[194.041s] INFO:colcon.colcon_core.shell:Creating package script '/home/hp/ROS2_WS/install/slam_toolbox/share/slam_toolbox/package.bash'
[194.044s] INFO:colcon.colcon_core.shell:Creating package script '/home/hp/ROS2_WS/install/slam_toolbox/share/slam_toolbox/package.zsh'
[194.044s] Level 1:colcon.colcon_core.environment:create_file_with_runtime_dependencies(/home/hp/ROS2_WS/install/slam_toolbox/share/colcon-core/packages/slam_toolbox)
[194.045s] DEBUG:colcon.colcon_parallel_executor.executor.parallel:closing loop
[194.045s] DEBUG:colcon.colcon_parallel_executor.executor.parallel:loop closed
[194.045s] DEBUG:colcon.colcon_parallel_executor.executor.parallel:run_until_complete finished with '0'
[194.045s] DEBUG:colcon.colcon_core.event_reactor:joining thread
[194.524s] INFO:colcon.colcon_core.plugin_system:Skipping extension 'colcon_notification.desktop_notification.terminal_notifier': Not used on non-Darwin systems
[194.524s] INFO:colcon.colcon_core.plugin_system:Skipping extension 'colcon_notification.desktop_notification.win32': Not used on non-Windows systems
[194.526s] INFO:colcon.colcon_notification.desktop_notification:Sending desktop notification using 'notify2'
[197.081s] DEBUG:colcon.colcon_core.event_reactor:joined thread
[197.082s] INFO:colcon.colcon_core.shell:Creating prefix script '/home/hp/ROS2_WS/install/local_setup.ps1'
[197.104s] INFO:colcon.colcon_core.shell:Creating prefix util module '/home/hp/ROS2_WS/install/_local_setup_util_ps1.py'
[197.174s] INFO:colcon.colcon_core.shell:Creating prefix chain script '/home/hp/ROS2_WS/install/setup.ps1'
[197.187s] INFO:colcon.colcon_core.shell:Creating prefix script '/home/hp/ROS2_WS/install/local_setup.sh'
[197.205s] INFO:colcon.colcon_core.shell:Creating prefix util module '/home/hp/ROS2_WS/install/_local_setup_util_sh.py'
[197.207s] INFO:colcon.colcon_core.shell:Creating prefix chain script '/home/hp/ROS2_WS/install/setup.sh'
[197.222s] INFO:colcon.colcon_core.shell:Creating prefix script '/home/hp/ROS2_WS/install/local_setup.bash'
[197.254s] INFO:colcon.colcon_core.shell:Creating prefix chain script '/home/hp/ROS2_WS/install/setup.bash'
[197.267s] INFO:colcon.colcon_core.shell:Creating prefix script '/home/hp/ROS2_WS/install/local_setup.zsh'
[197.294s] INFO:colcon.colcon_core.shell:Creating prefix chain script '/home/hp/ROS2_WS/install/setup.zsh'
