[0.863s] Invoking command in '/home/hp/ROS2_WS/build/slam_toolbox': CMAKE_PREFIX_PATH=${CMAKE_PREFIX_PATH}:/home/hp/ROS2_WS/install/my_robot_controller:/home/hp/ROS2_WS/install/my_exo:/home/hp/ROS2_WS/install/dynamic_tf:/opt/ros/humble /usr/bin/cmake --build /home/hp/ROS2_WS/build/slam_toolbox -- -j8 -l8
[0.966s] [  0%] Built target slam_toolbox__cpp
[0.969s] [  9%] Built target slam_toolbox__rosidl_generator_c
[0.980s] [35m[1mConsolidate compiler generated dependencies of target kartoSlamToolbox[0m
[0.999s] [  9%] Built target ament_cmake_python_symlink_slam_toolbox
[1.025s] [ 18%] Built target slam_toolbox__rosidl_typesupport_cpp
[1.026s] [ 27%] Built target slam_toolbox__rosidl_typesupport_introspection_cpp
[1.039s] [ 36%] Built target slam_toolbox__rosidl_typesupport_fastrtps_cpp
[1.058s] [ 37%] [32mBuilding CXX object lib/karto_sdk/CMakeFiles/kartoSlamToolbox.dir/src/Karto.cpp.o[0m
[1.060s] [ 38%] [32mBuilding CXX object lib/karto_sdk/CMakeFiles/kartoSlamToolbox.dir/src/Mapper.cpp.o[0m
[1.072s] [ 47%] Built target slam_toolbox__rosidl_typesupport_c
[1.075s] [ 56%] Built target slam_toolbox__rosidl_typesupport_introspection_c
[1.078s] [ 65%] Built target slam_toolbox__rosidl_typesupport_fastrtps_c
[1.105s] [ 67%] Built target SlamToolboxPlugin
[1.125s] [ 67%] Built target slam_toolbox
[1.157s] [ 68%] Built target slam_toolbox__py
[1.199s] [ 76%] Built target slam_toolbox__rosidl_generator_py
[1.257s] [ 77%] Built target slam_toolbox__rosidl_typesupport_introspection_c__pyext
[1.264s] [ 78%] Built target slam_toolbox__rosidl_typesupport_fastrtps_c__pyext
[1.269s] [ 79%] Built target slam_toolbox__rosidl_typesupport_c__pyext
[1.557s] running egg_info
[1.559s] writing slam_toolbox.egg-info/PKG-INFO
[1.559s] writing dependency_links to slam_toolbox.egg-info/dependency_links.txt
[1.559s] writing top-level names to slam_toolbox.egg-info/top_level.txt
[1.563s] reading manifest file 'slam_toolbox.egg-info/SOURCES.txt'
[1.565s] writing manifest file 'slam_toolbox.egg-info/SOURCES.txt'
[1.612s] [ 79%] Built target ament_cmake_python_build_slam_toolbox_egg
[28.787s] [ 79%] [32m[1mLinking CXX shared library libkartoSlamToolbox.so[0m
[29.386s] [ 79%] Built target kartoSlamToolbox
[29.424s] [ 80%] [32mBuilding CXX object CMakeFiles/ceres_solver_plugin.dir/solvers/ceres_solver.cpp.o[0m
[29.441s] [ 81%] [32mBuilding CXX object CMakeFiles/toolbox_common.dir/src/slam_toolbox_common.cpp.o[0m
[29.443s] [ 81%] [32mBuilding CXX object CMakeFiles/toolbox_common.dir/src/loop_closure_assistant.cpp.o[0m
[29.445s] [ 82%] [32mBuilding CXX object CMakeFiles/toolbox_common.dir/src/laser_utils.cpp.o[0m
[29.450s] [ 83%] [32mBuilding CXX object CMakeFiles/toolbox_common.dir/src/slam_mapper.cpp.o[0m
