[11.306s] Invoking command in '/home/hp/ROS2_WS/src/build/my_exo': CONDA_PROMPT_MODIFIER=(base) PYTHONPATH=/home/hp/ROS2_WS/src/build/my_exo/prefix_override:/home/hp/ROS2_WS/src/install/my_exo/lib/python3.10/site-packages:${PYTHONPATH} /usr/bin/python3 -W ignore:setup.py install is deprecated setup.py develop --editable --build-directory /home/hp/ROS2_WS/src/build/my_exo/build --no-deps symlink_data
[11.677s] running develop
[12.334s] running egg_info
[12.334s] writing my_exo.egg-info/PKG-INFO
[12.335s] writing dependency_links to my_exo.egg-info/dependency_links.txt
[12.335s] writing entry points to my_exo.egg-info/entry_points.txt
[12.335s] writing requirements to my_exo.egg-info/requires.txt
[12.336s] writing top-level names to my_exo.egg-info/top_level.txt
[12.338s] reading manifest file 'my_exo.egg-info/SOURCES.txt'
[12.360s] writing manifest file 'my_exo.egg-info/SOURCES.txt'
[12.361s] running build_ext
[12.361s] Creating /home/hp/ROS2_WS/src/install/my_exo/lib/python3.10/site-packages/my-exo.egg-link (link to .)
[12.362s] Installing first_node script to /home/hp/ROS2_WS/src/install/my_exo/lib/my_exo
[12.362s] Installing fourth_node script to /home/hp/ROS2_WS/src/install/my_exo/lib/my_exo
[12.362s] Installing input_node script to /home/hp/ROS2_WS/src/install/my_exo/lib/my_exo
[12.363s] Installing second_node script to /home/hp/ROS2_WS/src/install/my_exo/lib/my_exo
[12.363s] Installing selector_node script to /home/hp/ROS2_WS/src/install/my_exo/lib/my_exo
[12.363s] Installing third_node script to /home/hp/ROS2_WS/src/install/my_exo/lib/my_exo
[12.363s] 
[12.363s] Installed /home/hp/ROS2_WS/src/build/my_exo
[12.363s] running symlink_data
[12.472s] Invoked command in '/home/hp/ROS2_WS/src/build/my_exo' returned '0': CONDA_PROMPT_MODIFIER=(base) PYTHONPATH=/home/hp/ROS2_WS/src/build/my_exo/prefix_override:/home/hp/ROS2_WS/src/install/my_exo/lib/python3.10/site-packages:${PYTHONPATH} /usr/bin/python3 -W ignore:setup.py install is deprecated setup.py develop --editable --build-directory /home/hp/ROS2_WS/src/build/my_exo/build --no-deps symlink_data
