[1.055s] Invoking command in '/home/hp/ROS2_WS/build/rplidar_ros': CMAKE_PREFIX_PATH=${CMAKE_PREFIX_PATH}:/home/hp/ROS2_WS/install/my_robot_controller:/home/hp/ROS2_WS/install/my_exo:/home/hp/ROS2_WS/install/dynamic_tf:/opt/ros/humble /usr/bin/cmake --build /home/hp/ROS2_WS/build/rplidar_ros -- -j8 -l8
[7.759s] [ 14%] Built target tf_broadcaster
[7.759s] [ 14%] Built target rplidar_client
[7.759s] [ 14%] Built target tf_listener
[8.709s] [ 71%] Built target rplidar_node
[8.709s] [100%] Built target rplidar_composition
[8.725s] Invoked command in '/home/hp/ROS2_WS/build/rplidar_ros' returned '0': CMAKE_PREFIX_PATH=${CMAKE_PREFIX_PATH}:/home/hp/ROS2_WS/install/my_robot_controller:/home/hp/ROS2_WS/install/my_exo:/home/hp/ROS2_WS/install/dynamic_tf:/opt/ros/humble /usr/bin/cmake --build /home/hp/ROS2_WS/build/rplidar_ros -- -j8 -l8
[10.120s] Invoking command in '/home/hp/ROS2_WS/build/rplidar_ros': CMAKE_PREFIX_PATH=${CMAKE_PREFIX_PATH}:/home/hp/ROS2_WS/install/my_robot_controller:/home/hp/ROS2_WS/install/my_exo:/home/hp/ROS2_WS/install/dynamic_tf:/opt/ros/humble /usr/bin/cmake --install /home/hp/ROS2_WS/build/rplidar_ros
[10.174s] -- Install configuration: ""
[10.287s] -- Execute custom install script
[10.469s] -- Up-to-date symlink: /home/hp/ROS2_WS/install/rplidar_ros/share/rplidar_ros/launch/rplidar_a1_launch.py
[10.481s] -- Up-to-date symlink: /home/hp/ROS2_WS/install/rplidar_ros/share/rplidar_ros/launch/rplidar_a2m12_launch.py
[10.502s] -- Up-to-date symlink: /home/hp/ROS2_WS/install/rplidar_ros/share/rplidar_ros/launch/rplidar_a2m7_launch.py
[10.515s] -- Up-to-date symlink: /home/hp/ROS2_WS/install/rplidar_ros/share/rplidar_ros/launch/rplidar_a2m8_launch.py
[10.580s] -- Up-to-date symlink: /home/hp/ROS2_WS/install/rplidar_ros/share/rplidar_ros/launch/rplidar_a3_launch.py
[10.581s] -- Up-to-date symlink: /home/hp/ROS2_WS/install/rplidar_ros/share/rplidar_ros/launch/rplidar_c1_launch.py
[10.599s] -- Up-to-date symlink: /home/hp/ROS2_WS/install/rplidar_ros/share/rplidar_ros/launch/rplidar_s1_launch.py
[10.599s] -- Up-to-date symlink: /home/hp/ROS2_WS/install/rplidar_ros/share/rplidar_ros/launch/rplidar_s1_tcp_launch.py
[10.600s] -- Up-to-date symlink: /home/hp/ROS2_WS/install/rplidar_ros/share/rplidar_ros/launch/rplidar_s2_launch.py
[10.600s] -- Up-to-date symlink: /home/hp/ROS2_WS/install/rplidar_ros/share/rplidar_ros/launch/rplidar_s2e_launch.py
[10.601s] -- Up-to-date symlink: /home/hp/ROS2_WS/install/rplidar_ros/share/rplidar_ros/launch/rplidar_s3_launch.py
[10.601s] -- Up-to-date symlink: /home/hp/ROS2_WS/install/rplidar_ros/share/rplidar_ros/launch/rplidar_t1_launch.py
[10.602s] -- Up-to-date symlink: /home/hp/ROS2_WS/install/rplidar_ros/share/rplidar_ros/launch/slam.launch.py
[10.602s] -- Up-to-date symlink: /home/hp/ROS2_WS/install/rplidar_ros/share/rplidar_ros/launch/view_rplidar_a1_launch.py
[10.602s] -- Up-to-date symlink: /home/hp/ROS2_WS/install/rplidar_ros/share/rplidar_ros/launch/view_rplidar_a2m12_launch.py
[10.648s] -- Up-to-date symlink: /home/hp/ROS2_WS/install/rplidar_ros/share/rplidar_ros/launch/view_rplidar_a2m7_launch.py
[10.659s] -- Up-to-date symlink: /home/hp/ROS2_WS/install/rplidar_ros/share/rplidar_ros/launch/view_rplidar_a2m8_launch.py
[10.660s] -- Up-to-date symlink: /home/hp/ROS2_WS/install/rplidar_ros/share/rplidar_ros/launch/view_rplidar_a3_launch.py
[10.677s] -- Up-to-date symlink: /home/hp/ROS2_WS/install/rplidar_ros/share/rplidar_ros/launch/view_rplidar_c1_launch.py
[10.677s] -- Up-to-date symlink: /home/hp/ROS2_WS/install/rplidar_ros/share/rplidar_ros/launch/view_rplidar_s1_launch.py
[10.678s] -- Up-to-date symlink: /home/hp/ROS2_WS/install/rplidar_ros/share/rplidar_ros/launch/view_rplidar_s1_tcp_launch.py
[10.689s] -- Up-to-date symlink: /home/hp/ROS2_WS/install/rplidar_ros/share/rplidar_ros/launch/view_rplidar_s2_launch.py
[10.690s] -- Up-to-date symlink: /home/hp/ROS2_WS/install/rplidar_ros/share/rplidar_ros/launch/view_rplidar_s2e_launch.py
[10.690s] -- Up-to-date symlink: /home/hp/ROS2_WS/install/rplidar_ros/share/rplidar_ros/launch/view_rplidar_s3_launch.py
[10.690s] -- Up-to-date symlink: /home/hp/ROS2_WS/install/rplidar_ros/share/rplidar_ros/launch/view_rplidar_t1_launch.py
[10.881s] -- Up-to-date symlink: /home/hp/ROS2_WS/install/rplidar_ros/share/rplidar_ros/config/slam.yaml
[10.882s] -- Up-to-date symlink: /home/hp/ROS2_WS/install/rplidar_ros/share/rplidar_ros/rviz/rplidar_ros.rviz
[10.923s] -- Up-to-date symlink: /home/hp/ROS2_WS/install/rplidar_ros/lib/rplidar_ros/tf_broadcaster
[10.923s] -- Up-to-date symlink: /home/hp/ROS2_WS/install/rplidar_ros/lib/rplidar_ros/tf_listener
[10.923s] -- Up-to-date symlink: /home/hp/ROS2_WS/install/rplidar_ros/lib/rplidar_ros/rplidar_node
[10.924s] -- Up-to-date symlink: /home/hp/ROS2_WS/install/rplidar_ros/lib/rplidar_ros/rplidar_composition
[10.924s] -- Up-to-date symlink: /home/hp/ROS2_WS/install/rplidar_ros/lib/rplidar_ros/rplidar_client
[10.941s] -- Up-to-date symlink: /home/hp/ROS2_WS/install/rplidar_ros/lib/rplidar_ros/tf_map_baselink.py
[10.941s] -- Up-to-date symlink: /home/hp/ROS2_WS/install/rplidar_ros/share/ament_index/resource_index/package_run_dependencies/rplidar_ros
[10.942s] -- Up-to-date symlink: /home/hp/ROS2_WS/install/rplidar_ros/share/ament_index/resource_index/parent_prefix_path/rplidar_ros
[10.966s] -- Up-to-date symlink: /home/hp/ROS2_WS/install/rplidar_ros/share/rplidar_ros/environment/ament_prefix_path.sh
[10.966s] -- Up-to-date symlink: /home/hp/ROS2_WS/install/rplidar_ros/share/rplidar_ros/environment/ament_prefix_path.dsv
[10.967s] -- Up-to-date symlink: /home/hp/ROS2_WS/install/rplidar_ros/share/rplidar_ros/environment/path.sh
[10.967s] -- Up-to-date symlink: /home/hp/ROS2_WS/install/rplidar_ros/share/rplidar_ros/environment/path.dsv
[10.983s] -- Up-to-date symlink: /home/hp/ROS2_WS/install/rplidar_ros/share/rplidar_ros/local_setup.bash
[10.984s] -- Up-to-date symlink: /home/hp/ROS2_WS/install/rplidar_ros/share/rplidar_ros/local_setup.sh
[10.985s] -- Up-to-date symlink: /home/hp/ROS2_WS/install/rplidar_ros/share/rplidar_ros/local_setup.zsh
[10.986s] -- Up-to-date symlink: /home/hp/ROS2_WS/install/rplidar_ros/share/rplidar_ros/local_setup.dsv
[10.986s] -- Symlinking: /home/hp/ROS2_WS/install/rplidar_ros/share/rplidar_ros/package.dsv
[10.997s] -- Up-to-date symlink: /home/hp/ROS2_WS/install/rplidar_ros/share/ament_index/resource_index/packages/rplidar_ros
[10.997s] -- Up-to-date symlink: /home/hp/ROS2_WS/install/rplidar_ros/share/rplidar_ros/cmake/ament_cmake_export_dependencies-extras.cmake
[10.997s] -- Up-to-date symlink: /home/hp/ROS2_WS/install/rplidar_ros/share/rplidar_ros/cmake/ament_cmake_export_include_directories-extras.cmake
[10.997s] -- Up-to-date symlink: /home/hp/ROS2_WS/install/rplidar_ros/share/rplidar_ros/cmake/rplidar_rosConfig.cmake
[10.998s] -- Up-to-date symlink: /home/hp/ROS2_WS/install/rplidar_ros/share/rplidar_ros/cmake/rplidar_rosConfig-version.cmake
[10.998s] -- Up-to-date symlink: /home/hp/ROS2_WS/install/rplidar_ros/share/rplidar_ros/package.xml
[11.002s] Invoked command in '/home/hp/ROS2_WS/build/rplidar_ros' returned '0': CMAKE_PREFIX_PATH=${CMAKE_PREFIX_PATH}:/home/hp/ROS2_WS/install/my_robot_controller:/home/hp/ROS2_WS/install/my_exo:/home/hp/ROS2_WS/install/dynamic_tf:/opt/ros/humble /usr/bin/cmake --install /home/hp/ROS2_WS/build/rplidar_ros
