[13.903s] Invoking command in '/home/hp/ROS2_WS/src/build/my_exo': CONDA_PROMPT_MODIFIER=(base) PYTHONPATH=/home/hp/ROS2_WS/src/build/my_exo/prefix_override:/home/hp/ROS2_WS/src/install/my_exo/lib/python3.10/site-packages:${PYTHONPATH} /usr/bin/python3 -W ignore:setup.py install is deprecated setup.py develop --editable --build-directory /home/hp/ROS2_WS/src/build/my_exo/build --no-deps symlink_data
[14.323s] running develop
[14.757s] running egg_info
[14.757s] writing my_exo.egg-info/PKG-INFO
[14.757s] writing dependency_links to my_exo.egg-info/dependency_links.txt
[14.757s] writing entry points to my_exo.egg-info/entry_points.txt
[14.757s] writing requirements to my_exo.egg-info/requires.txt
[14.757s] writing top-level names to my_exo.egg-info/top_level.txt
[14.779s] reading manifest file 'my_exo.egg-info/SOURCES.txt'
[14.792s] writing manifest file 'my_exo.egg-info/SOURCES.txt'
[14.795s] running build_ext
[14.795s] Creating /home/hp/ROS2_WS/src/install/my_exo/lib/python3.10/site-packages/my-exo.egg-link (link to .)
[14.798s] Installing first_node script to /home/hp/ROS2_WS/src/install/my_exo/lib/my_exo
[14.798s] Installing fourth_node script to /home/hp/ROS2_WS/src/install/my_exo/lib/my_exo
[14.799s] Installing input_node script to /home/hp/ROS2_WS/src/install/my_exo/lib/my_exo
[14.799s] Installing second_node script to /home/hp/ROS2_WS/src/install/my_exo/lib/my_exo
[14.799s] Installing selector_node script to /home/hp/ROS2_WS/src/install/my_exo/lib/my_exo
[14.800s] Installing third_node script to /home/hp/ROS2_WS/src/install/my_exo/lib/my_exo
[14.800s] 
[14.800s] Installed /home/hp/ROS2_WS/src/build/my_exo
[14.800s] running symlink_data
[14.869s] Invoked command in '/home/hp/ROS2_WS/src/build/my_exo' returned '0': CONDA_PROMPT_MODIFIER=(base) PYTHONPATH=/home/hp/ROS2_WS/src/build/my_exo/prefix_override:/home/hp/ROS2_WS/src/install/my_exo/lib/python3.10/site-packages:${PYTHONPATH} /usr/bin/python3 -W ignore:setup.py install is deprecated setup.py develop --editable --build-directory /home/hp/ROS2_WS/src/build/my_exo/build --no-deps symlink_data
