running develop
running egg_info
creating my_robot_controller.egg-info
writing my_robot_controller.egg-info/PKG-INFO
writing dependency_links to my_robot_controller.egg-info/dependency_links.txt
writing entry points to my_robot_controller.egg-info/entry_points.txt
writing requirements to my_robot_controller.egg-info/requires.txt
writing top-level names to my_robot_controller.egg-info/top_level.txt
writing manifest file 'my_robot_controller.egg-info/SOURCES.txt'
reading manifest file 'my_robot_controller.egg-info/SOURCES.txt'
writing manifest file 'my_robot_controller.egg-info/SOURCES.txt'
running build_ext
Creating /home/hp/ROS2_WS/install/my_robot_controller/lib/python3.10/site-packages/my-robot-controller.egg-link (link to .)
Installing draw_circle script to /home/hp/ROS2_WS/install/my_robot_controller/lib/my_robot_controller
Installing pose_suscriber script to /home/hp/ROS2_WS/install/my_robot_controller/lib/my_robot_controller
Installing test_node script to /home/hp/ROS2_WS/install/my_robot_controller/lib/my_robot_controller

Installed /home/hp/ROS2_WS/build/my_robot_controller
running symlink_data
creating /home/hp/ROS2_WS/install/my_robot_controller/share/ament_index
creating /home/hp/ROS2_WS/install/my_robot_controller/share/ament_index/resource_index
creating /home/hp/ROS2_WS/install/my_robot_controller/share/ament_index/resource_index/packages
symbolically linking /home/hp/ROS2_WS/build/my_robot_controller/resource/my_robot_controller -> /home/hp/ROS2_WS/install/my_robot_controller/share/ament_index/resource_index/packages
symbolically linking /home/hp/ROS2_WS/build/my_robot_controller/package.xml -> /home/hp/ROS2_WS/install/my_robot_controller/share/my_robot_controller
