[13.800s] Invoking command in '/home/hp/ROS2_WS/src/build/my_exo': CONDA_PROMPT_MODIFIER=(base) PYTHONPATH=/home/hp/ROS2_WS/src/build/my_exo/prefix_override:/home/hp/ROS2_WS/src/install/my_exo/lib/python3.10/site-packages:${PYTHONPATH} /usr/bin/python3 -W ignore:setup.py install is deprecated setup.py develop --editable --build-directory /home/hp/ROS2_WS/src/build/my_exo/build --no-deps symlink_data
[14.162s] running develop
[14.674s] running egg_info
[14.675s] writing my_exo.egg-info/PKG-INFO
[14.675s] writing dependency_links to my_exo.egg-info/dependency_links.txt
[14.675s] writing entry points to my_exo.egg-info/entry_points.txt
[14.688s] writing requirements to my_exo.egg-info/requires.txt
[14.689s] writing top-level names to my_exo.egg-info/top_level.txt
[14.692s] reading manifest file 'my_exo.egg-info/SOURCES.txt'
[14.807s] writing manifest file 'my_exo.egg-info/SOURCES.txt'
[14.814s] running build_ext
[14.815s] Creating /home/hp/ROS2_WS/src/install/my_exo/lib/python3.10/site-packages/my-exo.egg-link (link to .)
[14.818s] Installing first_node script to /home/hp/ROS2_WS/src/install/my_exo/lib/my_exo
[14.819s] Installing fourth_node script to /home/hp/ROS2_WS/src/install/my_exo/lib/my_exo
[14.820s] Installing input_node script to /home/hp/ROS2_WS/src/install/my_exo/lib/my_exo
[14.820s] Installing second_node script to /home/hp/ROS2_WS/src/install/my_exo/lib/my_exo
[14.820s] Installing selector_node script to /home/hp/ROS2_WS/src/install/my_exo/lib/my_exo
[14.821s] Installing third_node script to /home/hp/ROS2_WS/src/install/my_exo/lib/my_exo
[14.822s] 
[14.822s] Installed /home/hp/ROS2_WS/src/build/my_exo
[14.822s] running symlink_data
[14.886s] Invoked command in '/home/hp/ROS2_WS/src/build/my_exo' returned '0': CONDA_PROMPT_MODIFIER=(base) PYTHONPATH=/home/hp/ROS2_WS/src/build/my_exo/prefix_override:/home/hp/ROS2_WS/src/install/my_exo/lib/python3.10/site-packages:${PYTHONPATH} /usr/bin/python3 -W ignore:setup.py install is deprecated setup.py develop --editable --build-directory /home/hp/ROS2_WS/src/build/my_exo/build --no-deps symlink_data
