[0.360s] Invoking command in '/home/hp/ROS2_WS/src/build/rosidl_typesupport_interface': CMAKE_PREFIX_PATH=${CMAKE_PREFIX_PATH}:/home/hp/ROS2_WS/install/my_robot_controller:/home/hp/ROS2_WS/install/my_exo:/home/hp/ROS2_WS/install/dynamic_tf:/home/hp/ROS2_WS/install/Dynamic_tf:/home/hp/ROS2_WS/install/DYNAMIC_TF:/home/hp/ROS2_WS/src/install/rosidl_pycommon:/home/hp/ROS2_WS/src/install/rosidl_cli:/home/hp/ROS2_WS/src/install/my_robot_controller:/home/hp/ROS2_WS/src/install/my_exo:/home/hp/ROS2_WS/src/install/dynamic_tf:/opt/ros/humble CONDA_PROMPT_MODIFIER=(base) /usr/bin/cmake --build /home/hp/ROS2_WS/src/build/rosidl_typesupport_interface -- -j8 -l8
[1.285s] -- Found ament_cmake: 1.3.9 (/opt/ros/humble/share/ament_cmake/cmake)
[1.285s] -- Override CMake install command with custom implementation using symlinks instead of copying resources
[1.285s] -- Found ament_lint_auto: 0.12.11 (/opt/ros/humble/share/ament_lint_auto/cmake)
[1.285s] -- Found gtest sources under '/opt/ros/humble/src/gtest_vendor': C++ tests using 'Google Test' will be built
[1.285s] -- Added test 'copyright' to check source files copyright and LICENSE
[1.285s] -- Added test 'cppcheck' to perform static code analysis on C / C++ code
[1.285s] -- Configured cppcheck include dirs: $<BUILD_INTERFACE:/home/hp/ROS2_WS/src/rosidl/rosidl_typesupport_interface/include>
[1.285s] -- Configured cppcheck exclude dirs and/or files: 
[1.285s] -- Added test 'cpplint' to check C / C++ code against the Google style
[1.286s] -- Configured cpplint exclude dirs and/or files: 
[1.286s] -- Added test 'lint_cmake' to check CMake code style
[1.286s] -- Added test 'uncrustify' to check C / C++ code style
[1.286s] -- Configured uncrustify additional arguments: 
[1.286s] -- Added test 'xmllint' to check XML markup files
[1.286s] -- Configuring done
[1.286s] -- Generating done
[1.286s] -- Build files have been written to: /home/hp/ROS2_WS/src/build/rosidl_typesupport_interface
[1.286s] [35m[1mConsolidate compiler generated dependencies of target gtest_main[0m
[1.286s] [35m[1mConsolidate compiler generated dependencies of target gtest[0m
[1.286s] [ 33%] Built target gtest_main
[1.286s] [ 66%] Built target gtest
[1.286s] [35m[1mConsolidate compiler generated dependencies of target test_macros[0m
[1.286s] [ 83%] [32mBuilding CXX object CMakeFiles/test_macros.dir/test/test_macros.cpp.o[0m
[6.526s] [100%] [32m[1mLinking CXX executable test_macros[0m
[7.620s] [100%] Built target test_macros
