[1.435s] Invoking command in '/home/hp/ROS2_WS/src/build/rplidar_ros': CMAKE_PREFIX_PATH=${CMAKE_PREFIX_PATH}:/home/hp/ROS2_WS/install/my_robot_controller:/home/hp/ROS2_WS/install/my_exo:/home/hp/ROS2_WS/install/dynamic_tf:/home/hp/ROS2_WS/src/install/my_robot_controller:/home/hp/ROS2_WS/src/install/my_exo:/home/hp/ROS2_WS/src/install/dynamic_tf:/opt/ros/humble CONDA_PROMPT_MODIFIER=(base) /usr/bin/cmake --build /home/hp/ROS2_WS/src/build/rplidar_ros -- -j8 -l8
[7.643s] [ 14%] Built target tf_broadcaster
[7.643s] [ 14%] Built target tf_listener
[7.644s] [ 14%] Built target rplidar_client
[7.937s] [100%] Built target rplidar_composition
[7.937s] [100%] Built target rplidar_node
[7.955s] Invoked command in '/home/hp/ROS2_WS/src/build/rplidar_ros' returned '0': CMAKE_PREFIX_PATH=${CMAKE_PREFIX_PATH}:/home/hp/ROS2_WS/install/my_robot_controller:/home/hp/ROS2_WS/install/my_exo:/home/hp/ROS2_WS/install/dynamic_tf:/home/hp/ROS2_WS/src/install/my_robot_controller:/home/hp/ROS2_WS/src/install/my_exo:/home/hp/ROS2_WS/src/install/dynamic_tf:/opt/ros/humble CONDA_PROMPT_MODIFIER=(base) /usr/bin/cmake --build /home/hp/ROS2_WS/src/build/rplidar_ros -- -j8 -l8
[8.048s] Invoking command in '/home/hp/ROS2_WS/src/build/rplidar_ros': CMAKE_PREFIX_PATH=${CMAKE_PREFIX_PATH}:/home/hp/ROS2_WS/install/my_robot_controller:/home/hp/ROS2_WS/install/my_exo:/home/hp/ROS2_WS/install/dynamic_tf:/home/hp/ROS2_WS/src/install/my_robot_controller:/home/hp/ROS2_WS/src/install/my_exo:/home/hp/ROS2_WS/src/install/dynamic_tf:/opt/ros/humble CONDA_PROMPT_MODIFIER=(base) /usr/bin/cmake --install /home/hp/ROS2_WS/src/build/rplidar_ros
[8.256s] -- Install configuration: ""
[8.736s] -- Execute custom install script
[9.313s] -- Up-to-date symlink: /home/hp/ROS2_WS/src/install/rplidar_ros/share/rplidar_ros/launch/rplidar_a1_launch.py
[9.343s] -- Up-to-date symlink: /home/hp/ROS2_WS/src/install/rplidar_ros/share/rplidar_ros/launch/rplidar_a2m12_launch.py
[9.349s] -- Up-to-date symlink: /home/hp/ROS2_WS/src/install/rplidar_ros/share/rplidar_ros/launch/rplidar_a2m7_launch.py
[9.373s] -- Up-to-date symlink: /home/hp/ROS2_WS/src/install/rplidar_ros/share/rplidar_ros/launch/rplidar_a2m8_launch.py
[9.380s] -- Up-to-date symlink: /home/hp/ROS2_WS/src/install/rplidar_ros/share/rplidar_ros/launch/rplidar_a3_launch.py
[9.467s] -- Up-to-date symlink: /home/hp/ROS2_WS/src/install/rplidar_ros/share/rplidar_ros/launch/rplidar_c1_launch.py
[9.479s] -- Up-to-date symlink: /home/hp/ROS2_WS/src/install/rplidar_ros/share/rplidar_ros/launch/rplidar_s1_launch.py
[9.490s] -- Up-to-date symlink: /home/hp/ROS2_WS/src/install/rplidar_ros/share/rplidar_ros/launch/rplidar_s1_tcp_launch.py
[9.491s] -- Up-to-date symlink: /home/hp/ROS2_WS/src/install/rplidar_ros/share/rplidar_ros/launch/rplidar_s2_launch.py
[9.492s] -- Up-to-date symlink: /home/hp/ROS2_WS/src/install/rplidar_ros/share/rplidar_ros/launch/rplidar_s2e_launch.py
[9.497s] -- Up-to-date symlink: /home/hp/ROS2_WS/src/install/rplidar_ros/share/rplidar_ros/launch/rplidar_s3_launch.py
[9.514s] -- Up-to-date symlink: /home/hp/ROS2_WS/src/install/rplidar_ros/share/rplidar_ros/launch/rplidar_t1_launch.py
[9.514s] -- Up-to-date symlink: /home/hp/ROS2_WS/src/install/rplidar_ros/share/rplidar_ros/launch/slam.launch.py
[9.514s] -- Up-to-date symlink: /home/hp/ROS2_WS/src/install/rplidar_ros/share/rplidar_ros/launch/view_rplidar_a1_launch.py
[9.534s] -- Up-to-date symlink: /home/hp/ROS2_WS/src/install/rplidar_ros/share/rplidar_ros/launch/view_rplidar_a2m12_launch.py
[9.546s] -- Up-to-date symlink: /home/hp/ROS2_WS/src/install/rplidar_ros/share/rplidar_ros/launch/view_rplidar_a2m7_launch.py
[9.579s] -- Up-to-date symlink: /home/hp/ROS2_WS/src/install/rplidar_ros/share/rplidar_ros/launch/view_rplidar_a2m8_launch.py
[9.590s] -- Up-to-date symlink: /home/hp/ROS2_WS/src/install/rplidar_ros/share/rplidar_ros/launch/view_rplidar_a3_launch.py
[9.608s] -- Up-to-date symlink: /home/hp/ROS2_WS/src/install/rplidar_ros/share/rplidar_ros/launch/view_rplidar_c1_launch.py
[9.608s] -- Up-to-date symlink: /home/hp/ROS2_WS/src/install/rplidar_ros/share/rplidar_ros/launch/view_rplidar_s1_launch.py
[9.608s] -- Up-to-date symlink: /home/hp/ROS2_WS/src/install/rplidar_ros/share/rplidar_ros/launch/view_rplidar_s1_tcp_launch.py
[9.608s] -- Up-to-date symlink: /home/hp/ROS2_WS/src/install/rplidar_ros/share/rplidar_ros/launch/view_rplidar_s2_launch.py
[9.609s] -- Up-to-date symlink: /home/hp/ROS2_WS/src/install/rplidar_ros/share/rplidar_ros/launch/view_rplidar_s2e_launch.py
[9.609s] -- Up-to-date symlink: /home/hp/ROS2_WS/src/install/rplidar_ros/share/rplidar_ros/launch/view_rplidar_s3_launch.py
[9.609s] -- Up-to-date symlink: /home/hp/ROS2_WS/src/install/rplidar_ros/share/rplidar_ros/launch/view_rplidar_t1_launch.py
[10.041s] -- Up-to-date symlink: /home/hp/ROS2_WS/src/install/rplidar_ros/share/rplidar_ros/config/slam.yaml
[10.109s] -- Up-to-date symlink: /home/hp/ROS2_WS/src/install/rplidar_ros/share/rplidar_ros/rviz/rplidar_ros.rviz
[10.199s] -- Up-to-date symlink: /home/hp/ROS2_WS/src/install/rplidar_ros/lib/rplidar_ros/tf_broadcaster
[10.199s] -- Up-to-date symlink: /home/hp/ROS2_WS/src/install/rplidar_ros/lib/rplidar_ros/tf_listener
[10.199s] -- Up-to-date symlink: /home/hp/ROS2_WS/src/install/rplidar_ros/lib/rplidar_ros/rplidar_node
[10.199s] -- Up-to-date symlink: /home/hp/ROS2_WS/src/install/rplidar_ros/lib/rplidar_ros/rplidar_composition
[10.199s] -- Up-to-date symlink: /home/hp/ROS2_WS/src/install/rplidar_ros/lib/rplidar_ros/rplidar_client
[10.216s] -- Up-to-date symlink: /home/hp/ROS2_WS/src/install/rplidar_ros/lib/rplidar_ros/tf_map_baselink.py
[10.216s] -- Up-to-date symlink: /home/hp/ROS2_WS/src/install/rplidar_ros/share/ament_index/resource_index/package_run_dependencies/rplidar_ros
[10.227s] -- Up-to-date symlink: /home/hp/ROS2_WS/src/install/rplidar_ros/share/ament_index/resource_index/parent_prefix_path/rplidar_ros
[10.227s] -- Up-to-date symlink: /home/hp/ROS2_WS/src/install/rplidar_ros/share/rplidar_ros/environment/ament_prefix_path.sh
[10.227s] -- Up-to-date symlink: /home/hp/ROS2_WS/src/install/rplidar_ros/share/rplidar_ros/environment/ament_prefix_path.dsv
[10.227s] -- Up-to-date symlink: /home/hp/ROS2_WS/src/install/rplidar_ros/share/rplidar_ros/environment/path.sh
[10.227s] -- Up-to-date symlink: /home/hp/ROS2_WS/src/install/rplidar_ros/share/rplidar_ros/environment/path.dsv
[10.228s] -- Up-to-date symlink: /home/hp/ROS2_WS/src/install/rplidar_ros/share/rplidar_ros/local_setup.bash
[10.228s] -- Up-to-date symlink: /home/hp/ROS2_WS/src/install/rplidar_ros/share/rplidar_ros/local_setup.sh
[10.228s] -- Up-to-date symlink: /home/hp/ROS2_WS/src/install/rplidar_ros/share/rplidar_ros/local_setup.zsh
[10.228s] -- Up-to-date symlink: /home/hp/ROS2_WS/src/install/rplidar_ros/share/rplidar_ros/local_setup.dsv
[10.229s] -- Symlinking: /home/hp/ROS2_WS/src/install/rplidar_ros/share/rplidar_ros/package.dsv
[10.237s] -- Up-to-date symlink: /home/hp/ROS2_WS/src/install/rplidar_ros/share/ament_index/resource_index/packages/rplidar_ros
[10.238s] -- Up-to-date symlink: /home/hp/ROS2_WS/src/install/rplidar_ros/share/rplidar_ros/cmake/ament_cmake_export_dependencies-extras.cmake
[10.238s] -- Up-to-date symlink: /home/hp/ROS2_WS/src/install/rplidar_ros/share/rplidar_ros/cmake/ament_cmake_export_include_directories-extras.cmake
[10.238s] -- Up-to-date symlink: /home/hp/ROS2_WS/src/install/rplidar_ros/share/rplidar_ros/cmake/rplidar_rosConfig.cmake
[10.239s] -- Up-to-date symlink: /home/hp/ROS2_WS/src/install/rplidar_ros/share/rplidar_ros/cmake/rplidar_rosConfig-version.cmake
[10.239s] -- Up-to-date symlink: /home/hp/ROS2_WS/src/install/rplidar_ros/share/rplidar_ros/package.xml
[10.241s] Invoked command in '/home/hp/ROS2_WS/src/build/rplidar_ros' returned '0': CMAKE_PREFIX_PATH=${CMAKE_PREFIX_PATH}:/home/hp/ROS2_WS/install/my_robot_controller:/home/hp/ROS2_WS/install/my_exo:/home/hp/ROS2_WS/install/dynamic_tf:/home/hp/ROS2_WS/src/install/my_robot_controller:/home/hp/ROS2_WS/src/install/my_exo:/home/hp/ROS2_WS/src/install/dynamic_tf:/opt/ros/humble CONDA_PROMPT_MODIFIER=(base) /usr/bin/cmake --install /home/hp/ROS2_WS/src/build/rplidar_ros
