[  0%] Built target slam_toolbox__cpp
[35m[1mConsolidate compiler generated dependencies of target kartoSlamToolbox[0m
[  9%] Built target slam_toolbox__rosidl_generator_c
[  9%] Built target ament_cmake_python_symlink_slam_toolbox
[ 18%] Built target slam_toolbox__rosidl_typesupport_cpp
[ 19%] [32mBuilding CXX object lib/karto_sdk/CMakeFiles/kartoSlamToolbox.dir/src/Mapper.cpp.o[0m
[ 28%] Built target slam_toolbox__rosidl_typesupport_introspection_cpp
[ 37%] Built target slam_toolbox__rosidl_typesupport_introspection_c
[ 46%] Built target slam_toolbox__rosidl_typesupport_fastrtps_cpp
[ 55%] Built target slam_toolbox__rosidl_typesupport_fastrtps_c
[ 64%] Built target slam_toolbox__rosidl_typesupport_c
[ 64%] Built target slam_toolbox
[ 66%] Built target SlamToolboxPlugin
[ 67%] Built target slam_toolbox__py
[ 75%] Built target slam_toolbox__rosidl_generator_py
[ 76%] Built target slam_toolbox__rosidl_typesupport_fastrtps_c__pyext
[ 77%] Built target slam_toolbox__rosidl_typesupport_introspection_c__pyext
[ 78%] Built target slam_toolbox__rosidl_typesupport_c__pyext
running egg_info
writing slam_toolbox.egg-info/PKG-INFO
writing dependency_links to slam_toolbox.egg-info/dependency_links.txt
writing top-level names to slam_toolbox.egg-info/top_level.txt
reading manifest file 'slam_toolbox.egg-info/SOURCES.txt'
writing manifest file 'slam_toolbox.egg-info/SOURCES.txt'
[ 78%] Built target ament_cmake_python_build_slam_toolbox_egg
[01m[K/home/hp/ROS2_WS/src/slam_toolbox/lib/karto_sdk/src/Mapper.cpp:[m[K In member function ‘[01m[Kvirtual kt_bool karto::Mapper::Process(karto::LocalizedRangeScan*, karto::Matrix3*)[m[K’:
[01m[K/home/hp/ROS2_WS/src/slam_toolbox/lib/karto_sdk/src/Mapper.cpp:2850:33:[m[K [01;31m[Kerror: [m[K‘[01m[Kvoid karto::LocalizedRangeScan::serialize(Archive&, unsigned int) [with Archive = boost::archive::xml_oarchive][m[K’ is private within this context
 2850 |                 [01;31m[KpScan->serialize(scan_oa, 0)[m[K;
      |                 [01;31m[K~~~~~~~~~~~~~~~~^~~~~~~~~~~~[m[K
In file included from [01m[K/home/hp/ROS2_WS/src/slam_toolbox/lib/karto_sdk/include/karto_sdk/Mapper.h:36[m[K,
                 from [01m[K/home/hp/ROS2_WS/src/slam_toolbox/lib/karto_sdk/src/Mapper.cpp:39[m[K:
[01m[K/home/hp/ROS2_WS/src/slam_toolbox/lib/karto_sdk/include/karto_sdk/Karto.h:5805:8:[m[K [01;36m[Knote: [m[Kdeclared private here
 5805 |   void [01;36m[Kserialize[m[K(Archive & ar, const unsigned int version)
      |        [01;36m[K^~~~~~~~~[m[K
[01m[K/home/hp/ROS2_WS/src/slam_toolbox/lib/karto_sdk/src/Mapper.cpp:2864:42:[m[K [01;31m[Kerror: [m[K‘[01m[Kvoid karto::Matrix3::serialize(Archive&, unsigned int) [with Archive = boost::archive::xml_oarchive][m[K’ is private within this context
 2864 |                     [01;31m[Kcovariance->serialize(covariance_oa, 0)[m[K;
      |                     [01;31m[K~~~~~~~~~~~~~~~~~~~~~^~~~~~~~~~~~~~~~~~[m[K
In file included from [01m[K/home/hp/ROS2_WS/src/slam_toolbox/lib/karto_sdk/include/karto_sdk/Mapper.h:36[m[K,
                 from [01m[K/home/hp/ROS2_WS/src/slam_toolbox/lib/karto_sdk/src/Mapper.cpp:39[m[K:
[01m[K/home/hp/ROS2_WS/src/slam_toolbox/lib/karto_sdk/include/karto_sdk/Karto.h:2723:8:[m[K [01;36m[Knote: [m[Kdeclared private here
 2723 |   void [01;36m[Kserialize[m[K(Archive & ar, const unsigned int version)
      |        [01;36m[K^~~~~~~~~[m[K
gmake[2]: *** [lib/karto_sdk/CMakeFiles/kartoSlamToolbox.dir/build.make:90: lib/karto_sdk/CMakeFiles/kartoSlamToolbox.dir/src/Mapper.cpp.o] Error 1
gmake[1]: *** [CMakeFiles/Makefile2:1045: lib/karto_sdk/CMakeFiles/kartoSlamToolbox.dir/all] Error 2
gmake: *** [Makefile:146: all] Error 2
