[1.495s] Invoking command in '/home/hp/ROS2_WS/build/my_exo': PYTHONPATH=/home/hp/ROS2_WS/build/my_exo/prefix_override:/home/hp/ROS2_WS/install/my_exo/lib/python3.10/site-packages:${PYTHONPATH} /usr/bin/python3 -W ignore:setup.py install is deprecated setup.py develop --editable --build-directory /home/hp/ROS2_WS/build/my_exo/build --no-deps symlink_data
[1.872s] running develop
[2.100s] running egg_info
[2.101s] writing my_exo.egg-info/PKG-INFO
[2.101s] writing dependency_links to my_exo.egg-info/dependency_links.txt
[2.101s] writing entry points to my_exo.egg-info/entry_points.txt
[2.101s] writing requirements to my_exo.egg-info/requires.txt
[2.101s] writing top-level names to my_exo.egg-info/top_level.txt
[2.104s] reading manifest file 'my_exo.egg-info/SOURCES.txt'
[2.105s] writing manifest file 'my_exo.egg-info/SOURCES.txt'
[2.106s] running build_ext
[2.107s] Creating /home/hp/ROS2_WS/install/my_exo/lib/python3.10/site-packages/my-exo.egg-link (link to .)
[2.108s] Installing first_node script to /home/hp/ROS2_WS/install/my_exo/lib/my_exo
[2.108s] Installing fourth_node script to /home/hp/ROS2_WS/install/my_exo/lib/my_exo
[2.108s] Installing input_node script to /home/hp/ROS2_WS/install/my_exo/lib/my_exo
[2.108s] Installing second_node script to /home/hp/ROS2_WS/install/my_exo/lib/my_exo
[2.108s] Installing selector_node script to /home/hp/ROS2_WS/install/my_exo/lib/my_exo
[2.108s] Installing third_node script to /home/hp/ROS2_WS/install/my_exo/lib/my_exo
[2.109s] 
[2.109s] Installed /home/hp/ROS2_WS/build/my_exo
[2.109s] running symlink_data
[2.170s] Invoked command in '/home/hp/ROS2_WS/build/my_exo' returned '0': PYTHONPATH=/home/hp/ROS2_WS/build/my_exo/prefix_override:/home/hp/ROS2_WS/install/my_exo/lib/python3.10/site-packages:${PYTHONPATH} /usr/bin/python3 -W ignore:setup.py install is deprecated setup.py develop --editable --build-directory /home/hp/ROS2_WS/build/my_exo/build --no-deps symlink_data
