[1.113s] Invoking command in '/home/hp/ROS2_WS/build/rplidar_ros': CMAKE_PREFIX_PATH=${CMAKE_PREFIX_PATH}:/home/hp/ROS2_WS/install/my_robot_controller:/home/hp/ROS2_WS/install/my_exo:/home/hp/ROS2_WS/install/dynamic_tf:/opt/ros/humble /usr/bin/cmake --build /home/hp/ROS2_WS/build/rplidar_ros -- -j8 -l8
[3.559s] [ 14%] Built target tf_broadcaster
[3.560s] [ 14%] Built target tf_listener
[3.560s] [ 14%] Built target rplidar_client
[4.004s] [ 95%] Built target rplidar_node
[4.005s] [100%] Built target rplidar_composition
[4.021s] Invoked command in '/home/hp/ROS2_WS/build/rplidar_ros' returned '0': CMAKE_PREFIX_PATH=${CMAKE_PREFIX_PATH}:/home/hp/ROS2_WS/install/my_robot_controller:/home/hp/ROS2_WS/install/my_exo:/home/hp/ROS2_WS/install/dynamic_tf:/opt/ros/humble /usr/bin/cmake --build /home/hp/ROS2_WS/build/rplidar_ros -- -j8 -l8
[4.088s] Invoking command in '/home/hp/ROS2_WS/build/rplidar_ros': CMAKE_PREFIX_PATH=${CMAKE_PREFIX_PATH}:/home/hp/ROS2_WS/install/my_robot_controller:/home/hp/ROS2_WS/install/my_exo:/home/hp/ROS2_WS/install/dynamic_tf:/opt/ros/humble /usr/bin/cmake --install /home/hp/ROS2_WS/build/rplidar_ros
[4.118s] -- Install configuration: ""
[4.207s] -- Execute custom install script
[4.380s] -- Up-to-date symlink: /home/hp/ROS2_WS/install/rplidar_ros/share/rplidar_ros/launch/rplidar_a1_launch.py
[4.380s] -- Up-to-date symlink: /home/hp/ROS2_WS/install/rplidar_ros/share/rplidar_ros/launch/rplidar_a2m12_launch.py
[4.388s] -- Up-to-date symlink: /home/hp/ROS2_WS/install/rplidar_ros/share/rplidar_ros/launch/rplidar_a2m7_launch.py
[4.394s] -- Up-to-date symlink: /home/hp/ROS2_WS/install/rplidar_ros/share/rplidar_ros/launch/rplidar_a2m8_launch.py
[4.401s] -- Up-to-date symlink: /home/hp/ROS2_WS/install/rplidar_ros/share/rplidar_ros/launch/rplidar_a3_launch.py
[4.404s] -- Up-to-date symlink: /home/hp/ROS2_WS/install/rplidar_ros/share/rplidar_ros/launch/rplidar_c1_launch.py
[4.405s] -- Up-to-date symlink: /home/hp/ROS2_WS/install/rplidar_ros/share/rplidar_ros/launch/rplidar_s1_launch.py
[4.405s] -- Up-to-date symlink: /home/hp/ROS2_WS/install/rplidar_ros/share/rplidar_ros/launch/rplidar_s1_tcp_launch.py
[4.405s] -- Up-to-date symlink: /home/hp/ROS2_WS/install/rplidar_ros/share/rplidar_ros/launch/rplidar_s2_launch.py
[4.423s] -- Up-to-date symlink: /home/hp/ROS2_WS/install/rplidar_ros/share/rplidar_ros/launch/rplidar_s2e_launch.py
[4.437s] -- Up-to-date symlink: /home/hp/ROS2_WS/install/rplidar_ros/share/rplidar_ros/launch/rplidar_s3_launch.py
[4.438s] -- Up-to-date symlink: /home/hp/ROS2_WS/install/rplidar_ros/share/rplidar_ros/launch/rplidar_t1_launch.py
[4.438s] -- Up-to-date symlink: /home/hp/ROS2_WS/install/rplidar_ros/share/rplidar_ros/launch/slam.launch.py
[4.438s] -- Up-to-date symlink: /home/hp/ROS2_WS/install/rplidar_ros/share/rplidar_ros/launch/view_rplidar_a1_launch.py
[4.438s] -- Up-to-date symlink: /home/hp/ROS2_WS/install/rplidar_ros/share/rplidar_ros/launch/view_rplidar_a2m12_launch.py
[4.438s] -- Up-to-date symlink: /home/hp/ROS2_WS/install/rplidar_ros/share/rplidar_ros/launch/view_rplidar_a2m7_launch.py
[4.439s] -- Up-to-date symlink: /home/hp/ROS2_WS/install/rplidar_ros/share/rplidar_ros/launch/view_rplidar_a2m8_launch.py
[4.439s] -- Up-to-date symlink: /home/hp/ROS2_WS/install/rplidar_ros/share/rplidar_ros/launch/view_rplidar_a3_launch.py
[4.439s] -- Up-to-date symlink: /home/hp/ROS2_WS/install/rplidar_ros/share/rplidar_ros/launch/view_rplidar_c1_launch.py
[4.439s] -- Up-to-date symlink: /home/hp/ROS2_WS/install/rplidar_ros/share/rplidar_ros/launch/view_rplidar_s1_launch.py
[4.440s] -- Up-to-date symlink: /home/hp/ROS2_WS/install/rplidar_ros/share/rplidar_ros/launch/view_rplidar_s1_tcp_launch.py
[4.452s] -- Up-to-date symlink: /home/hp/ROS2_WS/install/rplidar_ros/share/rplidar_ros/launch/view_rplidar_s2_launch.py
[4.476s] -- Up-to-date symlink: /home/hp/ROS2_WS/install/rplidar_ros/share/rplidar_ros/launch/view_rplidar_s2e_launch.py
[4.487s] -- Up-to-date symlink: /home/hp/ROS2_WS/install/rplidar_ros/share/rplidar_ros/launch/view_rplidar_s3_launch.py
[4.499s] -- Up-to-date symlink: /home/hp/ROS2_WS/install/rplidar_ros/share/rplidar_ros/launch/view_rplidar_t1_launch.py
[4.689s] -- Up-to-date symlink: /home/hp/ROS2_WS/install/rplidar_ros/share/rplidar_ros/config/slam.yaml
[4.696s] -- Up-to-date symlink: /home/hp/ROS2_WS/install/rplidar_ros/share/rplidar_ros/rviz/rplidar_ros.rviz
[4.752s] -- Up-to-date symlink: /home/hp/ROS2_WS/install/rplidar_ros/lib/rplidar_ros/tf_broadcaster
[4.752s] -- Up-to-date symlink: /home/hp/ROS2_WS/install/rplidar_ros/lib/rplidar_ros/tf_listener
[4.753s] -- Up-to-date symlink: /home/hp/ROS2_WS/install/rplidar_ros/lib/rplidar_ros/rplidar_node
[4.753s] -- Up-to-date symlink: /home/hp/ROS2_WS/install/rplidar_ros/lib/rplidar_ros/rplidar_composition
[4.753s] -- Up-to-date symlink: /home/hp/ROS2_WS/install/rplidar_ros/lib/rplidar_ros/rplidar_client
[4.770s] -- Up-to-date symlink: /home/hp/ROS2_WS/install/rplidar_ros/lib/rplidar_ros/tf_map_baselink.py
[4.771s] -- Up-to-date symlink: /home/hp/ROS2_WS/install/rplidar_ros/share/ament_index/resource_index/package_run_dependencies/rplidar_ros
[4.867s] -- Up-to-date symlink: /home/hp/ROS2_WS/install/rplidar_ros/share/ament_index/resource_index/parent_prefix_path/rplidar_ros
[4.901s] -- Up-to-date symlink: /home/hp/ROS2_WS/install/rplidar_ros/share/rplidar_ros/environment/ament_prefix_path.sh
[4.902s] -- Up-to-date symlink: /home/hp/ROS2_WS/install/rplidar_ros/share/rplidar_ros/environment/ament_prefix_path.dsv
[4.902s] -- Up-to-date symlink: /home/hp/ROS2_WS/install/rplidar_ros/share/rplidar_ros/environment/path.sh
[4.902s] -- Up-to-date symlink: /home/hp/ROS2_WS/install/rplidar_ros/share/rplidar_ros/environment/path.dsv
[4.919s] -- Up-to-date symlink: /home/hp/ROS2_WS/install/rplidar_ros/share/rplidar_ros/local_setup.bash
[4.932s] -- Up-to-date symlink: /home/hp/ROS2_WS/install/rplidar_ros/share/rplidar_ros/local_setup.sh
[4.941s] -- Up-to-date symlink: /home/hp/ROS2_WS/install/rplidar_ros/share/rplidar_ros/local_setup.zsh
[4.941s] -- Up-to-date symlink: /home/hp/ROS2_WS/install/rplidar_ros/share/rplidar_ros/local_setup.dsv
[4.942s] -- Symlinking: /home/hp/ROS2_WS/install/rplidar_ros/share/rplidar_ros/package.dsv
[4.978s] -- Up-to-date symlink: /home/hp/ROS2_WS/install/rplidar_ros/share/ament_index/resource_index/packages/rplidar_ros
[5.002s] -- Up-to-date symlink: /home/hp/ROS2_WS/install/rplidar_ros/share/rplidar_ros/cmake/ament_cmake_export_dependencies-extras.cmake
[5.012s] -- Up-to-date symlink: /home/hp/ROS2_WS/install/rplidar_ros/share/rplidar_ros/cmake/ament_cmake_export_include_directories-extras.cmake
[5.014s] -- Up-to-date symlink: /home/hp/ROS2_WS/install/rplidar_ros/share/rplidar_ros/cmake/rplidar_rosConfig.cmake
[5.024s] -- Up-to-date symlink: /home/hp/ROS2_WS/install/rplidar_ros/share/rplidar_ros/cmake/rplidar_rosConfig-version.cmake
[5.024s] -- Up-to-date symlink: /home/hp/ROS2_WS/install/rplidar_ros/share/rplidar_ros/package.xml
[5.028s] Invoked command in '/home/hp/ROS2_WS/build/rplidar_ros' returned '0': CMAKE_PREFIX_PATH=${CMAKE_PREFIX_PATH}:/home/hp/ROS2_WS/install/my_robot_controller:/home/hp/ROS2_WS/install/my_exo:/home/hp/ROS2_WS/install/dynamic_tf:/opt/ros/humble /usr/bin/cmake --install /home/hp/ROS2_WS/build/rplidar_ros
