[6.754s] Invoking command in '/home/hp/ROS2_WS/build/my_exo': PYTHONPATH=/home/hp/ROS2_WS/build/my_exo/prefix_override:/home/hp/ROS2_WS/install/my_exo/lib/python3.10/site-packages:${PYTHONPATH} /usr/bin/python3 -W ignore:setup.py install is deprecated setup.py develop --editable --build-directory /home/hp/ROS2_WS/build/my_exo/build --no-deps symlink_data
[7.525s] running develop
[7.960s] running egg_info
[7.960s] writing my_exo.egg-info/PKG-INFO
[7.960s] writing dependency_links to my_exo.egg-info/dependency_links.txt
[7.961s] writing entry points to my_exo.egg-info/entry_points.txt
[7.961s] writing requirements to my_exo.egg-info/requires.txt
[7.961s] writing top-level names to my_exo.egg-info/top_level.txt
[7.965s] reading manifest file 'my_exo.egg-info/SOURCES.txt'
[7.966s] writing manifest file 'my_exo.egg-info/SOURCES.txt'
[7.969s] running build_ext
[7.969s] Creating /home/hp/ROS2_WS/install/my_exo/lib/python3.10/site-packages/my-exo.egg-link (link to .)
[7.971s] Installing first_node script to /home/hp/ROS2_WS/install/my_exo/lib/my_exo
[7.971s] Installing fourth_node script to /home/hp/ROS2_WS/install/my_exo/lib/my_exo
[7.972s] Installing input_node script to /home/hp/ROS2_WS/install/my_exo/lib/my_exo
[7.972s] Installing second_node script to /home/hp/ROS2_WS/install/my_exo/lib/my_exo
[7.972s] Installing selector_node script to /home/hp/ROS2_WS/install/my_exo/lib/my_exo
[7.972s] Installing third_node script to /home/hp/ROS2_WS/install/my_exo/lib/my_exo
[7.972s] 
[7.972s] Installed /home/hp/ROS2_WS/build/my_exo
[7.973s] running symlink_data
[8.028s] Invoked command in '/home/hp/ROS2_WS/build/my_exo' returned '0': PYTHONPATH=/home/hp/ROS2_WS/build/my_exo/prefix_override:/home/hp/ROS2_WS/install/my_exo/lib/python3.10/site-packages:${PYTHONPATH} /usr/bin/python3 -W ignore:setup.py install is deprecated setup.py develop --editable --build-directory /home/hp/ROS2_WS/build/my_exo/build --no-deps symlink_data
