[0.816s] Invoking command in '/home/hp/ROS2_WS/build/slam_toolbox': CMAKE_PREFIX_PATH=${CMAKE_PREFIX_PATH}:/home/hp/ROS2_WS/install/my_robot_controller:/home/hp/ROS2_WS/install/my_exo:/home/hp/ROS2_WS/install/dynamic_tf:/opt/ros/humble /usr/bin/cmake --build /home/hp/ROS2_WS/build/slam_toolbox -- -j8 -l8
[0.925s] [  0%] Built target slam_toolbox__cpp
[0.930s] [  9%] Built target slam_toolbox__rosidl_generator_c
[0.939s] [35m[1mConsolidate compiler generated dependencies of target kartoSlamToolbox[0m
[0.945s] [  9%] Built target ament_cmake_python_symlink_slam_toolbox
[1.002s] [ 18%] Built target slam_toolbox__rosidl_typesupport_cpp
[1.009s] [ 27%] Built target slam_toolbox__rosidl_typesupport_introspection_cpp
[1.009s] [ 36%] Built target slam_toolbox__rosidl_typesupport_introspection_c
[1.015s] [ 45%] Built target slam_toolbox__rosidl_typesupport_fastrtps_cpp
[1.021s] [ 46%] [32mBuilding CXX object lib/karto_sdk/CMakeFiles/kartoSlamToolbox.dir/src/Mapper.cpp.o[0m
[1.022s] [ 55%] Built target slam_toolbox__rosidl_typesupport_fastrtps_c
[1.030s] [ 64%] Built target slam_toolbox__rosidl_typesupport_c
[1.061s] [ 64%] Built target slam_toolbox
[1.066s] [ 66%] Built target SlamToolboxPlugin
[1.089s] [ 67%] Built target slam_toolbox__py
[1.134s] [ 75%] Built target slam_toolbox__rosidl_generator_py
[1.169s] [ 76%] Built target slam_toolbox__rosidl_typesupport_introspection_c__pyext
[1.185s] [ 77%] Built target slam_toolbox__rosidl_typesupport_fastrtps_c__pyext
[1.190s] [ 78%] Built target slam_toolbox__rosidl_typesupport_c__pyext
[1.539s] running egg_info
[1.540s] writing slam_toolbox.egg-info/PKG-INFO
[1.541s] writing dependency_links to slam_toolbox.egg-info/dependency_links.txt
[1.541s] writing top-level names to slam_toolbox.egg-info/top_level.txt
[1.545s] reading manifest file 'slam_toolbox.egg-info/SOURCES.txt'
[1.546s] writing manifest file 'slam_toolbox.egg-info/SOURCES.txt'
[1.596s] [ 78%] Built target ament_cmake_python_build_slam_toolbox_egg
[36.940s] [ 78%] [32m[1mLinking CXX shared library libkartoSlamToolbox.so[0m
[39.464s] [ 79%] Built target kartoSlamToolbox
[39.746s] [ 79%] [32m[1mLinking CXX shared library libceres_solver_plugin.so[0m
[39.776s] [ 80%] [32m[1mLinking CXX shared library libtoolbox_common.so[0m
[45.278s] [ 81%] Built target ceres_solver_plugin
[45.584s] [ 85%] Built target toolbox_common
[45.852s] [ 86%] [32m[1mLinking CXX shared library liblifelong_slam_toolbox.so[0m
[45.916s] [ 86%] [32m[1mLinking CXX shared library liblocalization_slam_toolbox.so[0m
[45.919s] [ 87%] [32m[1mLinking CXX shared library libsync_slam_toolbox.so[0m
[45.927s] [ 88%] [32m[1mLinking CXX shared library libasync_slam_toolbox.so[0m
[46.347s] [ 89%] [32m[1mLinking CXX executable merge_maps_kinematic[0m
[51.430s] [ 90%] Built target async_slam_toolbox
[51.575s] [ 91%] [32m[1mLinking CXX executable async_slam_toolbox_node[0m
[51.627s] [ 92%] Built target lifelong_slam_toolbox
[51.784s] [ 93%] Built target localization_slam_toolbox
[51.832s] [ 94%] [32m[1mLinking CXX executable lifelong_slam_toolbox_node[0m
[51.922s] [ 95%] [32m[1mLinking CXX shared library libmap_and_localization_slam_toolbox.so[0m
[51.979s] [ 96%] [32m[1mLinking CXX executable localization_slam_toolbox_node[0m
[52.934s] [ 96%] Built target sync_slam_toolbox
[53.138s] [ 96%] [32m[1mLinking CXX executable sync_slam_toolbox_node[0m
[53.607s] /usr/bin/ld: lib/karto_sdk/libkartoSlamToolbox.so: undefined reference to `boost::archive::detail::archive_serializer_map<boost::archive::xml_woarchive>::erase(boost::archive::detail::basic_serializer const*)'
[53.608s] /usr/bin/ld: lib/karto_sdk/libkartoSlamToolbox.so: undefined reference to `boost::archive::detail::archive_serializer_map<boost::archive::xml_wiarchive>::find(boost::serialization::extended_type_info const&)'
[53.609s] /usr/bin/ld: lib/karto_sdk/libkartoSlamToolbox.so: undefined reference to `boost::archive::basic_xml_oarchive<boost::archive::xml_woarchive>::save_override(boost::archive::object_id_type const&)'
[53.610s] /usr/bin/ld: lib/karto_sdk/libkartoSlamToolbox.so: undefined reference to `boost::archive::basic_xml_oarchive<boost::archive::xml_woarchive>::save_end(char const*)'
[53.611s] /usr/bin/ld: lib/karto_sdk/libkartoSlamToolbox.so: undefined reference to `boost::archive::basic_xml_oarchive<boost::archive::xml_woarchive>::end_preamble()'
[53.612s] /usr/bin/ld: lib/karto_sdk/libkartoSlamToolbox.so: undefined reference to `boost::archive::basic_xml_oarchive<boost::archive::xml_woarchive>::save_override(boost::archive::tracking_type const&)'
[53.617s] /usr/bin/ld: lib/karto_sdk/libkartoSlamToolbox.so: undefined reference to `boost::archive::xml_wiarchive_impl<boost::archive::xml_wiarchive>::load(std::__cxx11::basic_string<char, std::char_traits<char>, std::allocator<char> >&)'
[53.617s] /usr/bin/ld: lib/karto_sdk/libkartoSlamToolbox.so: undefined reference to `boost::archive::detail::archive_serializer_map<boost::archive::xml_wiarchive>::insert(boost::archive::detail::basic_serializer const*)'
[53.618s] /usr/bin/ld: lib/karto_sdk/libkartoSlamToolbox.so: undefined reference to `boost::archive::xml_woarchive_impl<boost::archive::xml_woarchive>::xml_woarchive_impl(std::basic_ostream<wchar_t, std::char_traits<wchar_t> >&, unsigned int)'
[53.619s] /usr/bin/ld: lib/karto_sdk/libkartoSlamToolbox.so: undefined reference to `boost::archive::basic_xml_iarchive<boost::archive::xml_wiarchive>::load_start(char const*)'
[53.620s] /usr/bin/ld: lib/karto_sdk/libkartoSlamToolbox.so: undefined reference to `boost::archive::basic_xml_oarchive<boost::archive::xml_woarchive>::save_override(boost::archive::class_id_type const&)'
[53.622s] /usr/bin/ld: lib/karto_sdk/libkartoSlamToolbox.so: undefined reference to `boost::archive::basic_xml_oarchive<boost::archive::xml_woarchive>::save_start(char const*)'
[53.623s] /usr/bin/ld: lib/karto_sdk/libkartoSlamToolbox.so: undefined reference to `boost::archive::detail::archive_serializer_map<boost::archive::xml_woarchive>::find(boost::serialization::extended_type_info const&)'
[53.626s] /usr/bin/ld: lib/karto_sdk/libkartoSlamToolbox.so: undefined reference to `boost::archive::basic_xml_oarchive<boost::archive::xml_woarchive>::save_override(boost::archive::class_id_optional_type const&)'
[53.629s] /usr/bin/ld: lib/karto_sdk/libkartoSlamToolbox.so: undefined reference to `boost::archive::detail::archive_serializer_map<boost::archive::xml_woarchive>::insert(boost::archive::detail::basic_serializer const*)'
[53.630s] /usr/bin/ld: lib/karto_sdk/libkartoSlamToolbox.so: undefined reference to `boost::archive::basic_xml_oarchive<boost::archive::xml_woarchive>::save_override(boost::archive::object_reference_type const&)'
[53.633s] /usr/bin/ld: lib/karto_sdk/libkartoSlamToolbox.so: undefined reference to `boost::archive::basic_xml_iarchive<boost::archive::xml_wiarchive>::load_end(char const*)'
[53.634s] /usr/bin/ld: lib/karto_sdk/libkartoSlamToolbox.so: undefined reference to `boost::archive::basic_xml_oarchive<boost::archive::xml_woarchive>::save_override(boost::archive::version_type const&)'
[53.637s] /usr/bin/ld: lib/karto_sdk/libkartoSlamToolbox.so: undefined reference to `boost::archive::basic_xml_oarchive<boost::archive::xml_woarchive>::init()'
[53.639s] /usr/bin/ld: lib/karto_sdk/libkartoSlamToolbox.so: undefined reference to `boost::archive::basic_xml_oarchive<boost::archive::xml_woarchive>::save_override(boost::archive::class_name_type const&)'
[53.640s] /usr/bin/ld: lib/karto_sdk/libkartoSlamToolbox.so: undefined reference to `boost::archive::detail::archive_serializer_map<boost::archive::xml_wiarchive>::erase(boost::archive::detail::basic_serializer const*)'
[53.642s] /usr/bin/ld: lib/karto_sdk/libkartoSlamToolbox.so: undefined reference to `boost::archive::xml_woarchive_impl<boost::archive::xml_woarchive>::save(std::__cxx11::basic_string<char, std::char_traits<char>, std::allocator<char> > const&)'
[53.643s] /usr/bin/ld: lib/karto_sdk/libkartoSlamToolbox.so: undefined reference to `boost::archive::basic_xml_oarchive<boost::archive::xml_woarchive>::save_override(boost::archive::class_id_reference_type const&)'
[53.643s] /usr/bin/ld: lib/karto_sdk/libkartoSlamToolbox.so: undefined reference to `boost::archive::xml_woarchive_impl<boost::archive::xml_woarchive>::~xml_woarchive_impl()'
[53.681s] collect2: error: ld returned 1 exit status
[53.688s] gmake[2]: *** [CMakeFiles/merge_maps_kinematic.dir/build.make:377: merge_maps_kinematic] Error 1
[53.689s] gmake[1]: *** [CMakeFiles/Makefile2:1019: CMakeFiles/merge_maps_kinematic.dir/all] Error 2
[53.690s] gmake[1]: *** Waiting for unfinished jobs....
[54.624s] /usr/bin/ld: lib/karto_sdk/libkartoSlamToolbox.so: undefined reference to `boost::archive::detail::archive_serializer_map<boost::archive::xml_woarchive>::erase(boost::archive::detail::basic_serializer const*)'
[54.625s] /usr/bin/ld: lib/karto_sdk/libkartoSlamToolbox.so: undefined reference to `boost::archive::detail::archive_serializer_map<boost::archive::xml_wiarchive>::find(boost::serialization::extended_type_info const&)'
[54.626s] /usr/bin/ld: lib/karto_sdk/libkartoSlamToolbox.so: undefined reference to `boost::archive::basic_xml_oarchive<boost::archive::xml_woarchive>::save_override(boost::archive::object_id_type const&)'
[54.627s] /usr/bin/ld: lib/karto_sdk/libkartoSlamToolbox.so: undefined reference to `boost::archive::basic_xml_oarchive<boost::archive::xml_woarchive>::save_end(char const*)'
[54.628s] /usr/bin/ld: lib/karto_sdk/libkartoSlamToolbox.so: undefined reference to `boost::archive::basic_xml_oarchive<boost::archive::xml_woarchive>::end_preamble()'
[54.629s] /usr/bin/ld: lib/karto_sdk/libkartoSlamToolbox.so: undefined reference to `boost::archive::basic_xml_oarchive<boost::archive::xml_woarchive>::save_override(boost::archive::tracking_type const&)'
[54.632s] /usr/bin/ld: lib/karto_sdk/libkartoSlamToolbox.so: undefined reference to `boost::archive::xml_wiarchive_impl<boost::archive::xml_wiarchive>::load(std::__cxx11::basic_string<char, std::char_traits<char>, std::allocator<char> >&)'
[54.632s] /usr/bin/ld: lib/karto_sdk/libkartoSlamToolbox.so: undefined reference to `boost::archive::detail::archive_serializer_map<boost::archive::xml_wiarchive>::insert(boost::archive::detail::basic_serializer const*)'
[54.633s] /usr/bin/ld: lib/karto_sdk/libkartoSlamToolbox.so: undefined reference to `boost::archive::xml_woarchive_impl<boost::archive::xml_woarchive>::xml_woarchive_impl(std::basic_ostream<wchar_t, std::char_traits<wchar_t> >&, unsigned int)'
[54.633s] /usr/bin/ld: lib/karto_sdk/libkartoSlamToolbox.so: undefined reference to `boost::archive::basic_xml_iarchive<boost::archive::xml_wiarchive>::load_start(char const*)'
[54.633s] /usr/bin/ld: lib/karto_sdk/libkartoSlamToolbox.so: undefined reference to `boost::archive::basic_xml_oarchive<boost::archive::xml_woarchive>::save_override(boost::archive::class_id_type const&)'
[54.634s] /usr/bin/ld: lib/karto_sdk/libkartoSlamToolbox.so: undefined reference to `boost::archive::basic_xml_oarchive<boost::archive::xml_woarchive>::save_start(char const*)'
[54.634s] /usr/bin/ld: lib/karto_sdk/libkartoSlamToolbox.so: undefined reference to `boost::archive::detail::archive_serializer_map<boost::archive::xml_woarchive>::find(boost::serialization::extended_type_info const&)'
[54.635s] /usr/bin/ld: lib/karto_sdk/libkartoSlamToolbox.so: undefined reference to `boost::archive::basic_xml_oarchive<boost::archive::xml_woarchive>::save_override(boost::archive::class_id_optional_type const&)'
[54.638s] /usr/bin/ld: lib/karto_sdk/libkartoSlamToolbox.so: undefined reference to `boost::archive::detail::archive_serializer_map<boost::archive::xml_woarchive>::insert(boost::archive::detail::basic_serializer const*)'
[54.639s] /usr/bin/ld: lib/karto_sdk/libkartoSlamToolbox.so: undefined reference to `boost::archive::basic_xml_oarchive<boost::archive::xml_woarchive>::save_override(boost::archive::object_reference_type const&)'
[54.642s] /usr/bin/ld: lib/karto_sdk/libkartoSlamToolbox.so: undefined reference to `boost::archive::basic_xml_iarchive<boost::archive::xml_wiarchive>::load_end(char const*)'
[54.643s] /usr/bin/ld: lib/karto_sdk/libkartoSlamToolbox.so: undefined reference to `boost::archive::basic_xml_oarchive<boost::archive::xml_woarchive>::save_override(boost::archive::version_type const&)'
[54.645s] /usr/bin/ld: lib/karto_sdk/libkartoSlamToolbox.so: undefined reference to `boost::archive::basic_xml_oarchive<boost::archive::xml_woarchive>::init()'
[54.645s] /usr/bin/ld: lib/karto_sdk/libkartoSlamToolbox.so: undefined reference to `boost::archive::basic_xml_oarchive<boost::archive::xml_woarchive>::save_override(boost::archive::class_name_type const&)'
[54.646s] /usr/bin/ld: lib/karto_sdk/libkartoSlamToolbox.so: undefined reference to `boost::archive::detail::archive_serializer_map<boost::archive::xml_wiarchive>::erase(boost::archive::detail::basic_serializer const*)'
[54.646s] /usr/bin/ld: lib/karto_sdk/libkartoSlamToolbox.so: undefined reference to `boost::archive::xml_woarchive_impl<boost::archive::xml_woarchive>::save(std::__cxx11::basic_string<char, std::char_traits<char>, std::allocator<char> > const&)'
[54.647s] /usr/bin/ld: lib/karto_sdk/libkartoSlamToolbox.so: undefined reference to `boost::archive::basic_xml_oarchive<boost::archive::xml_woarchive>::save_override(boost::archive::class_id_reference_type const&)'
[54.647s] /usr/bin/ld: lib/karto_sdk/libkartoSlamToolbox.so: undefined reference to `boost::archive::xml_woarchive_impl<boost::archive::xml_woarchive>::~xml_woarchive_impl()'
[54.673s] collect2: error: ld returned 1 exit status
[54.677s] gmake[2]: *** [CMakeFiles/localization_slam_toolbox_node.dir/build.make:378: localization_slam_toolbox_node] Error 1
[54.679s] gmake[1]: *** [CMakeFiles/Makefile2:870: CMakeFiles/localization_slam_toolbox_node.dir/all] Error 2
[54.711s] /usr/bin/ld: lib/karto_sdk/libkartoSlamToolbox.so: undefined reference to `boost::archive::detail::archive_serializer_map<boost::archive::xml_woarchive>::erase(boost::archive::detail::basic_serializer const*)'
[54.711s] /usr/bin/ld: lib/karto_sdk/libkartoSlamToolbox.so: undefined reference to `boost::archive::detail::archive_serializer_map<boost::archive::xml_wiarchive>::find(boost::serialization::extended_type_info const&)'
[54.712s] /usr/bin/ld: lib/karto_sdk/libkartoSlamToolbox.so: undefined reference to `boost::archive::basic_xml_oarchive<boost::archive::xml_woarchive>::save_override(boost::archive::object_id_type const&)'
[54.712s] /usr/bin/ld: lib/karto_sdk/libkartoSlamToolbox.so: undefined reference to `boost::archive::basic_xml_oarchive<boost::archive::xml_woarchive>::save_end(char const*)'
[54.713s] /usr/bin/ld: lib/karto_sdk/libkartoSlamToolbox.so: undefined reference to `boost::archive::basic_xml_oarchive<boost::archive::xml_woarchive>::end_preamble()'
[54.713s] /usr/bin/ld: lib/karto_sdk/libkartoSlamToolbox.so: undefined reference to `boost::archive::basic_xml_oarchive<boost::archive::xml_woarchive>::save_override(boost::archive::tracking_type const&)'
[54.716s] /usr/bin/ld: lib/karto_sdk/libkartoSlamToolbox.so: undefined reference to `boost::archive::xml_wiarchive_impl<boost::archive::xml_wiarchive>::load(std::__cxx11::basic_string<char, std::char_traits<char>, std::allocator<char> >&)'
[54.716s] /usr/bin/ld: lib/karto_sdk/libkartoSlamToolbox.so: undefined reference to `boost::archive::detail::archive_serializer_map<boost::archive::xml_wiarchive>::insert(boost::archive::detail::basic_serializer const*)'
[54.716s] /usr/bin/ld: lib/karto_sdk/libkartoSlamToolbox.so: undefined reference to `boost::archive::xml_woarchive_impl<boost::archive::xml_woarchive>::xml_woarchive_impl(std::basic_ostream<wchar_t, std::char_traits<wchar_t> >&, unsigned int)'
[54.716s] /usr/bin/ld: lib/karto_sdk/libkartoSlamToolbox.so: undefined reference to `boost::archive::basic_xml_iarchive<boost::archive::xml_wiarchive>::load_start(char const*)'
[54.716s] /usr/bin/ld: lib/karto_sdk/libkartoSlamToolbox.so: undefined reference to `boost::archive::basic_xml_oarchive<boost::archive::xml_woarchive>::save_override(boost::archive::class_id_type const&)'
[54.717s] /usr/bin/ld: lib/karto_sdk/libkartoSlamToolbox.so: undefined reference to `boost::archive::basic_xml_oarchive<boost::archive::xml_woarchive>::save_start(char const*)'
[54.717s] /usr/bin/ld: lib/karto_sdk/libkartoSlamToolbox.so: undefined reference to `boost::archive::detail::archive_serializer_map<boost::archive::xml_woarchive>::find(boost::serialization::extended_type_info const&)'
[54.717s] /usr/bin/ld: lib/karto_sdk/libkartoSlamToolbox.so: undefined reference to `boost::archive::basic_xml_oarchive<boost::archive::xml_woarchive>::save_override(boost::archive::class_id_optional_type const&)'
[54.719s] /usr/bin/ld: lib/karto_sdk/libkartoSlamToolbox.so: undefined reference to `boost::archive::detail::archive_serializer_map<boost::archive::xml_woarchive>::insert(boost::archive::detail::basic_serializer const*)'
[54.719s] /usr/bin/ld: lib/karto_sdk/libkartoSlamToolbox.so: undefined reference to `boost::archive::basic_xml_oarchive<boost::archive::xml_woarchive>::save_override(boost::archive::object_reference_type const&)'
[54.721s] /usr/bin/ld: lib/karto_sdk/libkartoSlamToolbox.so: undefined reference to `boost::archive::basic_xml_iarchive<boost::archive::xml_wiarchive>::load_end(char const*)'
[54.721s] /usr/bin/ld: lib/karto_sdk/libkartoSlamToolbox.so: undefined reference to `boost::archive::basic_xml_oarchive<boost::archive::xml_woarchive>::save_override(boost::archive::version_type const&)'
[54.723s] /usr/bin/ld: lib/karto_sdk/libkartoSlamToolbox.so: undefined reference to `boost::archive::basic_xml_oarchive<boost::archive::xml_woarchive>::init()'
[54.724s] /usr/bin/ld: lib/karto_sdk/libkartoSlamToolbox.so: undefined reference to `boost::archive::basic_xml_oarchive<boost::archive::xml_woarchive>::save_override(boost::archive::class_name_type const&)'
[54.724s] /usr/bin/ld: lib/karto_sdk/libkartoSlamToolbox.so: undefined reference to `boost::archive::detail::archive_serializer_map<boost::archive::xml_wiarchive>::erase(boost::archive::detail::basic_serializer const*)'
[54.725s] /usr/bin/ld: lib/karto_sdk/libkartoSlamToolbox.so: undefined reference to `boost::archive::xml_woarchive_impl<boost::archive::xml_woarchive>::save(std::__cxx11::basic_string<char, std::char_traits<char>, std::allocator<char> > const&)'
[54.725s] /usr/bin/ld: lib/karto_sdk/libkartoSlamToolbox.so: undefined reference to `boost::archive::basic_xml_oarchive<boost::archive::xml_woarchive>::save_override(boost::archive::class_id_reference_type const&)'
[54.725s] /usr/bin/ld: lib/karto_sdk/libkartoSlamToolbox.so: undefined reference to `boost::archive::xml_woarchive_impl<boost::archive::xml_woarchive>::~xml_woarchive_impl()'
[54.749s] collect2: error: ld returned 1 exit status
[54.753s] gmake[2]: *** [CMakeFiles/async_slam_toolbox_node.dir/build.make:378: async_slam_toolbox_node] Error 1
[54.753s] gmake[1]: *** [CMakeFiles/Makefile2:752: CMakeFiles/async_slam_toolbox_node.dir/all] Error 2
[55.094s] /usr/bin/ld: lib/karto_sdk/libkartoSlamToolbox.so: undefined reference to `boost::archive::detail::archive_serializer_map<boost::archive::xml_woarchive>::erase(boost::archive::detail::basic_serializer const*)'
[55.095s] /usr/bin/ld: lib/karto_sdk/libkartoSlamToolbox.so: undefined reference to `boost::archive::detail::archive_serializer_map<boost::archive::xml_wiarchive>::find(boost::serialization::extended_type_info const&)'
[55.095s] /usr/bin/ld: lib/karto_sdk/libkartoSlamToolbox.so: undefined reference to `boost::archive::basic_xml_oarchive<boost::archive::xml_woarchive>::save_override(boost::archive::object_id_type const&)'
[55.095s] /usr/bin/ld: lib/karto_sdk/libkartoSlamToolbox.so: undefined reference to `boost::archive::basic_xml_oarchive<boost::archive::xml_woarchive>::save_end(char const*)'
[55.096s] /usr/bin/ld: lib/karto_sdk/libkartoSlamToolbox.so: undefined reference to `boost::archive::basic_xml_oarchive<boost::archive::xml_woarchive>::end_preamble()'
[55.096s] /usr/bin/ld: lib/karto_sdk/libkartoSlamToolbox.so: undefined reference to `boost::archive::basic_xml_oarchive<boost::archive::xml_woarchive>::save_override(boost::archive::tracking_type const&)'
[55.097s] /usr/bin/ld: lib/karto_sdk/libkartoSlamToolbox.so: undefined reference to `boost::archive::xml_wiarchive_impl<boost::archive::xml_wiarchive>::load(std::__cxx11::basic_string<char, std::char_traits<char>, std::allocator<char> >&)'
[55.097s] /usr/bin/ld: lib/karto_sdk/libkartoSlamToolbox.so: undefined reference to `boost::archive::detail::archive_serializer_map<boost::archive::xml_wiarchive>::insert(boost::archive::detail::basic_serializer const*)'
[55.098s] /usr/bin/ld: lib/karto_sdk/libkartoSlamToolbox.so: undefined reference to `boost::archive::xml_woarchive_impl<boost::archive::xml_woarchive>::xml_woarchive_impl(std::basic_ostream<wchar_t, std::char_traits<wchar_t> >&, unsigned int)'
[55.098s] /usr/bin/ld: lib/karto_sdk/libkartoSlamToolbox.so: undefined reference to `boost::archive::basic_xml_iarchive<boost::archive::xml_wiarchive>::load_start(char const*)'
[55.098s] /usr/bin/ld: lib/karto_sdk/libkartoSlamToolbox.so: undefined reference to `boost::archive::basic_xml_oarchive<boost::archive::xml_woarchive>::save_override(boost::archive::class_id_type const&)'
[55.098s] /usr/bin/ld: lib/karto_sdk/libkartoSlamToolbox.so: undefined reference to `boost::archive::basic_xml_oarchive<boost::archive::xml_woarchive>::save_start(char const*)'
[55.098s] /usr/bin/ld: lib/karto_sdk/libkartoSlamToolbox.so: undefined reference to `boost::archive::detail::archive_serializer_map<boost::archive::xml_woarchive>::find(boost::serialization::extended_type_info const&)'
[55.099s] /usr/bin/ld: lib/karto_sdk/libkartoSlamToolbox.so: undefined reference to `boost::archive::basic_xml_oarchive<boost::archive::xml_woarchive>::save_override(boost::archive::class_id_optional_type const&)'
[55.100s] /usr/bin/ld: lib/karto_sdk/libkartoSlamToolbox.so: undefined reference to `boost::archive::detail::archive_serializer_map<boost::archive::xml_woarchive>::insert(boost::archive::detail::basic_serializer const*)'
[55.100s] /usr/bin/ld: lib/karto_sdk/libkartoSlamToolbox.so: undefined reference to `boost::archive::basic_xml_oarchive<boost::archive::xml_woarchive>::save_override(boost::archive::object_reference_type const&)'
[55.102s] /usr/bin/ld: lib/karto_sdk/libkartoSlamToolbox.so: undefined reference to `boost::archive::basic_xml_iarchive<boost::archive::xml_wiarchive>::load_end(char const*)'
[55.102s] /usr/bin/ld: lib/karto_sdk/libkartoSlamToolbox.so: undefined reference to `boost::archive::basic_xml_oarchive<boost::archive::xml_woarchive>::save_override(boost::archive::version_type const&)'
[55.103s] /usr/bin/ld: lib/karto_sdk/libkartoSlamToolbox.so: undefined reference to `boost::archive::basic_xml_oarchive<boost::archive::xml_woarchive>::init()'
[55.104s] /usr/bin/ld: lib/karto_sdk/libkartoSlamToolbox.so: undefined reference to `boost::archive::basic_xml_oarchive<boost::archive::xml_woarchive>::save_override(boost::archive::class_name_type const&)'
[55.104s] /usr/bin/ld: lib/karto_sdk/libkartoSlamToolbox.so: undefined reference to `boost::archive::detail::archive_serializer_map<boost::archive::xml_wiarchive>::erase(boost::archive::detail::basic_serializer const*)'
[55.104s] /usr/bin/ld: lib/karto_sdk/libkartoSlamToolbox.so: undefined reference to `boost::archive::xml_woarchive_impl<boost::archive::xml_woarchive>::save(std::__cxx11::basic_string<char, std::char_traits<char>, std::allocator<char> > const&)'
[55.104s] /usr/bin/ld: lib/karto_sdk/libkartoSlamToolbox.so: undefined reference to `boost::archive::basic_xml_oarchive<boost::archive::xml_woarchive>::save_override(boost::archive::class_id_reference_type const&)'
[55.104s] /usr/bin/ld: lib/karto_sdk/libkartoSlamToolbox.so: undefined reference to `boost::archive::xml_woarchive_impl<boost::archive::xml_woarchive>::~xml_woarchive_impl()'
[55.121s] collect2: error: ld returned 1 exit status
[55.125s] gmake[2]: *** [CMakeFiles/lifelong_slam_toolbox_node.dir/build.make:378: lifelong_slam_toolbox_node] Error 1
[55.125s] gmake[1]: *** [CMakeFiles/Makefile2:929: CMakeFiles/lifelong_slam_toolbox_node.dir/all] Error 2
[55.248s] /usr/bin/ld: lib/karto_sdk/libkartoSlamToolbox.so: undefined reference to `boost::archive::detail::archive_serializer_map<boost::archive::xml_woarchive>::erase(boost::archive::detail::basic_serializer const*)'
[55.249s] /usr/bin/ld: lib/karto_sdk/libkartoSlamToolbox.so: undefined reference to `boost::archive::detail::archive_serializer_map<boost::archive::xml_wiarchive>::find(boost::serialization::extended_type_info const&)'
[55.249s] /usr/bin/ld: lib/karto_sdk/libkartoSlamToolbox.so: undefined reference to `boost::archive::basic_xml_oarchive<boost::archive::xml_woarchive>::save_override(boost::archive::object_id_type const&)'
[55.249s] /usr/bin/ld: lib/karto_sdk/libkartoSlamToolbox.so: undefined reference to `boost::archive::basic_xml_oarchive<boost::archive::xml_woarchive>::save_end(char const*)'
[55.249s] /usr/bin/ld: lib/karto_sdk/libkartoSlamToolbox.so: undefined reference to `boost::archive::basic_xml_oarchive<boost::archive::xml_woarchive>::end_preamble()'
[55.250s] /usr/bin/ld: lib/karto_sdk/libkartoSlamToolbox.so: undefined reference to `boost::archive::basic_xml_oarchive<boost::archive::xml_woarchive>::save_override(boost::archive::tracking_type const&)'
[55.251s] /usr/bin/ld: lib/karto_sdk/libkartoSlamToolbox.so: undefined reference to `boost::archive::xml_wiarchive_impl<boost::archive::xml_wiarchive>::load(std::__cxx11::basic_string<char, std::char_traits<char>, std::allocator<char> >&)'
[55.251s] /usr/bin/ld: lib/karto_sdk/libkartoSlamToolbox.so: undefined reference to `boost::archive::detail::archive_serializer_map<boost::archive::xml_wiarchive>::insert(boost::archive::detail::basic_serializer const*)'
[55.251s] /usr/bin/ld: lib/karto_sdk/libkartoSlamToolbox.so: undefined reference to `boost::archive::xml_woarchive_impl<boost::archive::xml_woarchive>::xml_woarchive_impl(std::basic_ostream<wchar_t, std::char_traits<wchar_t> >&, unsigned int)'
[55.251s] /usr/bin/ld: lib/karto_sdk/libkartoSlamToolbox.so: undefined reference to `boost::archive::basic_xml_iarchive<boost::archive::xml_wiarchive>::load_start(char const*)'
[55.251s] /usr/bin/ld: lib/karto_sdk/libkartoSlamToolbox.so: undefined reference to `boost::archive::basic_xml_oarchive<boost::archive::xml_woarchive>::save_override(boost::archive::class_id_type const&)'
[55.251s] /usr/bin/ld: lib/karto_sdk/libkartoSlamToolbox.so: undefined reference to `boost::archive::basic_xml_oarchive<boost::archive::xml_woarchive>::save_start(char const*)'
[55.252s] /usr/bin/ld: lib/karto_sdk/libkartoSlamToolbox.so: undefined reference to `boost::archive::detail::archive_serializer_map<boost::archive::xml_woarchive>::find(boost::serialization::extended_type_info const&)'
[55.252s] /usr/bin/ld: lib/karto_sdk/libkartoSlamToolbox.so: undefined reference to `boost::archive::basic_xml_oarchive<boost::archive::xml_woarchive>::save_override(boost::archive::class_id_optional_type const&)'
[55.253s] /usr/bin/ld: lib/karto_sdk/libkartoSlamToolbox.so: undefined reference to `boost::archive::detail::archive_serializer_map<boost::archive::xml_woarchive>::insert(boost::archive::detail::basic_serializer const*)'
[55.253s] /usr/bin/ld: lib/karto_sdk/libkartoSlamToolbox.so: undefined reference to `boost::archive::basic_xml_oarchive<boost::archive::xml_woarchive>::save_override(boost::archive::object_reference_type const&)'
[55.254s] /usr/bin/ld: lib/karto_sdk/libkartoSlamToolbox.so: undefined reference to `boost::archive::basic_xml_iarchive<boost::archive::xml_wiarchive>::load_end(char const*)'
[55.255s] /usr/bin/ld: lib/karto_sdk/libkartoSlamToolbox.so: undefined reference to `boost::archive::basic_xml_oarchive<boost::archive::xml_woarchive>::save_override(boost::archive::version_type const&)'
[55.256s] /usr/bin/ld: lib/karto_sdk/libkartoSlamToolbox.so: undefined reference to `boost::archive::basic_xml_oarchive<boost::archive::xml_woarchive>::init()'
[55.256s] /usr/bin/ld: lib/karto_sdk/libkartoSlamToolbox.so: undefined reference to `boost::archive::basic_xml_oarchive<boost::archive::xml_woarchive>::save_override(boost::archive::class_name_type const&)'
[55.256s] /usr/bin/ld: lib/karto_sdk/libkartoSlamToolbox.so: undefined reference to `boost::archive::detail::archive_serializer_map<boost::archive::xml_wiarchive>::erase(boost::archive::detail::basic_serializer const*)'
[55.257s] /usr/bin/ld: lib/karto_sdk/libkartoSlamToolbox.so: undefined reference to `boost::archive::xml_woarchive_impl<boost::archive::xml_woarchive>::save(std::__cxx11::basic_string<char, std::char_traits<char>, std::allocator<char> > const&)'
[55.257s] /usr/bin/ld: lib/karto_sdk/libkartoSlamToolbox.so: undefined reference to `boost::archive::basic_xml_oarchive<boost::archive::xml_woarchive>::save_override(boost::archive::class_id_reference_type const&)'
[55.257s] /usr/bin/ld: lib/karto_sdk/libkartoSlamToolbox.so: undefined reference to `boost::archive::xml_woarchive_impl<boost::archive::xml_woarchive>::~xml_woarchive_impl()'
[55.271s] collect2: error: ld returned 1 exit status
[55.274s] gmake[2]: *** [CMakeFiles/sync_slam_toolbox_node.dir/build.make:378: sync_slam_toolbox_node] Error 1
[55.275s] gmake[1]: *** [CMakeFiles/Makefile2:811: CMakeFiles/sync_slam_toolbox_node.dir/all] Error 2
[55.764s] [ 96%] Built target map_and_localization_slam_toolbox
[55.765s] gmake: *** [Makefile:146: all] Error 2
[55.806s] Invoked command in '/home/hp/ROS2_WS/build/slam_toolbox' returned '2': CMAKE_PREFIX_PATH=${CMAKE_PREFIX_PATH}:/home/hp/ROS2_WS/install/my_robot_controller:/home/hp/ROS2_WS/install/my_exo:/home/hp/ROS2_WS/install/dynamic_tf:/opt/ros/humble /usr/bin/cmake --build /home/hp/ROS2_WS/build/slam_toolbox -- -j8 -l8
