[1.655s] Invoking command in '/home/hp/ROS2_WS/src/build/my_exo': CONDA_PROMPT_MODIFIER=(base) PYTHONPATH=/home/hp/ROS2_WS/src/build/my_exo/prefix_override:/home/hp/ROS2_WS/src/install/my_exo/lib/python3.10/site-packages:${PYTHONPATH} /usr/bin/python3 -W ignore:setup.py install is deprecated setup.py develop --editable --build-directory /home/hp/ROS2_WS/src/build/my_exo/build --no-deps symlink_data
[2.087s] running develop
[2.357s] running egg_info
[2.357s] writing my_exo.egg-info/PKG-INFO
[2.357s] writing dependency_links to my_exo.egg-info/dependency_links.txt
[2.357s] writing entry points to my_exo.egg-info/entry_points.txt
[2.358s] writing requirements to my_exo.egg-info/requires.txt
[2.358s] writing top-level names to my_exo.egg-info/top_level.txt
[2.360s] reading manifest file 'my_exo.egg-info/SOURCES.txt'
[2.361s] writing manifest file 'my_exo.egg-info/SOURCES.txt'
[2.364s] running build_ext
[2.364s] Creating /home/hp/ROS2_WS/src/install/my_exo/lib/python3.10/site-packages/my-exo.egg-link (link to .)
[2.365s] Installing first_node script to /home/hp/ROS2_WS/src/install/my_exo/lib/my_exo
[2.365s] Installing fourth_node script to /home/hp/ROS2_WS/src/install/my_exo/lib/my_exo
[2.366s] Installing input_node script to /home/hp/ROS2_WS/src/install/my_exo/lib/my_exo
[2.366s] Installing second_node script to /home/hp/ROS2_WS/src/install/my_exo/lib/my_exo
[2.366s] Installing selector_node script to /home/hp/ROS2_WS/src/install/my_exo/lib/my_exo
[2.366s] Installing third_node script to /home/hp/ROS2_WS/src/install/my_exo/lib/my_exo
[2.366s] 
[2.367s] Installed /home/hp/ROS2_WS/src/build/my_exo
[2.367s] running symlink_data
[2.422s] Invoked command in '/home/hp/ROS2_WS/src/build/my_exo' returned '0': CONDA_PROMPT_MODIFIER=(base) PYTHONPATH=/home/hp/ROS2_WS/src/build/my_exo/prefix_override:/home/hp/ROS2_WS/src/install/my_exo/lib/python3.10/site-packages:${PYTHONPATH} /usr/bin/python3 -W ignore:setup.py install is deprecated setup.py develop --editable --build-directory /home/hp/ROS2_WS/src/build/my_exo/build --no-deps symlink_data
