[0.012s] Invoking command in '/home/hp/ROS2_WS/src/build/rosidl_runtime_c': AMENT_PREFIX_PATH=/home/hp/ROS2_WS/src/install/rosidl_typesupport_interface:${AMENT_PREFIX_PATH} CMAKE_PREFIX_PATH=/home/hp/ROS2_WS/src/install/rosidl_typesupport_interface:/home/hp/ROS2_WS/install/rplidar_ros:/home/hp/ROS2_WS/install/rf2o_laser_odometry:/home/hp/ROS2_WS/install/articubot_one:/home/hp/ROS2_WS/src/install/rplidar_ros:/home/hp/ROS2_WS/src/install/rf2o_laser_odometry:/home/hp/ROS2_WS/src/install/articubot_one:/home/hp/ROS2_WS/install/my_robot_controller:/home/hp/ROS2_WS/install/my_exo:/home/hp/ROS2_WS/install/dynamic_tf:/home/hp/ROS2_WS/install/Dynamic_tf:/home/hp/ROS2_WS/install/DYNAMIC_TF:/home/hp/ROS2_WS/src/install/my_robot_controller:/home/hp/ROS2_WS/src/install/my_exo:/home/hp/ROS2_WS/src/install/dynamic_tf:/opt/ros/humble CONDA_PROMPT_MODIFIER=(base) /usr/bin/cmake /home/hp/ROS2_WS/src/rosidl/rosidl_runtime_c -DAMENT_CMAKE_SYMLINK_INSTALL=1 -DCMAKE_INSTALL_PREFIX=/home/hp/ROS2_WS/src/install/rosidl_runtime_c
[0.035s] -- Found ament_cmake_ros: 0.10.0 (/opt/ros/humble/share/ament_cmake_ros/cmake)
[0.343s] -- Override CMake install command with custom implementation using symlinks instead of copying resources
[0.349s] -- Found rcutils: 5.1.5 (/opt/ros/humble/share/rcutils/cmake)
[0.375s] -- Found rosidl_typesupport_interface: 4.7.0 (/home/hp/ROS2_WS/src/install/rosidl_typesupport_interface/share/rosidl_typesupport_interface/cmake)
[0.383s] -- Found ament_lint_auto: 0.12.10 (/opt/ros/humble/share/ament_lint_auto/cmake)
[0.424s] [31mCMake Error at CMakeLists.txt:70 (find_package):
[0.424s]   By not providing "Findperformance_test_fixture.cmake" in CMAKE_MODULE_PATH
[0.424s]   this project has asked CMake to find a package configuration file provided
[0.424s]   by "performance_test_fixture", but CMake did not find one.
[0.425s] 
[0.425s]   Could not find a package configuration file provided by
[0.425s]   "performance_test_fixture" with any of the following names:
[0.425s] 
[0.425s]     performance_test_fixtureConfig.cmake
[0.425s]     performance_test_fixture-config.cmake
[0.425s] 
[0.425s]   Add the installation prefix of "performance_test_fixture" to
[0.425s]   CMAKE_PREFIX_PATH or set "performance_test_fixture_DIR" to a directory
[0.426s]   containing one of the above files.  If "performance_test_fixture" provides
[0.426s]   a separate development package or SDK, be sure it has been installed.
[0.426s] 
[0.426s] [0m
[0.426s] -- Configuring incomplete, errors occurred!
[0.426s] See also "/home/hp/ROS2_WS/src/build/rosidl_runtime_c/CMakeFiles/CMakeOutput.log".
[0.430s] Invoked command in '/home/hp/ROS2_WS/src/build/rosidl_runtime_c' returned '1': AMENT_PREFIX_PATH=/home/hp/ROS2_WS/src/install/rosidl_typesupport_interface:${AMENT_PREFIX_PATH} CMAKE_PREFIX_PATH=/home/hp/ROS2_WS/src/install/rosidl_typesupport_interface:/home/hp/ROS2_WS/install/rplidar_ros:/home/hp/ROS2_WS/install/rf2o_laser_odometry:/home/hp/ROS2_WS/install/articubot_one:/home/hp/ROS2_WS/src/install/rplidar_ros:/home/hp/ROS2_WS/src/install/rf2o_laser_odometry:/home/hp/ROS2_WS/src/install/articubot_one:/home/hp/ROS2_WS/install/my_robot_controller:/home/hp/ROS2_WS/install/my_exo:/home/hp/ROS2_WS/install/dynamic_tf:/home/hp/ROS2_WS/install/Dynamic_tf:/home/hp/ROS2_WS/install/DYNAMIC_TF:/home/hp/ROS2_WS/src/install/my_robot_controller:/home/hp/ROS2_WS/src/install/my_exo:/home/hp/ROS2_WS/src/install/dynamic_tf:/opt/ros/humble CONDA_PROMPT_MODIFIER=(base) /usr/bin/cmake /home/hp/ROS2_WS/src/rosidl/rosidl_runtime_c -DAMENT_CMAKE_SYMLINK_INSTALL=1 -DCMAKE_INSTALL_PREFIX=/home/hp/ROS2_WS/src/install/rosidl_runtime_c
