[1.648s] Invoking command in '/home/hp/ROS2_WS/src/build/my_exo': CONDA_PROMPT_MODIFIER=(base) PYTHONPATH=/home/hp/ROS2_WS/src/build/my_exo/prefix_override:/home/hp/ROS2_WS/src/install/my_exo/lib/python3.10/site-packages:${PYTHONPATH} /usr/bin/python3 setup.py develop --editable --build-directory /home/hp/ROS2_WS/src/build/my_exo/build --no-deps install_data
[1.960s] running develop
[2.167s] running egg_info
[2.167s] writing my_exo.egg-info/PKG-INFO
[2.168s] writing dependency_links to my_exo.egg-info/dependency_links.txt
[2.168s] writing entry points to my_exo.egg-info/entry_points.txt
[2.168s] writing requirements to my_exo.egg-info/requires.txt
[2.168s] writing top-level names to my_exo.egg-info/top_level.txt
[2.169s] reading manifest file 'my_exo.egg-info/SOURCES.txt'
[2.170s] writing manifest file 'my_exo.egg-info/SOURCES.txt'
[2.172s] running build_ext
[2.172s] Creating /home/hp/ROS2_WS/src/install/my_exo/lib/python3.10/site-packages/my-exo.egg-link (link to .)
[2.244s] Installing first_node script to /home/hp/ROS2_WS/src/install/my_exo/lib/my_exo
[2.245s] Installing fourth_node script to /home/hp/ROS2_WS/src/install/my_exo/lib/my_exo
[2.245s] Installing input_node script to /home/hp/ROS2_WS/src/install/my_exo/lib/my_exo
[2.246s] Installing second_node script to /home/hp/ROS2_WS/src/install/my_exo/lib/my_exo
[2.246s] Installing selector_node script to /home/hp/ROS2_WS/src/install/my_exo/lib/my_exo
[2.246s] Installing third_node script to /home/hp/ROS2_WS/src/install/my_exo/lib/my_exo
[2.246s] 
[2.246s] Installed /home/hp/ROS2_WS/src/build/my_exo
[2.247s] running install_data
[2.286s] Invoked command in '/home/hp/ROS2_WS/src/build/my_exo' returned '0': CONDA_PROMPT_MODIFIER=(base) PYTHONPATH=/home/hp/ROS2_WS/src/build/my_exo/prefix_override:/home/hp/ROS2_WS/src/install/my_exo/lib/python3.10/site-packages:${PYTHONPATH} /usr/bin/python3 setup.py develop --editable --build-directory /home/hp/ROS2_WS/src/build/my_exo/build --no-deps install_data
