[0.846s] Invoking command in '/home/hp/ROS2_WS/build/slam_toolbox': CMAKE_PREFIX_PATH=${CMAKE_PREFIX_PATH}:/home/hp/ROS2_WS/install/my_robot_controller:/home/hp/ROS2_WS/install/my_exo:/home/hp/ROS2_WS/install/dynamic_tf:/opt/ros/humble /usr/bin/cmake --build /home/hp/ROS2_WS/build/slam_toolbox -- -j8 -l8
[0.929s] [  0%] Built target slam_toolbox__cpp
[0.943s] [35m[1mConsolidate compiler generated dependencies of target kartoSlamToolbox[0m
[0.969s] [  9%] Built target slam_toolbox__rosidl_generator_c
[0.983s] [ 18%] Built target slam_toolbox__rosidl_typesupport_cpp
[0.996s] [ 18%] Built target ament_cmake_python_symlink_slam_toolbox
[1.003s] [ 27%] Built target slam_toolbox__rosidl_typesupport_fastrtps_cpp
[1.013s] [ 36%] Built target slam_toolbox__rosidl_typesupport_introspection_cpp
[1.022s] [ 37%] [32mBuilding CXX object lib/karto_sdk/CMakeFiles/kartoSlamToolbox.dir/src/Mapper.cpp.o[0m
[1.047s] [ 46%] Built target slam_toolbox__rosidl_typesupport_fastrtps_c
[1.053s] [ 55%] Built target slam_toolbox__rosidl_typesupport_c
[1.059s] [ 64%] Built target slam_toolbox__rosidl_typesupport_introspection_c
[1.069s] [ 66%] Built target SlamToolboxPlugin
[1.091s] [ 66%] Built target slam_toolbox
[1.129s] [ 67%] Built target slam_toolbox__py
[1.169s] [ 75%] Built target slam_toolbox__rosidl_generator_py
[1.215s] [ 76%] Built target slam_toolbox__rosidl_typesupport_introspection_c__pyext
[1.229s] [ 77%] Built target slam_toolbox__rosidl_typesupport_fastrtps_c__pyext
[1.244s] [ 78%] Built target slam_toolbox__rosidl_typesupport_c__pyext
[1.438s] running egg_info
[1.439s] writing slam_toolbox.egg-info/PKG-INFO
[1.439s] writing dependency_links to slam_toolbox.egg-info/dependency_links.txt
[1.439s] writing top-level names to slam_toolbox.egg-info/top_level.txt
[1.442s] reading manifest file 'slam_toolbox.egg-info/SOURCES.txt'
[1.443s] writing manifest file 'slam_toolbox.egg-info/SOURCES.txt'
[1.486s] [ 78%] Built target ament_cmake_python_build_slam_toolbox_egg
[4.937s] [01m[K/home/hp/ROS2_WS/src/slam_toolbox/lib/karto_sdk/src/Mapper.cpp:[m[K In member function ‘[01m[Kvirtual kt_bool karto::Mapper::Process(karto::LocalizedRangeScan*, karto::Matrix3*)[m[K’:
[4.937s] [01m[K/home/hp/ROS2_WS/src/slam_toolbox/lib/karto_sdk/src/Mapper.cpp:2957:42:[m[K [01;31m[Kerror: [m[Kqualified-id in declaration before ‘[01m[K([m[K’ token
[4.937s]  2957 | kt_bool Mapper::ProcessAgainstNodesNearBy[01;31m[K([m[KLocalizedRangeScan * pScan, kt_bool addScanToLocalizationBuffer, Matrix3 * covariance)
[4.937s]       |                                          [01;31m[K^[m[K
[4.937s] [01m[K/home/hp/ROS2_WS/src/slam_toolbox/lib/karto_sdk/src/Mapper.cpp:3037:36:[m[K [01;31m[Kerror: [m[Kqualified-id in declaration before ‘[01m[K([m[K’ token
[4.937s]  3037 | kt_bool Mapper::ProcessLocalization[01;31m[K([m[KLocalizedRangeScan * pScan, Matrix3 * covariance)
[4.937s]       |                                    [01;31m[K^[m[K
[4.937s] [01m[K/home/hp/ROS2_WS/src/slam_toolbox/lib/karto_sdk/src/Mapper.cpp:3117:41:[m[K [01;31m[Kerror: [m[Kqualified-id in declaration before ‘[01m[K([m[K’ token
[4.938s]  3117 | void Mapper::AddScanToLocalizationBuffer[01;31m[K([m[KLocalizedRangeScan * pScan, Vertex <LocalizedRangeScan> * scan_vertex)
[4.938s]       |                                         [01;31m[K^[m[K
[4.938s] [01m[K/home/hp/ROS2_WS/src/slam_toolbox/lib/karto_sdk/src/Mapper.cpp:3143:37:[m[K [01;31m[Kerror: [m[Kqualified-id in declaration before ‘[01m[K([m[K’ token
[4.938s]  3143 | void Mapper::ClearLocalizationBuffer[01;31m[K([m[K)
[4.938s]       |                                     [01;31m[K^[m[K
[4.939s] [01m[K/home/hp/ROS2_WS/src/slam_toolbox/lib/karto_sdk/src/Mapper.cpp:3170:36:[m[K [01;31m[Kerror: [m[Kqualified-id in declaration before ‘[01m[K([m[K’ token
[4.939s]  3170 | kt_bool Mapper::RemoveNodeFromGraph[01;31m[K([m[KVertex<LocalizedRangeScan> * vertex_to_remove)
[4.939s]       |                                    [01;31m[K^[m[K
[4.939s] [01m[K/home/hp/ROS2_WS/src/slam_toolbox/lib/karto_sdk/src/Mapper.cpp:3229:35:[m[K [01;31m[Kerror: [m[Kqualified-id in declaration before ‘[01m[K([m[K’ token
[4.939s]  3229 | kt_bool Mapper::ProcessAgainstNode[01;31m[K([m[K
[4.939s]       |                                   [01;31m[K^[m[K
[4.939s] [01m[K/home/hp/ROS2_WS/src/slam_toolbox/lib/karto_sdk/src/Mapper.cpp:3304:30:[m[K [01;31m[Kerror: [m[Kqualified-id in declaration before ‘[01m[K([m[K’ token
[4.939s]  3304 | kt_bool Mapper::ProcessAtDock[01;31m[K([m[KLocalizedRangeScan * pScan, Matrix3 * covariance)
[4.939s]       |                              [01;31m[K^[m[K
[4.939s] [01m[K/home/hp/ROS2_WS/src/slam_toolbox/lib/karto_sdk/src/Mapper.cpp:3316:31:[m[K [01;31m[Kerror: [m[Kqualified-id in declaration before ‘[01m[K([m[K’ token
[4.939s]  3316 | kt_bool Mapper::HasMovedEnough[01;31m[K([m[KLocalizedRangeScan * pScan, LocalizedRangeScan * pLastScan) const
[4.939s]       |                               [01;31m[K^[m[K
[4.939s] [01m[K/home/hp/ROS2_WS/src/slam_toolbox/lib/karto_sdk/src/Mapper.cpp:3353:60:[m[K [01;31m[Kerror: [m[Kqualified-id in declaration before ‘[01m[K([m[K’ token
[4.939s]  3353 | const LocalizedRangeScanVector Mapper::GetAllProcessedScans[01;31m[K([m[K) const
[4.939s]       |                                                            [01;31m[K^[m[K
[4.939s] [01m[K/home/hp/ROS2_WS/src/slam_toolbox/lib/karto_sdk/src/Mapper.cpp:3368:25:[m[K [01;31m[Kerror: [m[Kqualified-id in declaration before ‘[01m[K([m[K’ token
[4.939s]  3368 | void Mapper::AddListener[01;31m[K([m[KMapperListener * pListener)
[4.939s]       |                         [01;31m[K^[m[K
[4.940s] [01m[K/home/hp/ROS2_WS/src/slam_toolbox/lib/karto_sdk/src/Mapper.cpp:3377:28:[m[K [01;31m[Kerror: [m[Kqualified-id in declaration before ‘[01m[K([m[K’ token
[4.940s]  3377 | void Mapper::RemoveListener[01;31m[K([m[KMapperListener * pListener)
[4.940s]       |                            [01;31m[K^[m[K
[4.940s] [01m[K/home/hp/ROS2_WS/src/slam_toolbox/lib/karto_sdk/src/Mapper.cpp:3386:22:[m[K [01;31m[Kerror: [m[Kqualified-id in declaration before ‘[01m[K([m[K’ token
[4.940s]  3386 | void Mapper::FireInfo[01;31m[K([m[Kconst std::string & rInfo) const
[4.940s]       |                      [01;31m[K^[m[K
[4.940s] [01m[K/home/hp/ROS2_WS/src/slam_toolbox/lib/karto_sdk/src/Mapper.cpp:3394:23:[m[K [01;31m[Kerror: [m[Kqualified-id in declaration before ‘[01m[K([m[K’ token
[4.940s]  3394 | void Mapper::FireDebug[01;31m[K([m[Kconst std::string & rInfo) const
[4.940s]       |                       [01;31m[K^[m[K
[4.940s] [01m[K/home/hp/ROS2_WS/src/slam_toolbox/lib/karto_sdk/src/Mapper.cpp:3406:34:[m[K [01;31m[Kerror: [m[Kqualified-id in declaration before ‘[01m[K([m[K’ token
[4.940s]  3406 | void Mapper::FireLoopClosureCheck[01;31m[K([m[Kconst std::string & rInfo) const
[4.940s]       |                                  [01;31m[K^[m[K
[4.940s] [01m[K/home/hp/ROS2_WS/src/slam_toolbox/lib/karto_sdk/src/Mapper.cpp:3418:34:[m[K [01;31m[Kerror: [m[Kqualified-id in declaration before ‘[01m[K([m[K’ token
[4.940s]  3418 | void Mapper::FireBeginLoopClosure[01;31m[K([m[Kconst std::string & rInfo) const
[4.940s]       |                                  [01;31m[K^[m[K
[4.940s] [01m[K/home/hp/ROS2_WS/src/slam_toolbox/lib/karto_sdk/src/Mapper.cpp:3430:32:[m[K [01;31m[Kerror: [m[Kqualified-id in declaration before ‘[01m[K([m[K’ token
[4.940s]  3430 | void Mapper::FireEndLoopClosure[01;31m[K([m[Kconst std::string & rInfo) const
[4.941s]       |                                [01;31m[K^[m[K
[4.941s] [01m[K/home/hp/ROS2_WS/src/slam_toolbox/lib/karto_sdk/src/Mapper.cpp:3442:27:[m[K [01;31m[Kerror: [m[Kqualified-id in declaration before ‘[01m[K([m[K’ token
[4.941s]  3442 | void Mapper::SetScanSolver[01;31m[K([m[KScanSolver * pScanOptimizer)
[4.941s]       |                           [01;31m[K^[m[K
[4.941s] [01m[K/home/hp/ROS2_WS/src/slam_toolbox/lib/karto_sdk/src/Mapper.cpp:3447:35:[m[K [01;31m[Kerror: [m[Kqualified-id in declaration before ‘[01m[K([m[K’ token
[4.941s]  3447 | ScanSolver * Mapper::getScanSolver[01;31m[K([m[K)
[4.941s]       |                                   [01;31m[K^[m[K
[4.941s] [01m[K/home/hp/ROS2_WS/src/slam_toolbox/lib/karto_sdk/src/Mapper.cpp:3452:31:[m[K [01;31m[Kerror: [m[Kqualified-id in declaration before ‘[01m[K([m[K’ token
[4.941s]  3452 | MapperGraph * Mapper::GetGraph[01;31m[K([m[K) const
[4.941s]       |                               [01;31m[K^[m[K
[4.941s] [01m[K/home/hp/ROS2_WS/src/slam_toolbox/lib/karto_sdk/src/Mapper.cpp:3457:47:[m[K [01;31m[Kerror: [m[Kqualified-id in declaration before ‘[01m[K([m[K’ token
[4.941s]  3457 | ScanMatcher * Mapper::GetSequentialScanMatcher[01;31m[K([m[K) const
[4.941s]       |                                               [01;31m[K^[m[K
[4.941s] [01m[K/home/hp/ROS2_WS/src/slam_toolbox/lib/karto_sdk/src/Mapper.cpp:3462:41:[m[K [01;31m[Kerror: [m[Kqualified-id in declaration before ‘[01m[K([m[K’ token
[4.941s]  3462 | ScanMatcher * Mapper::GetLoopScanMatcher[01;31m[K([m[K) const
[4.941s]       |                                         [01;31m[K^[m[K
[4.941s] In file included from [01m[K/home/hp/ROS2_WS/src/slam_toolbox/lib/karto_sdk/include/karto_sdk/Karto.h:32[m[K,
[4.941s]                  from [01m[K/home/hp/ROS2_WS/src/slam_toolbox/lib/karto_sdk/include/karto_sdk/Mapper.h:36[m[K,
[4.941s]                  from [01m[K/home/hp/ROS2_WS/src/slam_toolbox/lib/karto_sdk/src/Mapper.cpp:41[m[K:
[4.942s] [01m[K/home/hp/ROS2_WS/src/slam_toolbox/lib/karto_sdk/src/Mapper.cpp:[m[K At global scope:
[4.942s] [01m[K/home/hp/ROS2_WS/src/slam_toolbox/lib/karto_sdk/src/Mapper.cpp:3467:1:[m[K [01;31m[Kerror: [m[K‘[01m[Kguid_defined[m[K’ is not a class template
[4.942s]  3467 | [01;31m[KBOOST_CLASS_EXPORT[m[K(karto::BreadthFirstTraversal<karto::LocalizedRangeScan>)
[4.942s]       | [01;31m[K^~~~~~~~~~~~~~~~~~[m[K
[4.942s] [01m[K/home/hp/ROS2_WS/src/slam_toolbox/lib/karto_sdk/src/Mapper.cpp:3467:1:[m[K [01;31m[Kerror: [m[K‘[01m[Kkarto::boost::mpl[m[K’ has not been declared
[4.942s]  3467 | [01;31m[KBOOST_CLASS_EXPORT[m[K(karto::BreadthFirstTraversal<karto::LocalizedRangeScan>)
[4.942s]       | [01;31m[K^~~~~~~~~~~~~~~~~~[m[K
[4.942s] [01m[K/home/hp/ROS2_WS/src/slam_toolbox/lib/karto_sdk/src/Mapper.cpp:3467:1:[m[K [01;31m[Kerror: [m[Kexpected ‘[01m[K{[m[K’ before ‘[01m[Ktrue_[m[K’
[4.942s]  3467 | [01;31m[KBOOST_CLASS_EXPORT[m[K(karto::BreadthFirstTraversal<karto::LocalizedRangeScan>)
[4.942s]       | [01;31m[K^~~~~~~~~~~~~~~~~~[m[K
[4.942s] [01m[K/home/hp/ROS2_WS/src/slam_toolbox/lib/karto_sdk/src/Mapper.cpp:3467:1:[m[K [01;31m[Kerror: [m[Kexpected initializer before ‘[01m[K<[m[K’ token
[4.942s]  3467 | [01;31m[KBOOST_CLASS_EXPORT[m[K(karto::BreadthFirstTraversal<karto::LocalizedRangeScan>)
[4.942s]       | [01;31m[K^~~~~~~~~~~~~~~~~~[m[K
[4.942s] [01m[K/home/hp/ROS2_WS/src/slam_toolbox/lib/karto_sdk/src/Mapper.cpp:3467:1:[m[K [01;31m[Kerror: [m[K‘[01m[Kinit_guid[m[K’ is not a class template
[4.942s]  3467 | [01;31m[KBOOST_CLASS_EXPORT[m[K(karto::BreadthFirstTraversal<karto::LocalizedRangeScan>)
[4.942s]       | [01;31m[K^~~~~~~~~~~~~~~~~~[m[K
[4.942s] [01m[K/home/hp/ROS2_WS/src/slam_toolbox/lib/karto_sdk/src/Mapper.cpp:3467:1:[m[K [01;31m[Kerror: [m[Kexplicit specialization of non-template ‘[01m[Kkarto::boost::archive::detail::extra_detail::init_guid[m[K’
[4.942s]  3467 | [01;31m[KBOOST_CLASS_EXPORT[m[K(karto::BreadthFirstTraversal<karto::LocalizedRangeScan>)
[4.943s]       | [01;31m[K^~~~~~~~~~~~~~~~~~[m[K
[4.949s] [01m[K/home/hp/ROS2_WS/src/slam_toolbox/lib/karto_sdk/src/Mapper.cpp:3467:1:[m[K [01;31m[Kerror: [m[K‘[01m[Kguid_initializer[m[K’ does not name a type
[4.949s]  3467 | [01;31m[KBOOST_CLASS_EXPORT[m[K(karto::BreadthFirstTraversal<karto::LocalizedRangeScan>)
[4.950s]       | [01;31m[K^~~~~~~~~~~~~~~~~~[m[K
[4.960s] [01m[K/home/hp/ROS2_WS/src/slam_toolbox/lib/karto_sdk/src/Mapper.cpp:3467:1:[m[K [01;31m[Kerror: [m[K‘[01m[Kguid_initializer[m[K’ does not name a type
[4.960s]  3467 | [01;31m[KBOOST_CLASS_EXPORT[m[K(karto::BreadthFirstTraversal<karto::LocalizedRangeScan>)
[4.960s]       | [01;31m[K^~~~~~~~~~~~~~~~~~[m[K
[4.960s] [01m[K/home/hp/ROS2_WS/src/slam_toolbox/lib/karto_sdk/src/Mapper.cpp:3467:1:[m[K [01;31m[Kerror: [m[Kexpected ‘[01m[K}[m[K’ at end of input
[4.960s]  3467 | [01;31m[KBOOST_CLASS_EXPORT[m[K(karto::BreadthFirstTraversal<karto::LocalizedRangeScan>)
[4.960s]       | [01;31m[K^~~~~~~~~~~~~~~~~~[m[K
[4.960s] [01m[K/home/hp/ROS2_WS/src/slam_toolbox/lib/karto_sdk/src/Mapper.cpp:52:1:[m[K [01;36m[Knote: [m[Kto match this ‘[01m[K{[m[K’
[4.960s]    52 | [01;36m[K{[m[K
[4.960s]       | [01;36m[K^[m[K
[7.915s] [01m[K/home/hp/ROS2_WS/src/slam_toolbox/lib/karto_sdk/src/Mapper.cpp:[m[K In member function ‘[01m[Kvirtual kt_bool karto::Mapper::Process(karto::LocalizedRangeScan*, karto::Matrix3*)[m[K’:
[7.915s] [01m[K/home/hp/ROS2_WS/src/slam_toolbox/lib/karto_sdk/src/Mapper.cpp:3466:1:[m[K [01;35m[Kwarning: [m[Kcontrol reaches end of non-void function [[01;35m[K]8;;https://gcc.gnu.org/onlinedocs/gcc/Warning-Options.html#index-Wreturn-type-Wreturn-type]8;;[m[K]
[7.915s]  3466 | [01;35m[K}[m[K  // namespace karto
[7.916s]       | [01;35m[K^[m[K
[8.946s] gmake[2]: *** [lib/karto_sdk/CMakeFiles/kartoSlamToolbox.dir/build.make:90: lib/karto_sdk/CMakeFiles/kartoSlamToolbox.dir/src/Mapper.cpp.o] Error 1
[8.946s] gmake[1]: *** [CMakeFiles/Makefile2:1045: lib/karto_sdk/CMakeFiles/kartoSlamToolbox.dir/all] Error 2
[8.946s] gmake: *** [Makefile:146: all] Error 2
[8.949s] Invoked command in '/home/hp/ROS2_WS/build/slam_toolbox' returned '2': CMAKE_PREFIX_PATH=${CMAKE_PREFIX_PATH}:/home/hp/ROS2_WS/install/my_robot_controller:/home/hp/ROS2_WS/install/my_exo:/home/hp/ROS2_WS/install/dynamic_tf:/opt/ros/humble /usr/bin/cmake --build /home/hp/ROS2_WS/build/slam_toolbox -- -j8 -l8
