[0.856s] Invoking command in '/home/hp/ROS2_WS/build/rplidar_ros': CMAKE_PREFIX_PATH=${CMAKE_PREFIX_PATH}:/home/hp/ROS2_WS/install/my_robot_controller:/home/hp/ROS2_WS/install/my_exo:/home/hp/ROS2_WS/install/dynamic_tf:/opt/ros/humble /usr/bin/cmake --build /home/hp/ROS2_WS/build/rplidar_ros -- -j8 -l8
[0.983s] [  4%] Built target rplidar_client
[0.993s] [ 47%] Built target rplidar_node
[0.999s] [ 52%] Built target tf_listener
[1.004s] [ 95%] Built target rplidar_composition
[1.012s] [100%] Built target tf_broadcaster
[1.042s] Invoked command in '/home/hp/ROS2_WS/build/rplidar_ros' returned '0': CMAKE_PREFIX_PATH=${CMAKE_PREFIX_PATH}:/home/hp/ROS2_WS/install/my_robot_controller:/home/hp/ROS2_WS/install/my_exo:/home/hp/ROS2_WS/install/dynamic_tf:/opt/ros/humble /usr/bin/cmake --build /home/hp/ROS2_WS/build/rplidar_ros -- -j8 -l8
[1.193s] Invoking command in '/home/hp/ROS2_WS/build/rplidar_ros': CMAKE_PREFIX_PATH=${CMAKE_PREFIX_PATH}:/home/hp/ROS2_WS/install/my_robot_controller:/home/hp/ROS2_WS/install/my_exo:/home/hp/ROS2_WS/install/dynamic_tf:/opt/ros/humble /usr/bin/cmake --install /home/hp/ROS2_WS/build/rplidar_ros
[1.203s] -- Install configuration: ""
[1.205s] -- Execute custom install script
[1.206s] -- Up-to-date symlink: /home/hp/ROS2_WS/install/rplidar_ros/share/rplidar_ros/launch/rplidar_a1_launch.py
[1.207s] -- Up-to-date symlink: /home/hp/ROS2_WS/install/rplidar_ros/share/rplidar_ros/launch/rplidar_a2m12_launch.py
[1.207s] -- Up-to-date symlink: /home/hp/ROS2_WS/install/rplidar_ros/share/rplidar_ros/launch/rplidar_a2m7_launch.py
[1.208s] -- Up-to-date symlink: /home/hp/ROS2_WS/install/rplidar_ros/share/rplidar_ros/launch/rplidar_a2m8_launch.py
[1.208s] -- Up-to-date symlink: /home/hp/ROS2_WS/install/rplidar_ros/share/rplidar_ros/launch/rplidar_a3_launch.py
[1.209s] -- Up-to-date symlink: /home/hp/ROS2_WS/install/rplidar_ros/share/rplidar_ros/launch/rplidar_c1_launch.py
[1.209s] -- Up-to-date symlink: /home/hp/ROS2_WS/install/rplidar_ros/share/rplidar_ros/launch/rplidar_s1_launch.py
[1.210s] -- Up-to-date symlink: /home/hp/ROS2_WS/install/rplidar_ros/share/rplidar_ros/launch/rplidar_s1_tcp_launch.py
[1.211s] -- Up-to-date symlink: /home/hp/ROS2_WS/install/rplidar_ros/share/rplidar_ros/launch/rplidar_s2_launch.py
[1.212s] -- Up-to-date symlink: /home/hp/ROS2_WS/install/rplidar_ros/share/rplidar_ros/launch/rplidar_s2e_launch.py
[1.213s] -- Up-to-date symlink: /home/hp/ROS2_WS/install/rplidar_ros/share/rplidar_ros/launch/rplidar_s3_launch.py
[1.213s] -- Up-to-date symlink: /home/hp/ROS2_WS/install/rplidar_ros/share/rplidar_ros/launch/rplidar_t1_launch.py
[1.214s] -- Up-to-date symlink: /home/hp/ROS2_WS/install/rplidar_ros/share/rplidar_ros/launch/slam.launch.py
[1.215s] -- Up-to-date symlink: /home/hp/ROS2_WS/install/rplidar_ros/share/rplidar_ros/launch/view_rplidar_a1_launch.py
[1.215s] -- Up-to-date symlink: /home/hp/ROS2_WS/install/rplidar_ros/share/rplidar_ros/launch/view_rplidar_a2m12_launch.py
[1.216s] -- Up-to-date symlink: /home/hp/ROS2_WS/install/rplidar_ros/share/rplidar_ros/launch/view_rplidar_a2m7_launch.py
[1.216s] -- Up-to-date symlink: /home/hp/ROS2_WS/install/rplidar_ros/share/rplidar_ros/launch/view_rplidar_a2m8_launch.py
[1.216s] -- Up-to-date symlink: /home/hp/ROS2_WS/install/rplidar_ros/share/rplidar_ros/launch/view_rplidar_a3_launch.py
[1.217s] -- Up-to-date symlink: /home/hp/ROS2_WS/install/rplidar_ros/share/rplidar_ros/launch/view_rplidar_c1_launch.py
[1.217s] -- Up-to-date symlink: /home/hp/ROS2_WS/install/rplidar_ros/share/rplidar_ros/launch/view_rplidar_s1_launch.py
[1.218s] -- Up-to-date symlink: /home/hp/ROS2_WS/install/rplidar_ros/share/rplidar_ros/launch/view_rplidar_s1_tcp_launch.py
[1.218s] -- Up-to-date symlink: /home/hp/ROS2_WS/install/rplidar_ros/share/rplidar_ros/launch/view_rplidar_s2_launch.py
[1.219s] -- Up-to-date symlink: /home/hp/ROS2_WS/install/rplidar_ros/share/rplidar_ros/launch/view_rplidar_s2e_launch.py
[1.219s] -- Up-to-date symlink: /home/hp/ROS2_WS/install/rplidar_ros/share/rplidar_ros/launch/view_rplidar_s3_launch.py
[1.219s] -- Up-to-date symlink: /home/hp/ROS2_WS/install/rplidar_ros/share/rplidar_ros/launch/view_rplidar_t1_launch.py
[1.220s] -- Up-to-date symlink: /home/hp/ROS2_WS/install/rplidar_ros/share/rplidar_ros/config/slam.yaml
[1.222s] -- Up-to-date symlink: /home/hp/ROS2_WS/install/rplidar_ros/share/rplidar_ros/rviz/rplidar_ros.rviz
[1.223s] -- Up-to-date symlink: /home/hp/ROS2_WS/install/rplidar_ros/lib/rplidar_ros/tf_broadcaster
[1.224s] -- Up-to-date symlink: /home/hp/ROS2_WS/install/rplidar_ros/lib/rplidar_ros/tf_listener
[1.225s] -- Up-to-date symlink: /home/hp/ROS2_WS/install/rplidar_ros/lib/rplidar_ros/rplidar_node
[1.226s] -- Up-to-date symlink: /home/hp/ROS2_WS/install/rplidar_ros/lib/rplidar_ros/rplidar_composition
[1.227s] -- Up-to-date symlink: /home/hp/ROS2_WS/install/rplidar_ros/lib/rplidar_ros/rplidar_client
[1.227s] -- Up-to-date symlink: /home/hp/ROS2_WS/install/rplidar_ros/lib/rplidar_ros/tf_map_baselink.py
[1.228s] -- Up-to-date symlink: /home/hp/ROS2_WS/install/rplidar_ros/share/ament_index/resource_index/package_run_dependencies/rplidar_ros
[1.228s] -- Up-to-date symlink: /home/hp/ROS2_WS/install/rplidar_ros/share/ament_index/resource_index/parent_prefix_path/rplidar_ros
[1.229s] -- Up-to-date symlink: /home/hp/ROS2_WS/install/rplidar_ros/share/rplidar_ros/environment/ament_prefix_path.sh
[1.230s] -- Up-to-date symlink: /home/hp/ROS2_WS/install/rplidar_ros/share/rplidar_ros/environment/ament_prefix_path.dsv
[1.230s] -- Up-to-date symlink: /home/hp/ROS2_WS/install/rplidar_ros/share/rplidar_ros/environment/path.sh
[1.231s] -- Up-to-date symlink: /home/hp/ROS2_WS/install/rplidar_ros/share/rplidar_ros/environment/path.dsv
[1.231s] -- Up-to-date symlink: /home/hp/ROS2_WS/install/rplidar_ros/share/rplidar_ros/local_setup.bash
[1.232s] -- Up-to-date symlink: /home/hp/ROS2_WS/install/rplidar_ros/share/rplidar_ros/local_setup.sh
[1.233s] -- Up-to-date symlink: /home/hp/ROS2_WS/install/rplidar_ros/share/rplidar_ros/local_setup.zsh
[1.233s] -- Up-to-date symlink: /home/hp/ROS2_WS/install/rplidar_ros/share/rplidar_ros/local_setup.dsv
[1.234s] -- Symlinking: /home/hp/ROS2_WS/install/rplidar_ros/share/rplidar_ros/package.dsv
[1.253s] -- Up-to-date symlink: /home/hp/ROS2_WS/install/rplidar_ros/share/ament_index/resource_index/packages/rplidar_ros
[1.254s] -- Up-to-date symlink: /home/hp/ROS2_WS/install/rplidar_ros/share/rplidar_ros/cmake/ament_cmake_export_dependencies-extras.cmake
[1.254s] -- Up-to-date symlink: /home/hp/ROS2_WS/install/rplidar_ros/share/rplidar_ros/cmake/ament_cmake_export_include_directories-extras.cmake
[1.255s] -- Up-to-date symlink: /home/hp/ROS2_WS/install/rplidar_ros/share/rplidar_ros/cmake/rplidar_rosConfig.cmake
[1.256s] -- Up-to-date symlink: /home/hp/ROS2_WS/install/rplidar_ros/share/rplidar_ros/cmake/rplidar_rosConfig-version.cmake
[1.257s] -- Up-to-date symlink: /home/hp/ROS2_WS/install/rplidar_ros/share/rplidar_ros/package.xml
[1.267s] Invoked command in '/home/hp/ROS2_WS/build/rplidar_ros' returned '0': CMAKE_PREFIX_PATH=${CMAKE_PREFIX_PATH}:/home/hp/ROS2_WS/install/my_robot_controller:/home/hp/ROS2_WS/install/my_exo:/home/hp/ROS2_WS/install/dynamic_tf:/opt/ros/humble /usr/bin/cmake --install /home/hp/ROS2_WS/build/rplidar_ros
