-- Found ament_cmake: 1.3.8 (/opt/ros/humble/share/ament_cmake/cmake)
-- Found Python3: /home/hp/anaconda3/bin/python3 (found version "3.11.9") found components: Interpreter 
-- Override CMake install command with custom implementation using symlinks instead of copying resources
-- Found ament_lint_auto: 0.12.10 (/opt/ros/humble/share/ament_lint_auto/cmake)
-- Added test 'copyright' to check source files copyright and LICENSE
-- Added test 'flake8' to check Python code syntax and style conventions
-- Added test 'lint_cmake' to check CMake code style
-- Added test 'pep257' to check Python code against some of the docstring style conventions in PEP 257
-- Added test 'xmllint' to check XML markup files
-- Configuring done
-- Generating done
-- Build files have been written to: /home/hp/ROS2_WS/src/build/rosidl_cmake
Built target ament_cmake_python_symlink_rosidl_cmake
running egg_info
creating rosidl_cmake.egg-info
writing rosidl_cmake.egg-info/PKG-INFO
writing dependency_links to rosidl_cmake.egg-info/dependency_links.txt
writing top-level names to rosidl_cmake.egg-info/top_level.txt
writing manifest file 'rosidl_cmake.egg-info/SOURCES.txt'
reading manifest file 'rosidl_cmake.egg-info/SOURCES.txt'
writing manifest file 'rosidl_cmake.egg-info/SOURCES.txt'
Built target ament_cmake_python_build_rosidl_cmake_egg
-- Install configuration: ""
-- Execute custom install script
-- Symlinking: /home/hp/ROS2_WS/src/install/rosidl_cmake/share/rosidl_cmake/environment/pythonpath.sh
-- Symlinking: /home/hp/ROS2_WS/src/install/rosidl_cmake/share/rosidl_cmake/environment/pythonpath.dsv
-- Symlinking: /home/hp/ROS2_WS/src/install/rosidl_cmake/lib/python3.11/site-packages/rosidl_cmake-4.7.0-py3.11.egg-info/PKG-INFO
-- Symlinking: /home/hp/ROS2_WS/src/install/rosidl_cmake/lib/python3.11/site-packages/rosidl_cmake-4.7.0-py3.11.egg-info/SOURCES.txt
-- Symlinking: /home/hp/ROS2_WS/src/install/rosidl_cmake/lib/python3.11/site-packages/rosidl_cmake-4.7.0-py3.11.egg-info/dependency_links.txt
-- Symlinking: /home/hp/ROS2_WS/src/install/rosidl_cmake/lib/python3.11/site-packages/rosidl_cmake-4.7.0-py3.11.egg-info/top_level.txt
-- Symlinking: /home/hp/ROS2_WS/src/install/rosidl_cmake/lib/python3.11/site-packages/rosidl_cmake/__init__.py
-- Symlinking: /home/hp/ROS2_WS/src/install/rosidl_cmake/share/ament_index/resource_index/package_run_dependencies/rosidl_cmake
-- Symlinking: /home/hp/ROS2_WS/src/install/rosidl_cmake/share/ament_index/resource_index/parent_prefix_path/rosidl_cmake
-- Symlinking: /home/hp/ROS2_WS/src/install/rosidl_cmake/share/rosidl_cmake/environment/ament_prefix_path.sh
-- Symlinking: /home/hp/ROS2_WS/src/install/rosidl_cmake/share/rosidl_cmake/environment/ament_prefix_path.dsv
-- Symlinking: /home/hp/ROS2_WS/src/install/rosidl_cmake/share/rosidl_cmake/environment/path.sh
-- Symlinking: /home/hp/ROS2_WS/src/install/rosidl_cmake/share/rosidl_cmake/environment/path.dsv
-- Symlinking: /home/hp/ROS2_WS/src/install/rosidl_cmake/share/rosidl_cmake/local_setup.bash
-- Symlinking: /home/hp/ROS2_WS/src/install/rosidl_cmake/share/rosidl_cmake/local_setup.sh
-- Symlinking: /home/hp/ROS2_WS/src/install/rosidl_cmake/share/rosidl_cmake/local_setup.zsh
-- Symlinking: /home/hp/ROS2_WS/src/install/rosidl_cmake/share/rosidl_cmake/local_setup.dsv
-- Symlinking: /home/hp/ROS2_WS/src/install/rosidl_cmake/share/rosidl_cmake/package.dsv
-- Symlinking: /home/hp/ROS2_WS/src/install/rosidl_cmake/share/ament_index/resource_index/packages/rosidl_cmake
-- Symlinking: /home/hp/ROS2_WS/src/install/rosidl_cmake/share/rosidl_cmake/cmake/rosidl_cmake-extras.cmake
-- Symlinking: /home/hp/ROS2_WS/src/install/rosidl_cmake/share/rosidl_cmake/cmake/rosidl_cmakeConfig.cmake
-- Symlinking: /home/hp/ROS2_WS/src/install/rosidl_cmake/share/rosidl_cmake/cmake/rosidl_cmakeConfig-version.cmake
-- Symlinking: /home/hp/ROS2_WS/src/install/rosidl_cmake/share/rosidl_cmake/package.xml
-- Symlinking: /home/hp/ROS2_WS/src/install/rosidl_cmake/share/rosidl_cmake/cmake/rosidl_cmake-extras.cmake.in
-- Symlinking: /home/hp/ROS2_WS/src/install/rosidl_cmake/share/rosidl_cmake/cmake/rosidl_cmake_export_typesupport_libraries-extras.cmake.in
-- Symlinking: /home/hp/ROS2_WS/src/install/rosidl_cmake/share/rosidl_cmake/cmake/rosidl_cmake_export_typesupport_libraries_package_hook.cmake
-- Symlinking: /home/hp/ROS2_WS/src/install/rosidl_cmake/share/rosidl_cmake/cmake/rosidl_cmake_export_typesupport_targets-extras.cmake.in
-- Symlinking: /home/hp/ROS2_WS/src/install/rosidl_cmake/share/rosidl_cmake/cmake/rosidl_cmake_export_typesupport_targets_package_hook.cmake
-- Symlinking: /home/hp/ROS2_WS/src/install/rosidl_cmake/share/rosidl_cmake/cmake/rosidl_cmake_package_hook.cmake
-- Symlinking: /home/hp/ROS2_WS/src/install/rosidl_cmake/share/rosidl_cmake/cmake/rosidl_export_typesupport_libraries.cmake
-- Symlinking: /home/hp/ROS2_WS/src/install/rosidl_cmake/share/rosidl_cmake/cmake/rosidl_export_typesupport_targets.cmake
-- Symlinking: /home/hp/ROS2_WS/src/install/rosidl_cmake/share/rosidl_cmake/cmake/rosidl_find_package_idl.cmake
-- Symlinking: /home/hp/ROS2_WS/src/install/rosidl_cmake/share/rosidl_cmake/cmake/rosidl_generate_interfaces.cmake
-- Symlinking: /home/hp/ROS2_WS/src/install/rosidl_cmake/share/rosidl_cmake/cmake/rosidl_get_typesupport_target.cmake
-- Symlinking: /home/hp/ROS2_WS/src/install/rosidl_cmake/share/rosidl_cmake/cmake/rosidl_target_interfaces.cmake
-- Symlinking: /home/hp/ROS2_WS/src/install/rosidl_cmake/share/rosidl_cmake/cmake/rosidl_write_generator_arguments.cmake
-- Symlinking: /home/hp/ROS2_WS/src/install/rosidl_cmake/share/rosidl_cmake/cmake/string_camel_case_to_lower_case_underscore.cmake
Listing '/home/hp/ROS2_WS/src/install/rosidl_cmake/lib/python3.11/site-packages/rosidl_cmake'...
Compiling '/home/hp/ROS2_WS/src/install/rosidl_cmake/lib/python3.11/site-packages/rosidl_cmake/__init__.py'...
