[0.797s] Invoking command in '/home/hp/ROS2_WS/src/build/rplidar_ros': CMAKE_PREFIX_PATH=${CMAKE_PREFIX_PATH}:/home/hp/ROS2_WS/install/my_robot_controller:/home/hp/ROS2_WS/install/my_exo:/home/hp/ROS2_WS/install/dynamic_tf:/home/hp/ROS2_WS/install/Dynamic_tf:/home/hp/ROS2_WS/install/DYNAMIC_TF:/home/hp/ROS2_WS/src/install/my_robot_controller:/home/hp/ROS2_WS/src/install/my_exo:/home/hp/ROS2_WS/src/install/dynamic_tf:/opt/ros/humble CONDA_PROMPT_MODIFIER=(base) /usr/bin/cmake --build /home/hp/ROS2_WS/src/build/rplidar_ros -- -j8 -l8
[0.920s] [  4%] Built target tf_broadcaster
[0.943s] [  9%] Built target rplidar_client
[0.986s] [ 52%] Built target rplidar_node
[1.013s] [ 57%] Built target tf_listener
[1.061s] [100%] Built target rplidar_composition
[1.073s] Invoked command in '/home/hp/ROS2_WS/src/build/rplidar_ros' returned '0': CMAKE_PREFIX_PATH=${CMAKE_PREFIX_PATH}:/home/hp/ROS2_WS/install/my_robot_controller:/home/hp/ROS2_WS/install/my_exo:/home/hp/ROS2_WS/install/dynamic_tf:/home/hp/ROS2_WS/install/Dynamic_tf:/home/hp/ROS2_WS/install/DYNAMIC_TF:/home/hp/ROS2_WS/src/install/my_robot_controller:/home/hp/ROS2_WS/src/install/my_exo:/home/hp/ROS2_WS/src/install/dynamic_tf:/opt/ros/humble CONDA_PROMPT_MODIFIER=(base) /usr/bin/cmake --build /home/hp/ROS2_WS/src/build/rplidar_ros -- -j8 -l8
[1.168s] Invoking command in '/home/hp/ROS2_WS/src/build/rplidar_ros': CMAKE_PREFIX_PATH=${CMAKE_PREFIX_PATH}:/home/hp/ROS2_WS/install/my_robot_controller:/home/hp/ROS2_WS/install/my_exo:/home/hp/ROS2_WS/install/dynamic_tf:/home/hp/ROS2_WS/install/Dynamic_tf:/home/hp/ROS2_WS/install/DYNAMIC_TF:/home/hp/ROS2_WS/src/install/my_robot_controller:/home/hp/ROS2_WS/src/install/my_exo:/home/hp/ROS2_WS/src/install/dynamic_tf:/opt/ros/humble CONDA_PROMPT_MODIFIER=(base) /usr/bin/cmake --install /home/hp/ROS2_WS/src/build/rplidar_ros
[1.230s] -- Install configuration: ""
[1.245s] -- Execute custom install script
[1.306s] -- Up-to-date symlink: /home/hp/ROS2_WS/src/install/rplidar_ros/share/rplidar_ros/launch/rplidar_a1_launch.py
[1.349s] -- Up-to-date symlink: /home/hp/ROS2_WS/src/install/rplidar_ros/share/rplidar_ros/launch/rplidar_a2m12_launch.py
[1.349s] -- Up-to-date symlink: /home/hp/ROS2_WS/src/install/rplidar_ros/share/rplidar_ros/launch/rplidar_a2m7_launch.py
[1.386s] -- Up-to-date symlink: /home/hp/ROS2_WS/src/install/rplidar_ros/share/rplidar_ros/launch/rplidar_a2m8_launch.py
[1.387s] -- Up-to-date symlink: /home/hp/ROS2_WS/src/install/rplidar_ros/share/rplidar_ros/launch/rplidar_a3_launch.py
[1.394s] -- Up-to-date symlink: /home/hp/ROS2_WS/src/install/rplidar_ros/share/rplidar_ros/launch/rplidar_c1_launch.py
[1.396s] -- Up-to-date symlink: /home/hp/ROS2_WS/src/install/rplidar_ros/share/rplidar_ros/launch/rplidar_s1_launch.py
[1.396s] -- Up-to-date symlink: /home/hp/ROS2_WS/src/install/rplidar_ros/share/rplidar_ros/launch/rplidar_s1_tcp_launch.py
[1.396s] -- Up-to-date symlink: /home/hp/ROS2_WS/src/install/rplidar_ros/share/rplidar_ros/launch/rplidar_s2_launch.py
[1.397s] -- Up-to-date symlink: /home/hp/ROS2_WS/src/install/rplidar_ros/share/rplidar_ros/launch/rplidar_s2e_launch.py
[1.397s] -- Up-to-date symlink: /home/hp/ROS2_WS/src/install/rplidar_ros/share/rplidar_ros/launch/rplidar_s3_launch.py
[1.397s] -- Up-to-date symlink: /home/hp/ROS2_WS/src/install/rplidar_ros/share/rplidar_ros/launch/rplidar_t1_launch.py
[1.397s] -- Up-to-date symlink: /home/hp/ROS2_WS/src/install/rplidar_ros/share/rplidar_ros/launch/slam.launch.py
[1.397s] -- Up-to-date symlink: /home/hp/ROS2_WS/src/install/rplidar_ros/share/rplidar_ros/launch/view_rplidar_a1_launch.py
[1.397s] -- Up-to-date symlink: /home/hp/ROS2_WS/src/install/rplidar_ros/share/rplidar_ros/launch/view_rplidar_a2m12_launch.py
[1.398s] -- Up-to-date symlink: /home/hp/ROS2_WS/src/install/rplidar_ros/share/rplidar_ros/launch/view_rplidar_a2m7_launch.py
[1.398s] -- Up-to-date symlink: /home/hp/ROS2_WS/src/install/rplidar_ros/share/rplidar_ros/launch/view_rplidar_a2m8_launch.py
[1.399s] -- Up-to-date symlink: /home/hp/ROS2_WS/src/install/rplidar_ros/share/rplidar_ros/launch/view_rplidar_a3_launch.py
[1.399s] -- Up-to-date symlink: /home/hp/ROS2_WS/src/install/rplidar_ros/share/rplidar_ros/launch/view_rplidar_c1_launch.py
[1.400s] -- Up-to-date symlink: /home/hp/ROS2_WS/src/install/rplidar_ros/share/rplidar_ros/launch/view_rplidar_s1_launch.py
[1.400s] -- Up-to-date symlink: /home/hp/ROS2_WS/src/install/rplidar_ros/share/rplidar_ros/launch/view_rplidar_s1_tcp_launch.py
[1.401s] -- Up-to-date symlink: /home/hp/ROS2_WS/src/install/rplidar_ros/share/rplidar_ros/launch/view_rplidar_s2_launch.py
[1.401s] -- Up-to-date symlink: /home/hp/ROS2_WS/src/install/rplidar_ros/share/rplidar_ros/launch/view_rplidar_s2e_launch.py
[1.401s] -- Up-to-date symlink: /home/hp/ROS2_WS/src/install/rplidar_ros/share/rplidar_ros/launch/view_rplidar_s3_launch.py
[1.402s] -- Up-to-date symlink: /home/hp/ROS2_WS/src/install/rplidar_ros/share/rplidar_ros/launch/view_rplidar_t1_launch.py
[1.426s] -- Up-to-date symlink: /home/hp/ROS2_WS/src/install/rplidar_ros/share/rplidar_ros/config/slam.yaml
[1.426s] -- Up-to-date symlink: /home/hp/ROS2_WS/src/install/rplidar_ros/share/rplidar_ros/rviz/rplidar_ros.rviz
[1.453s] -- Up-to-date symlink: /home/hp/ROS2_WS/src/install/rplidar_ros/lib/rplidar_ros/tf_broadcaster
[1.453s] -- Up-to-date symlink: /home/hp/ROS2_WS/src/install/rplidar_ros/lib/rplidar_ros/tf_listener
[1.453s] -- Up-to-date symlink: /home/hp/ROS2_WS/src/install/rplidar_ros/lib/rplidar_ros/rplidar_node
[1.453s] -- Up-to-date symlink: /home/hp/ROS2_WS/src/install/rplidar_ros/lib/rplidar_ros/rplidar_composition
[1.453s] -- Up-to-date symlink: /home/hp/ROS2_WS/src/install/rplidar_ros/lib/rplidar_ros/rplidar_client
[1.454s] -- Up-to-date symlink: /home/hp/ROS2_WS/src/install/rplidar_ros/lib/rplidar_ros/tf_map_baselink.py
[1.454s] -- Up-to-date symlink: /home/hp/ROS2_WS/src/install/rplidar_ros/share/ament_index/resource_index/package_run_dependencies/rplidar_ros
[1.455s] -- Up-to-date symlink: /home/hp/ROS2_WS/src/install/rplidar_ros/share/ament_index/resource_index/parent_prefix_path/rplidar_ros
[1.455s] -- Up-to-date symlink: /home/hp/ROS2_WS/src/install/rplidar_ros/share/rplidar_ros/environment/ament_prefix_path.sh
[1.455s] -- Up-to-date symlink: /home/hp/ROS2_WS/src/install/rplidar_ros/share/rplidar_ros/environment/ament_prefix_path.dsv
[1.456s] -- Up-to-date symlink: /home/hp/ROS2_WS/src/install/rplidar_ros/share/rplidar_ros/environment/path.sh
[1.456s] -- Up-to-date symlink: /home/hp/ROS2_WS/src/install/rplidar_ros/share/rplidar_ros/environment/path.dsv
[1.457s] -- Up-to-date symlink: /home/hp/ROS2_WS/src/install/rplidar_ros/share/rplidar_ros/local_setup.bash
[1.457s] -- Up-to-date symlink: /home/hp/ROS2_WS/src/install/rplidar_ros/share/rplidar_ros/local_setup.sh
[1.457s] -- Up-to-date symlink: /home/hp/ROS2_WS/src/install/rplidar_ros/share/rplidar_ros/local_setup.zsh
[1.458s] -- Up-to-date symlink: /home/hp/ROS2_WS/src/install/rplidar_ros/share/rplidar_ros/local_setup.dsv
[1.458s] -- Symlinking: /home/hp/ROS2_WS/src/install/rplidar_ros/share/rplidar_ros/package.dsv
[1.474s] -- Up-to-date symlink: /home/hp/ROS2_WS/src/install/rplidar_ros/share/ament_index/resource_index/packages/rplidar_ros
[1.474s] -- Up-to-date symlink: /home/hp/ROS2_WS/src/install/rplidar_ros/share/rplidar_ros/cmake/ament_cmake_export_dependencies-extras.cmake
[1.475s] -- Up-to-date symlink: /home/hp/ROS2_WS/src/install/rplidar_ros/share/rplidar_ros/cmake/ament_cmake_export_include_directories-extras.cmake
[1.475s] -- Up-to-date symlink: /home/hp/ROS2_WS/src/install/rplidar_ros/share/rplidar_ros/cmake/rplidar_rosConfig.cmake
[1.475s] -- Up-to-date symlink: /home/hp/ROS2_WS/src/install/rplidar_ros/share/rplidar_ros/cmake/rplidar_rosConfig-version.cmake
[1.475s] -- Up-to-date symlink: /home/hp/ROS2_WS/src/install/rplidar_ros/share/rplidar_ros/package.xml
[1.478s] Invoked command in '/home/hp/ROS2_WS/src/build/rplidar_ros' returned '0': CMAKE_PREFIX_PATH=${CMAKE_PREFIX_PATH}:/home/hp/ROS2_WS/install/my_robot_controller:/home/hp/ROS2_WS/install/my_exo:/home/hp/ROS2_WS/install/dynamic_tf:/home/hp/ROS2_WS/install/Dynamic_tf:/home/hp/ROS2_WS/install/DYNAMIC_TF:/home/hp/ROS2_WS/src/install/my_robot_controller:/home/hp/ROS2_WS/src/install/my_exo:/home/hp/ROS2_WS/src/install/dynamic_tf:/opt/ros/humble CONDA_PROMPT_MODIFIER=(base) /usr/bin/cmake --install /home/hp/ROS2_WS/src/build/rplidar_ros
