[  0%] Built target ament_cmake_python_symlink_slam_toolbox
running egg_info
writing slam_toolbox.egg-info/PKG-INFO
writing dependency_links to slam_toolbox.egg-info/dependency_links.txt
writing top-level names to slam_toolbox.egg-info/top_level.txt
[  0%] Built target slam_toolbox__cpp
reading manifest file 'slam_toolbox.egg-info/SOURCES.txt'
writing manifest file 'slam_toolbox.egg-info/SOURCES.txt'
[  0%] Built target ament_cmake_python_build_slam_toolbox_egg
[  9%] Built target slam_toolbox__rosidl_generator_c
[ 18%] Built target slam_toolbox__rosidl_typesupport_c
[ 27%] Built target slam_toolbox__rosidl_typesupport_fastrtps_c
[ 36%] Built target slam_toolbox__rosidl_typesupport_introspection_c
[ 45%] Built target slam_toolbox__rosidl_typesupport_introspection_cpp
[ 54%] Built target slam_toolbox__rosidl_typesupport_fastrtps_cpp
[ 63%] Built target slam_toolbox__rosidl_typesupport_cpp
[ 63%] Built target slam_toolbox
[ 64%] Built target slam_toolbox__py
[ 72%] Built target slam_toolbox__rosidl_generator_py
[ 73%] Built target slam_toolbox__rosidl_typesupport_fastrtps_c__pyext
[ 74%] Built target slam_toolbox__rosidl_typesupport_introspection_c__pyext
[ 75%] Built target slam_toolbox__rosidl_typesupport_c__pyext
[ 77%] Built target SlamToolboxPlugin
[ 79%] Built target kartoSlamToolbox
[35m[1mConsolidate compiler generated dependencies of target ceres_solver_plugin[0m
[35m[1mConsolidate compiler generated dependencies of target toolbox_common[0m
[ 80%] Built target ceres_solver_plugin
[ 85%] Built target toolbox_common
[ 86%] [32mBuilding CXX object CMakeFiles/async_slam_toolbox.dir/src/slam_toolbox_async.cpp.o[0m
[ 86%] [32mBuilding CXX object CMakeFiles/sync_slam_toolbox.dir/src/slam_toolbox_sync.cpp.o[0m
[ 87%] [32mBuilding CXX object CMakeFiles/localization_slam_toolbox.dir/src/slam_toolbox_localization.cpp.o[0m
[ 88%] [32mBuilding CXX object CMakeFiles/merge_maps_kinematic.dir/src/merge_maps_kinematic.cpp.o[0m
[ 89%] [32mBuilding CXX object CMakeFiles/lifelong_slam_toolbox.dir/src/experimental/slam_toolbox_lifelong.cpp.o[0m
