[0.430s] Invoking command in '/home/hp/ROS2_WS/src/build/articubot_one': CMAKE_PREFIX_PATH=${CMAKE_PREFIX_PATH}:/home/hp/ROS2_WS/install/my_robot_controller:/home/hp/ROS2_WS/install/my_exo:/home/hp/ROS2_WS/src/install/my_robot_controller:/home/hp/ROS2_WS/src/install/my_exo:/opt/ros/humble CONDA_PROMPT_MODIFIER=(base) /usr/bin/cmake --build /home/hp/ROS2_WS/src/build/articubot_one -- -j8 -l8
[1.310s] Invoked command in '/home/hp/ROS2_WS/src/build/articubot_one' returned '0': CMAKE_PREFIX_PATH=${CMAKE_PREFIX_PATH}:/home/hp/ROS2_WS/install/my_robot_controller:/home/hp/ROS2_WS/install/my_exo:/home/hp/ROS2_WS/src/install/my_robot_controller:/home/hp/ROS2_WS/src/install/my_exo:/opt/ros/humble CONDA_PROMPT_MODIFIER=(base) /usr/bin/cmake --build /home/hp/ROS2_WS/src/build/articubot_one -- -j8 -l8
[1.341s] Invoking command in '/home/hp/ROS2_WS/src/build/articubot_one': CMAKE_PREFIX_PATH=${CMAKE_PREFIX_PATH}:/home/hp/ROS2_WS/install/my_robot_controller:/home/hp/ROS2_WS/install/my_exo:/home/hp/ROS2_WS/src/install/my_robot_controller:/home/hp/ROS2_WS/src/install/my_exo:/opt/ros/humble CONDA_PROMPT_MODIFIER=(base) /usr/bin/cmake --install /home/hp/ROS2_WS/src/build/articubot_one
[1.357s] -- Install configuration: ""
[1.384s] -- Execute custom install script
[1.385s] -- Up-to-date symlink: /home/hp/ROS2_WS/src/install/articubot_one/share/articubot_one/config/ball_tracker_params_robot.yaml
[1.385s] -- Up-to-date symlink: /home/hp/ROS2_WS/src/install/articubot_one/share/articubot_one/config/ball_tracker_params_sim.yaml
[1.386s] -- Up-to-date symlink: /home/hp/ROS2_WS/src/install/articubot_one/share/articubot_one/config/drive_bot.rviz
[1.386s] -- Up-to-date symlink: /home/hp/ROS2_WS/src/install/articubot_one/share/articubot_one/config/empty.yaml
[1.386s] -- Up-to-date symlink: /home/hp/ROS2_WS/src/install/articubot_one/share/articubot_one/config/gaz_ros2_ctl_use_sim.yaml
[1.387s] -- Up-to-date symlink: /home/hp/ROS2_WS/src/install/articubot_one/share/articubot_one/config/gazebo_params.yaml
[1.387s] -- Up-to-date symlink: /home/hp/ROS2_WS/src/install/articubot_one/share/articubot_one/config/joystick.yaml
[1.387s] -- Up-to-date symlink: /home/hp/ROS2_WS/src/install/articubot_one/share/articubot_one/config/main.rviz
[1.388s] -- Up-to-date symlink: /home/hp/ROS2_WS/src/install/articubot_one/share/articubot_one/config/map.rviz
[1.388s] -- Up-to-date symlink: /home/hp/ROS2_WS/src/install/articubot_one/share/articubot_one/config/mapper_params_online_async.yaml
[1.388s] -- Up-to-date symlink: /home/hp/ROS2_WS/src/install/articubot_one/share/articubot_one/config/my_controllers.yaml
[1.388s] -- Up-to-date symlink: /home/hp/ROS2_WS/src/install/articubot_one/share/articubot_one/config/nav2_params.yaml
[1.388s] -- Up-to-date symlink: /home/hp/ROS2_WS/src/install/articubot_one/share/articubot_one/config/twist_mux.yaml
[1.389s] -- Up-to-date symlink: /home/hp/ROS2_WS/src/install/articubot_one/share/articubot_one/config/view_bot.rviz
[1.389s] -- Up-to-date symlink: /home/hp/ROS2_WS/src/install/articubot_one/share/articubot_one/description/camera.xacro
[1.389s] -- Up-to-date symlink: /home/hp/ROS2_WS/src/install/articubot_one/share/articubot_one/description/depth_camera.xacro
[1.390s] -- Up-to-date symlink: /home/hp/ROS2_WS/src/install/articubot_one/share/articubot_one/description/face.xacro
[1.390s] -- Up-to-date symlink: /home/hp/ROS2_WS/src/install/articubot_one/share/articubot_one/description/gazebo_control.xacro
[1.390s] -- Up-to-date symlink: /home/hp/ROS2_WS/src/install/articubot_one/share/articubot_one/description/inertial_macros.xacro
[1.390s] -- Up-to-date symlink: /home/hp/ROS2_WS/src/install/articubot_one/share/articubot_one/description/lidar.xacro
[1.390s] -- Up-to-date symlink: /home/hp/ROS2_WS/src/install/articubot_one/share/articubot_one/description/robot.urdf.xacro
[1.391s] -- Up-to-date symlink: /home/hp/ROS2_WS/src/install/articubot_one/share/articubot_one/description/robot_core.xacro
[1.391s] -- Up-to-date symlink: /home/hp/ROS2_WS/src/install/articubot_one/share/articubot_one/description/ros2_control.xacro
[1.391s] -- Up-to-date symlink: /home/hp/ROS2_WS/src/install/articubot_one/share/articubot_one/launch/ball_tracker.launch.py
[1.392s] -- Up-to-date symlink: /home/hp/ROS2_WS/src/install/articubot_one/share/articubot_one/launch/camera.launch.py
[1.392s] -- Up-to-date symlink: /home/hp/ROS2_WS/src/install/articubot_one/share/articubot_one/launch/joystick.launch.py
[1.392s] -- Up-to-date symlink: /home/hp/ROS2_WS/src/install/articubot_one/share/articubot_one/launch/launch_robot.launch.py
[1.392s] -- Up-to-date symlink: /home/hp/ROS2_WS/src/install/articubot_one/share/articubot_one/launch/launch_sim.launch.py
[1.392s] -- Up-to-date symlink: /home/hp/ROS2_WS/src/install/articubot_one/share/articubot_one/launch/localization_launch.py
[1.392s] -- Up-to-date symlink: /home/hp/ROS2_WS/src/install/articubot_one/share/articubot_one/launch/navigation_launch.py
[1.393s] -- Up-to-date symlink: /home/hp/ROS2_WS/src/install/articubot_one/share/articubot_one/launch/online_async_launch.py
[1.393s] -- Up-to-date symlink: /home/hp/ROS2_WS/src/install/articubot_one/share/articubot_one/launch/rplidar.launch.py
[1.393s] -- Up-to-date symlink: /home/hp/ROS2_WS/src/install/articubot_one/share/articubot_one/launch/rsp.launch.py
[1.393s] -- Up-to-date symlink: /home/hp/ROS2_WS/src/install/articubot_one/share/articubot_one/worlds/empty.world
[1.393s] -- Up-to-date symlink: /home/hp/ROS2_WS/src/install/articubot_one/share/articubot_one/worlds/obstacles.world
[1.393s] -- Up-to-date symlink: /home/hp/ROS2_WS/src/install/articubot_one/share/ament_index/resource_index/package_run_dependencies/articubot_one
[1.394s] -- Up-to-date symlink: /home/hp/ROS2_WS/src/install/articubot_one/share/ament_index/resource_index/parent_prefix_path/articubot_one
[1.394s] -- Up-to-date symlink: /home/hp/ROS2_WS/src/install/articubot_one/share/articubot_one/environment/ament_prefix_path.sh
[1.394s] -- Up-to-date symlink: /home/hp/ROS2_WS/src/install/articubot_one/share/articubot_one/environment/ament_prefix_path.dsv
[1.394s] -- Up-to-date symlink: /home/hp/ROS2_WS/src/install/articubot_one/share/articubot_one/environment/path.sh
[1.394s] -- Up-to-date symlink: /home/hp/ROS2_WS/src/install/articubot_one/share/articubot_one/environment/path.dsv
[1.395s] -- Up-to-date symlink: /home/hp/ROS2_WS/src/install/articubot_one/share/articubot_one/local_setup.bash
[1.395s] -- Up-to-date symlink: /home/hp/ROS2_WS/src/install/articubot_one/share/articubot_one/local_setup.sh
[1.395s] -- Up-to-date symlink: /home/hp/ROS2_WS/src/install/articubot_one/share/articubot_one/local_setup.zsh
[1.395s] -- Up-to-date symlink: /home/hp/ROS2_WS/src/install/articubot_one/share/articubot_one/local_setup.dsv
[1.395s] -- Symlinking: /home/hp/ROS2_WS/src/install/articubot_one/share/articubot_one/package.dsv
[1.406s] -- Up-to-date symlink: /home/hp/ROS2_WS/src/install/articubot_one/share/ament_index/resource_index/packages/articubot_one
[1.406s] -- Up-to-date symlink: /home/hp/ROS2_WS/src/install/articubot_one/share/articubot_one/cmake/articubot_oneConfig.cmake
[1.407s] -- Up-to-date symlink: /home/hp/ROS2_WS/src/install/articubot_one/share/articubot_one/cmake/articubot_oneConfig-version.cmake
[1.407s] -- Up-to-date symlink: /home/hp/ROS2_WS/src/install/articubot_one/share/articubot_one/package.xml
[1.409s] Invoked command in '/home/hp/ROS2_WS/src/build/articubot_one' returned '0': CMAKE_PREFIX_PATH=${CMAKE_PREFIX_PATH}:/home/hp/ROS2_WS/install/my_robot_controller:/home/hp/ROS2_WS/install/my_exo:/home/hp/ROS2_WS/src/install/my_robot_controller:/home/hp/ROS2_WS/src/install/my_exo:/opt/ros/humble CONDA_PROMPT_MODIFIER=(base) /usr/bin/cmake --install /home/hp/ROS2_WS/src/build/articubot_one
