[0.088s] DEBUG:colcon:Command line arguments: ['/usr/bin/colcon', 'build', '--symlink-install']
[0.088s] DEBUG:colcon:Parsed command line arguments: Namespace(log_base=None, log_level=None, verb_name='build', build_base='build', install_base='install', merge_install=False, symlink_install=True, test_result_base=None, continue_on_error=False, executor='parallel', parallel_workers=8, event_handlers=None, ignore_user_meta=False, metas=['./colcon.meta'], base_paths=['.'], packages_ignore=None, packages_ignore_regex=None, paths=None, packages_up_to=None, packages_up_to_regex=None, packages_above=None, packages_above_and_dependencies=None, packages_above_depth=None, packages_select_by_dep=None, packages_skip_by_dep=None, packages_skip_up_to=None, packages_select_build_failed=False, packages_skip_build_finished=False, packages_select_test_failures=False, packages_skip_test_passed=False, packages_select=None, packages_skip=None, packages_select_regex=None, packages_skip_regex=None, packages_start=None, packages_end=None, allow_overriding=[], cmake_args=None, cmake_target=None, cmake_target_skip_unavailable=False, cmake_clean_cache=False, cmake_clean_first=False, cmake_force_configure=False, ament_cmake_args=None, catkin_cmake_args=None, catkin_skip_building_tests=False, verb_parser=<colcon_defaults.argument_parser.defaults.DefaultArgumentsDecorator object at 0x7b96dcdd6d10>, verb_extension=<colcon_core.verb.build.BuildVerb object at 0x7b96dcdd5c30>, main=<bound method BuildVerb.main of <colcon_core.verb.build.BuildVerb object at 0x7b96dcdd5c30>>)
[0.248s] Level 1:colcon.colcon_core.package_discovery:discover_packages(colcon_meta) check parameters
[0.248s] Level 1:colcon.colcon_core.package_discovery:discover_packages(recursive) check parameters
[0.248s] Level 1:colcon.colcon_core.package_discovery:discover_packages(ignore) check parameters
[0.248s] Level 1:colcon.colcon_core.package_discovery:discover_packages(path) check parameters
[0.248s] Level 1:colcon.colcon_core.package_discovery:discover_packages(colcon_meta) discover
[0.248s] Level 1:colcon.colcon_core.package_discovery:discover_packages(recursive) discover
[0.248s] INFO:colcon.colcon_core.package_discovery:Crawling recursively for packages in '/home/hp/ROS2_WS'
[0.248s] Level 1:colcon.colcon_core.package_identification:_identify(.) by extensions ['ignore', 'ignore_ament_install']
[0.248s] Level 1:colcon.colcon_core.package_identification:_identify(.) by extension 'ignore'
[0.248s] Level 1:colcon.colcon_core.package_identification:_identify(.) by extension 'ignore_ament_install'
[0.248s] Level 1:colcon.colcon_core.package_identification:_identify(.) by extensions ['colcon_pkg']
[0.248s] Level 1:colcon.colcon_core.package_identification:_identify(.) by extension 'colcon_pkg'
[0.248s] Level 1:colcon.colcon_core.package_identification:_identify(.) by extensions ['colcon_meta']
[0.249s] Level 1:colcon.colcon_core.package_identification:_identify(.) by extension 'colcon_meta'
[0.249s] Level 1:colcon.colcon_core.package_identification:_identify(.) by extensions ['ros']
[0.249s] Level 1:colcon.colcon_core.package_identification:_identify(.) by extension 'ros'
[0.258s] Level 1:colcon.colcon_core.package_identification:_identify(.) by extensions ['cmake', 'python']
[0.258s] Level 1:colcon.colcon_core.package_identification:_identify(.) by extension 'cmake'
[0.258s] Level 1:colcon.colcon_core.package_identification:_identify(.) by extension 'python'
[0.258s] Level 1:colcon.colcon_core.package_identification:_identify(.) by extensions ['python_setup_py']
[0.258s] Level 1:colcon.colcon_core.package_identification:_identify(.) by extension 'python_setup_py'
[0.258s] Level 1:colcon.colcon_core.package_identification:_identify(build) by extensions ['ignore', 'ignore_ament_install']
[0.259s] Level 1:colcon.colcon_core.package_identification:_identify(build) by extension 'ignore'
[0.259s] Level 1:colcon.colcon_core.package_identification:_identify(build) ignored
[0.259s] Level 1:colcon.colcon_core.package_identification:_identify(install) by extensions ['ignore', 'ignore_ament_install']
[0.259s] Level 1:colcon.colcon_core.package_identification:_identify(install) by extension 'ignore'
[0.259s] Level 1:colcon.colcon_core.package_identification:_identify(install) ignored
[0.259s] Level 1:colcon.colcon_core.package_identification:_identify(log) by extensions ['ignore', 'ignore_ament_install']
[0.259s] Level 1:colcon.colcon_core.package_identification:_identify(log) by extension 'ignore'
[0.259s] Level 1:colcon.colcon_core.package_identification:_identify(log) ignored
[0.259s] Level 1:colcon.colcon_core.package_identification:_identify(src) by extensions ['ignore', 'ignore_ament_install']
[0.259s] Level 1:colcon.colcon_core.package_identification:_identify(src) by extension 'ignore'
[0.259s] Level 1:colcon.colcon_core.package_identification:_identify(src) by extension 'ignore_ament_install'
[0.259s] Level 1:colcon.colcon_core.package_identification:_identify(src) by extensions ['colcon_pkg']
[0.259s] Level 1:colcon.colcon_core.package_identification:_identify(src) by extension 'colcon_pkg'
[0.259s] Level 1:colcon.colcon_core.package_identification:_identify(src) by extensions ['colcon_meta']
[0.259s] Level 1:colcon.colcon_core.package_identification:_identify(src) by extension 'colcon_meta'
[0.259s] Level 1:colcon.colcon_core.package_identification:_identify(src) by extensions ['ros']
[0.259s] Level 1:colcon.colcon_core.package_identification:_identify(src) by extension 'ros'
[0.259s] Level 1:colcon.colcon_core.package_identification:_identify(src) by extensions ['cmake', 'python']
[0.259s] Level 1:colcon.colcon_core.package_identification:_identify(src) by extension 'cmake'
[0.259s] Level 1:colcon.colcon_core.package_identification:_identify(src) by extension 'python'
[0.259s] Level 1:colcon.colcon_core.package_identification:_identify(src) by extensions ['python_setup_py']
[0.259s] Level 1:colcon.colcon_core.package_identification:_identify(src) by extension 'python_setup_py'
[0.259s] Level 1:colcon.colcon_core.package_identification:_identify(src/build) by extensions ['ignore', 'ignore_ament_install']
[0.260s] Level 1:colcon.colcon_core.package_identification:_identify(src/build) by extension 'ignore'
[0.260s] Level 1:colcon.colcon_core.package_identification:_identify(src/build) ignored
[0.260s] Level 1:colcon.colcon_core.package_identification:_identify(src/dynamic_tf) by extensions ['ignore', 'ignore_ament_install']
[0.260s] Level 1:colcon.colcon_core.package_identification:_identify(src/dynamic_tf) by extension 'ignore'
[0.260s] Level 1:colcon.colcon_core.package_identification:_identify(src/dynamic_tf) by extension 'ignore_ament_install'
[0.260s] Level 1:colcon.colcon_core.package_identification:_identify(src/dynamic_tf) by extensions ['colcon_pkg']
[0.260s] Level 1:colcon.colcon_core.package_identification:_identify(src/dynamic_tf) by extension 'colcon_pkg'
[0.260s] Level 1:colcon.colcon_core.package_identification:_identify(src/dynamic_tf) by extensions ['colcon_meta']
[0.260s] Level 1:colcon.colcon_core.package_identification:_identify(src/dynamic_tf) by extension 'colcon_meta'
[0.260s] Level 1:colcon.colcon_core.package_identification:_identify(src/dynamic_tf) by extensions ['ros']
[0.260s] Level 1:colcon.colcon_core.package_identification:_identify(src/dynamic_tf) by extension 'ros'
[0.262s] DEBUG:colcon.colcon_core.package_identification:Package 'src/dynamic_tf' with type 'ros.ament_python' and name 'dynamic_tf'
[0.262s] Level 1:colcon.colcon_core.package_identification:_identify(src/install) by extensions ['ignore', 'ignore_ament_install']
[0.262s] Level 1:colcon.colcon_core.package_identification:_identify(src/install) by extension 'ignore'
[0.262s] Level 1:colcon.colcon_core.package_identification:_identify(src/install) ignored
[0.263s] Level 1:colcon.colcon_core.package_identification:_identify(src/lidar2_data.bag) by extensions ['ignore', 'ignore_ament_install']
[0.263s] Level 1:colcon.colcon_core.package_identification:_identify(src/lidar2_data.bag) by extension 'ignore'
[0.263s] Level 1:colcon.colcon_core.package_identification:_identify(src/lidar2_data.bag) by extension 'ignore_ament_install'
[0.263s] Level 1:colcon.colcon_core.package_identification:_identify(src/lidar2_data.bag) by extensions ['colcon_pkg']
[0.263s] Level 1:colcon.colcon_core.package_identification:_identify(src/lidar2_data.bag) by extension 'colcon_pkg'
[0.263s] Level 1:colcon.colcon_core.package_identification:_identify(src/lidar2_data.bag) by extensions ['colcon_meta']
[0.263s] Level 1:colcon.colcon_core.package_identification:_identify(src/lidar2_data.bag) by extension 'colcon_meta'
[0.263s] Level 1:colcon.colcon_core.package_identification:_identify(src/lidar2_data.bag) by extensions ['ros']
[0.263s] Level 1:colcon.colcon_core.package_identification:_identify(src/lidar2_data.bag) by extension 'ros'
[0.263s] Level 1:colcon.colcon_core.package_identification:_identify(src/lidar2_data.bag) by extensions ['cmake', 'python']
[0.263s] Level 1:colcon.colcon_core.package_identification:_identify(src/lidar2_data.bag) by extension 'cmake'
[0.263s] Level 1:colcon.colcon_core.package_identification:_identify(src/lidar2_data.bag) by extension 'python'
[0.263s] Level 1:colcon.colcon_core.package_identification:_identify(src/lidar2_data.bag) by extensions ['python_setup_py']
[0.263s] Level 1:colcon.colcon_core.package_identification:_identify(src/lidar2_data.bag) by extension 'python_setup_py'
[0.263s] Level 1:colcon.colcon_core.package_identification:_identify(src/lidar_data) by extensions ['ignore', 'ignore_ament_install']
[0.263s] Level 1:colcon.colcon_core.package_identification:_identify(src/lidar_data) by extension 'ignore'
[0.263s] Level 1:colcon.colcon_core.package_identification:_identify(src/lidar_data) by extension 'ignore_ament_install'
[0.263s] Level 1:colcon.colcon_core.package_identification:_identify(src/lidar_data) by extensions ['colcon_pkg']
[0.263s] Level 1:colcon.colcon_core.package_identification:_identify(src/lidar_data) by extension 'colcon_pkg'
[0.263s] Level 1:colcon.colcon_core.package_identification:_identify(src/lidar_data) by extensions ['colcon_meta']
[0.263s] Level 1:colcon.colcon_core.package_identification:_identify(src/lidar_data) by extension 'colcon_meta'
[0.263s] Level 1:colcon.colcon_core.package_identification:_identify(src/lidar_data) by extensions ['ros']
[0.263s] Level 1:colcon.colcon_core.package_identification:_identify(src/lidar_data) by extension 'ros'
[0.263s] Level 1:colcon.colcon_core.package_identification:_identify(src/lidar_data) by extensions ['cmake', 'python']
[0.263s] Level 1:colcon.colcon_core.package_identification:_identify(src/lidar_data) by extension 'cmake'
[0.263s] Level 1:colcon.colcon_core.package_identification:_identify(src/lidar_data) by extension 'python'
[0.263s] Level 1:colcon.colcon_core.package_identification:_identify(src/lidar_data) by extensions ['python_setup_py']
[0.263s] Level 1:colcon.colcon_core.package_identification:_identify(src/lidar_data) by extension 'python_setup_py'
[0.264s] Level 1:colcon.colcon_core.package_identification:_identify(src/lidar_data.bag) by extensions ['ignore', 'ignore_ament_install']
[0.264s] Level 1:colcon.colcon_core.package_identification:_identify(src/lidar_data.bag) by extension 'ignore'
[0.264s] Level 1:colcon.colcon_core.package_identification:_identify(src/lidar_data.bag) by extension 'ignore_ament_install'
[0.264s] Level 1:colcon.colcon_core.package_identification:_identify(src/lidar_data.bag) by extensions ['colcon_pkg']
[0.264s] Level 1:colcon.colcon_core.package_identification:_identify(src/lidar_data.bag) by extension 'colcon_pkg'
[0.264s] Level 1:colcon.colcon_core.package_identification:_identify(src/lidar_data.bag) by extensions ['colcon_meta']
[0.264s] Level 1:colcon.colcon_core.package_identification:_identify(src/lidar_data.bag) by extension 'colcon_meta'
[0.264s] Level 1:colcon.colcon_core.package_identification:_identify(src/lidar_data.bag) by extensions ['ros']
[0.264s] Level 1:colcon.colcon_core.package_identification:_identify(src/lidar_data.bag) by extension 'ros'
[0.264s] Level 1:colcon.colcon_core.package_identification:_identify(src/lidar_data.bag) by extensions ['cmake', 'python']
[0.264s] Level 1:colcon.colcon_core.package_identification:_identify(src/lidar_data.bag) by extension 'cmake'
[0.264s] Level 1:colcon.colcon_core.package_identification:_identify(src/lidar_data.bag) by extension 'python'
[0.264s] Level 1:colcon.colcon_core.package_identification:_identify(src/lidar_data.bag) by extensions ['python_setup_py']
[0.264s] Level 1:colcon.colcon_core.package_identification:_identify(src/lidar_data.bag) by extension 'python_setup_py'
[0.264s] Level 1:colcon.colcon_core.package_identification:_identify(src/log) by extensions ['ignore', 'ignore_ament_install']
[0.264s] Level 1:colcon.colcon_core.package_identification:_identify(src/log) by extension 'ignore'
[0.264s] Level 1:colcon.colcon_core.package_identification:_identify(src/log) ignored
[0.264s] Level 1:colcon.colcon_core.package_identification:_identify(src/my_exo) by extensions ['ignore', 'ignore_ament_install']
[0.264s] Level 1:colcon.colcon_core.package_identification:_identify(src/my_exo) by extension 'ignore'
[0.264s] Level 1:colcon.colcon_core.package_identification:_identify(src/my_exo) by extension 'ignore_ament_install'
[0.264s] Level 1:colcon.colcon_core.package_identification:_identify(src/my_exo) by extensions ['colcon_pkg']
[0.264s] Level 1:colcon.colcon_core.package_identification:_identify(src/my_exo) by extension 'colcon_pkg'
[0.265s] Level 1:colcon.colcon_core.package_identification:_identify(src/my_exo) by extensions ['colcon_meta']
[0.265s] Level 1:colcon.colcon_core.package_identification:_identify(src/my_exo) by extension 'colcon_meta'
[0.265s] Level 1:colcon.colcon_core.package_identification:_identify(src/my_exo) by extensions ['ros']
[0.265s] Level 1:colcon.colcon_core.package_identification:_identify(src/my_exo) by extension 'ros'
[0.274s] DEBUG:colcon.colcon_core.package_identification:Package 'src/my_exo' with type 'ros.ament_python' and name 'my_exo'
[0.274s] Level 1:colcon.colcon_core.package_identification:_identify(src/my_robot_controller) by extensions ['ignore', 'ignore_ament_install']
[0.274s] Level 1:colcon.colcon_core.package_identification:_identify(src/my_robot_controller) by extension 'ignore'
[0.274s] Level 1:colcon.colcon_core.package_identification:_identify(src/my_robot_controller) by extension 'ignore_ament_install'
[0.274s] Level 1:colcon.colcon_core.package_identification:_identify(src/my_robot_controller) by extensions ['colcon_pkg']
[0.274s] Level 1:colcon.colcon_core.package_identification:_identify(src/my_robot_controller) by extension 'colcon_pkg'
[0.274s] Level 1:colcon.colcon_core.package_identification:_identify(src/my_robot_controller) by extensions ['colcon_meta']
[0.274s] Level 1:colcon.colcon_core.package_identification:_identify(src/my_robot_controller) by extension 'colcon_meta'
[0.274s] Level 1:colcon.colcon_core.package_identification:_identify(src/my_robot_controller) by extensions ['ros']
[0.274s] Level 1:colcon.colcon_core.package_identification:_identify(src/my_robot_controller) by extension 'ros'
[0.275s] DEBUG:colcon.colcon_core.package_identification:Package 'src/my_robot_controller' with type 'ros.ament_python' and name 'my_robot_controller'
[0.275s] Level 1:colcon.colcon_core.package_identification:_identify(src/rplidar_ros) by extensions ['ignore', 'ignore_ament_install']
[0.275s] Level 1:colcon.colcon_core.package_identification:_identify(src/rplidar_ros) by extension 'ignore'
[0.275s] Level 1:colcon.colcon_core.package_identification:_identify(src/rplidar_ros) by extension 'ignore_ament_install'
[0.275s] Level 1:colcon.colcon_core.package_identification:_identify(src/rplidar_ros) by extensions ['colcon_pkg']
[0.275s] Level 1:colcon.colcon_core.package_identification:_identify(src/rplidar_ros) by extension 'colcon_pkg'
[0.275s] Level 1:colcon.colcon_core.package_identification:_identify(src/rplidar_ros) by extensions ['colcon_meta']
[0.275s] Level 1:colcon.colcon_core.package_identification:_identify(src/rplidar_ros) by extension 'colcon_meta'
[0.275s] Level 1:colcon.colcon_core.package_identification:_identify(src/rplidar_ros) by extensions ['ros']
[0.275s] Level 1:colcon.colcon_core.package_identification:_identify(src/rplidar_ros) by extension 'ros'
[0.276s] DEBUG:colcon.colcon_core.package_identification:Package 'src/rplidar_ros' with type 'ros.ament_cmake' and name 'rplidar_ros'
[0.276s] Level 1:colcon.colcon_core.package_identification:_identify(src/slam_toolbox) by extensions ['ignore', 'ignore_ament_install']
[0.276s] Level 1:colcon.colcon_core.package_identification:_identify(src/slam_toolbox) by extension 'ignore'
[0.276s] Level 1:colcon.colcon_core.package_identification:_identify(src/slam_toolbox) by extension 'ignore_ament_install'
[0.276s] Level 1:colcon.colcon_core.package_identification:_identify(src/slam_toolbox) by extensions ['colcon_pkg']
[0.276s] Level 1:colcon.colcon_core.package_identification:_identify(src/slam_toolbox) by extension 'colcon_pkg'
[0.276s] Level 1:colcon.colcon_core.package_identification:_identify(src/slam_toolbox) by extensions ['colcon_meta']
[0.276s] Level 1:colcon.colcon_core.package_identification:_identify(src/slam_toolbox) by extension 'colcon_meta'
[0.276s] Level 1:colcon.colcon_core.package_identification:_identify(src/slam_toolbox) by extensions ['ros']
[0.276s] Level 1:colcon.colcon_core.package_identification:_identify(src/slam_toolbox) by extension 'ros'
[0.278s] DEBUG:colcon.colcon_core.package_identification:Package 'src/slam_toolbox' with type 'ros.ament_cmake' and name 'slam_toolbox'
[0.278s] Level 1:colcon.colcon_core.package_identification:_identify(src/tf_transform) by extensions ['ignore', 'ignore_ament_install']
[0.278s] Level 1:colcon.colcon_core.package_identification:_identify(src/tf_transform) by extension 'ignore'
[0.278s] Level 1:colcon.colcon_core.package_identification:_identify(src/tf_transform) by extension 'ignore_ament_install'
[0.278s] Level 1:colcon.colcon_core.package_identification:_identify(src/tf_transform) by extensions ['colcon_pkg']
[0.278s] Level 1:colcon.colcon_core.package_identification:_identify(src/tf_transform) by extension 'colcon_pkg'
[0.278s] Level 1:colcon.colcon_core.package_identification:_identify(src/tf_transform) by extensions ['colcon_meta']
[0.278s] Level 1:colcon.colcon_core.package_identification:_identify(src/tf_transform) by extension 'colcon_meta'
[0.278s] Level 1:colcon.colcon_core.package_identification:_identify(src/tf_transform) by extensions ['ros']
[0.278s] Level 1:colcon.colcon_core.package_identification:_identify(src/tf_transform) by extension 'ros'
[0.278s] Level 1:colcon.colcon_core.package_identification:_identify(src/tf_transform) by extensions ['cmake', 'python']
[0.278s] Level 1:colcon.colcon_core.package_identification:_identify(src/tf_transform) by extension 'cmake'
[0.278s] Level 1:colcon.colcon_core.package_identification:_identify(src/tf_transform) by extension 'python'
[0.278s] Level 1:colcon.colcon_core.package_identification:_identify(src/tf_transform) by extensions ['python_setup_py']
[0.278s] Level 1:colcon.colcon_core.package_identification:_identify(src/tf_transform) by extension 'python_setup_py'
[0.278s] Level 1:colcon.colcon_core.package_identification:_identify(urdf) by extensions ['ignore', 'ignore_ament_install']
[0.278s] Level 1:colcon.colcon_core.package_identification:_identify(urdf) by extension 'ignore'
[0.278s] Level 1:colcon.colcon_core.package_identification:_identify(urdf) by extension 'ignore_ament_install'
[0.278s] Level 1:colcon.colcon_core.package_identification:_identify(urdf) by extensions ['colcon_pkg']
[0.278s] Level 1:colcon.colcon_core.package_identification:_identify(urdf) by extension 'colcon_pkg'
[0.278s] Level 1:colcon.colcon_core.package_identification:_identify(urdf) by extensions ['colcon_meta']
[0.278s] Level 1:colcon.colcon_core.package_identification:_identify(urdf) by extension 'colcon_meta'
[0.278s] Level 1:colcon.colcon_core.package_identification:_identify(urdf) by extensions ['ros']
[0.278s] Level 1:colcon.colcon_core.package_identification:_identify(urdf) by extension 'ros'
[0.279s] Level 1:colcon.colcon_core.package_identification:_identify(urdf) by extensions ['cmake', 'python']
[0.279s] Level 1:colcon.colcon_core.package_identification:_identify(urdf) by extension 'cmake'
[0.279s] Level 1:colcon.colcon_core.package_identification:_identify(urdf) by extension 'python'
[0.279s] Level 1:colcon.colcon_core.package_identification:_identify(urdf) by extensions ['python_setup_py']
[0.279s] Level 1:colcon.colcon_core.package_identification:_identify(urdf) by extension 'python_setup_py'
[0.279s] Level 1:colcon.colcon_core.package_discovery:discover_packages(recursive) using defaults
[0.279s] Level 1:colcon.colcon_core.package_discovery:discover_packages(ignore) discover
[0.279s] Level 1:colcon.colcon_core.package_discovery:discover_packages(ignore) using defaults
[0.279s] Level 1:colcon.colcon_core.package_discovery:discover_packages(path) discover
[0.279s] Level 1:colcon.colcon_core.package_discovery:discover_packages(path) using defaults
[0.296s] Level 1:colcon.colcon_core.package_discovery:discover_packages(prefix_path) check parameters
[0.297s] Level 1:colcon.colcon_core.package_discovery:discover_packages(prefix_path) discover
[0.297s] WARNING:colcon.colcon_ros.prefix_path.ament:The path '/home/hp/ROS2_WS/install/rplidar_ros' in the environment variable AMENT_PREFIX_PATH doesn't exist
[0.297s] WARNING:colcon.colcon_ros.prefix_path.ament:The path '/home/hp/ROS2_WS/install/my_robot_controller' in the environment variable AMENT_PREFIX_PATH doesn't exist
[0.297s] WARNING:colcon.colcon_ros.prefix_path.ament:The path '/home/hp/ROS2_WS/install/my_exo' in the environment variable AMENT_PREFIX_PATH doesn't exist
[0.297s] WARNING:colcon.colcon_ros.prefix_path.ament:The path '/home/hp/ROS2_WS/install/dynamic_tf' in the environment variable AMENT_PREFIX_PATH doesn't exist
[0.298s] WARNING:colcon.colcon_ros.prefix_path.catkin:The path '/home/hp/ROS2_WS/install/rplidar_ros' in the environment variable CMAKE_PREFIX_PATH doesn't exist
[0.298s] DEBUG:colcon.colcon_installed_package_information.package_discovery:Found 0 installed packages in /home/hp/ROS2_WS/install
[0.299s] DEBUG:colcon.colcon_installed_package_information.package_discovery:Found 7 installed packages in /home/hp/ROS2_WS/src/install
[0.300s] DEBUG:colcon.colcon_installed_package_information.package_discovery:Found 386 installed packages in /opt/ros/humble
[0.302s] Level 1:colcon.colcon_core.package_discovery:discover_packages(prefix_path) using defaults
[0.345s] WARNING:colcon.colcon_core.package_selection:Some selected packages are already built in one or more underlay workspaces:
	'slam_toolbox' is in: /home/hp/ROS2_WS/src/install/slam_toolbox, /opt/ros/humble
If a package in a merged underlay workspace is overridden and it installs headers, then all packages in the overlay must sort their include directories by workspace order. Failure to do so may result in build failures or undefined behavior at run time.
If the overridden package is used by another package in any underlay, then the overriding package in the overlay must be API and ABI compatible or undefined behavior at run time may occur.

If you understand the risks and want to override a package anyways, add the following to the command line:
	--allow-overriding slam_toolbox

This may be promoted to an error in a future release of colcon-override-check.
[0.346s] Level 5:colcon.colcon_core.verb:set package 'dynamic_tf' build argument 'cmake_args' from command line to 'None'
[0.346s] Level 5:colcon.colcon_core.verb:set package 'dynamic_tf' build argument 'cmake_target' from command line to 'None'
[0.346s] Level 5:colcon.colcon_core.verb:set package 'dynamic_tf' build argument 'cmake_target_skip_unavailable' from command line to 'False'
[0.346s] Level 5:colcon.colcon_core.verb:set package 'dynamic_tf' build argument 'cmake_clean_cache' from command line to 'False'
[0.346s] Level 5:colcon.colcon_core.verb:set package 'dynamic_tf' build argument 'cmake_clean_first' from command line to 'False'
[0.346s] Level 5:colcon.colcon_core.verb:set package 'dynamic_tf' build argument 'cmake_force_configure' from command line to 'False'
[0.346s] Level 5:colcon.colcon_core.verb:set package 'dynamic_tf' build argument 'ament_cmake_args' from command line to 'None'
[0.346s] Level 5:colcon.colcon_core.verb:set package 'dynamic_tf' build argument 'catkin_cmake_args' from command line to 'None'
[0.346s] Level 5:colcon.colcon_core.verb:set package 'dynamic_tf' build argument 'catkin_skip_building_tests' from command line to 'False'
[0.346s] DEBUG:colcon.colcon_core.verb:Building package 'dynamic_tf' with the following arguments: {'ament_cmake_args': None, 'build_base': '/home/hp/ROS2_WS/build/dynamic_tf', 'catkin_cmake_args': None, 'catkin_skip_building_tests': False, 'cmake_args': None, 'cmake_clean_cache': False, 'cmake_clean_first': False, 'cmake_force_configure': False, 'cmake_target': None, 'cmake_target_skip_unavailable': False, 'install_base': '/home/hp/ROS2_WS/install/dynamic_tf', 'merge_install': False, 'path': '/home/hp/ROS2_WS/src/dynamic_tf', 'symlink_install': True, 'test_result_base': None}
[0.347s] Level 5:colcon.colcon_core.verb:set package 'my_exo' build argument 'cmake_args' from command line to 'None'
[0.347s] Level 5:colcon.colcon_core.verb:set package 'my_exo' build argument 'cmake_target' from command line to 'None'
[0.347s] Level 5:colcon.colcon_core.verb:set package 'my_exo' build argument 'cmake_target_skip_unavailable' from command line to 'False'
[0.347s] Level 5:colcon.colcon_core.verb:set package 'my_exo' build argument 'cmake_clean_cache' from command line to 'False'
[0.347s] Level 5:colcon.colcon_core.verb:set package 'my_exo' build argument 'cmake_clean_first' from command line to 'False'
[0.347s] Level 5:colcon.colcon_core.verb:set package 'my_exo' build argument 'cmake_force_configure' from command line to 'False'
[0.347s] Level 5:colcon.colcon_core.verb:set package 'my_exo' build argument 'ament_cmake_args' from command line to 'None'
[0.347s] Level 5:colcon.colcon_core.verb:set package 'my_exo' build argument 'catkin_cmake_args' from command line to 'None'
[0.347s] Level 5:colcon.colcon_core.verb:set package 'my_exo' build argument 'catkin_skip_building_tests' from command line to 'False'
[0.347s] DEBUG:colcon.colcon_core.verb:Building package 'my_exo' with the following arguments: {'ament_cmake_args': None, 'build_base': '/home/hp/ROS2_WS/build/my_exo', 'catkin_cmake_args': None, 'catkin_skip_building_tests': False, 'cmake_args': None, 'cmake_clean_cache': False, 'cmake_clean_first': False, 'cmake_force_configure': False, 'cmake_target': None, 'cmake_target_skip_unavailable': False, 'install_base': '/home/hp/ROS2_WS/install/my_exo', 'merge_install': False, 'path': '/home/hp/ROS2_WS/src/my_exo', 'symlink_install': True, 'test_result_base': None}
[0.347s] Level 5:colcon.colcon_core.verb:set package 'my_robot_controller' build argument 'cmake_args' from command line to 'None'
[0.347s] Level 5:colcon.colcon_core.verb:set package 'my_robot_controller' build argument 'cmake_target' from command line to 'None'
[0.347s] Level 5:colcon.colcon_core.verb:set package 'my_robot_controller' build argument 'cmake_target_skip_unavailable' from command line to 'False'
[0.347s] Level 5:colcon.colcon_core.verb:set package 'my_robot_controller' build argument 'cmake_clean_cache' from command line to 'False'
[0.347s] Level 5:colcon.colcon_core.verb:set package 'my_robot_controller' build argument 'cmake_clean_first' from command line to 'False'
[0.347s] Level 5:colcon.colcon_core.verb:set package 'my_robot_controller' build argument 'cmake_force_configure' from command line to 'False'
[0.347s] Level 5:colcon.colcon_core.verb:set package 'my_robot_controller' build argument 'ament_cmake_args' from command line to 'None'
[0.347s] Level 5:colcon.colcon_core.verb:set package 'my_robot_controller' build argument 'catkin_cmake_args' from command line to 'None'
[0.347s] Level 5:colcon.colcon_core.verb:set package 'my_robot_controller' build argument 'catkin_skip_building_tests' from command line to 'False'
[0.347s] DEBUG:colcon.colcon_core.verb:Building package 'my_robot_controller' with the following arguments: {'ament_cmake_args': None, 'build_base': '/home/hp/ROS2_WS/build/my_robot_controller', 'catkin_cmake_args': None, 'catkin_skip_building_tests': False, 'cmake_args': None, 'cmake_clean_cache': False, 'cmake_clean_first': False, 'cmake_force_configure': False, 'cmake_target': None, 'cmake_target_skip_unavailable': False, 'install_base': '/home/hp/ROS2_WS/install/my_robot_controller', 'merge_install': False, 'path': '/home/hp/ROS2_WS/src/my_robot_controller', 'symlink_install': True, 'test_result_base': None}
[0.347s] Level 5:colcon.colcon_core.verb:set package 'rplidar_ros' build argument 'cmake_args' from command line to 'None'
[0.347s] Level 5:colcon.colcon_core.verb:set package 'rplidar_ros' build argument 'cmake_target' from command line to 'None'
[0.348s] Level 5:colcon.colcon_core.verb:set package 'rplidar_ros' build argument 'cmake_target_skip_unavailable' from command line to 'False'
[0.348s] Level 5:colcon.colcon_core.verb:set package 'rplidar_ros' build argument 'cmake_clean_cache' from command line to 'False'
[0.348s] Level 5:colcon.colcon_core.verb:set package 'rplidar_ros' build argument 'cmake_clean_first' from command line to 'False'
[0.348s] Level 5:colcon.colcon_core.verb:set package 'rplidar_ros' build argument 'cmake_force_configure' from command line to 'False'
[0.348s] Level 5:colcon.colcon_core.verb:set package 'rplidar_ros' build argument 'ament_cmake_args' from command line to 'None'
[0.348s] Level 5:colcon.colcon_core.verb:set package 'rplidar_ros' build argument 'catkin_cmake_args' from command line to 'None'
[0.348s] Level 5:colcon.colcon_core.verb:set package 'rplidar_ros' build argument 'catkin_skip_building_tests' from command line to 'False'
[0.348s] DEBUG:colcon.colcon_core.verb:Building package 'rplidar_ros' with the following arguments: {'ament_cmake_args': None, 'build_base': '/home/hp/ROS2_WS/build/rplidar_ros', 'catkin_cmake_args': None, 'catkin_skip_building_tests': False, 'cmake_args': None, 'cmake_clean_cache': False, 'cmake_clean_first': False, 'cmake_force_configure': False, 'cmake_target': None, 'cmake_target_skip_unavailable': False, 'install_base': '/home/hp/ROS2_WS/install/rplidar_ros', 'merge_install': False, 'path': '/home/hp/ROS2_WS/src/rplidar_ros', 'symlink_install': True, 'test_result_base': None}
[0.348s] Level 5:colcon.colcon_core.verb:set package 'slam_toolbox' build argument 'cmake_args' from command line to 'None'
[0.348s] Level 5:colcon.colcon_core.verb:set package 'slam_toolbox' build argument 'cmake_target' from command line to 'None'
[0.348s] Level 5:colcon.colcon_core.verb:set package 'slam_toolbox' build argument 'cmake_target_skip_unavailable' from command line to 'False'
[0.348s] Level 5:colcon.colcon_core.verb:set package 'slam_toolbox' build argument 'cmake_clean_cache' from command line to 'False'
[0.348s] Level 5:colcon.colcon_core.verb:set package 'slam_toolbox' build argument 'cmake_clean_first' from command line to 'False'
[0.348s] Level 5:colcon.colcon_core.verb:set package 'slam_toolbox' build argument 'cmake_force_configure' from command line to 'False'
[0.348s] Level 5:colcon.colcon_core.verb:set package 'slam_toolbox' build argument 'ament_cmake_args' from command line to 'None'
[0.348s] Level 5:colcon.colcon_core.verb:set package 'slam_toolbox' build argument 'catkin_cmake_args' from command line to 'None'
[0.348s] Level 5:colcon.colcon_core.verb:set package 'slam_toolbox' build argument 'catkin_skip_building_tests' from command line to 'False'
[0.348s] DEBUG:colcon.colcon_core.verb:Building package 'slam_toolbox' with the following arguments: {'ament_cmake_args': None, 'build_base': '/home/hp/ROS2_WS/build/slam_toolbox', 'catkin_cmake_args': None, 'catkin_skip_building_tests': False, 'cmake_args': None, 'cmake_clean_cache': False, 'cmake_clean_first': False, 'cmake_force_configure': False, 'cmake_target': None, 'cmake_target_skip_unavailable': False, 'install_base': '/home/hp/ROS2_WS/install/slam_toolbox', 'merge_install': False, 'path': '/home/hp/ROS2_WS/src/slam_toolbox', 'symlink_install': True, 'test_result_base': None}
[0.348s] INFO:colcon.colcon_core.executor:Executing jobs using 'parallel' executor
[0.349s] DEBUG:colcon.colcon_parallel_executor.executor.parallel:run_until_complete
[0.349s] INFO:colcon.colcon_ros.task.ament_python.build:Building ROS package in '/home/hp/ROS2_WS/src/dynamic_tf' with build type 'ament_python'
[0.350s] Level 1:colcon.colcon_core.shell:create_environment_hook('dynamic_tf', 'ament_prefix_path')
[0.352s] INFO:colcon.colcon_core.plugin_system:Skipping extension 'colcon_core.shell.bat': Not used on non-Windows systems
[0.352s] INFO:colcon.colcon_core.shell:Creating environment hook '/home/hp/ROS2_WS/install/dynamic_tf/share/dynamic_tf/hook/ament_prefix_path.ps1'
[0.353s] INFO:colcon.colcon_core.shell:Creating environment descriptor '/home/hp/ROS2_WS/install/dynamic_tf/share/dynamic_tf/hook/ament_prefix_path.dsv'
[0.353s] INFO:colcon.colcon_core.shell:Creating environment hook '/home/hp/ROS2_WS/install/dynamic_tf/share/dynamic_tf/hook/ament_prefix_path.sh'
[0.354s] INFO:colcon.colcon_core.shell:Skip shell extension 'powershell' for command environment: Not usable outside of PowerShell
[0.354s] DEBUG:colcon.colcon_core.shell:Skip shell extension 'dsv' for command environment
[0.357s] INFO:colcon.colcon_ros.task.ament_python.build:Building ROS package in '/home/hp/ROS2_WS/src/my_exo' with build type 'ament_python'
[0.357s] Level 1:colcon.colcon_core.shell:create_environment_hook('my_exo', 'ament_prefix_path')
[0.358s] INFO:colcon.colcon_core.shell:Creating environment hook '/home/hp/ROS2_WS/install/my_exo/share/my_exo/hook/ament_prefix_path.ps1'
[0.358s] INFO:colcon.colcon_core.shell:Creating environment descriptor '/home/hp/ROS2_WS/install/my_exo/share/my_exo/hook/ament_prefix_path.dsv'
[0.359s] INFO:colcon.colcon_core.shell:Creating environment hook '/home/hp/ROS2_WS/install/my_exo/share/my_exo/hook/ament_prefix_path.sh'
[0.359s] INFO:colcon.colcon_core.shell:Skip shell extension 'powershell' for command environment: Not usable outside of PowerShell
[0.359s] DEBUG:colcon.colcon_core.shell:Skip shell extension 'dsv' for command environment
[0.363s] INFO:colcon.colcon_ros.task.ament_python.build:Building ROS package in '/home/hp/ROS2_WS/src/my_robot_controller' with build type 'ament_python'
[0.363s] Level 1:colcon.colcon_core.shell:create_environment_hook('my_robot_controller', 'ament_prefix_path')
[0.364s] INFO:colcon.colcon_core.shell:Creating environment hook '/home/hp/ROS2_WS/install/my_robot_controller/share/my_robot_controller/hook/ament_prefix_path.ps1'
[0.364s] INFO:colcon.colcon_core.shell:Creating environment descriptor '/home/hp/ROS2_WS/install/my_robot_controller/share/my_robot_controller/hook/ament_prefix_path.dsv'
[0.365s] INFO:colcon.colcon_core.shell:Creating environment hook '/home/hp/ROS2_WS/install/my_robot_controller/share/my_robot_controller/hook/ament_prefix_path.sh'
[0.365s] INFO:colcon.colcon_core.shell:Skip shell extension 'powershell' for command environment: Not usable outside of PowerShell
[0.365s] DEBUG:colcon.colcon_core.shell:Skip shell extension 'dsv' for command environment
[0.369s] INFO:colcon.colcon_ros.task.ament_cmake.build:Building ROS package in '/home/hp/ROS2_WS/src/rplidar_ros' with build type 'ament_cmake'
[0.369s] INFO:colcon.colcon_cmake.task.cmake.build:Building CMake package in '/home/hp/ROS2_WS/src/rplidar_ros'
[0.369s] INFO:colcon.colcon_core.shell:Skip shell extension 'powershell' for command environment: Not usable outside of PowerShell
[0.370s] DEBUG:colcon.colcon_core.shell:Skip shell extension 'dsv' for command environment
[0.374s] INFO:colcon.colcon_ros.task.ament_cmake.build:Building ROS package in '/home/hp/ROS2_WS/src/slam_toolbox' with build type 'ament_cmake'
[0.374s] INFO:colcon.colcon_cmake.task.cmake.build:Building CMake package in '/home/hp/ROS2_WS/src/slam_toolbox'
[0.374s] INFO:colcon.colcon_core.shell:Skip shell extension 'powershell' for command environment: Not usable outside of PowerShell
[0.374s] DEBUG:colcon.colcon_core.shell:Skip shell extension 'dsv' for command environment
[0.640s] INFO:colcon.colcon_core.task.python.build:Building Python package in '/home/hp/ROS2_WS/src/dynamic_tf'
[0.641s] INFO:colcon.colcon_core.shell:Skip shell extension 'powershell' for command environment: Not usable outside of PowerShell
[0.641s] DEBUG:colcon.colcon_core.shell:Skip shell extension 'dsv' for command environment
[0.893s] INFO:colcon.colcon_core.task.python.build:Building Python package in '/home/hp/ROS2_WS/src/my_exo'
[0.893s] INFO:colcon.colcon_core.shell:Skip shell extension 'powershell' for command environment: Not usable outside of PowerShell
[0.893s] DEBUG:colcon.colcon_core.shell:Skip shell extension 'dsv' for command environment
[1.140s] INFO:colcon.colcon_core.task.python.build:Building Python package in '/home/hp/ROS2_WS/src/my_robot_controller'
[1.141s] INFO:colcon.colcon_core.shell:Skip shell extension 'powershell' for command environment: Not usable outside of PowerShell
[1.141s] DEBUG:colcon.colcon_core.shell:Skip shell extension 'dsv' for command environment
[1.150s] DEBUG:colcon.colcon_core.event_handler.log_command:Invoking command in '/home/hp/ROS2_WS/build/rplidar_ros': CMAKE_PREFIX_PATH=${CMAKE_PREFIX_PATH}:/home/hp/ROS2_WS/install/my_robot_controller:/home/hp/ROS2_WS/install/my_exo:/home/hp/ROS2_WS/install/dynamic_tf:/home/hp/ROS2_WS/src/install/my_robot_controller:/home/hp/ROS2_WS/src/install/my_exo:/home/hp/ROS2_WS/src/install/dynamic_tf:/opt/ros/humble /usr/bin/cmake /home/hp/ROS2_WS/src/rplidar_ros -DAMENT_CMAKE_SYMLINK_INSTALL=1 -DCMAKE_INSTALL_PREFIX=/home/hp/ROS2_WS/install/rplidar_ros
[1.155s] DEBUG:colcon.colcon_core.event_handler.log_command:Invoking command in '/home/hp/ROS2_WS/build/slam_toolbox': CMAKE_PREFIX_PATH=${CMAKE_PREFIX_PATH}:/home/hp/ROS2_WS/install/my_robot_controller:/home/hp/ROS2_WS/install/my_exo:/home/hp/ROS2_WS/install/dynamic_tf:/home/hp/ROS2_WS/src/install/my_robot_controller:/home/hp/ROS2_WS/src/install/my_exo:/home/hp/ROS2_WS/src/install/dynamic_tf:/opt/ros/humble /usr/bin/cmake /home/hp/ROS2_WS/src/slam_toolbox -DAMENT_CMAKE_SYMLINK_INSTALL=1 -DCMAKE_INSTALL_PREFIX=/home/hp/ROS2_WS/install/slam_toolbox
[1.708s] DEBUG:colcon.colcon_core.event_handler.log_command:Invoking command in '/home/hp/ROS2_WS/build/my_exo': PYTHONPATH=/home/hp/ROS2_WS/build/my_exo/prefix_override:/home/hp/ROS2_WS/install/my_exo/lib/python3.10/site-packages:${PYTHONPATH} /usr/bin/python3 -W ignore:setup.py install is deprecated setup.py develop --editable --build-directory /home/hp/ROS2_WS/build/my_exo/build --no-deps symlink_data
[1.724s] DEBUG:colcon.colcon_core.event_handler.log_command:Invoking command in '/home/hp/ROS2_WS/build/dynamic_tf': PYTHONPATH=/home/hp/ROS2_WS/build/dynamic_tf/prefix_override:/home/hp/ROS2_WS/install/dynamic_tf/lib/python3.10/site-packages:${PYTHONPATH} /usr/bin/python3 -W ignore:setup.py install is deprecated setup.py develop --editable --build-directory /home/hp/ROS2_WS/build/dynamic_tf/build --no-deps symlink_data
[1.759s] DEBUG:colcon.colcon_core.event_handler.log_command:Invoking command in '/home/hp/ROS2_WS/build/my_robot_controller': PYTHONPATH=/home/hp/ROS2_WS/build/my_robot_controller/prefix_override:/home/hp/ROS2_WS/install/my_robot_controller/lib/python3.10/site-packages:${PYTHONPATH} /usr/bin/python3 -W ignore:setup.py install is deprecated setup.py develop --editable --build-directory /home/hp/ROS2_WS/build/my_robot_controller/build --no-deps symlink_data
[2.420s] Level 1:colcon.colcon_core.shell:create_environment_hook('my_exo', 'pythonpath_develop')
[2.420s] INFO:colcon.colcon_core.shell:Creating environment hook '/home/hp/ROS2_WS/build/my_exo/share/my_exo/hook/pythonpath_develop.ps1'
[2.421s] DEBUG:colcon.colcon_core.event_handler.log_command:Invoked command in '/home/hp/ROS2_WS/build/my_exo' returned '0': PYTHONPATH=/home/hp/ROS2_WS/build/my_exo/prefix_override:/home/hp/ROS2_WS/install/my_exo/lib/python3.10/site-packages:${PYTHONPATH} /usr/bin/python3 -W ignore:setup.py install is deprecated setup.py develop --editable --build-directory /home/hp/ROS2_WS/build/my_exo/build --no-deps symlink_data
[2.422s] INFO:colcon.colcon_core.shell:Creating environment descriptor '/home/hp/ROS2_WS/build/my_exo/share/my_exo/hook/pythonpath_develop.dsv'
[2.422s] INFO:colcon.colcon_core.shell:Creating environment hook '/home/hp/ROS2_WS/build/my_exo/share/my_exo/hook/pythonpath_develop.sh'
[2.425s] Level 1:colcon.colcon_core.environment:checking '/home/hp/ROS2_WS/install/my_exo' for CMake module files
[2.426s] Level 1:colcon.colcon_core.environment:checking '/home/hp/ROS2_WS/install/my_exo' for CMake config files
[2.426s] Level 1:colcon.colcon_core.environment:checking '/home/hp/ROS2_WS/install/my_exo/lib'
[2.426s] Level 1:colcon.colcon_core.environment:checking '/home/hp/ROS2_WS/install/my_exo/bin'
[2.426s] Level 1:colcon.colcon_core.environment:checking '/home/hp/ROS2_WS/install/my_exo/lib/pkgconfig/my_exo.pc'
[2.427s] Level 1:colcon.colcon_core.environment:checking '/home/hp/ROS2_WS/install/my_exo/lib/python3.10/site-packages'
[2.427s] Level 1:colcon.colcon_core.shell:create_environment_hook('my_exo', 'pythonpath')
[2.427s] INFO:colcon.colcon_core.shell:Creating environment hook '/home/hp/ROS2_WS/install/my_exo/share/my_exo/hook/pythonpath.ps1'
[2.427s] INFO:colcon.colcon_core.shell:Creating environment descriptor '/home/hp/ROS2_WS/install/my_exo/share/my_exo/hook/pythonpath.dsv'
[2.428s] INFO:colcon.colcon_core.shell:Creating environment hook '/home/hp/ROS2_WS/install/my_exo/share/my_exo/hook/pythonpath.sh'
[2.429s] Level 1:colcon.colcon_core.environment:checking '/home/hp/ROS2_WS/install/my_exo/bin'
[2.429s] Level 1:colcon.colcon_core.environment:create_environment_scripts_only(my_exo)
[2.429s] INFO:colcon.colcon_core.shell:Creating package script '/home/hp/ROS2_WS/install/my_exo/share/my_exo/package.ps1'
[2.430s] INFO:colcon.colcon_core.shell:Creating package descriptor '/home/hp/ROS2_WS/install/my_exo/share/my_exo/package.dsv'
[2.431s] INFO:colcon.colcon_core.shell:Creating package script '/home/hp/ROS2_WS/install/my_exo/share/my_exo/package.sh'
[2.432s] INFO:colcon.colcon_core.shell:Creating package script '/home/hp/ROS2_WS/install/my_exo/share/my_exo/package.bash'
[2.433s] INFO:colcon.colcon_core.shell:Creating package script '/home/hp/ROS2_WS/install/my_exo/share/my_exo/package.zsh'
[2.434s] Level 1:colcon.colcon_core.environment:create_file_with_runtime_dependencies(/home/hp/ROS2_WS/install/my_exo/share/colcon-core/packages/my_exo)
[2.453s] Level 1:colcon.colcon_core.shell:create_environment_hook('dynamic_tf', 'pythonpath_develop')
[2.453s] DEBUG:colcon.colcon_core.event_handler.log_command:Invoked command in '/home/hp/ROS2_WS/build/dynamic_tf' returned '0': PYTHONPATH=/home/hp/ROS2_WS/build/dynamic_tf/prefix_override:/home/hp/ROS2_WS/install/dynamic_tf/lib/python3.10/site-packages:${PYTHONPATH} /usr/bin/python3 -W ignore:setup.py install is deprecated setup.py develop --editable --build-directory /home/hp/ROS2_WS/build/dynamic_tf/build --no-deps symlink_data
[2.453s] INFO:colcon.colcon_core.shell:Creating environment hook '/home/hp/ROS2_WS/build/dynamic_tf/share/dynamic_tf/hook/pythonpath_develop.ps1'
[2.454s] INFO:colcon.colcon_core.shell:Creating environment descriptor '/home/hp/ROS2_WS/build/dynamic_tf/share/dynamic_tf/hook/pythonpath_develop.dsv'
[2.454s] INFO:colcon.colcon_core.shell:Creating environment hook '/home/hp/ROS2_WS/build/dynamic_tf/share/dynamic_tf/hook/pythonpath_develop.sh'
[2.455s] Level 1:colcon.colcon_core.environment:checking '/home/hp/ROS2_WS/install/dynamic_tf' for CMake module files
[2.456s] Level 1:colcon.colcon_core.environment:checking '/home/hp/ROS2_WS/install/dynamic_tf' for CMake config files
[2.456s] Level 1:colcon.colcon_core.environment:checking '/home/hp/ROS2_WS/install/dynamic_tf/lib'
[2.456s] Level 1:colcon.colcon_core.environment:checking '/home/hp/ROS2_WS/install/dynamic_tf/bin'
[2.456s] Level 1:colcon.colcon_core.environment:checking '/home/hp/ROS2_WS/install/dynamic_tf/lib/pkgconfig/dynamic_tf.pc'
[2.456s] Level 1:colcon.colcon_core.environment:checking '/home/hp/ROS2_WS/install/dynamic_tf/lib/python3.10/site-packages'
[2.456s] Level 1:colcon.colcon_core.shell:create_environment_hook('dynamic_tf', 'pythonpath')
[2.457s] INFO:colcon.colcon_core.shell:Creating environment hook '/home/hp/ROS2_WS/install/dynamic_tf/share/dynamic_tf/hook/pythonpath.ps1'
[2.457s] INFO:colcon.colcon_core.shell:Creating environment descriptor '/home/hp/ROS2_WS/install/dynamic_tf/share/dynamic_tf/hook/pythonpath.dsv'
[2.457s] INFO:colcon.colcon_core.shell:Creating environment hook '/home/hp/ROS2_WS/install/dynamic_tf/share/dynamic_tf/hook/pythonpath.sh'
[2.458s] Level 1:colcon.colcon_core.environment:checking '/home/hp/ROS2_WS/install/dynamic_tf/bin'
[2.459s] Level 1:colcon.colcon_core.environment:create_environment_scripts_only(dynamic_tf)
[2.459s] INFO:colcon.colcon_core.shell:Creating package script '/home/hp/ROS2_WS/install/dynamic_tf/share/dynamic_tf/package.ps1'
[2.460s] INFO:colcon.colcon_core.shell:Creating package descriptor '/home/hp/ROS2_WS/install/dynamic_tf/share/dynamic_tf/package.dsv'
[2.460s] INFO:colcon.colcon_core.shell:Creating package script '/home/hp/ROS2_WS/install/dynamic_tf/share/dynamic_tf/package.sh'
[2.461s] INFO:colcon.colcon_core.shell:Creating package script '/home/hp/ROS2_WS/install/dynamic_tf/share/dynamic_tf/package.bash'
[2.462s] INFO:colcon.colcon_core.shell:Creating package script '/home/hp/ROS2_WS/install/dynamic_tf/share/dynamic_tf/package.zsh'
[2.462s] Level 1:colcon.colcon_core.environment:create_file_with_runtime_dependencies(/home/hp/ROS2_WS/install/dynamic_tf/share/colcon-core/packages/dynamic_tf)
[2.529s] Level 1:colcon.colcon_core.shell:create_environment_hook('my_robot_controller', 'pythonpath_develop')
[2.529s] INFO:colcon.colcon_core.shell:Creating environment hook '/home/hp/ROS2_WS/build/my_robot_controller/share/my_robot_controller/hook/pythonpath_develop.ps1'
[2.530s] DEBUG:colcon.colcon_core.event_handler.log_command:Invoked command in '/home/hp/ROS2_WS/build/my_robot_controller' returned '0': PYTHONPATH=/home/hp/ROS2_WS/build/my_robot_controller/prefix_override:/home/hp/ROS2_WS/install/my_robot_controller/lib/python3.10/site-packages:${PYTHONPATH} /usr/bin/python3 -W ignore:setup.py install is deprecated setup.py develop --editable --build-directory /home/hp/ROS2_WS/build/my_robot_controller/build --no-deps symlink_data
[2.530s] INFO:colcon.colcon_core.shell:Creating environment descriptor '/home/hp/ROS2_WS/build/my_robot_controller/share/my_robot_controller/hook/pythonpath_develop.dsv'
[2.531s] INFO:colcon.colcon_core.shell:Creating environment hook '/home/hp/ROS2_WS/build/my_robot_controller/share/my_robot_controller/hook/pythonpath_develop.sh'
[2.531s] Level 1:colcon.colcon_core.environment:checking '/home/hp/ROS2_WS/install/my_robot_controller' for CMake module files
[2.532s] Level 1:colcon.colcon_core.environment:checking '/home/hp/ROS2_WS/install/my_robot_controller' for CMake config files
[2.532s] Level 1:colcon.colcon_core.environment:checking '/home/hp/ROS2_WS/install/my_robot_controller/lib'
[2.532s] Level 1:colcon.colcon_core.environment:checking '/home/hp/ROS2_WS/install/my_robot_controller/bin'
[2.532s] Level 1:colcon.colcon_core.environment:checking '/home/hp/ROS2_WS/install/my_robot_controller/lib/pkgconfig/my_robot_controller.pc'
[2.533s] Level 1:colcon.colcon_core.environment:checking '/home/hp/ROS2_WS/install/my_robot_controller/lib/python3.10/site-packages'
[2.533s] Level 1:colcon.colcon_core.shell:create_environment_hook('my_robot_controller', 'pythonpath')
[2.533s] INFO:colcon.colcon_core.shell:Creating environment hook '/home/hp/ROS2_WS/install/my_robot_controller/share/my_robot_controller/hook/pythonpath.ps1'
[2.534s] INFO:colcon.colcon_core.shell:Creating environment descriptor '/home/hp/ROS2_WS/install/my_robot_controller/share/my_robot_controller/hook/pythonpath.dsv'
[2.534s] INFO:colcon.colcon_core.shell:Creating environment hook '/home/hp/ROS2_WS/install/my_robot_controller/share/my_robot_controller/hook/pythonpath.sh'
[2.534s] Level 1:colcon.colcon_core.environment:checking '/home/hp/ROS2_WS/install/my_robot_controller/bin'
[2.534s] Level 1:colcon.colcon_core.environment:create_environment_scripts_only(my_robot_controller)
[2.535s] INFO:colcon.colcon_core.shell:Creating package script '/home/hp/ROS2_WS/install/my_robot_controller/share/my_robot_controller/package.ps1'
[2.535s] INFO:colcon.colcon_core.shell:Creating package descriptor '/home/hp/ROS2_WS/install/my_robot_controller/share/my_robot_controller/package.dsv'
[2.536s] INFO:colcon.colcon_core.shell:Creating package script '/home/hp/ROS2_WS/install/my_robot_controller/share/my_robot_controller/package.sh'
[2.536s] INFO:colcon.colcon_core.shell:Creating package script '/home/hp/ROS2_WS/install/my_robot_controller/share/my_robot_controller/package.bash'
[2.537s] INFO:colcon.colcon_core.shell:Creating package script '/home/hp/ROS2_WS/install/my_robot_controller/share/my_robot_controller/package.zsh'
[2.537s] Level 1:colcon.colcon_core.environment:create_file_with_runtime_dependencies(/home/hp/ROS2_WS/install/my_robot_controller/share/colcon-core/packages/my_robot_controller)
[3.730s] DEBUG:colcon.colcon_core.event_handler.log_command:Invoked command in '/home/hp/ROS2_WS/build/rplidar_ros' returned '0': CMAKE_PREFIX_PATH=${CMAKE_PREFIX_PATH}:/home/hp/ROS2_WS/install/my_robot_controller:/home/hp/ROS2_WS/install/my_exo:/home/hp/ROS2_WS/install/dynamic_tf:/home/hp/ROS2_WS/src/install/my_robot_controller:/home/hp/ROS2_WS/src/install/my_exo:/home/hp/ROS2_WS/src/install/dynamic_tf:/opt/ros/humble /usr/bin/cmake /home/hp/ROS2_WS/src/rplidar_ros -DAMENT_CMAKE_SYMLINK_INSTALL=1 -DCMAKE_INSTALL_PREFIX=/home/hp/ROS2_WS/install/rplidar_ros
[3.732s] DEBUG:colcon.colcon_core.event_handler.log_command:Invoking command in '/home/hp/ROS2_WS/build/rplidar_ros': CMAKE_PREFIX_PATH=${CMAKE_PREFIX_PATH}:/home/hp/ROS2_WS/install/my_robot_controller:/home/hp/ROS2_WS/install/my_exo:/home/hp/ROS2_WS/install/dynamic_tf:/home/hp/ROS2_WS/src/install/my_robot_controller:/home/hp/ROS2_WS/src/install/my_exo:/home/hp/ROS2_WS/src/install/dynamic_tf:/opt/ros/humble /usr/bin/cmake --build /home/hp/ROS2_WS/build/rplidar_ros -- -j8 -l8
[18.413s] DEBUG:colcon.colcon_core.event_handler.log_command:Invoked command in '/home/hp/ROS2_WS/build/slam_toolbox' returned '0': CMAKE_PREFIX_PATH=${CMAKE_PREFIX_PATH}:/home/hp/ROS2_WS/install/my_robot_controller:/home/hp/ROS2_WS/install/my_exo:/home/hp/ROS2_WS/install/dynamic_tf:/home/hp/ROS2_WS/src/install/my_robot_controller:/home/hp/ROS2_WS/src/install/my_exo:/home/hp/ROS2_WS/src/install/dynamic_tf:/opt/ros/humble /usr/bin/cmake /home/hp/ROS2_WS/src/slam_toolbox -DAMENT_CMAKE_SYMLINK_INSTALL=1 -DCMAKE_INSTALL_PREFIX=/home/hp/ROS2_WS/install/slam_toolbox
[18.415s] DEBUG:colcon.colcon_core.event_handler.log_command:Invoking command in '/home/hp/ROS2_WS/build/slam_toolbox': CMAKE_PREFIX_PATH=${CMAKE_PREFIX_PATH}:/home/hp/ROS2_WS/install/my_robot_controller:/home/hp/ROS2_WS/install/my_exo:/home/hp/ROS2_WS/install/dynamic_tf:/home/hp/ROS2_WS/src/install/my_robot_controller:/home/hp/ROS2_WS/src/install/my_exo:/home/hp/ROS2_WS/src/install/dynamic_tf:/opt/ros/humble /usr/bin/cmake --build /home/hp/ROS2_WS/build/slam_toolbox -- -j8 -l8
[20.013s] DEBUG:colcon.colcon_core.event_handler.log_command:Invoked command in '/home/hp/ROS2_WS/build/rplidar_ros' returned '0': CMAKE_PREFIX_PATH=${CMAKE_PREFIX_PATH}:/home/hp/ROS2_WS/install/my_robot_controller:/home/hp/ROS2_WS/install/my_exo:/home/hp/ROS2_WS/install/dynamic_tf:/home/hp/ROS2_WS/src/install/my_robot_controller:/home/hp/ROS2_WS/src/install/my_exo:/home/hp/ROS2_WS/src/install/dynamic_tf:/opt/ros/humble /usr/bin/cmake --build /home/hp/ROS2_WS/build/rplidar_ros -- -j8 -l8
[20.085s] DEBUG:colcon.colcon_core.event_handler.log_command:Invoking command in '/home/hp/ROS2_WS/build/rplidar_ros': CMAKE_PREFIX_PATH=${CMAKE_PREFIX_PATH}:/home/hp/ROS2_WS/install/my_robot_controller:/home/hp/ROS2_WS/install/my_exo:/home/hp/ROS2_WS/install/dynamic_tf:/home/hp/ROS2_WS/src/install/my_robot_controller:/home/hp/ROS2_WS/src/install/my_exo:/home/hp/ROS2_WS/src/install/dynamic_tf:/opt/ros/humble /usr/bin/cmake --install /home/hp/ROS2_WS/build/rplidar_ros
[20.626s] Level 1:colcon.colcon_core.environment:create_environment_scripts_only(rplidar_ros)
[20.627s] Level 1:colcon.colcon_core.environment:checking '/home/hp/ROS2_WS/install/rplidar_ros' for CMake module files
[20.627s] DEBUG:colcon.colcon_core.event_handler.log_command:Invoked command in '/home/hp/ROS2_WS/build/rplidar_ros' returned '0': CMAKE_PREFIX_PATH=${CMAKE_PREFIX_PATH}:/home/hp/ROS2_WS/install/my_robot_controller:/home/hp/ROS2_WS/install/my_exo:/home/hp/ROS2_WS/install/dynamic_tf:/home/hp/ROS2_WS/src/install/my_robot_controller:/home/hp/ROS2_WS/src/install/my_exo:/home/hp/ROS2_WS/src/install/dynamic_tf:/opt/ros/humble /usr/bin/cmake --install /home/hp/ROS2_WS/build/rplidar_ros
[20.628s] Level 1:colcon.colcon_core.environment:checking '/home/hp/ROS2_WS/install/rplidar_ros' for CMake config files
[20.629s] Level 1:colcon.colcon_core.shell:create_environment_hook('rplidar_ros', 'cmake_prefix_path')
[20.629s] INFO:colcon.colcon_core.shell:Creating environment hook '/home/hp/ROS2_WS/install/rplidar_ros/share/rplidar_ros/hook/cmake_prefix_path.ps1'
[20.630s] INFO:colcon.colcon_core.shell:Creating environment descriptor '/home/hp/ROS2_WS/install/rplidar_ros/share/rplidar_ros/hook/cmake_prefix_path.dsv'
[20.631s] INFO:colcon.colcon_core.shell:Creating environment hook '/home/hp/ROS2_WS/install/rplidar_ros/share/rplidar_ros/hook/cmake_prefix_path.sh'
[20.631s] Level 1:colcon.colcon_core.environment:checking '/home/hp/ROS2_WS/install/rplidar_ros/lib'
[20.632s] Level 1:colcon.colcon_core.environment:checking '/home/hp/ROS2_WS/install/rplidar_ros/bin'
[20.632s] Level 1:colcon.colcon_core.environment:checking '/home/hp/ROS2_WS/install/rplidar_ros/lib/pkgconfig/rplidar_ros.pc'
[20.632s] Level 1:colcon.colcon_core.environment:checking '/home/hp/ROS2_WS/install/rplidar_ros/lib/python3.10/site-packages'
[20.632s] Level 1:colcon.colcon_core.environment:checking '/home/hp/ROS2_WS/install/rplidar_ros/bin'
[20.633s] INFO:colcon.colcon_core.shell:Creating package script '/home/hp/ROS2_WS/install/rplidar_ros/share/rplidar_ros/package.ps1'
[20.634s] INFO:colcon.colcon_core.shell:Creating package descriptor '/home/hp/ROS2_WS/install/rplidar_ros/share/rplidar_ros/package.dsv'
[20.634s] INFO:colcon.colcon_core.shell:Creating package script '/home/hp/ROS2_WS/install/rplidar_ros/share/rplidar_ros/package.sh'
[20.635s] INFO:colcon.colcon_core.shell:Creating package script '/home/hp/ROS2_WS/install/rplidar_ros/share/rplidar_ros/package.bash'
[20.635s] INFO:colcon.colcon_core.shell:Creating package script '/home/hp/ROS2_WS/install/rplidar_ros/share/rplidar_ros/package.zsh'
[20.636s] Level 1:colcon.colcon_core.environment:create_file_with_runtime_dependencies(/home/hp/ROS2_WS/install/rplidar_ros/share/colcon-core/packages/rplidar_ros)
[20.762s] Level 1:colcon.colcon_core.environment:create_environment_scripts_only(rplidar_ros)
[20.763s] Level 1:colcon.colcon_core.environment:checking '/home/hp/ROS2_WS/install/rplidar_ros' for CMake module files
[20.764s] Level 1:colcon.colcon_core.environment:checking '/home/hp/ROS2_WS/install/rplidar_ros' for CMake config files
[20.764s] Level 1:colcon.colcon_core.shell:create_environment_hook('rplidar_ros', 'cmake_prefix_path')
[20.765s] INFO:colcon.colcon_core.shell:Creating environment hook '/home/hp/ROS2_WS/install/rplidar_ros/share/rplidar_ros/hook/cmake_prefix_path.ps1'
[20.765s] INFO:colcon.colcon_core.shell:Creating environment descriptor '/home/hp/ROS2_WS/install/rplidar_ros/share/rplidar_ros/hook/cmake_prefix_path.dsv'
[20.766s] INFO:colcon.colcon_core.shell:Creating environment hook '/home/hp/ROS2_WS/install/rplidar_ros/share/rplidar_ros/hook/cmake_prefix_path.sh'
[20.767s] Level 1:colcon.colcon_core.environment:checking '/home/hp/ROS2_WS/install/rplidar_ros/lib'
[20.767s] Level 1:colcon.colcon_core.environment:checking '/home/hp/ROS2_WS/install/rplidar_ros/bin'
[20.767s] Level 1:colcon.colcon_core.environment:checking '/home/hp/ROS2_WS/install/rplidar_ros/lib/pkgconfig/rplidar_ros.pc'
[20.768s] Level 1:colcon.colcon_core.environment:checking '/home/hp/ROS2_WS/install/rplidar_ros/lib/python3.10/site-packages'
[20.768s] Level 1:colcon.colcon_core.environment:checking '/home/hp/ROS2_WS/install/rplidar_ros/bin'
[20.769s] INFO:colcon.colcon_core.shell:Creating package script '/home/hp/ROS2_WS/install/rplidar_ros/share/rplidar_ros/package.ps1'
[20.770s] INFO:colcon.colcon_core.shell:Creating package descriptor '/home/hp/ROS2_WS/install/rplidar_ros/share/rplidar_ros/package.dsv'
[20.771s] INFO:colcon.colcon_core.shell:Creating package script '/home/hp/ROS2_WS/install/rplidar_ros/share/rplidar_ros/package.sh'
[20.771s] INFO:colcon.colcon_core.shell:Creating package script '/home/hp/ROS2_WS/install/rplidar_ros/share/rplidar_ros/package.bash'
[20.772s] INFO:colcon.colcon_core.shell:Creating package script '/home/hp/ROS2_WS/install/rplidar_ros/share/rplidar_ros/package.zsh'
[20.773s] Level 1:colcon.colcon_core.environment:create_file_with_runtime_dependencies(/home/hp/ROS2_WS/install/rplidar_ros/share/colcon-core/packages/rplidar_ros)
