[1.500s] Invoking command in '/home/hp/ROS2_WS/build/my_exo': PYTHONPATH=/home/hp/ROS2_WS/build/my_exo/prefix_override:/home/hp/ROS2_WS/install/my_exo/lib/python3.10/site-packages:${PYTHONPATH} /usr/bin/python3 -W ignore:setup.py install is deprecated setup.py develop --editable --build-directory /home/hp/ROS2_WS/build/my_exo/build --no-deps symlink_data
[1.882s] running develop
[2.109s] running egg_info
[2.109s] writing my_exo.egg-info/PKG-INFO
[2.110s] writing dependency_links to my_exo.egg-info/dependency_links.txt
[2.110s] writing entry points to my_exo.egg-info/entry_points.txt
[2.110s] writing requirements to my_exo.egg-info/requires.txt
[2.110s] writing top-level names to my_exo.egg-info/top_level.txt
[2.112s] reading manifest file 'my_exo.egg-info/SOURCES.txt'
[2.113s] writing manifest file 'my_exo.egg-info/SOURCES.txt'
[2.115s] running build_ext
[2.116s] Creating /home/hp/ROS2_WS/install/my_exo/lib/python3.10/site-packages/my-exo.egg-link (link to .)
[2.117s] Installing first_node script to /home/hp/ROS2_WS/install/my_exo/lib/my_exo
[2.117s] Installing fourth_node script to /home/hp/ROS2_WS/install/my_exo/lib/my_exo
[2.117s] Installing input_node script to /home/hp/ROS2_WS/install/my_exo/lib/my_exo
[2.117s] Installing second_node script to /home/hp/ROS2_WS/install/my_exo/lib/my_exo
[2.118s] Installing selector_node script to /home/hp/ROS2_WS/install/my_exo/lib/my_exo
[2.118s] Installing third_node script to /home/hp/ROS2_WS/install/my_exo/lib/my_exo
[2.118s] 
[2.118s] Installed /home/hp/ROS2_WS/build/my_exo
[2.118s] running symlink_data
[2.182s] Invoked command in '/home/hp/ROS2_WS/build/my_exo' returned '0': PYTHONPATH=/home/hp/ROS2_WS/build/my_exo/prefix_override:/home/hp/ROS2_WS/install/my_exo/lib/python3.10/site-packages:${PYTHONPATH} /usr/bin/python3 -W ignore:setup.py install is deprecated setup.py develop --editable --build-directory /home/hp/ROS2_WS/build/my_exo/build --no-deps symlink_data
