[12.721s] Invoking command in '/home/hp/ROS2_WS/build/my_exo': PYTHONPATH=/home/hp/ROS2_WS/build/my_exo/prefix_override:/home/hp/ROS2_WS/install/my_exo/lib/python3.10/site-packages:${PYTHONPATH} /usr/bin/python3 -W ignore:setup.py install is deprecated setup.py develop --editable --build-directory /home/hp/ROS2_WS/build/my_exo/build --no-deps symlink_data
[13.108s] running develop
[13.465s] running egg_info
[13.465s] writing my_exo.egg-info/PKG-INFO
[13.477s] writing dependency_links to my_exo.egg-info/dependency_links.txt
[13.478s] writing entry points to my_exo.egg-info/entry_points.txt
[13.478s] writing requirements to my_exo.egg-info/requires.txt
[13.505s] writing top-level names to my_exo.egg-info/top_level.txt
[13.510s] reading manifest file 'my_exo.egg-info/SOURCES.txt'
[13.537s] writing manifest file 'my_exo.egg-info/SOURCES.txt'
[13.540s] running build_ext
[13.540s] Creating /home/hp/ROS2_WS/install/my_exo/lib/python3.10/site-packages/my-exo.egg-link (link to .)
[13.542s] Installing first_node script to /home/hp/ROS2_WS/install/my_exo/lib/my_exo
[13.542s] Installing fourth_node script to /home/hp/ROS2_WS/install/my_exo/lib/my_exo
[13.542s] Installing input_node script to /home/hp/ROS2_WS/install/my_exo/lib/my_exo
[13.543s] Installing second_node script to /home/hp/ROS2_WS/install/my_exo/lib/my_exo
[13.543s] Installing selector_node script to /home/hp/ROS2_WS/install/my_exo/lib/my_exo
[13.543s] Installing third_node script to /home/hp/ROS2_WS/install/my_exo/lib/my_exo
[13.543s] 
[13.544s] Installed /home/hp/ROS2_WS/build/my_exo
[13.544s] running symlink_data
[13.692s] Invoked command in '/home/hp/ROS2_WS/build/my_exo' returned '0': PYTHONPATH=/home/hp/ROS2_WS/build/my_exo/prefix_override:/home/hp/ROS2_WS/install/my_exo/lib/python3.10/site-packages:${PYTHONPATH} /usr/bin/python3 -W ignore:setup.py install is deprecated setup.py develop --editable --build-directory /home/hp/ROS2_WS/build/my_exo/build --no-deps symlink_data
