[1.364s] Invoking command in '/home/hp/ROS2_WS/src/build/my_exo': CONDA_PROMPT_MODIFIER=(base) PYTHONPATH=/home/hp/ROS2_WS/src/build/my_exo/prefix_override:/home/hp/ROS2_WS/src/install/my_exo/lib/python3.10/site-packages:${PYTHONPATH} /usr/bin/python3 -W ignore:setup.py install is deprecated setup.py develop --editable --build-directory /home/hp/ROS2_WS/src/build/my_exo/build --no-deps symlink_data
[1.864s] running develop
[2.168s] running egg_info
[2.168s] writing my_exo.egg-info/PKG-INFO
[2.168s] writing dependency_links to my_exo.egg-info/dependency_links.txt
[2.169s] writing entry points to my_exo.egg-info/entry_points.txt
[2.169s] writing requirements to my_exo.egg-info/requires.txt
[2.169s] writing top-level names to my_exo.egg-info/top_level.txt
[2.171s] reading manifest file 'my_exo.egg-info/SOURCES.txt'
[2.172s] writing manifest file 'my_exo.egg-info/SOURCES.txt'
[2.173s] running build_ext
[2.174s] Creating /home/hp/ROS2_WS/src/install/my_exo/lib/python3.10/site-packages/my-exo.egg-link (link to .)
[2.175s] Installing first_node script to /home/hp/ROS2_WS/src/install/my_exo/lib/my_exo
[2.175s] Installing fourth_node script to /home/hp/ROS2_WS/src/install/my_exo/lib/my_exo
[2.175s] Installing input_node script to /home/hp/ROS2_WS/src/install/my_exo/lib/my_exo
[2.175s] Installing second_node script to /home/hp/ROS2_WS/src/install/my_exo/lib/my_exo
[2.175s] Installing selector_node script to /home/hp/ROS2_WS/src/install/my_exo/lib/my_exo
[2.176s] Installing third_node script to /home/hp/ROS2_WS/src/install/my_exo/lib/my_exo
[2.176s] 
[2.176s] Installed /home/hp/ROS2_WS/src/build/my_exo
[2.176s] running symlink_data
[2.250s] Invoked command in '/home/hp/ROS2_WS/src/build/my_exo' returned '0': CONDA_PROMPT_MODIFIER=(base) PYTHONPATH=/home/hp/ROS2_WS/src/build/my_exo/prefix_override:/home/hp/ROS2_WS/src/install/my_exo/lib/python3.10/site-packages:${PYTHONPATH} /usr/bin/python3 -W ignore:setup.py install is deprecated setup.py develop --editable --build-directory /home/hp/ROS2_WS/src/build/my_exo/build --no-deps symlink_data
