[2.308s] Invoking command in '/home/hp/ROS2_WS/src/build/my_exo': CONDA_PROMPT_MODIFIER=(base) PYTHONPATH=/home/hp/ROS2_WS/src/build/my_exo/prefix_override:/home/hp/ROS2_WS/src/install/my_exo/lib/python3.10/site-packages:${PYTHONPATH} /usr/bin/python3 -W ignore:setup.py install is deprecated setup.py develop --editable --build-directory /home/hp/ROS2_WS/src/build/my_exo/build --no-deps symlink_data
[3.230s] running develop
[3.696s] running egg_info
[3.697s] writing my_exo.egg-info/PKG-INFO
[3.697s] writing dependency_links to my_exo.egg-info/dependency_links.txt
[3.698s] writing entry points to my_exo.egg-info/entry_points.txt
[3.698s] writing requirements to my_exo.egg-info/requires.txt
[3.699s] writing top-level names to my_exo.egg-info/top_level.txt
[3.703s] reading manifest file 'my_exo.egg-info/SOURCES.txt'
[3.705s] writing manifest file 'my_exo.egg-info/SOURCES.txt'
[3.712s] running build_ext
[3.712s] Creating /home/hp/ROS2_WS/src/install/my_exo/lib/python3.10/site-packages/my-exo.egg-link (link to .)
[3.714s] Installing first_node script to /home/hp/ROS2_WS/src/install/my_exo/lib/my_exo
[3.715s] Installing fourth_node script to /home/hp/ROS2_WS/src/install/my_exo/lib/my_exo
[3.716s] Installing input_node script to /home/hp/ROS2_WS/src/install/my_exo/lib/my_exo
[3.716s] Installing second_node script to /home/hp/ROS2_WS/src/install/my_exo/lib/my_exo
[3.716s] Installing selector_node script to /home/hp/ROS2_WS/src/install/my_exo/lib/my_exo
[3.717s] Installing third_node script to /home/hp/ROS2_WS/src/install/my_exo/lib/my_exo
[3.717s] 
[3.718s] Installed /home/hp/ROS2_WS/src/build/my_exo
[3.718s] running symlink_data
[3.828s] Invoked command in '/home/hp/ROS2_WS/src/build/my_exo' returned '0': CONDA_PROMPT_MODIFIER=(base) PYTHONPATH=/home/hp/ROS2_WS/src/build/my_exo/prefix_override:/home/hp/ROS2_WS/src/install/my_exo/lib/python3.10/site-packages:${PYTHONPATH} /usr/bin/python3 -W ignore:setup.py install is deprecated setup.py develop --editable --build-directory /home/hp/ROS2_WS/src/build/my_exo/build --no-deps symlink_data
