[10.450s] Invoking command in '/home/hp/ROS2_WS/build/my_exo': PYTHONPATH=/home/hp/ROS2_WS/build/my_exo/prefix_override:/home/hp/ROS2_WS/install/my_exo/lib/python3.10/site-packages:${PYTHONPATH} /usr/bin/python3 -W ignore:setup.py install is deprecated setup.py develop --editable --build-directory /home/hp/ROS2_WS/build/my_exo/build --no-deps symlink_data
[10.799s] running develop
[11.291s] running egg_info
[11.291s] writing my_exo.egg-info/PKG-INFO
[11.291s] writing dependency_links to my_exo.egg-info/dependency_links.txt
[11.292s] writing entry points to my_exo.egg-info/entry_points.txt
[11.292s] writing requirements to my_exo.egg-info/requires.txt
[11.292s] writing top-level names to my_exo.egg-info/top_level.txt
[11.294s] reading manifest file 'my_exo.egg-info/SOURCES.txt'
[11.339s] writing manifest file 'my_exo.egg-info/SOURCES.txt'
[11.344s] running build_ext
[11.344s] Creating /home/hp/ROS2_WS/install/my_exo/lib/python3.10/site-packages/my-exo.egg-link (link to .)
[11.371s] Installing first_node script to /home/hp/ROS2_WS/install/my_exo/lib/my_exo
[11.371s] Installing fourth_node script to /home/hp/ROS2_WS/install/my_exo/lib/my_exo
[11.372s] Installing input_node script to /home/hp/ROS2_WS/install/my_exo/lib/my_exo
[11.372s] Installing second_node script to /home/hp/ROS2_WS/install/my_exo/lib/my_exo
[11.373s] Installing selector_node script to /home/hp/ROS2_WS/install/my_exo/lib/my_exo
[11.373s] Installing third_node script to /home/hp/ROS2_WS/install/my_exo/lib/my_exo
[11.373s] 
[11.373s] Installed /home/hp/ROS2_WS/build/my_exo
[11.373s] running symlink_data
[11.491s] Invoked command in '/home/hp/ROS2_WS/build/my_exo' returned '0': PYTHONPATH=/home/hp/ROS2_WS/build/my_exo/prefix_override:/home/hp/ROS2_WS/install/my_exo/lib/python3.10/site-packages:${PYTHONPATH} /usr/bin/python3 -W ignore:setup.py install is deprecated setup.py develop --editable --build-directory /home/hp/ROS2_WS/build/my_exo/build --no-deps symlink_data
