-- Found ament_cmake: 1.3.8 (/opt/ros/humble/share/ament_cmake/cmake)
-- Override CMake install command with custom implementation using symlinks instead of copying resources
-- Found message_filters: 4.3.3 (/opt/ros/humble/share/message_filters/cmake)
-- Found rosidl_generator_c: 3.1.5 (/opt/ros/humble/share/rosidl_generator_c/cmake)
-- Found rosidl_adapter: 3.1.5 (/opt/ros/humble/share/rosidl_adapter/cmake)
-- Found rosidl_generator_cpp: 3.1.5 (/opt/ros/humble/share/rosidl_generator_cpp/cmake)
-- Using all available rosidl_typesupport_c: rosidl_typesupport_fastrtps_c;rosidl_typesupport_introspection_c
-- Using all available rosidl_typesupport_cpp: rosidl_typesupport_fastrtps_cpp;rosidl_typesupport_introspection_cpp
-- Found rmw_implementation_cmake: 6.1.1 (/opt/ros/humble/share/rmw_implementation_cmake/cmake)
-- Found rmw_cyclonedds_cpp: 1.3.4 (/opt/ros/humble/share/rmw_cyclonedds_cpp/cmake)
-- Using RMW implementation 'rmw_cyclonedds_cpp' as default
-- Found nav_msgs: 4.2.3 (/opt/ros/humble/share/nav_msgs/cmake)
-- Found sensor_msgs: 4.2.3 (/opt/ros/humble/share/sensor_msgs/cmake)
-- Found tf2: 0.25.6 (/opt/ros/humble/share/tf2/cmake)
-- Found tf2_ros: 0.25.6 (/opt/ros/humble/share/tf2_ros/cmake)
-- Found visualization_msgs: 4.2.3 (/opt/ros/humble/share/visualization_msgs/cmake)
-- Found pluginlib: 5.1.0 (/opt/ros/humble/share/pluginlib/cmake)
-- Found tf2_geometry_msgs: 0.25.6 (/opt/ros/humble/share/tf2_geometry_msgs/cmake)
-- Found eigen3_cmake_module: 0.1.1 (/opt/ros/humble/share/eigen3_cmake_module/cmake)
-- Ensuring Eigen3 include directory is part of orocos-kdl CMake target
-- Found tf2_sensor_msgs: 0.25.6 (/opt/ros/humble/share/tf2_sensor_msgs/cmake)
-- Found std_srvs: 4.2.3 (/opt/ros/humble/share/std_srvs/cmake)
-- Found rosidl_default_generators: 1.2.0 (/opt/ros/humble/share/rosidl_default_generators/cmake)
-- Found lifecycle_msgs: 1.2.1 (/opt/ros/humble/share/lifecycle_msgs/cmake)
-- Found bondcpp: 3.0.2 (/opt/ros/humble/share/bondcpp/cmake)
-- Found rviz_common: 11.2.11 (/opt/ros/humble/share/rviz_common/cmake)
-- Setting OGRE_DIR to: '/opt/ros/humble/share/rviz_ogre_vendor/cmake/../../../opt/rviz_ogre_vendor/lib/OGRE/cmake'
-- Found OGRE
--   static     : OFF
--   components : HLMS;MeshLodGenerator;Overlay;Paging;Property;RTShaderSystem;Terrain;Volume
--   plugins    : Plugin_BSPSceneManager;Plugin_OctreeSceneManager;Plugin_PCZSceneManager;Plugin_ParticleFX;RenderSystem_GL;RenderSystem_GL3Plus;Codec_STBI
--   media      : /opt/ros/humble/opt/rviz_ogre_vendor/share/OGRE/Media
-- OGRE_LIBRARIES: OgreHLMS;OgreMeshLodGenerator;OgreOverlay;OgrePaging;OgreProperty;OgreRTShaderSystem;OgreTerrain;OgreVolume;OgreMain
-- OGRE_LIBRARY_DIRS: /opt/ros/humble/opt/rviz_ogre_vendor/lib
-- OGRE_PLUGINS: Plugin_BSPSceneManager;Plugin_OctreeSceneManager;Plugin_PCZSceneManager;Plugin_ParticleFX;RenderSystem_GL;RenderSystem_GL3Plus;Codec_STBI
-- OGRE_PLUGIN_DIR: /opt/ros/humble/opt/rviz_ogre_vendor/lib/OGRE
-- rviz_ogre_vendor::OgreOverlay for IMPORTED_LOCATION_RELEASE: /opt/ros/humble/opt/rviz_ogre_vendor/lib/libOgreOverlay.so
-- rviz_ogre_vendor::OgreOverlay for IMPORTED_LOCATION_DEBUG: /opt/ros/humble/opt/rviz_ogre_vendor/lib/libOgreOverlay.so
-- rviz_ogre_vendor::OgreMain for IMPORTED_LOCATION_RELEASE: /opt/ros/humble/opt/rviz_ogre_vendor/lib/libOgreMain.so
-- rviz_ogre_vendor::OgreMain for IMPORTED_LOCATION_DEBUG: /opt/ros/humble/opt/rviz_ogre_vendor/lib/libOgreMain.so
-- rviz_ogre_vendor::RenderSystem_GL for IMPORTED_LOCATION_RELEASE: _render_system_gl_static_library_abs-NOTFOUND
-- rviz_ogre_vendor::RenderSystem_GL for IMPORTED_LOCATION_DEBUG: _render_system_gl_static_library_abs-NOTFOUND
-- library: /usr/lib/x86_64-linux-gnu/libcurl.so
-- Found rviz_default_plugins: 11.2.11 (/opt/ros/humble/share/rviz_default_plugins/cmake)
-- Found required Ceres dependency: Eigen version 3.4.0 in /usr/include/eigen3
-- Found required Ceres dependency: glog
-- Found required Ceres dependency: gflags
-- Found Ceres version: 2.0.0 installed in: /usr with components: [EigenSparse, SparseLinearAlgebraLibrary, LAPACK, SuiteSparse, CXSparse, SchurSpecializations, Multithreading]
-- Found ament_cmake_ros: 0.10.0 (/opt/ros/humble/share/ament_cmake_ros/cmake)
-- Using all available rosidl_typesupport_c: rosidl_typesupport_fastrtps_c;rosidl_typesupport_introspection_c
-- Using all available rosidl_typesupport_cpp: rosidl_typesupport_fastrtps_cpp;rosidl_typesupport_introspection_cpp
-- Found PythonInterp: /home/hp/anaconda3/bin/python3 (found suitable version "3.11.9", minimum required is "3.6") 
-- Found python_cmake_module: 0.10.0 (/opt/ros/humble/share/python_cmake_module/cmake)
-- Found PythonLibs: /home/hp/anaconda3/lib/libpython3.11.so (found suitable version "3.11.9", minimum required is "3.5") 
-- Using PYTHON_EXECUTABLE: /home/hp/anaconda3/bin/python3
-- Using PYTHON_INCLUDE_DIRS: /home/hp/anaconda3/include/python3.11
-- Using PYTHON_LIBRARIES: /home/hp/anaconda3/lib/libpython3.11.so
-- Found PythonExtra: .so  
-- Using numpy include directory: /home/hp/anaconda3/lib/python3.11/site-packages/numpy/core/include
-- Configuring done
[33mCMake Warning at CMakeLists.txt:122 (add_library):
  Cannot generate a safe runtime search path for target SlamToolboxPlugin
  because files in some directories may conflict with libraries in implicit
  directories:

    runtime library [libfreetype.so.6] in /usr/lib/x86_64-linux-gnu may be hidden by files in:
      /home/hp/anaconda3/lib
    runtime library [libz.so.1] in /usr/lib/x86_64-linux-gnu may be hidden by files in:
      /home/hp/anaconda3/lib
    runtime library [libcurl.so.4] in /usr/lib/x86_64-linux-gnu may be hidden by files in:
      /home/hp/anaconda3/lib

  Some of these libraries may not be found correctly.

[0m
[33mCMake Warning at CMakeLists.txt:140 (add_library):
  Cannot generate a safe runtime search path for target ceres_solver_plugin
  because files in some directories may conflict with libraries in implicit
  directories:

    runtime library [libfreetype.so.6] in /usr/lib/x86_64-linux-gnu may be hidden by files in:
      /home/hp/anaconda3/lib
    runtime library [libz.so.1] in /usr/lib/x86_64-linux-gnu may be hidden by files in:
      /home/hp/anaconda3/lib
    runtime library [libcurl.so.4] in /usr/lib/x86_64-linux-gnu may be hidden by files in:
      /home/hp/anaconda3/lib
    runtime library [libtbb.so.12] in /usr/lib/x86_64-linux-gnu may be hidden by files in:
      /home/hp/anaconda3/lib

  Some of these libraries may not be found correctly.

[0m
[33mCMake Warning at CMakeLists.txt:151 (add_library):
  Cannot generate a safe runtime search path for target toolbox_common
  because files in some directories may conflict with libraries in implicit
  directories:

    runtime library [libfreetype.so.6] in /usr/lib/x86_64-linux-gnu may be hidden by files in:
      /home/hp/anaconda3/lib
    runtime library [libz.so.1] in /usr/lib/x86_64-linux-gnu may be hidden by files in:
      /home/hp/anaconda3/lib
    runtime library [libcurl.so.4] in /usr/lib/x86_64-linux-gnu may be hidden by files in:
      /home/hp/anaconda3/lib
    runtime library [libtbb.so.12] in /usr/lib/x86_64-linux-gnu may be hidden by files in:
      /home/hp/anaconda3/lib

  Some of these libraries may not be found correctly.

[0m
[33mCMake Warning at CMakeLists.txt:160 (add_library):
  Cannot generate a safe runtime search path for target async_slam_toolbox
  because files in some directories may conflict with libraries in implicit
  directories:

    runtime library [libtbb.so.12] in /usr/lib/x86_64-linux-gnu may be hidden by files in:
      /home/hp/anaconda3/lib
    runtime library [libfreetype.so.6] in /usr/lib/x86_64-linux-gnu may be hidden by files in:
      /home/hp/anaconda3/lib
    runtime library [libcurl.so.4] in /usr/lib/x86_64-linux-gnu may be hidden by files in:
      /home/hp/anaconda3/lib
    runtime library [libz.so.1] in /usr/lib/x86_64-linux-gnu may be hidden by files in:
      /home/hp/anaconda3/lib

  Some of these libraries may not be found correctly.

[0m
[33mCMake Warning at CMakeLists.txt:162 (add_executable):
  Cannot generate a safe runtime search path for target
  async_slam_toolbox_node because files in some directories may conflict with
  libraries in implicit directories:

    runtime library [libfreetype.so.6] in /usr/lib/x86_64-linux-gnu may be hidden by files in:
      /home/hp/anaconda3/lib
    runtime library [libcurl.so.4] in /usr/lib/x86_64-linux-gnu may be hidden by files in:
      /home/hp/anaconda3/lib
    runtime library [libz.so.1] in /usr/lib/x86_64-linux-gnu may be hidden by files in:
      /home/hp/anaconda3/lib
    runtime library [libtbb.so.12] in /usr/lib/x86_64-linux-gnu may be hidden by files in:
      /home/hp/anaconda3/lib

  Some of these libraries may not be found correctly.

[0m
[33mCMake Warning at CMakeLists.txt:165 (add_library):
  Cannot generate a safe runtime search path for target sync_slam_toolbox
  because files in some directories may conflict with libraries in implicit
  directories:

    runtime library [libtbb.so.12] in /usr/lib/x86_64-linux-gnu may be hidden by files in:
      /home/hp/anaconda3/lib
    runtime library [libfreetype.so.6] in /usr/lib/x86_64-linux-gnu may be hidden by files in:
      /home/hp/anaconda3/lib
    runtime library [libcurl.so.4] in /usr/lib/x86_64-linux-gnu may be hidden by files in:
      /home/hp/anaconda3/lib
    runtime library [libz.so.1] in /usr/lib/x86_64-linux-gnu may be hidden by files in:
      /home/hp/anaconda3/lib

  Some of these libraries may not be found correctly.

[0m
[33mCMake Warning at CMakeLists.txt:167 (add_executable):
  Cannot generate a safe runtime search path for target
  sync_slam_toolbox_node because files in some directories may conflict with
  libraries in implicit directories:

    runtime library [libfreetype.so.6] in /usr/lib/x86_64-linux-gnu may be hidden by files in:
      /home/hp/anaconda3/lib
    runtime library [libcurl.so.4] in /usr/lib/x86_64-linux-gnu may be hidden by files in:
      /home/hp/anaconda3/lib
    runtime library [libz.so.1] in /usr/lib/x86_64-linux-gnu may be hidden by files in:
      /home/hp/anaconda3/lib
    runtime library [libtbb.so.12] in /usr/lib/x86_64-linux-gnu may be hidden by files in:
      /home/hp/anaconda3/lib

  Some of these libraries may not be found correctly.

[0m
[33mCMake Warning at CMakeLists.txt:170 (add_library):
  Cannot generate a safe runtime search path for target
  localization_slam_toolbox because files in some directories may conflict
  with libraries in implicit directories:

    runtime library [libtbb.so.12] in /usr/lib/x86_64-linux-gnu may be hidden by files in:
      /home/hp/anaconda3/lib
    runtime library [libfreetype.so.6] in /usr/lib/x86_64-linux-gnu may be hidden by files in:
      /home/hp/anaconda3/lib
    runtime library [libcurl.so.4] in /usr/lib/x86_64-linux-gnu may be hidden by files in:
      /home/hp/anaconda3/lib
    runtime library [libz.so.1] in /usr/lib/x86_64-linux-gnu may be hidden by files in:
      /home/hp/anaconda3/lib

  Some of these libraries may not be found correctly.

[0m
[33mCMake Warning at CMakeLists.txt:172 (add_executable):
  Cannot generate a safe runtime search path for target
  localization_slam_toolbox_node because files in some directories may
  conflict with libraries in implicit directories:

    runtime library [libfreetype.so.6] in /usr/lib/x86_64-linux-gnu may be hidden by files in:
      /home/hp/anaconda3/lib
    runtime library [libcurl.so.4] in /usr/lib/x86_64-linux-gnu may be hidden by files in:
      /home/hp/anaconda3/lib
    runtime library [libz.so.1] in /usr/lib/x86_64-linux-gnu may be hidden by files in:
      /home/hp/anaconda3/lib
    runtime library [libtbb.so.12] in /usr/lib/x86_64-linux-gnu may be hidden by files in:
      /home/hp/anaconda3/lib

  Some of these libraries may not be found correctly.

[0m
[33mCMake Warning at CMakeLists.txt:175 (add_library):
  Cannot generate a safe runtime search path for target lifelong_slam_toolbox
  because files in some directories may conflict with libraries in implicit
  directories:

    runtime library [libtbb.so.12] in /usr/lib/x86_64-linux-gnu may be hidden by files in:
      /home/hp/anaconda3/lib
    runtime library [libfreetype.so.6] in /usr/lib/x86_64-linux-gnu may be hidden by files in:
      /home/hp/anaconda3/lib
    runtime library [libcurl.so.4] in /usr/lib/x86_64-linux-gnu may be hidden by files in:
      /home/hp/anaconda3/lib
    runtime library [libz.so.1] in /usr/lib/x86_64-linux-gnu may be hidden by files in:
      /home/hp/anaconda3/lib

  Some of these libraries may not be found correctly.

[0m
[33mCMake Warning at CMakeLists.txt:177 (add_executable):
  Cannot generate a safe runtime search path for target
  lifelong_slam_toolbox_node because files in some directories may conflict
  with libraries in implicit directories:

    runtime library [libfreetype.so.6] in /usr/lib/x86_64-linux-gnu may be hidden by files in:
      /home/hp/anaconda3/lib
    runtime library [libcurl.so.4] in /usr/lib/x86_64-linux-gnu may be hidden by files in:
      /home/hp/anaconda3/lib
    runtime library [libz.so.1] in /usr/lib/x86_64-linux-gnu may be hidden by files in:
      /home/hp/anaconda3/lib
    runtime library [libtbb.so.12] in /usr/lib/x86_64-linux-gnu may be hidden by files in:
      /home/hp/anaconda3/lib

  Some of these libraries may not be found correctly.

[0m
[33mCMake Warning at CMakeLists.txt:180 (add_library):
  Cannot generate a safe runtime search path for target
  map_and_localization_slam_toolbox because files in some directories may
  conflict with libraries in implicit directories:

    runtime library [libfreetype.so.6] in /usr/lib/x86_64-linux-gnu may be hidden by files in:
      /home/hp/anaconda3/lib
    runtime library [libcurl.so.4] in /usr/lib/x86_64-linux-gnu may be hidden by files in:
      /home/hp/anaconda3/lib
    runtime library [libz.so.1] in /usr/lib/x86_64-linux-gnu may be hidden by files in:
      /home/hp/anaconda3/lib
    runtime library [libtbb.so.12] in /usr/lib/x86_64-linux-gnu may be hidden by files in:
      /home/hp/anaconda3/lib

  Some of these libraries may not be found correctly.

[0m
[33mCMake Warning at CMakeLists.txt:182 (add_executable):
  Cannot generate a safe runtime search path for target
  map_and_localization_slam_toolbox_node because files in some directories
  may conflict with libraries in implicit directories:

    runtime library [libfreetype.so.6] in /usr/lib/x86_64-linux-gnu may be hidden by files in:
      /home/hp/anaconda3/lib
    runtime library [libcurl.so.4] in /usr/lib/x86_64-linux-gnu may be hidden by files in:
      /home/hp/anaconda3/lib
    runtime library [libz.so.1] in /usr/lib/x86_64-linux-gnu may be hidden by files in:
      /home/hp/anaconda3/lib
    runtime library [libtbb.so.12] in /usr/lib/x86_64-linux-gnu may be hidden by files in:
      /home/hp/anaconda3/lib

  Some of these libraries may not be found correctly.

[0m
[33mCMake Warning at CMakeLists.txt:186 (add_executable):
  Cannot generate a safe runtime search path for target merge_maps_kinematic
  because files in some directories may conflict with libraries in implicit
  directories:

    runtime library [libtbb.so.12] in /usr/lib/x86_64-linux-gnu may be hidden by files in:
      /home/hp/anaconda3/lib
    runtime library [libfreetype.so.6] in /usr/lib/x86_64-linux-gnu may be hidden by files in:
      /home/hp/anaconda3/lib
    runtime library [libcurl.so.4] in /usr/lib/x86_64-linux-gnu may be hidden by files in:
      /home/hp/anaconda3/lib
    runtime library [libz.so.1] in /usr/lib/x86_64-linux-gnu may be hidden by files in:
      /home/hp/anaconda3/lib

  Some of these libraries may not be found correctly.

[0m
[33mCMake Warning at lib/karto_sdk/CMakeLists.txt:31 (add_library):
  Cannot generate a safe runtime search path for target kartoSlamToolbox
  because files in some directories may conflict with libraries in implicit
  directories:

    runtime library [libtbb.so.12] in /usr/lib/x86_64-linux-gnu may be hidden by files in:
      /home/hp/anaconda3/lib

  Some of these libraries may not be found correctly.

[0m
-- Generating done
-- Build files have been written to: /home/hp/ROS2_WS/src/build/slam_toolbox
