[1.571s] Invoking command in '/home/hp/ROS2_WS/build/my_exo': PYTHONPATH=/home/hp/ROS2_WS/build/my_exo/prefix_override:/home/hp/ROS2_WS/install/my_exo/lib/python3.10/site-packages:${PYTHONPATH} /usr/bin/python3 -W ignore:setup.py install is deprecated setup.py develop --editable --build-directory /home/hp/ROS2_WS/build/my_exo/build --no-deps symlink_data
[1.957s] running develop
[2.183s] running egg_info
[2.183s] writing my_exo.egg-info/PKG-INFO
[2.183s] writing dependency_links to my_exo.egg-info/dependency_links.txt
[2.184s] writing entry points to my_exo.egg-info/entry_points.txt
[2.184s] writing requirements to my_exo.egg-info/requires.txt
[2.184s] writing top-level names to my_exo.egg-info/top_level.txt
[2.186s] reading manifest file 'my_exo.egg-info/SOURCES.txt'
[2.187s] writing manifest file 'my_exo.egg-info/SOURCES.txt'
[2.188s] running build_ext
[2.189s] Creating /home/hp/ROS2_WS/install/my_exo/lib/python3.10/site-packages/my-exo.egg-link (link to .)
[2.190s] Installing first_node script to /home/hp/ROS2_WS/install/my_exo/lib/my_exo
[2.190s] Installing fourth_node script to /home/hp/ROS2_WS/install/my_exo/lib/my_exo
[2.190s] Installing input_node script to /home/hp/ROS2_WS/install/my_exo/lib/my_exo
[2.190s] Installing second_node script to /home/hp/ROS2_WS/install/my_exo/lib/my_exo
[2.190s] Installing selector_node script to /home/hp/ROS2_WS/install/my_exo/lib/my_exo
[2.191s] Installing third_node script to /home/hp/ROS2_WS/install/my_exo/lib/my_exo
[2.191s] 
[2.191s] Installed /home/hp/ROS2_WS/build/my_exo
[2.191s] running symlink_data
[2.257s] Invoked command in '/home/hp/ROS2_WS/build/my_exo' returned '0': PYTHONPATH=/home/hp/ROS2_WS/build/my_exo/prefix_override:/home/hp/ROS2_WS/install/my_exo/lib/python3.10/site-packages:${PYTHONPATH} /usr/bin/python3 -W ignore:setup.py install is deprecated setup.py develop --editable --build-directory /home/hp/ROS2_WS/build/my_exo/build --no-deps symlink_data
