[1.262s] Invoking command in '/home/hp/ROS2_WS/build/slam_toolbox': CMAKE_PREFIX_PATH=${CMAKE_PREFIX_PATH}:/home/hp/ROS2_WS/install/my_robot_controller:/home/hp/ROS2_WS/install/my_exo:/home/hp/ROS2_WS/install/dynamic_tf:/opt/ros/humble /usr/bin/cmake --build /home/hp/ROS2_WS/build/slam_toolbox -- -j8 -l8
[5.314s] [  0%] Built target ament_cmake_python_symlink_slam_toolbox
[5.401s] [35m[1mConsolidate compiler generated dependencies of target kartoSlamToolbox[0m
[5.831s] [  0%] Built target slam_toolbox__cpp
[6.118s] running egg_info
[6.119s] writing slam_toolbox.egg-info/PKG-INFO
[6.119s] writing dependency_links to slam_toolbox.egg-info/dependency_links.txt
[6.119s] writing top-level names to slam_toolbox.egg-info/top_level.txt
[6.155s] reading manifest file 'slam_toolbox.egg-info/SOURCES.txt'
[6.381s] [  9%] Built target slam_toolbox__rosidl_generator_c
[6.421s] writing manifest file 'slam_toolbox.egg-info/SOURCES.txt'
[6.454s] [  9%] Built target ament_cmake_python_build_slam_toolbox_egg
[6.788s] [ 18%] Built target slam_toolbox__rosidl_typesupport_introspection_c
[6.963s] [ 36%] Built target slam_toolbox__rosidl_typesupport_c
[6.963s] [ 36%] Built target slam_toolbox__rosidl_typesupport_introspection_cpp
[7.376s] [ 45%] Built target slam_toolbox__rosidl_typesupport_fastrtps_cpp
[7.389s] [ 63%] Built target slam_toolbox__rosidl_typesupport_fastrtps_c
[7.389s] [ 63%] Built target slam_toolbox__rosidl_typesupport_cpp
[9.160s] [ 64%] [32mBuilding CXX object lib/karto_sdk/CMakeFiles/kartoSlamToolbox.dir/src/Karto.cpp.o[0m
[9.202s] [ 66%] Built target SlamToolboxPlugin
[9.455s] [ 66%] Built target slam_toolbox
[9.510s] [ 67%] [32mBuilding CXX object lib/karto_sdk/CMakeFiles/kartoSlamToolbox.dir/src/Mapper.cpp.o[0m
[9.560s] [ 68%] Built target slam_toolbox__py
[10.086s] [ 76%] Built target slam_toolbox__rosidl_generator_py
[10.383s] [ 77%] Built target slam_toolbox__rosidl_typesupport_fastrtps_c__pyext
[10.418s] [ 78%] Built target slam_toolbox__rosidl_typesupport_introspection_c__pyext
[10.504s] [ 79%] Built target slam_toolbox__rosidl_typesupport_c__pyext
[36.433s] [ 79%] [32m[1mLinking CXX shared library libkartoSlamToolbox.so[0m
[36.849s] [ 79%] Built target kartoSlamToolbox
[37.254s] [ 80%] [32mBuilding CXX object CMakeFiles/ceres_solver_plugin.dir/solvers/ceres_solver.cpp.o[0m
[37.386s] [ 81%] [32mBuilding CXX object CMakeFiles/toolbox_common.dir/src/slam_toolbox_common.cpp.o[0m
[37.389s] [ 81%] [32mBuilding CXX object CMakeFiles/toolbox_common.dir/src/loop_closure_assistant.cpp.o[0m
[37.392s] [ 82%] [32mBuilding CXX object CMakeFiles/toolbox_common.dir/src/laser_utils.cpp.o[0m
[37.394s] [ 83%] [32mBuilding CXX object CMakeFiles/toolbox_common.dir/src/slam_mapper.cpp.o[0m
[65.672s] [ 83%] [32m[1mLinking CXX shared library libceres_solver_plugin.so[0m
[72.775s] [ 83%] Built target ceres_solver_plugin
[82.372s] [ 84%] [32m[1mLinking CXX shared library libtoolbox_common.so[0m
[83.247s] [ 85%] Built target toolbox_common
[89.463s] [ 86%] [32mBuilding CXX object CMakeFiles/merge_maps_kinematic.dir/src/merge_maps_kinematic.cpp.o[0m
[89.568s] [ 88%] [32mBuilding CXX object CMakeFiles/lifelong_slam_toolbox.dir/src/experimental/slam_toolbox_lifelong.cpp.o[0m
[89.568s] [ 88%] [32mBuilding CXX object CMakeFiles/sync_slam_toolbox.dir/src/slam_toolbox_sync.cpp.o[0m
[89.568s] [ 88%] [32mBuilding CXX object CMakeFiles/async_slam_toolbox.dir/src/slam_toolbox_async.cpp.o[0m
[89.743s] [ 89%] [32mBuilding CXX object CMakeFiles/localization_slam_toolbox.dir/src/slam_toolbox_localization.cpp.o[0m
