[0.640s] Invoking command in '/home/hp/ROS2_WS/src/build/hector_nav_msgs': CONDA_PROMPT_MODIFIER=(base) /usr/bin/cmake /home/hp/ROS2_WS/src/hector_slam/hector_nav_msgs -DCATKIN_INSTALL_INTO_PREFIX_ROOT=0 -DCMAKE_INSTALL_PREFIX=/home/hp/ROS2_WS/src/install/hector_nav_msgs
[2.066s] -- Configuring incomplete, errors occurred!
[2.066s] See also "/home/hp/ROS2_WS/src/build/hector_nav_msgs/CMakeFiles/CMakeOutput.log".
[2.066s] [31mCMake Error at CMakeLists.txt:4 (find_package):
[2.068s]   By not providing "Findcatkin.cmake" in CMAKE_MODULE_PATH this project has
[2.069s]   asked CMake to find a package configuration file provided by "catkin", but
[2.069s]   CMake did not find one.
[2.069s] 
[2.069s]   Could not find a package configuration file provided by "catkin" with any
[2.069s]   of the following names:
[2.069s] 
[2.069s]     catkinConfig.cmake
[2.069s]     catkin-config.cmake
[2.069s] 
[2.070s]   Add the installation prefix of "catkin" to CMAKE_PREFIX_PATH or set
[2.070s]   "catkin_DIR" to a directory containing one of the above files.  If "catkin"
[2.070s]   provides a separate development package or SDK, be sure it has been
[2.070s]   installed.
[2.070s] 
[2.070s] [0m
[2.070s] Invoked command in '/home/hp/ROS2_WS/src/build/hector_nav_msgs' returned '1': CONDA_PROMPT_MODIFIER=(base) /usr/bin/cmake /home/hp/ROS2_WS/src/hector_slam/hector_nav_msgs -DCATKIN_INSTALL_INTO_PREFIX_ROOT=0 -DCMAKE_INSTALL_PREFIX=/home/hp/ROS2_WS/src/install/hector_nav_msgs
