[0.943s] Invoking command in '/home/hp/ROS2_WS/src/build/rf2o_laser_odometry': CMAKE_PREFIX_PATH=${CMAKE_PREFIX_PATH}:/home/hp/ROS2_WS/install/my_robot_controller:/home/hp/ROS2_WS/install/my_exo:/home/hp/ROS2_WS/install/dynamic_tf:/home/hp/ROS2_WS/install/Dynamic_tf:/home/hp/ROS2_WS/install/DYNAMIC_TF:/home/hp/ROS2_WS/src/install/my_robot_controller:/home/hp/ROS2_WS/src/install/my_exo:/home/hp/ROS2_WS/src/install/dynamic_tf:/opt/ros/humble CONDA_PROMPT_MODIFIER=(base) /usr/bin/cmake --build /home/hp/ROS2_WS/src/build/rf2o_laser_odometry -- -j8 -l8
[1.297s] -- Found ament_cmake: 1.3.8 (/opt/ros/humble/share/ament_cmake/cmake)
[1.383s] -- Found Python3: /home/hp/anaconda3/bin/python3 (found version "3.11.9") found components: Interpreter 
[1.481s] -- Override CMake install command with custom implementation using symlinks instead of copying resources
[1.523s] -- Found rclcpp: 16.0.8 (/opt/ros/humble/share/rclcpp/cmake)
[2.291s] -- Found rosidl_generator_c: 3.1.5 (/opt/ros/humble/share/rosidl_generator_c/cmake)
[2.338s] -- Found rosidl_adapter: 3.1.5 (/opt/ros/humble/share/rosidl_adapter/cmake)
[2.475s] -- Found rosidl_generator_cpp: 3.1.5 (/opt/ros/humble/share/rosidl_generator_cpp/cmake)
[2.863s] -- Using all available rosidl_typesupport_c: rosidl_typesupport_fastrtps_c;rosidl_typesupport_introspection_c
[3.179s] -- Using all available rosidl_typesupport_cpp: rosidl_typesupport_fastrtps_cpp;rosidl_typesupport_introspection_cpp
[4.210s] -- Found rmw_implementation_cmake: 6.1.1 (/opt/ros/humble/share/rmw_implementation_cmake/cmake)
[4.360s] -- Found rmw_cyclonedds_cpp: 1.3.4 (/opt/ros/humble/share/rmw_cyclonedds_cpp/cmake)
[5.022s] -- Using RMW implementation 'rmw_cyclonedds_cpp' as default
[6.161s] -- Found geometry_msgs: 4.2.3 (/opt/ros/humble/share/geometry_msgs/cmake)
[6.307s] -- Found tf2_geometry_msgs: 0.25.6 (/opt/ros/humble/share/tf2_geometry_msgs/cmake)
[6.362s] -- Found eigen3_cmake_module: 0.1.1 (/opt/ros/humble/share/eigen3_cmake_module/cmake)
[6.365s] -- Ensuring Eigen3 include directory is part of orocos-kdl CMake target
[7.891s] -- Found sensor_msgs: 4.2.3 (/opt/ros/humble/share/sensor_msgs/cmake)
[8.089s] -- Found nav_msgs: 4.2.3 (/opt/ros/humble/share/nav_msgs/cmake)
[8.628s] -- Found Boost: /home/hp/anaconda3/lib/cmake/Boost-1.82.0/BoostConfig.cmake (found version "1.82.0")  
[10.050s] -- Configuring done
[10.465s] -- Generating done
[10.470s] -- Build files have been written to: /home/hp/ROS2_WS/src/build/rf2o_laser_odometry
[10.689s] [35m[1mConsolidate compiler generated dependencies of target rf2o_laser_odometry[0m
[10.693s] [35m[1mConsolidate compiler generated dependencies of target rf2o_laser_odometry_node[0m
[10.783s] [ 20%] [32mBuilding CXX object CMakeFiles/rf2o_laser_odometry.dir/src/CLaserOdometry2D.cpp.o[0m
[10.820s] [ 40%] [32mBuilding CXX object CMakeFiles/rf2o_laser_odometry_node.dir/src/CLaserOdometry2DNode.cpp.o[0m
[10.843s] [ 60%] [32mBuilding CXX object CMakeFiles/rf2o_laser_odometry_node.dir/src/CLaserOdometry2D.cpp.o[0m
[43.048s] [ 80%] [32m[1mLinking CXX executable rf2o_laser_odometry_node[0m
[43.050s] [100%] [32m[1mLinking CXX static library librf2o_laser_odometry.a[0m
[43.422s] [100%] Built target rf2o_laser_odometry
[44.444s] [100%] Built target rf2o_laser_odometry_node
