[0.820s] Invoking command in '/home/hp/ROS2_WS/src/build/slam_toolbox': CMAKE_PREFIX_PATH=${CMAKE_PREFIX_PATH}:/home/hp/ROS2_WS/src/install/dynamic_tf:/home/hp/ROS2_WS/install/my_robot_controller:/home/hp/ROS2_WS/install/my_exo:/home/hp/ROS2_WS/install/dynamic_tf:/home/hp/ROS2_WS/install/Dynamic_tf:/home/hp/ROS2_WS/install/DYNAMIC_TF:/home/hp/ROS2_WS/src/install/my_robot_controller:/home/hp/ROS2_WS/src/install/my_exo:/opt/ros/humble CONDA_PROMPT_MODIFIER=(base) /usr/bin/cmake /home/hp/ROS2_WS/src/slam_toolbox -DAMENT_CMAKE_SYMLINK_INSTALL=1 -DCMAKE_INSTALL_PREFIX=/home/hp/ROS2_WS/src/install/slam_toolbox
[0.840s] -- Found ament_cmake: 1.3.8 (/opt/ros/humble/share/ament_cmake/cmake)
[1.200s] -- Override CMake install command with custom implementation using symlinks instead of copying resources
[1.215s] -- Found message_filters: 4.3.3 (/opt/ros/humble/share/message_filters/cmake)
[1.289s] -- Found rosidl_generator_c: 3.1.5 (/opt/ros/humble/share/rosidl_generator_c/cmake)
[1.294s] -- Found rosidl_adapter: 3.1.5 (/opt/ros/humble/share/rosidl_adapter/cmake)
[1.308s] -- Found rosidl_generator_cpp: 3.1.5 (/opt/ros/humble/share/rosidl_generator_cpp/cmake)
[1.333s] -- Using all available rosidl_typesupport_c: rosidl_typesupport_fastrtps_c;rosidl_typesupport_introspection_c
[1.367s] -- Using all available rosidl_typesupport_cpp: rosidl_typesupport_fastrtps_cpp;rosidl_typesupport_introspection_cpp
[1.491s] -- Found rmw_implementation_cmake: 6.1.1 (/opt/ros/humble/share/rmw_implementation_cmake/cmake)
[1.494s] -- Found rmw_cyclonedds_cpp: 1.3.4 (/opt/ros/humble/share/rmw_cyclonedds_cpp/cmake)
[1.545s] -- Using RMW implementation 'rmw_cyclonedds_cpp' as default
[1.755s] -- Found nav_msgs: 4.2.3 (/opt/ros/humble/share/nav_msgs/cmake)
[1.910s] -- Found sensor_msgs: 4.2.3 (/opt/ros/humble/share/sensor_msgs/cmake)
[2.014s] -- Found tf2: 0.25.6 (/opt/ros/humble/share/tf2/cmake)
[2.024s] -- Found tf2_ros: 0.25.6 (/opt/ros/humble/share/tf2_ros/cmake)
[2.380s] -- Found visualization_msgs: 4.2.3 (/opt/ros/humble/share/visualization_msgs/cmake)
[2.484s] -- Found pluginlib: 5.1.0 (/opt/ros/humble/share/pluginlib/cmake)
[2.499s] -- Found tf2_geometry_msgs: 0.25.6 (/opt/ros/humble/share/tf2_geometry_msgs/cmake)
[2.503s] -- Found eigen3_cmake_module: 0.1.1 (/opt/ros/humble/share/eigen3_cmake_module/cmake)
[2.504s] -- Ensuring Eigen3 include directory is part of orocos-kdl CMake target
[2.513s] -- Found tf2_sensor_msgs: 0.25.6 (/opt/ros/humble/share/tf2_sensor_msgs/cmake)
[2.531s] -- Found std_srvs: 4.2.3 (/opt/ros/humble/share/std_srvs/cmake)
[2.546s] -- Found rosidl_default_generators: 1.2.0 (/opt/ros/humble/share/rosidl_default_generators/cmake)
[2.553s] -- Found lifecycle_msgs: 1.2.1 (/opt/ros/humble/share/lifecycle_msgs/cmake)
[2.567s] -- Found bondcpp: 3.0.2 (/opt/ros/humble/share/bondcpp/cmake)
[2.644s] -- Found rviz_common: 11.2.11 (/opt/ros/humble/share/rviz_common/cmake)
[2.656s] -- Setting OGRE_DIR to: '/opt/ros/humble/share/rviz_ogre_vendor/cmake/../../../opt/rviz_ogre_vendor/lib/OGRE/cmake'
[2.657s] -- Found OGRE
[2.657s] --   static     : OFF
[2.657s] --   components : HLMS;MeshLodGenerator;Overlay;Paging;Property;RTShaderSystem;Terrain;Volume
[2.657s] --   plugins    : Plugin_BSPSceneManager;Plugin_OctreeSceneManager;Plugin_PCZSceneManager;Plugin_ParticleFX;RenderSystem_GL;RenderSystem_GL3Plus;Codec_STBI
[2.657s] --   media      : /opt/ros/humble/opt/rviz_ogre_vendor/share/OGRE/Media
[2.657s] -- OGRE_LIBRARIES: OgreHLMS;OgreMeshLodGenerator;OgreOverlay;OgrePaging;OgreProperty;OgreRTShaderSystem;OgreTerrain;OgreVolume;OgreMain
[2.657s] -- OGRE_LIBRARY_DIRS: /opt/ros/humble/opt/rviz_ogre_vendor/lib
[2.657s] -- OGRE_PLUGINS: Plugin_BSPSceneManager;Plugin_OctreeSceneManager;Plugin_PCZSceneManager;Plugin_ParticleFX;RenderSystem_GL;RenderSystem_GL3Plus;Codec_STBI
[2.657s] -- OGRE_PLUGIN_DIR: /opt/ros/humble/opt/rviz_ogre_vendor/lib/OGRE
[2.658s] -- rviz_ogre_vendor::OgreOverlay for IMPORTED_LOCATION_RELEASE: /opt/ros/humble/opt/rviz_ogre_vendor/lib/libOgreOverlay.so
[2.658s] -- rviz_ogre_vendor::OgreOverlay for IMPORTED_LOCATION_DEBUG: /opt/ros/humble/opt/rviz_ogre_vendor/lib/libOgreOverlay.so
[2.658s] -- rviz_ogre_vendor::OgreMain for IMPORTED_LOCATION_RELEASE: /opt/ros/humble/opt/rviz_ogre_vendor/lib/libOgreMain.so
[2.658s] -- rviz_ogre_vendor::OgreMain for IMPORTED_LOCATION_DEBUG: /opt/ros/humble/opt/rviz_ogre_vendor/lib/libOgreMain.so
[2.700s] -- rviz_ogre_vendor::RenderSystem_GL for IMPORTED_LOCATION_RELEASE: _render_system_gl_static_library_abs-NOTFOUND
[2.700s] -- rviz_ogre_vendor::RenderSystem_GL for IMPORTED_LOCATION_DEBUG: _render_system_gl_static_library_abs-NOTFOUND
[2.730s] -- library: /usr/lib/x86_64-linux-gnu/libcurl.so
[2.784s] -- Found rviz_default_plugins: 11.2.11 (/opt/ros/humble/share/rviz_default_plugins/cmake)
[3.172s] -- Found required Ceres dependency: Eigen version 3.4.0 in /usr/include/eigen3
[3.174s] -- Found required Ceres dependency: glog
[3.174s] -- Found required Ceres dependency: gflags
[3.175s] -- Found Ceres version: 2.0.0 installed in: /usr with components: [EigenSparse, SparseLinearAlgebraLibrary, LAPACK, SuiteSparse, CXSparse, SchurSpecializations, Multithreading]
[3.294s] [31mCMake Error at /opt/ros/humble/share/rosidl_adapter/cmake/rosidl_adapt_interfaces.cmake:59 (message):
[3.295s]   execute_process(/home/hp/anaconda3/bin/python3 -m rosidl_adapter
[3.295s]   --package-name slam_toolbox --arguments-file
[3.295s]   /home/hp/ROS2_WS/src/build/slam_toolbox/rosidl_adapter__arguments__slam_toolbox.json
[3.295s]   --output-dir
[3.295s]   /home/hp/ROS2_WS/src/build/slam_toolbox/rosidl_adapter/slam_toolbox
[3.295s]   --output-file
[3.295s]   /home/hp/ROS2_WS/src/build/slam_toolbox/rosidl_adapter/slam_toolbox.idls)
[3.295s]   returned error code 1:
[3.295s] 
[3.295s]   Traceback (most recent call last):
[3.295s] 
[3.295s]     File "<frozen runpy>", line 198, in _run_module_as_main
[3.295s]     File "<frozen runpy>", line 88, in _run_code
[3.296s]     File "/opt/ros/humble/local/lib/python3.10/dist-packages/rosidl_adapter/__main__.py", line 19, in <module>
[3.296s]       sys.exit(main())
[3.296s]                ^^^^^^
[3.296s]     File "/opt/ros/humble/local/lib/python3.10/dist-packages/rosidl_adapter/main.py", line 53, in main
[3.296s]       abs_idl_file = convert_to_idl(
[3.296s]                      ^^^^^^^^^^^^^^^
[3.296s]     File "/opt/ros/humble/local/lib/python3.10/dist-packages/rosidl_adapter/__init__.py", line 23, in convert_to_idl
[3.296s]       from rosidl_adapter.srv import convert_srv_to_idl
[3.296s]     File "/opt/ros/humble/local/lib/python3.10/dist-packages/rosidl_adapter/srv/__init__.py", line 16, in <module>
[3.296s]       from rosidl_adapter.resource import expand_template
[3.296s]     File "/opt/ros/humble/local/lib/python3.10/dist-packages/rosidl_adapter/resource/__init__.py", line 19, in <module>
[3.296s]       import em
[3.296s] 
[3.296s]   ModuleNotFoundError: No module named 'em'
[3.296s] 
[3.296s] Call Stack (most recent call first):
[3.296s]   /opt/ros/humble/share/rosidl_cmake/cmake/rosidl_generate_interfaces.cmake:130 (rosidl_adapt_interfaces)
[3.296s]   CMakeLists.txt:105 (rosidl_generate_interfaces)
[3.296s] 
[3.296s] [0m
[3.297s] -- Configuring incomplete, errors occurred!
[3.297s] See also "/home/hp/ROS2_WS/src/build/slam_toolbox/CMakeFiles/CMakeOutput.log".
[3.297s] See also "/home/hp/ROS2_WS/src/build/slam_toolbox/CMakeFiles/CMakeError.log".
[3.309s] Invoked command in '/home/hp/ROS2_WS/src/build/slam_toolbox' returned '1': CMAKE_PREFIX_PATH=${CMAKE_PREFIX_PATH}:/home/hp/ROS2_WS/src/install/dynamic_tf:/home/hp/ROS2_WS/install/my_robot_controller:/home/hp/ROS2_WS/install/my_exo:/home/hp/ROS2_WS/install/dynamic_tf:/home/hp/ROS2_WS/install/Dynamic_tf:/home/hp/ROS2_WS/install/DYNAMIC_TF:/home/hp/ROS2_WS/src/install/my_robot_controller:/home/hp/ROS2_WS/src/install/my_exo:/opt/ros/humble CONDA_PROMPT_MODIFIER=(base) /usr/bin/cmake /home/hp/ROS2_WS/src/slam_toolbox -DAMENT_CMAKE_SYMLINK_INSTALL=1 -DCMAKE_INSTALL_PREFIX=/home/hp/ROS2_WS/src/install/slam_toolbox
