[1.998s] Invoking command in '/home/hp/ROS2_WS/src/build/my_exo': CONDA_PROMPT_MODIFIER=(base) PYTHONPATH=/home/hp/ROS2_WS/src/build/my_exo/prefix_override:/home/hp/ROS2_WS/src/install/my_exo/lib/python3.10/site-packages:${PYTHONPATH} /usr/bin/python3 -W ignore:setup.py install is deprecated setup.py develop --editable --build-directory /home/hp/ROS2_WS/src/build/my_exo/build --no-deps symlink_data
[2.383s] running develop
[2.617s] running egg_info
[2.617s] writing my_exo.egg-info/PKG-INFO
[2.647s] writing dependency_links to my_exo.egg-info/dependency_links.txt
[2.651s] writing entry points to my_exo.egg-info/entry_points.txt
[2.652s] writing requirements to my_exo.egg-info/requires.txt
[2.652s] writing top-level names to my_exo.egg-info/top_level.txt
[2.654s] reading manifest file 'my_exo.egg-info/SOURCES.txt'
[2.655s] writing manifest file 'my_exo.egg-info/SOURCES.txt'
[2.656s] running build_ext
[2.657s] Creating /home/hp/ROS2_WS/src/install/my_exo/lib/python3.10/site-packages/my-exo.egg-link (link to .)
[2.658s] Installing first_node script to /home/hp/ROS2_WS/src/install/my_exo/lib/my_exo
[2.659s] Installing fourth_node script to /home/hp/ROS2_WS/src/install/my_exo/lib/my_exo
[2.659s] Installing input_node script to /home/hp/ROS2_WS/src/install/my_exo/lib/my_exo
[2.659s] Installing second_node script to /home/hp/ROS2_WS/src/install/my_exo/lib/my_exo
[2.659s] Installing selector_node script to /home/hp/ROS2_WS/src/install/my_exo/lib/my_exo
[2.660s] Installing third_node script to /home/hp/ROS2_WS/src/install/my_exo/lib/my_exo
[2.661s] 
[2.661s] Installed /home/hp/ROS2_WS/src/build/my_exo
[2.661s] running symlink_data
[2.756s] Invoked command in '/home/hp/ROS2_WS/src/build/my_exo' returned '0': CONDA_PROMPT_MODIFIER=(base) PYTHONPATH=/home/hp/ROS2_WS/src/build/my_exo/prefix_override:/home/hp/ROS2_WS/src/install/my_exo/lib/python3.10/site-packages:${PYTHONPATH} /usr/bin/python3 -W ignore:setup.py install is deprecated setup.py develop --editable --build-directory /home/hp/ROS2_WS/src/build/my_exo/build --no-deps symlink_data
