[0.288s] Invoking command in '/home/hp/ROS2_WS/src/build/hector_imu_attitude_to_tf': /usr/bin/cmake /home/hp/ROS2_WS/src/hector_slam/hector_imu_attitude_to_tf -DCATKIN_INSTALL_INTO_PREFIX_ROOT=0 -DCMAKE_INSTALL_PREFIX=/home/hp/ROS2_WS/src/install/hector_imu_attitude_to_tf
[0.950s] -- The C compiler identification is GNU 11.4.0
[0.951s] -- The CXX compiler identification is GNU 11.4.0
[0.951s] -- Detecting C compiler ABI info
[0.951s] -- Detecting C compiler ABI info - done
[0.951s] -- Check for working C compiler: /usr/bin/cc - skipped
[0.951s] -- Detecting C compile features
[0.951s] -- Detecting C compile features - done
[0.951s] -- Detecting CXX compiler ABI info
[0.951s] -- Detecting CXX compiler ABI info - done
[0.951s] -- Check for working CXX compiler: /usr/bin/c++ - skipped
[0.952s] -- Detecting CXX compile features
[0.952s] -- Detecting CXX compile features - done
[0.952s] -- Configuring incomplete, errors occurred!
[0.952s] See also "/home/hp/ROS2_WS/src/build/hector_imu_attitude_to_tf/CMakeFiles/CMakeOutput.log".
[0.953s] [31mCMake Error at CMakeLists.txt:4 (find_package):
[0.953s]   By not providing "Findcatkin.cmake" in CMAKE_MODULE_PATH this project has
[0.953s]   asked CMake to find a package configuration file provided by "catkin", but
[0.954s]   CMake did not find one.
[0.954s] 
[0.954s]   Could not find a package configuration file provided by "catkin" with any
[0.954s]   of the following names:
[0.954s] 
[0.954s]     catkinConfig.cmake
[0.954s]     catkin-config.cmake
[0.954s] 
[0.954s]   Add the installation prefix of "catkin" to CMAKE_PREFIX_PATH or set
[0.954s]   "catkin_DIR" to a directory containing one of the above files.  If "catkin"
[0.954s]   provides a separate development package or SDK, be sure it has been
[0.955s]   installed.
[0.955s] 
[0.955s] [0m
[0.962s] Invoked command in '/home/hp/ROS2_WS/src/build/hector_imu_attitude_to_tf' returned '1': /usr/bin/cmake /home/hp/ROS2_WS/src/hector_slam/hector_imu_attitude_to_tf -DCATKIN_INSTALL_INTO_PREFIX_ROOT=0 -DCMAKE_INSTALL_PREFIX=/home/hp/ROS2_WS/src/install/hector_imu_attitude_to_tf
