[1.257s] Invoking command in '/home/hp/ROS2_WS/build/slam_toolbox': CMAKE_PREFIX_PATH=${CMAKE_PREFIX_PATH}:/home/hp/ROS2_WS/install/my_robot_controller:/home/hp/ROS2_WS/install/my_exo:/home/hp/ROS2_WS/install/dynamic_tf:/opt/ros/humble /usr/bin/cmake --build /home/hp/ROS2_WS/build/slam_toolbox -- -j8 -l8
[7.555s] [  0%] Built target ament_cmake_python_symlink_slam_toolbox
[7.686s] [35m[1mConsolidate compiler generated dependencies of target kartoSlamToolbox[0m
[7.881s] [  1%] [32mBuilding CXX object lib/karto_sdk/CMakeFiles/kartoSlamToolbox.dir/src/Mapper.cpp.o[0m
[7.890s] [  1%] Built target slam_toolbox__cpp
[7.962s] running egg_info
[7.962s] writing slam_toolbox.egg-info/PKG-INFO
[8.139s] writing dependency_links to slam_toolbox.egg-info/dependency_links.txt
[8.139s] writing top-level names to slam_toolbox.egg-info/top_level.txt
[8.200s] reading manifest file 'slam_toolbox.egg-info/SOURCES.txt'
[8.287s] [ 10%] Built target slam_toolbox__rosidl_generator_c
[8.290s] writing manifest file 'slam_toolbox.egg-info/SOURCES.txt'
[8.339s] [ 10%] Built target ament_cmake_python_build_slam_toolbox_egg
[8.598s] [ 19%] Built target slam_toolbox__rosidl_typesupport_c
[8.612s] [ 28%] Built target slam_toolbox__rosidl_typesupport_introspection_c
[8.743s] [ 37%] Built target slam_toolbox__rosidl_typesupport_introspection_cpp
[8.753s] [ 46%] Built target slam_toolbox__rosidl_typesupport_fastrtps_cpp
[8.853s] [ 55%] Built target slam_toolbox__rosidl_typesupport_fastrtps_c
[9.289s] [ 64%] Built target slam_toolbox__rosidl_typesupport_cpp
[9.436s] [ 64%] Built target slam_toolbox
[9.647s] [ 65%] Built target slam_toolbox__py
[10.045s] [ 67%] Built target SlamToolboxPlugin
[10.169s] [ 75%] Built target slam_toolbox__rosidl_generator_py
[10.265s] [ 78%] Built target slam_toolbox__rosidl_typesupport_c__pyext
[10.266s] [ 78%] Built target slam_toolbox__rosidl_typesupport_introspection_c__pyext
[10.266s] [ 78%] Built target slam_toolbox__rosidl_typesupport_fastrtps_c__pyext
[53.466s] [ 78%] [32m[1mLinking CXX shared library libkartoSlamToolbox.so[0m
[64.800s] [ 79%] Built target kartoSlamToolbox
[74.190s] [ 79%] [32m[1mLinking CXX shared library libceres_solver_plugin.so[0m
[74.336s] [ 80%] [32m[1mLinking CXX shared library libtoolbox_common.so[0m
[88.596s] [ 81%] Built target ceres_solver_plugin
[89.441s] [ 85%] Built target toolbox_common
[89.871s] [ 86%] [32m[1mLinking CXX shared library libsync_slam_toolbox.so[0m
[89.877s] [ 87%] [32m[1mLinking CXX executable merge_maps_kinematic[0m
[89.884s] [ 87%] [32m[1mLinking CXX shared library liblocalization_slam_toolbox.so[0m
[89.898s] [ 88%] [32m[1mLinking CXX shared library liblifelong_slam_toolbox.so[0m
[90.124s] [ 89%] [32m[1mLinking CXX shared library libasync_slam_toolbox.so[0m
[93.641s] [ 90%] Built target async_slam_toolbox
[93.849s] [ 91%] Built target localization_slam_toolbox
[93.916s] [ 92%] Built target lifelong_slam_toolbox
[94.164s] [ 92%] Built target sync_slam_toolbox
[94.173s] [ 93%] [32m[1mLinking CXX executable async_slam_toolbox_node[0m
[94.182s] [ 94%] [32m[1mLinking CXX executable lifelong_slam_toolbox_node[0m
[94.192s] [ 95%] [32m[1mLinking CXX shared library libmap_and_localization_slam_toolbox.so[0m
[94.201s] [ 96%] Built target merge_maps_kinematic
[94.205s] [ 97%] [32m[1mLinking CXX executable localization_slam_toolbox_node[0m
[94.331s] [ 97%] [32m[1mLinking CXX executable sync_slam_toolbox_node[0m
[95.537s] [ 97%] Built target async_slam_toolbox_node
[95.934s] [ 97%] Built target lifelong_slam_toolbox_node
[96.167s] [ 98%] Built target sync_slam_toolbox_node
[96.293s] [ 99%] Built target localization_slam_toolbox_node
[96.584s] [ 99%] Built target map_and_localization_slam_toolbox
[96.913s] [ 99%] [32m[1mLinking CXX executable map_and_localization_slam_toolbox_node[0m
[98.203s] [100%] Built target map_and_localization_slam_toolbox_node
[98.383s] Invoked command in '/home/hp/ROS2_WS/build/slam_toolbox' returned '0': CMAKE_PREFIX_PATH=${CMAKE_PREFIX_PATH}:/home/hp/ROS2_WS/install/my_robot_controller:/home/hp/ROS2_WS/install/my_exo:/home/hp/ROS2_WS/install/dynamic_tf:/opt/ros/humble /usr/bin/cmake --build /home/hp/ROS2_WS/build/slam_toolbox -- -j8 -l8
[98.878s] Invoking command in '/home/hp/ROS2_WS/build/slam_toolbox': CMAKE_PREFIX_PATH=${CMAKE_PREFIX_PATH}:/home/hp/ROS2_WS/install/my_robot_controller:/home/hp/ROS2_WS/install/my_exo:/home/hp/ROS2_WS/install/dynamic_tf:/opt/ros/humble /usr/bin/cmake --install /home/hp/ROS2_WS/build/slam_toolbox
[99.037s] -- Install configuration: "Release"
[99.147s] -- Execute custom install script
[99.151s] -- Up-to-date symlink: /home/hp/ROS2_WS/install/slam_toolbox/include//karto_sdk/Karto.h
[99.152s] -- Up-to-date symlink: /home/hp/ROS2_WS/install/slam_toolbox/include//karto_sdk/Macros.h
[99.152s] -- Up-to-date symlink: /home/hp/ROS2_WS/install/slam_toolbox/include//karto_sdk/Mapper.h
[99.152s] -- Up-to-date symlink: /home/hp/ROS2_WS/install/slam_toolbox/include//karto_sdk/Math.h
[99.152s] -- Up-to-date symlink: /home/hp/ROS2_WS/install/slam_toolbox/include//karto_sdk/ProcessData.h
[99.153s] -- Up-to-date symlink: /home/hp/ROS2_WS/install/slam_toolbox/include//karto_sdk/Types.h
[99.153s] -- Up-to-date symlink: /home/hp/ROS2_WS/install/slam_toolbox/include//karto_sdk/nanoflann.hpp
[99.153s] -- Up-to-date symlink: /home/hp/ROS2_WS/install/slam_toolbox/include//karto_sdk/nanoflann_adaptors.h
[99.153s] -- Up-to-date symlink: /home/hp/ROS2_WS/install/slam_toolbox/share/ament_index/resource_index/rosidl_interfaces/slam_toolbox
[99.155s] -- Up-to-date symlink: /home/hp/ROS2_WS/install/slam_toolbox/include/slam_toolbox/slam_toolbox/msg/rosidl_generator_c__visibility_control.h
[99.155s] -- Up-to-date symlink: /home/hp/ROS2_WS/install/slam_toolbox/include/slam_toolbox/slam_toolbox/srv/add_submap.h
[99.155s] -- Up-to-date symlink: /home/hp/ROS2_WS/install/slam_toolbox/include/slam_toolbox/slam_toolbox/srv/clear.h
[99.156s] -- Up-to-date symlink: /home/hp/ROS2_WS/install/slam_toolbox/include/slam_toolbox/slam_toolbox/srv/clear_queue.h
[99.156s] -- Up-to-date symlink: /home/hp/ROS2_WS/install/slam_toolbox/include/slam_toolbox/slam_toolbox/srv/deserialize_pose_graph.h
[99.156s] -- Up-to-date symlink: /home/hp/ROS2_WS/install/slam_toolbox/include/slam_toolbox/slam_toolbox/srv/detail/add_submap__functions.h
[99.156s] -- Up-to-date symlink: /home/hp/ROS2_WS/install/slam_toolbox/include/slam_toolbox/slam_toolbox/srv/detail/add_submap__struct.h
[99.156s] -- Up-to-date symlink: /home/hp/ROS2_WS/install/slam_toolbox/include/slam_toolbox/slam_toolbox/srv/detail/add_submap__type_support.h
[99.157s] -- Up-to-date symlink: /home/hp/ROS2_WS/install/slam_toolbox/include/slam_toolbox/slam_toolbox/srv/detail/clear__functions.h
[99.157s] -- Up-to-date symlink: /home/hp/ROS2_WS/install/slam_toolbox/include/slam_toolbox/slam_toolbox/srv/detail/clear__struct.h
[99.157s] -- Up-to-date symlink: /home/hp/ROS2_WS/install/slam_toolbox/include/slam_toolbox/slam_toolbox/srv/detail/clear__type_support.h
[99.157s] -- Up-to-date symlink: /home/hp/ROS2_WS/install/slam_toolbox/include/slam_toolbox/slam_toolbox/srv/detail/clear_queue__functions.h
[99.157s] -- Up-to-date symlink: /home/hp/ROS2_WS/install/slam_toolbox/include/slam_toolbox/slam_toolbox/srv/detail/clear_queue__struct.h
[99.157s] -- Up-to-date symlink: /home/hp/ROS2_WS/install/slam_toolbox/include/slam_toolbox/slam_toolbox/srv/detail/clear_queue__type_support.h
[99.158s] -- Up-to-date symlink: /home/hp/ROS2_WS/install/slam_toolbox/include/slam_toolbox/slam_toolbox/srv/detail/deserialize_pose_graph__functions.h
[99.158s] -- Up-to-date symlink: /home/hp/ROS2_WS/install/slam_toolbox/include/slam_toolbox/slam_toolbox/srv/detail/deserialize_pose_graph__struct.h
[99.158s] -- Up-to-date symlink: /home/hp/ROS2_WS/install/slam_toolbox/include/slam_toolbox/slam_toolbox/srv/detail/deserialize_pose_graph__type_support.h
[99.158s] -- Up-to-date symlink: /home/hp/ROS2_WS/install/slam_toolbox/include/slam_toolbox/slam_toolbox/srv/detail/loop_closure__functions.h
[99.158s] -- Up-to-date symlink: /home/hp/ROS2_WS/install/slam_toolbox/include/slam_toolbox/slam_toolbox/srv/detail/loop_closure__struct.h
[99.159s] -- Up-to-date symlink: /home/hp/ROS2_WS/install/slam_toolbox/include/slam_toolbox/slam_toolbox/srv/detail/loop_closure__type_support.h
[99.159s] -- Up-to-date symlink: /home/hp/ROS2_WS/install/slam_toolbox/include/slam_toolbox/slam_toolbox/srv/detail/merge_maps__functions.h
[99.159s] -- Up-to-date symlink: /home/hp/ROS2_WS/install/slam_toolbox/include/slam_toolbox/slam_toolbox/srv/detail/merge_maps__struct.h
[99.159s] -- Up-to-date symlink: /home/hp/ROS2_WS/install/slam_toolbox/include/slam_toolbox/slam_toolbox/srv/detail/merge_maps__type_support.h
[99.159s] -- Up-to-date symlink: /home/hp/ROS2_WS/install/slam_toolbox/include/slam_toolbox/slam_toolbox/srv/detail/pause__functions.h
[99.160s] -- Up-to-date symlink: /home/hp/ROS2_WS/install/slam_toolbox/include/slam_toolbox/slam_toolbox/srv/detail/pause__struct.h
[99.160s] -- Up-to-date symlink: /home/hp/ROS2_WS/install/slam_toolbox/include/slam_toolbox/slam_toolbox/srv/detail/pause__type_support.h
[99.160s] -- Up-to-date symlink: /home/hp/ROS2_WS/install/slam_toolbox/include/slam_toolbox/slam_toolbox/srv/detail/reset__functions.h
[99.160s] -- Up-to-date symlink: /home/hp/ROS2_WS/install/slam_toolbox/include/slam_toolbox/slam_toolbox/srv/detail/reset__struct.h
[99.160s] -- Up-to-date symlink: /home/hp/ROS2_WS/install/slam_toolbox/include/slam_toolbox/slam_toolbox/srv/detail/reset__type_support.h
[99.161s] -- Up-to-date symlink: /home/hp/ROS2_WS/install/slam_toolbox/include/slam_toolbox/slam_toolbox/srv/detail/save_map__functions.h
[99.161s] -- Up-to-date symlink: /home/hp/ROS2_WS/install/slam_toolbox/include/slam_toolbox/slam_toolbox/srv/detail/save_map__struct.h
[99.161s] -- Up-to-date symlink: /home/hp/ROS2_WS/install/slam_toolbox/include/slam_toolbox/slam_toolbox/srv/detail/save_map__type_support.h
[99.161s] -- Up-to-date symlink: /home/hp/ROS2_WS/install/slam_toolbox/include/slam_toolbox/slam_toolbox/srv/detail/serialize_pose_graph__functions.h
[99.161s] -- Up-to-date symlink: /home/hp/ROS2_WS/install/slam_toolbox/include/slam_toolbox/slam_toolbox/srv/detail/serialize_pose_graph__struct.h
[99.162s] -- Up-to-date symlink: /home/hp/ROS2_WS/install/slam_toolbox/include/slam_toolbox/slam_toolbox/srv/detail/serialize_pose_graph__type_support.h
[99.162s] -- Up-to-date symlink: /home/hp/ROS2_WS/install/slam_toolbox/include/slam_toolbox/slam_toolbox/srv/detail/toggle_interactive__functions.h
[99.162s] -- Up-to-date symlink: /home/hp/ROS2_WS/install/slam_toolbox/include/slam_toolbox/slam_toolbox/srv/detail/toggle_interactive__struct.h
[99.162s] -- Up-to-date symlink: /home/hp/ROS2_WS/install/slam_toolbox/include/slam_toolbox/slam_toolbox/srv/detail/toggle_interactive__type_support.h
[99.162s] -- Up-to-date symlink: /home/hp/ROS2_WS/install/slam_toolbox/include/slam_toolbox/slam_toolbox/srv/loop_closure.h
[99.163s] -- Up-to-date symlink: /home/hp/ROS2_WS/install/slam_toolbox/include/slam_toolbox/slam_toolbox/srv/merge_maps.h
[99.163s] -- Up-to-date symlink: /home/hp/ROS2_WS/install/slam_toolbox/include/slam_toolbox/slam_toolbox/srv/pause.h
[99.163s] -- Up-to-date symlink: /home/hp/ROS2_WS/install/slam_toolbox/include/slam_toolbox/slam_toolbox/srv/reset.h
[99.163s] -- Up-to-date symlink: /home/hp/ROS2_WS/install/slam_toolbox/include/slam_toolbox/slam_toolbox/srv/save_map.h
[99.163s] -- Up-to-date symlink: /home/hp/ROS2_WS/install/slam_toolbox/include/slam_toolbox/slam_toolbox/srv/serialize_pose_graph.h
[99.163s] -- Up-to-date symlink: /home/hp/ROS2_WS/install/slam_toolbox/include/slam_toolbox/slam_toolbox/srv/toggle_interactive.h
[99.164s] -- Up-to-date symlink: /home/hp/ROS2_WS/install/slam_toolbox/share/slam_toolbox/environment/library_path.sh
[99.164s] -- Up-to-date symlink: /home/hp/ROS2_WS/install/slam_toolbox/share/slam_toolbox/environment/library_path.dsv
[99.165s] -- Up-to-date symlink: /home/hp/ROS2_WS/install/slam_toolbox/include/slam_toolbox/slam_toolbox/msg/rosidl_typesupport_fastrtps_c__visibility_control.h
[99.165s] -- Up-to-date symlink: /home/hp/ROS2_WS/install/slam_toolbox/include/slam_toolbox/slam_toolbox/srv/detail/add_submap__rosidl_typesupport_fastrtps_c.h
[99.165s] -- Up-to-date symlink: /home/hp/ROS2_WS/install/slam_toolbox/include/slam_toolbox/slam_toolbox/srv/detail/clear__rosidl_typesupport_fastrtps_c.h
[99.165s] -- Up-to-date symlink: /home/hp/ROS2_WS/install/slam_toolbox/include/slam_toolbox/slam_toolbox/srv/detail/clear_queue__rosidl_typesupport_fastrtps_c.h
[99.165s] -- Up-to-date symlink: /home/hp/ROS2_WS/install/slam_toolbox/include/slam_toolbox/slam_toolbox/srv/detail/deserialize_pose_graph__rosidl_typesupport_fastrtps_c.h
[99.166s] -- Up-to-date symlink: /home/hp/ROS2_WS/install/slam_toolbox/include/slam_toolbox/slam_toolbox/srv/detail/loop_closure__rosidl_typesupport_fastrtps_c.h
[99.166s] -- Up-to-date symlink: /home/hp/ROS2_WS/install/slam_toolbox/include/slam_toolbox/slam_toolbox/srv/detail/merge_maps__rosidl_typesupport_fastrtps_c.h
[99.166s] -- Up-to-date symlink: /home/hp/ROS2_WS/install/slam_toolbox/include/slam_toolbox/slam_toolbox/srv/detail/pause__rosidl_typesupport_fastrtps_c.h
[99.166s] -- Up-to-date symlink: /home/hp/ROS2_WS/install/slam_toolbox/include/slam_toolbox/slam_toolbox/srv/detail/reset__rosidl_typesupport_fastrtps_c.h
[99.166s] -- Up-to-date symlink: /home/hp/ROS2_WS/install/slam_toolbox/include/slam_toolbox/slam_toolbox/srv/detail/save_map__rosidl_typesupport_fastrtps_c.h
[99.166s] -- Up-to-date symlink: /home/hp/ROS2_WS/install/slam_toolbox/include/slam_toolbox/slam_toolbox/srv/detail/serialize_pose_graph__rosidl_typesupport_fastrtps_c.h
[99.166s] -- Up-to-date symlink: /home/hp/ROS2_WS/install/slam_toolbox/include/slam_toolbox/slam_toolbox/srv/detail/toggle_interactive__rosidl_typesupport_fastrtps_c.h
[99.167s] -- Up-to-date symlink: /home/hp/ROS2_WS/install/slam_toolbox/include/slam_toolbox/slam_toolbox/srv/add_submap.hpp
[99.167s] -- Up-to-date symlink: /home/hp/ROS2_WS/install/slam_toolbox/include/slam_toolbox/slam_toolbox/srv/clear.hpp
[99.167s] -- Up-to-date symlink: /home/hp/ROS2_WS/install/slam_toolbox/include/slam_toolbox/slam_toolbox/srv/clear_queue.hpp
[99.167s] -- Up-to-date symlink: /home/hp/ROS2_WS/install/slam_toolbox/include/slam_toolbox/slam_toolbox/srv/deserialize_pose_graph.hpp
[99.167s] -- Up-to-date symlink: /home/hp/ROS2_WS/install/slam_toolbox/include/slam_toolbox/slam_toolbox/srv/detail/add_submap__builder.hpp
[99.167s] -- Up-to-date symlink: /home/hp/ROS2_WS/install/slam_toolbox/include/slam_toolbox/slam_toolbox/srv/detail/add_submap__struct.hpp
[99.167s] -- Up-to-date symlink: /home/hp/ROS2_WS/install/slam_toolbox/include/slam_toolbox/slam_toolbox/srv/detail/add_submap__traits.hpp
[99.167s] -- Up-to-date symlink: /home/hp/ROS2_WS/install/slam_toolbox/include/slam_toolbox/slam_toolbox/srv/detail/clear__builder.hpp
[99.168s] -- Up-to-date symlink: /home/hp/ROS2_WS/install/slam_toolbox/include/slam_toolbox/slam_toolbox/srv/detail/clear__struct.hpp
[99.168s] -- Up-to-date symlink: /home/hp/ROS2_WS/install/slam_toolbox/include/slam_toolbox/slam_toolbox/srv/detail/clear__traits.hpp
[99.168s] -- Up-to-date symlink: /home/hp/ROS2_WS/install/slam_toolbox/include/slam_toolbox/slam_toolbox/srv/detail/clear_queue__builder.hpp
[99.168s] -- Up-to-date symlink: /home/hp/ROS2_WS/install/slam_toolbox/include/slam_toolbox/slam_toolbox/srv/detail/clear_queue__struct.hpp
[99.168s] -- Up-to-date symlink: /home/hp/ROS2_WS/install/slam_toolbox/include/slam_toolbox/slam_toolbox/srv/detail/clear_queue__traits.hpp
[99.168s] -- Up-to-date symlink: /home/hp/ROS2_WS/install/slam_toolbox/include/slam_toolbox/slam_toolbox/srv/detail/deserialize_pose_graph__builder.hpp
[99.168s] -- Up-to-date symlink: /home/hp/ROS2_WS/install/slam_toolbox/include/slam_toolbox/slam_toolbox/srv/detail/deserialize_pose_graph__struct.hpp
[99.168s] -- Up-to-date symlink: /home/hp/ROS2_WS/install/slam_toolbox/include/slam_toolbox/slam_toolbox/srv/detail/deserialize_pose_graph__traits.hpp
[99.168s] -- Up-to-date symlink: /home/hp/ROS2_WS/install/slam_toolbox/include/slam_toolbox/slam_toolbox/srv/detail/loop_closure__builder.hpp
[99.168s] -- Up-to-date symlink: /home/hp/ROS2_WS/install/slam_toolbox/include/slam_toolbox/slam_toolbox/srv/detail/loop_closure__struct.hpp
[99.168s] -- Up-to-date symlink: /home/hp/ROS2_WS/install/slam_toolbox/include/slam_toolbox/slam_toolbox/srv/detail/loop_closure__traits.hpp
[99.169s] -- Up-to-date symlink: /home/hp/ROS2_WS/install/slam_toolbox/include/slam_toolbox/slam_toolbox/srv/detail/merge_maps__builder.hpp
[99.169s] -- Up-to-date symlink: /home/hp/ROS2_WS/install/slam_toolbox/include/slam_toolbox/slam_toolbox/srv/detail/merge_maps__struct.hpp
[99.169s] -- Up-to-date symlink: /home/hp/ROS2_WS/install/slam_toolbox/include/slam_toolbox/slam_toolbox/srv/detail/merge_maps__traits.hpp
[99.169s] -- Up-to-date symlink: /home/hp/ROS2_WS/install/slam_toolbox/include/slam_toolbox/slam_toolbox/srv/detail/pause__builder.hpp
[99.169s] -- Up-to-date symlink: /home/hp/ROS2_WS/install/slam_toolbox/include/slam_toolbox/slam_toolbox/srv/detail/pause__struct.hpp
[99.169s] -- Up-to-date symlink: /home/hp/ROS2_WS/install/slam_toolbox/include/slam_toolbox/slam_toolbox/srv/detail/pause__traits.hpp
[99.169s] -- Up-to-date symlink: /home/hp/ROS2_WS/install/slam_toolbox/include/slam_toolbox/slam_toolbox/srv/detail/reset__builder.hpp
[99.169s] -- Up-to-date symlink: /home/hp/ROS2_WS/install/slam_toolbox/include/slam_toolbox/slam_toolbox/srv/detail/reset__struct.hpp
[99.169s] -- Up-to-date symlink: /home/hp/ROS2_WS/install/slam_toolbox/include/slam_toolbox/slam_toolbox/srv/detail/reset__traits.hpp
[99.169s] -- Up-to-date symlink: /home/hp/ROS2_WS/install/slam_toolbox/include/slam_toolbox/slam_toolbox/srv/detail/save_map__builder.hpp
[99.169s] -- Up-to-date symlink: /home/hp/ROS2_WS/install/slam_toolbox/include/slam_toolbox/slam_toolbox/srv/detail/save_map__struct.hpp
[99.170s] -- Up-to-date symlink: /home/hp/ROS2_WS/install/slam_toolbox/include/slam_toolbox/slam_toolbox/srv/detail/save_map__traits.hpp
[99.170s] -- Up-to-date symlink: /home/hp/ROS2_WS/install/slam_toolbox/include/slam_toolbox/slam_toolbox/srv/detail/serialize_pose_graph__builder.hpp
[99.170s] -- Up-to-date symlink: /home/hp/ROS2_WS/install/slam_toolbox/include/slam_toolbox/slam_toolbox/srv/detail/serialize_pose_graph__struct.hpp
[99.170s] -- Up-to-date symlink: /home/hp/ROS2_WS/install/slam_toolbox/include/slam_toolbox/slam_toolbox/srv/detail/serialize_pose_graph__traits.hpp
[99.170s] -- Up-to-date symlink: /home/hp/ROS2_WS/install/slam_toolbox/include/slam_toolbox/slam_toolbox/srv/detail/toggle_interactive__builder.hpp
[99.170s] -- Up-to-date symlink: /home/hp/ROS2_WS/install/slam_toolbox/include/slam_toolbox/slam_toolbox/srv/detail/toggle_interactive__struct.hpp
[99.170s] -- Up-to-date symlink: /home/hp/ROS2_WS/install/slam_toolbox/include/slam_toolbox/slam_toolbox/srv/detail/toggle_interactive__traits.hpp
[99.170s] -- Up-to-date symlink: /home/hp/ROS2_WS/install/slam_toolbox/include/slam_toolbox/slam_toolbox/srv/loop_closure.hpp
[99.170s] -- Up-to-date symlink: /home/hp/ROS2_WS/install/slam_toolbox/include/slam_toolbox/slam_toolbox/srv/merge_maps.hpp
[99.170s] -- Up-to-date symlink: /home/hp/ROS2_WS/install/slam_toolbox/include/slam_toolbox/slam_toolbox/srv/pause.hpp
[99.170s] -- Up-to-date symlink: /home/hp/ROS2_WS/install/slam_toolbox/include/slam_toolbox/slam_toolbox/srv/reset.hpp
[99.171s] -- Up-to-date symlink: /home/hp/ROS2_WS/install/slam_toolbox/include/slam_toolbox/slam_toolbox/srv/save_map.hpp
[99.171s] -- Up-to-date symlink: /home/hp/ROS2_WS/install/slam_toolbox/include/slam_toolbox/slam_toolbox/srv/serialize_pose_graph.hpp
[99.171s] -- Up-to-date symlink: /home/hp/ROS2_WS/install/slam_toolbox/include/slam_toolbox/slam_toolbox/srv/toggle_interactive.hpp
[99.171s] -- Up-to-date symlink: /home/hp/ROS2_WS/install/slam_toolbox/include/slam_toolbox/slam_toolbox/msg/rosidl_typesupport_fastrtps_cpp__visibility_control.h
[99.171s] -- Up-to-date symlink: /home/hp/ROS2_WS/install/slam_toolbox/include/slam_toolbox/slam_toolbox/srv/detail/add_submap__rosidl_typesupport_fastrtps_cpp.hpp
[99.172s] -- Up-to-date symlink: /home/hp/ROS2_WS/install/slam_toolbox/include/slam_toolbox/slam_toolbox/srv/detail/clear__rosidl_typesupport_fastrtps_cpp.hpp
[99.172s] -- Up-to-date symlink: /home/hp/ROS2_WS/install/slam_toolbox/include/slam_toolbox/slam_toolbox/srv/detail/clear_queue__rosidl_typesupport_fastrtps_cpp.hpp
[99.172s] -- Up-to-date symlink: /home/hp/ROS2_WS/install/slam_toolbox/include/slam_toolbox/slam_toolbox/srv/detail/deserialize_pose_graph__rosidl_typesupport_fastrtps_cpp.hpp
[99.172s] -- Up-to-date symlink: /home/hp/ROS2_WS/install/slam_toolbox/include/slam_toolbox/slam_toolbox/srv/detail/loop_closure__rosidl_typesupport_fastrtps_cpp.hpp
[99.172s] -- Up-to-date symlink: /home/hp/ROS2_WS/install/slam_toolbox/include/slam_toolbox/slam_toolbox/srv/detail/merge_maps__rosidl_typesupport_fastrtps_cpp.hpp
[99.172s] -- Up-to-date symlink: /home/hp/ROS2_WS/install/slam_toolbox/include/slam_toolbox/slam_toolbox/srv/detail/pause__rosidl_typesupport_fastrtps_cpp.hpp
[99.172s] -- Up-to-date symlink: /home/hp/ROS2_WS/install/slam_toolbox/include/slam_toolbox/slam_toolbox/srv/detail/reset__rosidl_typesupport_fastrtps_cpp.hpp
[99.172s] -- Up-to-date symlink: /home/hp/ROS2_WS/install/slam_toolbox/include/slam_toolbox/slam_toolbox/srv/detail/save_map__rosidl_typesupport_fastrtps_cpp.hpp
[99.172s] -- Up-to-date symlink: /home/hp/ROS2_WS/install/slam_toolbox/include/slam_toolbox/slam_toolbox/srv/detail/serialize_pose_graph__rosidl_typesupport_fastrtps_cpp.hpp
[99.172s] -- Up-to-date symlink: /home/hp/ROS2_WS/install/slam_toolbox/include/slam_toolbox/slam_toolbox/srv/detail/toggle_interactive__rosidl_typesupport_fastrtps_cpp.hpp
[99.173s] -- Up-to-date symlink: /home/hp/ROS2_WS/install/slam_toolbox/include/slam_toolbox/slam_toolbox/msg/rosidl_typesupport_introspection_c__visibility_control.h
[99.173s] -- Up-to-date symlink: /home/hp/ROS2_WS/install/slam_toolbox/include/slam_toolbox/slam_toolbox/srv/detail/add_submap__rosidl_typesupport_introspection_c.h
[99.173s] -- Up-to-date symlink: /home/hp/ROS2_WS/install/slam_toolbox/include/slam_toolbox/slam_toolbox/srv/detail/clear__rosidl_typesupport_introspection_c.h
[99.173s] -- Up-to-date symlink: /home/hp/ROS2_WS/install/slam_toolbox/include/slam_toolbox/slam_toolbox/srv/detail/clear_queue__rosidl_typesupport_introspection_c.h
[99.173s] -- Up-to-date symlink: /home/hp/ROS2_WS/install/slam_toolbox/include/slam_toolbox/slam_toolbox/srv/detail/deserialize_pose_graph__rosidl_typesupport_introspection_c.h
[99.173s] -- Up-to-date symlink: /home/hp/ROS2_WS/install/slam_toolbox/include/slam_toolbox/slam_toolbox/srv/detail/loop_closure__rosidl_typesupport_introspection_c.h
[99.173s] -- Up-to-date symlink: /home/hp/ROS2_WS/install/slam_toolbox/include/slam_toolbox/slam_toolbox/srv/detail/merge_maps__rosidl_typesupport_introspection_c.h
[99.174s] -- Up-to-date symlink: /home/hp/ROS2_WS/install/slam_toolbox/include/slam_toolbox/slam_toolbox/srv/detail/pause__rosidl_typesupport_introspection_c.h
[99.174s] -- Up-to-date symlink: /home/hp/ROS2_WS/install/slam_toolbox/include/slam_toolbox/slam_toolbox/srv/detail/reset__rosidl_typesupport_introspection_c.h
[99.174s] -- Up-to-date symlink: /home/hp/ROS2_WS/install/slam_toolbox/include/slam_toolbox/slam_toolbox/srv/detail/save_map__rosidl_typesupport_introspection_c.h
[99.174s] -- Up-to-date symlink: /home/hp/ROS2_WS/install/slam_toolbox/include/slam_toolbox/slam_toolbox/srv/detail/serialize_pose_graph__rosidl_typesupport_introspection_c.h
[99.174s] -- Up-to-date symlink: /home/hp/ROS2_WS/install/slam_toolbox/include/slam_toolbox/slam_toolbox/srv/detail/toggle_interactive__rosidl_typesupport_introspection_c.h
[99.174s] -- Up-to-date symlink: /home/hp/ROS2_WS/install/slam_toolbox/include/slam_toolbox/slam_toolbox/srv/detail/add_submap__rosidl_typesupport_introspection_cpp.hpp
[99.175s] -- Up-to-date symlink: /home/hp/ROS2_WS/install/slam_toolbox/include/slam_toolbox/slam_toolbox/srv/detail/clear__rosidl_typesupport_introspection_cpp.hpp
[99.175s] -- Up-to-date symlink: /home/hp/ROS2_WS/install/slam_toolbox/include/slam_toolbox/slam_toolbox/srv/detail/clear_queue__rosidl_typesupport_introspection_cpp.hpp
[99.175s] -- Up-to-date symlink: /home/hp/ROS2_WS/install/slam_toolbox/include/slam_toolbox/slam_toolbox/srv/detail/deserialize_pose_graph__rosidl_typesupport_introspection_cpp.hpp
[99.175s] -- Up-to-date symlink: /home/hp/ROS2_WS/install/slam_toolbox/include/slam_toolbox/slam_toolbox/srv/detail/loop_closure__rosidl_typesupport_introspection_cpp.hpp
[99.175s] -- Up-to-date symlink: /home/hp/ROS2_WS/install/slam_toolbox/include/slam_toolbox/slam_toolbox/srv/detail/merge_maps__rosidl_typesupport_introspection_cpp.hpp
[99.175s] -- Up-to-date symlink: /home/hp/ROS2_WS/install/slam_toolbox/include/slam_toolbox/slam_toolbox/srv/detail/pause__rosidl_typesupport_introspection_cpp.hpp
[99.175s] -- Up-to-date symlink: /home/hp/ROS2_WS/install/slam_toolbox/include/slam_toolbox/slam_toolbox/srv/detail/reset__rosidl_typesupport_introspection_cpp.hpp
[99.175s] -- Up-to-date symlink: /home/hp/ROS2_WS/install/slam_toolbox/include/slam_toolbox/slam_toolbox/srv/detail/save_map__rosidl_typesupport_introspection_cpp.hpp
[99.175s] -- Up-to-date symlink: /home/hp/ROS2_WS/install/slam_toolbox/include/slam_toolbox/slam_toolbox/srv/detail/serialize_pose_graph__rosidl_typesupport_introspection_cpp.hpp
[99.175s] -- Up-to-date symlink: /home/hp/ROS2_WS/install/slam_toolbox/include/slam_toolbox/slam_toolbox/srv/detail/toggle_interactive__rosidl_typesupport_introspection_cpp.hpp
[99.176s] -- Up-to-date symlink: /home/hp/ROS2_WS/install/slam_toolbox/share/slam_toolbox/environment/pythonpath.sh
[99.176s] -- Up-to-date symlink: /home/hp/ROS2_WS/install/slam_toolbox/share/slam_toolbox/environment/pythonpath.dsv
[99.176s] -- Up-to-date symlink: /home/hp/ROS2_WS/install/slam_toolbox/local/lib/python3.10/dist-packages/slam_toolbox-2.7.0-py3.10.egg-info/PKG-INFO
[99.176s] -- Up-to-date symlink: /home/hp/ROS2_WS/install/slam_toolbox/local/lib/python3.10/dist-packages/slam_toolbox-2.7.0-py3.10.egg-info/SOURCES.txt
[99.176s] -- Up-to-date symlink: /home/hp/ROS2_WS/install/slam_toolbox/local/lib/python3.10/dist-packages/slam_toolbox-2.7.0-py3.10.egg-info/dependency_links.txt
[99.177s] -- Up-to-date symlink: /home/hp/ROS2_WS/install/slam_toolbox/local/lib/python3.10/dist-packages/slam_toolbox-2.7.0-py3.10.egg-info/top_level.txt
[99.177s] -- Up-to-date symlink: /home/hp/ROS2_WS/install/slam_toolbox/local/lib/python3.10/dist-packages/slam_toolbox/__init__.py
[99.177s] -- Up-to-date symlink: /home/hp/ROS2_WS/install/slam_toolbox/local/lib/python3.10/dist-packages/slam_toolbox/_slam_toolbox_s.ep.rosidl_typesupport_c.c
[99.178s] -- Up-to-date symlink: /home/hp/ROS2_WS/install/slam_toolbox/local/lib/python3.10/dist-packages/slam_toolbox/_slam_toolbox_s.ep.rosidl_typesupport_fastrtps_c.c
[99.178s] -- Up-to-date symlink: /home/hp/ROS2_WS/install/slam_toolbox/local/lib/python3.10/dist-packages/slam_toolbox/_slam_toolbox_s.ep.rosidl_typesupport_introspection_c.c
[99.178s] -- Up-to-date symlink: /home/hp/ROS2_WS/install/slam_toolbox/local/lib/python3.10/dist-packages/slam_toolbox/libslam_toolbox__rosidl_generator_py.so
[99.178s] -- Up-to-date symlink: /home/hp/ROS2_WS/install/slam_toolbox/local/lib/python3.10/dist-packages/slam_toolbox/slam_toolbox_s__rosidl_typesupport_c.cpython-310-x86_64-linux-gnu.so
[99.178s] -- Up-to-date symlink: /home/hp/ROS2_WS/install/slam_toolbox/local/lib/python3.10/dist-packages/slam_toolbox/slam_toolbox_s__rosidl_typesupport_fastrtps_c.cpython-310-x86_64-linux-gnu.so
[99.178s] -- Up-to-date symlink: /home/hp/ROS2_WS/install/slam_toolbox/local/lib/python3.10/dist-packages/slam_toolbox/slam_toolbox_s__rosidl_typesupport_introspection_c.cpython-310-x86_64-linux-gnu.so
[99.178s] -- Up-to-date symlink: /home/hp/ROS2_WS/install/slam_toolbox/local/lib/python3.10/dist-packages/slam_toolbox/srv/__init__.py
[99.178s] -- Up-to-date symlink: /home/hp/ROS2_WS/install/slam_toolbox/local/lib/python3.10/dist-packages/slam_toolbox/srv/_add_submap.py
[99.178s] -- Up-to-date symlink: /home/hp/ROS2_WS/install/slam_toolbox/local/lib/python3.10/dist-packages/slam_toolbox/srv/_add_submap_s.c
[99.179s] -- Up-to-date symlink: /home/hp/ROS2_WS/install/slam_toolbox/local/lib/python3.10/dist-packages/slam_toolbox/srv/_clear.py
[99.179s] -- Up-to-date symlink: /home/hp/ROS2_WS/install/slam_toolbox/local/lib/python3.10/dist-packages/slam_toolbox/srv/_clear_queue.py
[99.179s] -- Up-to-date symlink: /home/hp/ROS2_WS/install/slam_toolbox/local/lib/python3.10/dist-packages/slam_toolbox/srv/_clear_queue_s.c
[99.179s] -- Up-to-date symlink: /home/hp/ROS2_WS/install/slam_toolbox/local/lib/python3.10/dist-packages/slam_toolbox/srv/_clear_s.c
[99.179s] -- Up-to-date symlink: /home/hp/ROS2_WS/install/slam_toolbox/local/lib/python3.10/dist-packages/slam_toolbox/srv/_deserialize_pose_graph.py
[99.179s] -- Up-to-date symlink: /home/hp/ROS2_WS/install/slam_toolbox/local/lib/python3.10/dist-packages/slam_toolbox/srv/_deserialize_pose_graph_s.c
[99.179s] -- Up-to-date symlink: /home/hp/ROS2_WS/install/slam_toolbox/local/lib/python3.10/dist-packages/slam_toolbox/srv/_loop_closure.py
[99.179s] -- Up-to-date symlink: /home/hp/ROS2_WS/install/slam_toolbox/local/lib/python3.10/dist-packages/slam_toolbox/srv/_loop_closure_s.c
[99.179s] -- Up-to-date symlink: /home/hp/ROS2_WS/install/slam_toolbox/local/lib/python3.10/dist-packages/slam_toolbox/srv/_merge_maps.py
[99.179s] -- Up-to-date symlink: /home/hp/ROS2_WS/install/slam_toolbox/local/lib/python3.10/dist-packages/slam_toolbox/srv/_merge_maps_s.c
[99.179s] -- Up-to-date symlink: /home/hp/ROS2_WS/install/slam_toolbox/local/lib/python3.10/dist-packages/slam_toolbox/srv/_pause.py
[99.180s] -- Up-to-date symlink: /home/hp/ROS2_WS/install/slam_toolbox/local/lib/python3.10/dist-packages/slam_toolbox/srv/_pause_s.c
[99.180s] -- Up-to-date symlink: /home/hp/ROS2_WS/install/slam_toolbox/local/lib/python3.10/dist-packages/slam_toolbox/srv/_reset.py
[99.180s] -- Up-to-date symlink: /home/hp/ROS2_WS/install/slam_toolbox/local/lib/python3.10/dist-packages/slam_toolbox/srv/_reset_s.c
[99.180s] -- Up-to-date symlink: /home/hp/ROS2_WS/install/slam_toolbox/local/lib/python3.10/dist-packages/slam_toolbox/srv/_save_map.py
[99.180s] -- Up-to-date symlink: /home/hp/ROS2_WS/install/slam_toolbox/local/lib/python3.10/dist-packages/slam_toolbox/srv/_save_map_s.c
[99.180s] -- Up-to-date symlink: /home/hp/ROS2_WS/install/slam_toolbox/local/lib/python3.10/dist-packages/slam_toolbox/srv/_serialize_pose_graph.py
[99.180s] -- Up-to-date symlink: /home/hp/ROS2_WS/install/slam_toolbox/local/lib/python3.10/dist-packages/slam_toolbox/srv/_serialize_pose_graph_s.c
[99.180s] -- Up-to-date symlink: /home/hp/ROS2_WS/install/slam_toolbox/local/lib/python3.10/dist-packages/slam_toolbox/srv/_toggle_interactive.py
[99.180s] -- Up-to-date symlink: /home/hp/ROS2_WS/install/slam_toolbox/local/lib/python3.10/dist-packages/slam_toolbox/srv/_toggle_interactive_s.c
[99.269s] -- Up-to-date symlink: /home/hp/ROS2_WS/install/slam_toolbox/local/lib/python3.10/dist-packages/slam_toolbox/slam_toolbox_s__rosidl_typesupport_fastrtps_c.cpython-310-x86_64-linux-gnu.so
[99.275s] -- Up-to-date symlink: /home/hp/ROS2_WS/install/slam_toolbox/local/lib/python3.10/dist-packages/slam_toolbox/slam_toolbox_s__rosidl_typesupport_introspection_c.cpython-310-x86_64-linux-gnu.so
[99.297s] -- Up-to-date symlink: /home/hp/ROS2_WS/install/slam_toolbox/local/lib/python3.10/dist-packages/slam_toolbox/slam_toolbox_s__rosidl_typesupport_c.cpython-310-x86_64-linux-gnu.so
[99.298s] -- Up-to-date symlink: /home/hp/ROS2_WS/install/slam_toolbox/share/slam_toolbox/srv/Pause.idl
[99.298s] -- Up-to-date symlink: /home/hp/ROS2_WS/install/slam_toolbox/share/slam_toolbox/srv/Reset.idl
[99.298s] -- Up-to-date symlink: /home/hp/ROS2_WS/install/slam_toolbox/share/slam_toolbox/srv/ClearQueue.idl
[99.298s] -- Up-to-date symlink: /home/hp/ROS2_WS/install/slam_toolbox/share/slam_toolbox/srv/ToggleInteractive.idl
[99.299s] -- Up-to-date symlink: /home/hp/ROS2_WS/install/slam_toolbox/share/slam_toolbox/srv/Clear.idl
[99.299s] -- Up-to-date symlink: /home/hp/ROS2_WS/install/slam_toolbox/share/slam_toolbox/srv/SaveMap.idl
[99.299s] -- Up-to-date symlink: /home/hp/ROS2_WS/install/slam_toolbox/share/slam_toolbox/srv/LoopClosure.idl
[99.299s] -- Up-to-date symlink: /home/hp/ROS2_WS/install/slam_toolbox/share/slam_toolbox/srv/MergeMaps.idl
[99.300s] -- Up-to-date symlink: /home/hp/ROS2_WS/install/slam_toolbox/share/slam_toolbox/srv/AddSubmap.idl
[99.300s] -- Up-to-date symlink: /home/hp/ROS2_WS/install/slam_toolbox/share/slam_toolbox/srv/DeserializePoseGraph.idl
[99.300s] -- Up-to-date symlink: /home/hp/ROS2_WS/install/slam_toolbox/share/slam_toolbox/srv/SerializePoseGraph.idl
[99.300s] -- Up-to-date symlink: /home/hp/ROS2_WS/install/slam_toolbox/share/slam_toolbox/srvs/Pause.srv
[99.301s] -- Up-to-date symlink: /home/hp/ROS2_WS/install/slam_toolbox/share/slam_toolbox/srvs/Pause_Request.msg
[99.301s] -- Up-to-date symlink: /home/hp/ROS2_WS/install/slam_toolbox/share/slam_toolbox/srvs/Pause_Response.msg
[99.301s] -- Up-to-date symlink: /home/hp/ROS2_WS/install/slam_toolbox/share/slam_toolbox/srvs/Reset.srv
[99.301s] -- Up-to-date symlink: /home/hp/ROS2_WS/install/slam_toolbox/share/slam_toolbox/srvs/Reset_Request.msg
[99.302s] -- Up-to-date symlink: /home/hp/ROS2_WS/install/slam_toolbox/share/slam_toolbox/srvs/Reset_Response.msg
[99.302s] -- Up-to-date symlink: /home/hp/ROS2_WS/install/slam_toolbox/share/slam_toolbox/srvs/ClearQueue.srv
[99.302s] -- Up-to-date symlink: /home/hp/ROS2_WS/install/slam_toolbox/share/slam_toolbox/srvs/ClearQueue_Request.msg
[99.303s] -- Up-to-date symlink: /home/hp/ROS2_WS/install/slam_toolbox/share/slam_toolbox/srvs/ClearQueue_Response.msg
[99.303s] -- Up-to-date symlink: /home/hp/ROS2_WS/install/slam_toolbox/share/slam_toolbox/srvs/ToggleInteractive.srv
[99.303s] -- Up-to-date symlink: /home/hp/ROS2_WS/install/slam_toolbox/share/slam_toolbox/srvs/ToggleInteractive_Request.msg
[99.303s] -- Up-to-date symlink: /home/hp/ROS2_WS/install/slam_toolbox/share/slam_toolbox/srvs/ToggleInteractive_Response.msg
[99.304s] -- Up-to-date symlink: /home/hp/ROS2_WS/install/slam_toolbox/share/slam_toolbox/srvs/Clear.srv
[99.304s] -- Up-to-date symlink: /home/hp/ROS2_WS/install/slam_toolbox/share/slam_toolbox/srvs/Clear_Request.msg
[99.304s] -- Up-to-date symlink: /home/hp/ROS2_WS/install/slam_toolbox/share/slam_toolbox/srvs/Clear_Response.msg
[99.305s] -- Up-to-date symlink: /home/hp/ROS2_WS/install/slam_toolbox/share/slam_toolbox/srvs/SaveMap.srv
[99.305s] -- Up-to-date symlink: /home/hp/ROS2_WS/install/slam_toolbox/share/slam_toolbox/srvs/SaveMap_Request.msg
[99.305s] -- Up-to-date symlink: /home/hp/ROS2_WS/install/slam_toolbox/share/slam_toolbox/srvs/SaveMap_Response.msg
[99.305s] -- Up-to-date symlink: /home/hp/ROS2_WS/install/slam_toolbox/share/slam_toolbox/srvs/LoopClosure.srv
[99.306s] -- Up-to-date symlink: /home/hp/ROS2_WS/install/slam_toolbox/share/slam_toolbox/srvs/LoopClosure_Request.msg
[99.306s] -- Up-to-date symlink: /home/hp/ROS2_WS/install/slam_toolbox/share/slam_toolbox/srvs/LoopClosure_Response.msg
[99.306s] -- Up-to-date symlink: /home/hp/ROS2_WS/install/slam_toolbox/share/slam_toolbox/srvs/MergeMaps.srv
[99.307s] -- Up-to-date symlink: /home/hp/ROS2_WS/install/slam_toolbox/share/slam_toolbox/srvs/MergeMaps_Request.msg
[99.307s] -- Up-to-date symlink: /home/hp/ROS2_WS/install/slam_toolbox/share/slam_toolbox/srvs/MergeMaps_Response.msg
[99.307s] -- Up-to-date symlink: /home/hp/ROS2_WS/install/slam_toolbox/share/slam_toolbox/srvs/AddSubmap.srv
[99.307s] -- Up-to-date symlink: /home/hp/ROS2_WS/install/slam_toolbox/share/slam_toolbox/srvs/AddSubmap_Request.msg
[99.308s] -- Up-to-date symlink: /home/hp/ROS2_WS/install/slam_toolbox/share/slam_toolbox/srvs/AddSubmap_Response.msg
[99.308s] -- Up-to-date symlink: /home/hp/ROS2_WS/install/slam_toolbox/share/slam_toolbox/srvs/DeserializePoseGraph.srv
[99.308s] -- Up-to-date symlink: /home/hp/ROS2_WS/install/slam_toolbox/share/slam_toolbox/srvs/DeserializePoseGraph_Request.msg
[99.308s] -- Up-to-date symlink: /home/hp/ROS2_WS/install/slam_toolbox/share/slam_toolbox/srvs/DeserializePoseGraph_Response.msg
[99.309s] -- Up-to-date symlink: /home/hp/ROS2_WS/install/slam_toolbox/share/slam_toolbox/srvs/SerializePoseGraph.srv
[99.309s] -- Up-to-date symlink: /home/hp/ROS2_WS/install/slam_toolbox/share/slam_toolbox/srvs/SerializePoseGraph_Request.msg
[99.309s] -- Up-to-date symlink: /home/hp/ROS2_WS/install/slam_toolbox/share/slam_toolbox/srvs/SerializePoseGraph_Response.msg
[99.309s] -- Up-to-date symlink: /home/hp/ROS2_WS/install/slam_toolbox/share/slam_toolbox//rviz_plugins.xml
[99.309s] -- Up-to-date symlink: /home/hp/ROS2_WS/install/slam_toolbox/share/slam_toolbox//solver_plugins.xml
[99.320s] -- Up-to-date symlink: /home/hp/ROS2_WS/install/slam_toolbox/lib/slam_toolbox/async_slam_toolbox_node
[99.320s] -- Up-to-date symlink: /home/hp/ROS2_WS/install/slam_toolbox/lib/slam_toolbox/sync_slam_toolbox_node
[99.320s] -- Up-to-date symlink: /home/hp/ROS2_WS/install/slam_toolbox/lib/slam_toolbox/localization_slam_toolbox_node
[99.320s] -- Up-to-date symlink: /home/hp/ROS2_WS/install/slam_toolbox/lib/slam_toolbox/map_and_localization_slam_toolbox_node
[99.320s] -- Up-to-date symlink: /home/hp/ROS2_WS/install/slam_toolbox/lib/slam_toolbox/lifelong_slam_toolbox_node
[99.320s] -- Up-to-date symlink: /home/hp/ROS2_WS/install/slam_toolbox/lib/slam_toolbox/merge_maps_kinematic
[99.321s] -- Up-to-date symlink: /home/hp/ROS2_WS/install/slam_toolbox/lib/libtoolbox_common.so
[99.321s] -- Up-to-date symlink: /home/hp/ROS2_WS/install/slam_toolbox/lib/libSlamToolboxPlugin.so
[99.321s] -- Up-to-date symlink: /home/hp/ROS2_WS/install/slam_toolbox/lib/libceres_solver_plugin.so
[99.321s] -- Up-to-date symlink: /home/hp/ROS2_WS/install/slam_toolbox/lib/libasync_slam_toolbox.so
[99.321s] -- Up-to-date symlink: /home/hp/ROS2_WS/install/slam_toolbox/lib/libsync_slam_toolbox.so
[99.321s] -- Up-to-date symlink: /home/hp/ROS2_WS/install/slam_toolbox/lib/liblocalization_slam_toolbox.so
[99.321s] -- Up-to-date symlink: /home/hp/ROS2_WS/install/slam_toolbox/lib/liblifelong_slam_toolbox.so
[99.321s] -- Up-to-date symlink: /home/hp/ROS2_WS/install/slam_toolbox/lib/libmap_and_localization_slam_toolbox.so
[99.322s] -- Up-to-date symlink: /home/hp/ROS2_WS/install/slam_toolbox/lib/libkartoSlamToolbox.so
[99.322s] -- Up-to-date symlink: /home/hp/ROS2_WS/install/slam_toolbox/include/slam_toolbox/experimental/slam_toolbox_lifelong.hpp
[99.322s] -- Up-to-date symlink: /home/hp/ROS2_WS/install/slam_toolbox/include/slam_toolbox/experimental/slam_toolbox_map_and_localization.hpp
[99.322s] -- Up-to-date symlink: /home/hp/ROS2_WS/install/slam_toolbox/include/slam_toolbox/get_pose_helper.hpp
[99.322s] -- Up-to-date symlink: /home/hp/ROS2_WS/install/slam_toolbox/include/slam_toolbox/laser_utils.hpp
[99.322s] -- Up-to-date symlink: /home/hp/ROS2_WS/install/slam_toolbox/include/slam_toolbox/loop_closure_assistant.hpp
[99.323s] -- Up-to-date symlink: /home/hp/ROS2_WS/install/slam_toolbox/include/slam_toolbox/map_saver.hpp
[99.323s] -- Up-to-date symlink: /home/hp/ROS2_WS/install/slam_toolbox/include/slam_toolbox/merge_maps_kinematic.hpp
[99.323s] -- Up-to-date symlink: /home/hp/ROS2_WS/install/slam_toolbox/include/slam_toolbox/serialization.hpp
[99.323s] -- Up-to-date symlink: /home/hp/ROS2_WS/install/slam_toolbox/include/slam_toolbox/slam_mapper.hpp
[99.323s] -- Up-to-date symlink: /home/hp/ROS2_WS/install/slam_toolbox/include/slam_toolbox/slam_toolbox_async.hpp
[99.323s] -- Up-to-date symlink: /home/hp/ROS2_WS/install/slam_toolbox/include/slam_toolbox/slam_toolbox_common.hpp
[99.323s] -- Up-to-date symlink: /home/hp/ROS2_WS/install/slam_toolbox/include/slam_toolbox/slam_toolbox_localization.hpp
[99.323s] -- Up-to-date symlink: /home/hp/ROS2_WS/install/slam_toolbox/include/slam_toolbox/slam_toolbox_sync.hpp
[99.323s] -- Up-to-date symlink: /home/hp/ROS2_WS/install/slam_toolbox/include/slam_toolbox/snap_utils.hpp
[99.323s] -- Up-to-date symlink: /home/hp/ROS2_WS/install/slam_toolbox/include/slam_toolbox/toolbox_msgs.hpp
[99.324s] -- Up-to-date symlink: /home/hp/ROS2_WS/install/slam_toolbox/include/slam_toolbox/toolbox_types.hpp
[99.324s] -- Up-to-date symlink: /home/hp/ROS2_WS/install/slam_toolbox/include/slam_toolbox/visualization_utils.hpp
[99.324s] -- Up-to-date symlink: /home/hp/ROS2_WS/install/slam_toolbox/share/slam_toolbox/launch/localization_launch.py
[99.324s] -- Up-to-date symlink: /home/hp/ROS2_WS/install/slam_toolbox/share/slam_toolbox/launch/merge_maps_kinematic_launch.py
[99.324s] -- Up-to-date symlink: /home/hp/ROS2_WS/install/slam_toolbox/share/slam_toolbox/launch/offline_launch.py
[99.324s] -- Up-to-date symlink: /home/hp/ROS2_WS/install/slam_toolbox/share/slam_toolbox/launch/online_async_launch.py
[99.324s] -- Up-to-date symlink: /home/hp/ROS2_WS/install/slam_toolbox/share/slam_toolbox/launch/online_sync_launch.py
[99.325s] -- Up-to-date symlink: /home/hp/ROS2_WS/install/slam_toolbox/share/slam_toolbox/config/mapper_params_lifelong.yaml
[99.325s] -- Up-to-date symlink: /home/hp/ROS2_WS/install/slam_toolbox/share/slam_toolbox/config/mapper_params_localization.yaml
[99.325s] -- Up-to-date symlink: /home/hp/ROS2_WS/install/slam_toolbox/share/slam_toolbox/config/mapper_params_offline.yaml
[99.325s] -- Up-to-date symlink: /home/hp/ROS2_WS/install/slam_toolbox/share/slam_toolbox/config/mapper_params_online_async.yaml
[99.325s] -- Up-to-date symlink: /home/hp/ROS2_WS/install/slam_toolbox/share/slam_toolbox/config/mapper_params_online_sync.yaml
[99.325s] -- Up-to-date symlink: /home/hp/ROS2_WS/install/slam_toolbox/share/slam_toolbox/config/slam_toolbox_default.rviz
[99.325s] -- Up-to-date symlink: /home/hp/ROS2_WS/install/slam_toolbox/share/solver_plugins.xml
[99.325s] -- Up-to-date symlink: /home/hp/ROS2_WS/install/slam_toolbox/share/rviz_plugins.xml
[99.325s] -- Up-to-date symlink: /home/hp/ROS2_WS/install/slam_toolbox/share/ament_index/resource_index/package_run_dependencies/slam_toolbox
[99.326s] -- Up-to-date symlink: /home/hp/ROS2_WS/install/slam_toolbox/share/ament_index/resource_index/parent_prefix_path/slam_toolbox
[99.326s] -- Up-to-date symlink: /home/hp/ROS2_WS/install/slam_toolbox/share/slam_toolbox/environment/ament_prefix_path.sh
[99.326s] -- Up-to-date symlink: /home/hp/ROS2_WS/install/slam_toolbox/share/slam_toolbox/environment/ament_prefix_path.dsv
[99.326s] -- Up-to-date symlink: /home/hp/ROS2_WS/install/slam_toolbox/share/slam_toolbox/environment/path.sh
[99.326s] -- Up-to-date symlink: /home/hp/ROS2_WS/install/slam_toolbox/share/slam_toolbox/environment/path.dsv
[99.326s] -- Up-to-date symlink: /home/hp/ROS2_WS/install/slam_toolbox/share/slam_toolbox/local_setup.bash
[99.326s] -- Up-to-date symlink: /home/hp/ROS2_WS/install/slam_toolbox/share/slam_toolbox/local_setup.sh
[99.326s] -- Up-to-date symlink: /home/hp/ROS2_WS/install/slam_toolbox/share/slam_toolbox/local_setup.zsh
[99.326s] -- Up-to-date symlink: /home/hp/ROS2_WS/install/slam_toolbox/share/slam_toolbox/local_setup.dsv
[99.327s] -- Symlinking: /home/hp/ROS2_WS/install/slam_toolbox/share/slam_toolbox/package.dsv
[99.335s] -- Up-to-date symlink: /home/hp/ROS2_WS/install/slam_toolbox/share/ament_index/resource_index/packages/slam_toolbox
[99.335s] -- Up-to-date symlink: /home/hp/ROS2_WS/install/slam_toolbox/share/ament_index/resource_index/rviz_common__pluginlib__plugin/slam_toolbox
[99.335s] -- Up-to-date symlink: /home/hp/ROS2_WS/install/slam_toolbox/share/ament_index/resource_index/slam_toolbox__pluginlib__plugin/slam_toolbox
[99.335s] -- Up-to-date symlink: /home/hp/ROS2_WS/install/slam_toolbox/share/ament_index/resource_index/rclcpp_components/slam_toolbox
[99.336s] -- Up-to-date symlink: /home/hp/ROS2_WS/install/slam_toolbox/share/slam_toolbox/cmake/rosidl_cmake-extras.cmake
[99.336s] -- Up-to-date symlink: /home/hp/ROS2_WS/install/slam_toolbox/share/slam_toolbox/cmake/ament_cmake_export_dependencies-extras.cmake
[99.336s] -- Up-to-date symlink: /home/hp/ROS2_WS/install/slam_toolbox/share/slam_toolbox/cmake/ament_cmake_export_include_directories-extras.cmake
[99.336s] -- Up-to-date symlink: /home/hp/ROS2_WS/install/slam_toolbox/share/slam_toolbox/cmake/ament_cmake_export_libraries-extras.cmake
[99.336s] -- Up-to-date symlink: /home/hp/ROS2_WS/install/slam_toolbox/share/slam_toolbox/cmake/ament_cmake_export_targets-extras.cmake
[99.336s] -- Up-to-date symlink: /home/hp/ROS2_WS/install/slam_toolbox/share/slam_toolbox/cmake/rosidl_cmake_export_typesupport_targets-extras.cmake
[99.336s] -- Up-to-date symlink: /home/hp/ROS2_WS/install/slam_toolbox/share/slam_toolbox/cmake/rosidl_cmake_export_typesupport_libraries-extras.cmake
[99.336s] -- Up-to-date symlink: /home/hp/ROS2_WS/install/slam_toolbox/share/slam_toolbox/cmake/slam_toolboxConfig.cmake
[99.337s] -- Up-to-date symlink: /home/hp/ROS2_WS/install/slam_toolbox/share/slam_toolbox/cmake/slam_toolboxConfig-version.cmake
[99.337s] -- Up-to-date symlink: /home/hp/ROS2_WS/install/slam_toolbox/share/slam_toolbox/package.xml
[99.487s] -- Up-to-date: /home/hp/ROS2_WS/install/slam_toolbox/lib/libslam_toolbox__rosidl_generator_c.so
[99.526s] -- Up-to-date: /home/hp/ROS2_WS/install/slam_toolbox/lib/libslam_toolbox__rosidl_typesupport_fastrtps_c.so
[99.562s] -- Up-to-date: /home/hp/ROS2_WS/install/slam_toolbox/lib/libslam_toolbox__rosidl_typesupport_fastrtps_cpp.so
[99.633s] -- Up-to-date: /home/hp/ROS2_WS/install/slam_toolbox/lib/libslam_toolbox__rosidl_typesupport_introspection_c.so
[99.703s] -- Up-to-date: /home/hp/ROS2_WS/install/slam_toolbox/lib/libslam_toolbox__rosidl_typesupport_c.so
[99.762s] -- Up-to-date: /home/hp/ROS2_WS/install/slam_toolbox/lib/libslam_toolbox__rosidl_typesupport_introspection_cpp.so
[99.806s] -- Up-to-date: /home/hp/ROS2_WS/install/slam_toolbox/lib/libslam_toolbox__rosidl_typesupport_cpp.so
[102.151s] Listing '/home/hp/ROS2_WS/install/slam_toolbox/local/lib/python3.10/dist-packages/slam_toolbox'...
[102.152s] Listing '/home/hp/ROS2_WS/install/slam_toolbox/local/lib/python3.10/dist-packages/slam_toolbox/srv'...
[102.280s] -- Up-to-date: /home/hp/ROS2_WS/install/slam_toolbox/lib/libslam_toolbox__rosidl_generator_py.so
[102.727s] -- Up-to-date: /home/hp/ROS2_WS/install/slam_toolbox/share/slam_toolbox/cmake/export_slam_toolbox__rosidl_generator_cExport.cmake
[102.727s] -- Up-to-date: /home/hp/ROS2_WS/install/slam_toolbox/share/slam_toolbox/cmake/export_slam_toolbox__rosidl_generator_cExport-release.cmake
[102.838s] -- Up-to-date: /home/hp/ROS2_WS/install/slam_toolbox/share/slam_toolbox/cmake/export_slam_toolbox__rosidl_typesupport_fastrtps_cExport.cmake
[102.838s] -- Up-to-date: /home/hp/ROS2_WS/install/slam_toolbox/share/slam_toolbox/cmake/export_slam_toolbox__rosidl_typesupport_fastrtps_cExport-release.cmake
[102.860s] -- Up-to-date: /home/hp/ROS2_WS/install/slam_toolbox/share/slam_toolbox/cmake/export_slam_toolbox__rosidl_generator_cppExport.cmake
[102.882s] -- Up-to-date: /home/hp/ROS2_WS/install/slam_toolbox/share/slam_toolbox/cmake/export_slam_toolbox__rosidl_typesupport_fastrtps_cppExport.cmake
[102.882s] -- Up-to-date: /home/hp/ROS2_WS/install/slam_toolbox/share/slam_toolbox/cmake/export_slam_toolbox__rosidl_typesupport_fastrtps_cppExport-release.cmake
[102.883s] -- Up-to-date: /home/hp/ROS2_WS/install/slam_toolbox/share/slam_toolbox/cmake/slam_toolbox__rosidl_typesupport_introspection_cExport.cmake
[102.883s] -- Up-to-date: /home/hp/ROS2_WS/install/slam_toolbox/share/slam_toolbox/cmake/slam_toolbox__rosidl_typesupport_introspection_cExport-release.cmake
[102.884s] -- Up-to-date: /home/hp/ROS2_WS/install/slam_toolbox/share/slam_toolbox/cmake/slam_toolbox__rosidl_typesupport_cExport.cmake
[102.884s] -- Up-to-date: /home/hp/ROS2_WS/install/slam_toolbox/share/slam_toolbox/cmake/slam_toolbox__rosidl_typesupport_cExport-release.cmake
[102.885s] -- Up-to-date: /home/hp/ROS2_WS/install/slam_toolbox/share/slam_toolbox/cmake/slam_toolbox__rosidl_typesupport_introspection_cppExport.cmake
[102.885s] -- Up-to-date: /home/hp/ROS2_WS/install/slam_toolbox/share/slam_toolbox/cmake/slam_toolbox__rosidl_typesupport_introspection_cppExport-release.cmake
[102.885s] -- Up-to-date: /home/hp/ROS2_WS/install/slam_toolbox/share/slam_toolbox/cmake/slam_toolbox__rosidl_typesupport_cppExport.cmake
[102.885s] -- Up-to-date: /home/hp/ROS2_WS/install/slam_toolbox/share/slam_toolbox/cmake/slam_toolbox__rosidl_typesupport_cppExport-release.cmake
[102.886s] -- Up-to-date: /home/hp/ROS2_WS/install/slam_toolbox/share/slam_toolbox/cmake/export_slam_toolbox__rosidl_generator_pyExport.cmake
[102.886s] -- Up-to-date: /home/hp/ROS2_WS/install/slam_toolbox/share/slam_toolbox/cmake/export_slam_toolbox__rosidl_generator_pyExport-release.cmake
[102.924s] -- Up-to-date: /home/hp/ROS2_WS/install/slam_toolbox/share/slam_toolbox/cmake/SlamToolboxPluginExport.cmake
[102.924s] -- Up-to-date: /home/hp/ROS2_WS/install/slam_toolbox/share/slam_toolbox/cmake/SlamToolboxPluginExport-release.cmake
[103.099s] Invoked command in '/home/hp/ROS2_WS/build/slam_toolbox' returned '0': CMAKE_PREFIX_PATH=${CMAKE_PREFIX_PATH}:/home/hp/ROS2_WS/install/my_robot_controller:/home/hp/ROS2_WS/install/my_exo:/home/hp/ROS2_WS/install/dynamic_tf:/opt/ros/humble /usr/bin/cmake --install /home/hp/ROS2_WS/build/slam_toolbox
