[1.656s] Invoking command in '/home/hp/ROS2_WS/src/build/slam_toolbox': CMAKE_PREFIX_PATH=${CMAKE_PREFIX_PATH}:/home/hp/ROS2_WS/install/my_robot_controller:/home/hp/ROS2_WS/install/my_exo:/home/hp/ROS2_WS/install/dynamic_tf:/home/hp/ROS2_WS/src/install/my_robot_controller:/home/hp/ROS2_WS/src/install/my_exo:/home/hp/ROS2_WS/src/install/dynamic_tf:/opt/ros/humble CONDA_PROMPT_MODIFIER=(base) /usr/bin/cmake --build /home/hp/ROS2_WS/src/build/slam_toolbox -- -j8 -l8
[8.762s] [  0%] Built target ament_cmake_python_symlink_slam_toolbox
[9.013s] [  0%] Built target slam_toolbox__cpp
[9.364s] [  9%] Built target slam_toolbox__rosidl_typesupport_cpp
[9.364s] [ 18%] Built target slam_toolbox__rosidl_generator_c
[9.543s] [ 27%] Built target slam_toolbox__rosidl_typesupport_introspection_cpp
[9.651s] [ 36%] Built target slam_toolbox__rosidl_typesupport_fastrtps_cpp
[9.757s] [ 45%] Built target slam_toolbox__rosidl_typesupport_c
[9.817s] [ 54%] Built target slam_toolbox__rosidl_typesupport_introspection_c
[9.973s] [ 63%] Built target slam_toolbox__rosidl_typesupport_fastrtps_c
[10.271s] [ 63%] Built target slam_toolbox
[11.008s] [ 64%] Built target slam_toolbox__py
[11.974s] [ 72%] Built target slam_toolbox__rosidl_generator_py
[12.366s] [ 74%] Built target slam_toolbox__rosidl_typesupport_fastrtps_c__pyext
[12.366s] [ 74%] Built target slam_toolbox__rosidl_typesupport_introspection_c__pyext
[12.494s] [ 75%] Built target slam_toolbox__rosidl_typesupport_c__pyext
[13.479s] [ 77%] Built target SlamToolboxPlugin
[16.942s] [ 79%] Built target kartoSlamToolbox
[17.563s] [35m[1mConsolidate compiler generated dependencies of target ceres_solver_plugin[0m
[18.141s] [35m[1mConsolidate compiler generated dependencies of target toolbox_common[0m
[18.179s] [ 80%] Built target ceres_solver_plugin
[18.701s] [ 85%] Built target toolbox_common
[19.254s] [35m[1mConsolidate compiler generated dependencies of target merge_maps_kinematic[0m
[19.293s] [35m[1mConsolidate compiler generated dependencies of target async_slam_toolbox[0m
[19.300s] [35m[1mConsolidate compiler generated dependencies of target lifelong_slam_toolbox[0m
[19.315s] [35m[1mConsolidate compiler generated dependencies of target localization_slam_toolbox[0m
[19.321s] [ 87%] Built target merge_maps_kinematic
[19.488s] [ 89%] Built target async_slam_toolbox
[19.528s] [ 90%] Built target localization_slam_toolbox
[19.602s] [ 92%] Built target lifelong_slam_toolbox
[19.690s] [35m[1mConsolidate compiler generated dependencies of target sync_slam_toolbox[0m
[19.767s] [ 93%] Built target sync_slam_toolbox
[19.945s] [35m[1mConsolidate compiler generated dependencies of target async_slam_toolbox_node[0m
[19.975s] [35m[1mConsolidate compiler generated dependencies of target localization_slam_toolbox_node[0m
[19.983s] [35m[1mConsolidate compiler generated dependencies of target lifelong_slam_toolbox_node[0m
[19.991s] [ 94%] Built target async_slam_toolbox_node
[20.033s] [ 96%] Built target localization_slam_toolbox_node
[20.041s] [ 97%] Built target lifelong_slam_toolbox_node
[20.103s] [35m[1mConsolidate compiler generated dependencies of target sync_slam_toolbox_node[0m
[20.166s] [ 98%] Built target sync_slam_toolbox_node
[20.209s] [35m[1mConsolidate compiler generated dependencies of target map_and_localization_slam_toolbox[0m
[20.253s] [ 99%] Built target map_and_localization_slam_toolbox
[20.679s] [35m[1mConsolidate compiler generated dependencies of target map_and_localization_slam_toolbox_node[0m
[20.722s] [100%] Built target map_and_localization_slam_toolbox_node
[32.191s] running egg_info
[32.219s] writing slam_toolbox.egg-info/PKG-INFO
[32.219s] writing dependency_links to slam_toolbox.egg-info/dependency_links.txt
[32.219s] writing top-level names to slam_toolbox.egg-info/top_level.txt
[32.307s] reading manifest file 'slam_toolbox.egg-info/SOURCES.txt'
[32.321s] writing manifest file 'slam_toolbox.egg-info/SOURCES.txt'
[32.347s] [100%] Built target ament_cmake_python_build_slam_toolbox_egg
[32.358s] Invoked command in '/home/hp/ROS2_WS/src/build/slam_toolbox' returned '0': CMAKE_PREFIX_PATH=${CMAKE_PREFIX_PATH}:/home/hp/ROS2_WS/install/my_robot_controller:/home/hp/ROS2_WS/install/my_exo:/home/hp/ROS2_WS/install/dynamic_tf:/home/hp/ROS2_WS/src/install/my_robot_controller:/home/hp/ROS2_WS/src/install/my_exo:/home/hp/ROS2_WS/src/install/dynamic_tf:/opt/ros/humble CONDA_PROMPT_MODIFIER=(base) /usr/bin/cmake --build /home/hp/ROS2_WS/src/build/slam_toolbox -- -j8 -l8
[32.898s] Invoking command in '/home/hp/ROS2_WS/src/build/slam_toolbox': CMAKE_PREFIX_PATH=${CMAKE_PREFIX_PATH}:/home/hp/ROS2_WS/install/my_robot_controller:/home/hp/ROS2_WS/install/my_exo:/home/hp/ROS2_WS/install/dynamic_tf:/home/hp/ROS2_WS/src/install/my_robot_controller:/home/hp/ROS2_WS/src/install/my_exo:/home/hp/ROS2_WS/src/install/dynamic_tf:/opt/ros/humble CONDA_PROMPT_MODIFIER=(base) /usr/bin/cmake --install /home/hp/ROS2_WS/src/build/slam_toolbox
[32.948s] -- Install configuration: "Release"
[32.977s] -- Execute custom install script
[33.027s] -- Up-to-date symlink: /home/hp/ROS2_WS/src/install/slam_toolbox/include//karto_sdk/Karto.h
[33.027s] -- Up-to-date symlink: /home/hp/ROS2_WS/src/install/slam_toolbox/include//karto_sdk/Macros.h
[33.027s] -- Up-to-date symlink: /home/hp/ROS2_WS/src/install/slam_toolbox/include//karto_sdk/Mapper.h
[33.028s] -- Up-to-date symlink: /home/hp/ROS2_WS/src/install/slam_toolbox/include//karto_sdk/Math.h
[33.028s] -- Up-to-date symlink: /home/hp/ROS2_WS/src/install/slam_toolbox/include//karto_sdk/ProcessData.h
[33.028s] -- Up-to-date symlink: /home/hp/ROS2_WS/src/install/slam_toolbox/include//karto_sdk/Types.h
[33.029s] -- Up-to-date symlink: /home/hp/ROS2_WS/src/install/slam_toolbox/include//karto_sdk/nanoflann.hpp
[33.029s] -- Up-to-date symlink: /home/hp/ROS2_WS/src/install/slam_toolbox/include//karto_sdk/nanoflann_adaptors.h
[33.030s] -- Up-to-date symlink: /home/hp/ROS2_WS/src/install/slam_toolbox/share/ament_index/resource_index/rosidl_interfaces/slam_toolbox
[33.032s] -- Up-to-date symlink: /home/hp/ROS2_WS/src/install/slam_toolbox/include/slam_toolbox/slam_toolbox/msg/rosidl_generator_c__visibility_control.h
[33.032s] -- Up-to-date symlink: /home/hp/ROS2_WS/src/install/slam_toolbox/include/slam_toolbox/slam_toolbox/srv/add_submap.h
[33.032s] -- Up-to-date symlink: /home/hp/ROS2_WS/src/install/slam_toolbox/include/slam_toolbox/slam_toolbox/srv/clear.h
[33.033s] -- Up-to-date symlink: /home/hp/ROS2_WS/src/install/slam_toolbox/include/slam_toolbox/slam_toolbox/srv/clear_queue.h
[33.033s] -- Up-to-date symlink: /home/hp/ROS2_WS/src/install/slam_toolbox/include/slam_toolbox/slam_toolbox/srv/deserialize_pose_graph.h
[33.034s] -- Up-to-date symlink: /home/hp/ROS2_WS/src/install/slam_toolbox/include/slam_toolbox/slam_toolbox/srv/detail/add_submap__functions.h
[33.034s] -- Up-to-date symlink: /home/hp/ROS2_WS/src/install/slam_toolbox/include/slam_toolbox/slam_toolbox/srv/detail/add_submap__struct.h
[33.034s] -- Up-to-date symlink: /home/hp/ROS2_WS/src/install/slam_toolbox/include/slam_toolbox/slam_toolbox/srv/detail/add_submap__type_support.h
[33.034s] -- Up-to-date symlink: /home/hp/ROS2_WS/src/install/slam_toolbox/include/slam_toolbox/slam_toolbox/srv/detail/clear__functions.h
[33.035s] -- Up-to-date symlink: /home/hp/ROS2_WS/src/install/slam_toolbox/include/slam_toolbox/slam_toolbox/srv/detail/clear__struct.h
[33.035s] -- Up-to-date symlink: /home/hp/ROS2_WS/src/install/slam_toolbox/include/slam_toolbox/slam_toolbox/srv/detail/clear__type_support.h
[33.036s] -- Up-to-date symlink: /home/hp/ROS2_WS/src/install/slam_toolbox/include/slam_toolbox/slam_toolbox/srv/detail/clear_queue__functions.h
[33.036s] -- Up-to-date symlink: /home/hp/ROS2_WS/src/install/slam_toolbox/include/slam_toolbox/slam_toolbox/srv/detail/clear_queue__struct.h
[33.036s] -- Up-to-date symlink: /home/hp/ROS2_WS/src/install/slam_toolbox/include/slam_toolbox/slam_toolbox/srv/detail/clear_queue__type_support.h
[33.037s] -- Up-to-date symlink: /home/hp/ROS2_WS/src/install/slam_toolbox/include/slam_toolbox/slam_toolbox/srv/detail/deserialize_pose_graph__functions.h
[33.037s] -- Up-to-date symlink: /home/hp/ROS2_WS/src/install/slam_toolbox/include/slam_toolbox/slam_toolbox/srv/detail/deserialize_pose_graph__struct.h
[33.037s] -- Up-to-date symlink: /home/hp/ROS2_WS/src/install/slam_toolbox/include/slam_toolbox/slam_toolbox/srv/detail/deserialize_pose_graph__type_support.h
[33.037s] -- Up-to-date symlink: /home/hp/ROS2_WS/src/install/slam_toolbox/include/slam_toolbox/slam_toolbox/srv/detail/loop_closure__functions.h
[33.038s] -- Up-to-date symlink: /home/hp/ROS2_WS/src/install/slam_toolbox/include/slam_toolbox/slam_toolbox/srv/detail/loop_closure__struct.h
[33.038s] -- Up-to-date symlink: /home/hp/ROS2_WS/src/install/slam_toolbox/include/slam_toolbox/slam_toolbox/srv/detail/loop_closure__type_support.h
[33.038s] -- Up-to-date symlink: /home/hp/ROS2_WS/src/install/slam_toolbox/include/slam_toolbox/slam_toolbox/srv/detail/merge_maps__functions.h
[33.039s] -- Up-to-date symlink: /home/hp/ROS2_WS/src/install/slam_toolbox/include/slam_toolbox/slam_toolbox/srv/detail/merge_maps__struct.h
[33.039s] -- Up-to-date symlink: /home/hp/ROS2_WS/src/install/slam_toolbox/include/slam_toolbox/slam_toolbox/srv/detail/merge_maps__type_support.h
[33.039s] -- Up-to-date symlink: /home/hp/ROS2_WS/src/install/slam_toolbox/include/slam_toolbox/slam_toolbox/srv/detail/pause__functions.h
[33.040s] -- Up-to-date symlink: /home/hp/ROS2_WS/src/install/slam_toolbox/include/slam_toolbox/slam_toolbox/srv/detail/pause__struct.h
[33.040s] -- Up-to-date symlink: /home/hp/ROS2_WS/src/install/slam_toolbox/include/slam_toolbox/slam_toolbox/srv/detail/pause__type_support.h
[33.040s] -- Up-to-date symlink: /home/hp/ROS2_WS/src/install/slam_toolbox/include/slam_toolbox/slam_toolbox/srv/detail/reset__functions.h
[33.040s] -- Up-to-date symlink: /home/hp/ROS2_WS/src/install/slam_toolbox/include/slam_toolbox/slam_toolbox/srv/detail/reset__struct.h
[33.041s] -- Up-to-date symlink: /home/hp/ROS2_WS/src/install/slam_toolbox/include/slam_toolbox/slam_toolbox/srv/detail/reset__type_support.h
[33.041s] -- Up-to-date symlink: /home/hp/ROS2_WS/src/install/slam_toolbox/include/slam_toolbox/slam_toolbox/srv/detail/save_map__functions.h
[33.041s] -- Up-to-date symlink: /home/hp/ROS2_WS/src/install/slam_toolbox/include/slam_toolbox/slam_toolbox/srv/detail/save_map__struct.h
[33.041s] -- Up-to-date symlink: /home/hp/ROS2_WS/src/install/slam_toolbox/include/slam_toolbox/slam_toolbox/srv/detail/save_map__type_support.h
[33.041s] -- Up-to-date symlink: /home/hp/ROS2_WS/src/install/slam_toolbox/include/slam_toolbox/slam_toolbox/srv/detail/serialize_pose_graph__functions.h
[33.042s] -- Up-to-date symlink: /home/hp/ROS2_WS/src/install/slam_toolbox/include/slam_toolbox/slam_toolbox/srv/detail/serialize_pose_graph__struct.h
[33.042s] -- Up-to-date symlink: /home/hp/ROS2_WS/src/install/slam_toolbox/include/slam_toolbox/slam_toolbox/srv/detail/serialize_pose_graph__type_support.h
[33.042s] -- Up-to-date symlink: /home/hp/ROS2_WS/src/install/slam_toolbox/include/slam_toolbox/slam_toolbox/srv/detail/toggle_interactive__functions.h
[33.042s] -- Up-to-date symlink: /home/hp/ROS2_WS/src/install/slam_toolbox/include/slam_toolbox/slam_toolbox/srv/detail/toggle_interactive__struct.h
[33.042s] -- Up-to-date symlink: /home/hp/ROS2_WS/src/install/slam_toolbox/include/slam_toolbox/slam_toolbox/srv/detail/toggle_interactive__type_support.h
[33.043s] -- Up-to-date symlink: /home/hp/ROS2_WS/src/install/slam_toolbox/include/slam_toolbox/slam_toolbox/srv/loop_closure.h
[33.043s] -- Up-to-date symlink: /home/hp/ROS2_WS/src/install/slam_toolbox/include/slam_toolbox/slam_toolbox/srv/merge_maps.h
[33.043s] -- Up-to-date symlink: /home/hp/ROS2_WS/src/install/slam_toolbox/include/slam_toolbox/slam_toolbox/srv/pause.h
[33.043s] -- Up-to-date symlink: /home/hp/ROS2_WS/src/install/slam_toolbox/include/slam_toolbox/slam_toolbox/srv/reset.h
[33.044s] -- Up-to-date symlink: /home/hp/ROS2_WS/src/install/slam_toolbox/include/slam_toolbox/slam_toolbox/srv/save_map.h
[33.044s] -- Up-to-date symlink: /home/hp/ROS2_WS/src/install/slam_toolbox/include/slam_toolbox/slam_toolbox/srv/serialize_pose_graph.h
[33.044s] -- Up-to-date symlink: /home/hp/ROS2_WS/src/install/slam_toolbox/include/slam_toolbox/slam_toolbox/srv/toggle_interactive.h
[33.044s] -- Up-to-date symlink: /home/hp/ROS2_WS/src/install/slam_toolbox/share/slam_toolbox/environment/library_path.sh
[33.045s] -- Up-to-date symlink: /home/hp/ROS2_WS/src/install/slam_toolbox/share/slam_toolbox/environment/library_path.dsv
[33.045s] -- Up-to-date symlink: /home/hp/ROS2_WS/src/install/slam_toolbox/include/slam_toolbox/slam_toolbox/msg/rosidl_typesupport_fastrtps_c__visibility_control.h
[33.045s] -- Up-to-date symlink: /home/hp/ROS2_WS/src/install/slam_toolbox/include/slam_toolbox/slam_toolbox/srv/detail/add_submap__rosidl_typesupport_fastrtps_c.h
[33.046s] -- Up-to-date symlink: /home/hp/ROS2_WS/src/install/slam_toolbox/include/slam_toolbox/slam_toolbox/srv/detail/clear__rosidl_typesupport_fastrtps_c.h
[33.046s] -- Up-to-date symlink: /home/hp/ROS2_WS/src/install/slam_toolbox/include/slam_toolbox/slam_toolbox/srv/detail/clear_queue__rosidl_typesupport_fastrtps_c.h
[33.046s] -- Up-to-date symlink: /home/hp/ROS2_WS/src/install/slam_toolbox/include/slam_toolbox/slam_toolbox/srv/detail/deserialize_pose_graph__rosidl_typesupport_fastrtps_c.h
[33.046s] -- Up-to-date symlink: /home/hp/ROS2_WS/src/install/slam_toolbox/include/slam_toolbox/slam_toolbox/srv/detail/loop_closure__rosidl_typesupport_fastrtps_c.h
[33.046s] -- Up-to-date symlink: /home/hp/ROS2_WS/src/install/slam_toolbox/include/slam_toolbox/slam_toolbox/srv/detail/merge_maps__rosidl_typesupport_fastrtps_c.h
[33.047s] -- Up-to-date symlink: /home/hp/ROS2_WS/src/install/slam_toolbox/include/slam_toolbox/slam_toolbox/srv/detail/pause__rosidl_typesupport_fastrtps_c.h
[33.047s] -- Up-to-date symlink: /home/hp/ROS2_WS/src/install/slam_toolbox/include/slam_toolbox/slam_toolbox/srv/detail/reset__rosidl_typesupport_fastrtps_c.h
[33.047s] -- Up-to-date symlink: /home/hp/ROS2_WS/src/install/slam_toolbox/include/slam_toolbox/slam_toolbox/srv/detail/save_map__rosidl_typesupport_fastrtps_c.h
[33.047s] -- Up-to-date symlink: /home/hp/ROS2_WS/src/install/slam_toolbox/include/slam_toolbox/slam_toolbox/srv/detail/serialize_pose_graph__rosidl_typesupport_fastrtps_c.h
[33.047s] -- Up-to-date symlink: /home/hp/ROS2_WS/src/install/slam_toolbox/include/slam_toolbox/slam_toolbox/srv/detail/toggle_interactive__rosidl_typesupport_fastrtps_c.h
[33.048s] -- Up-to-date symlink: /home/hp/ROS2_WS/src/install/slam_toolbox/include/slam_toolbox/slam_toolbox/srv/add_submap.hpp
[33.048s] -- Up-to-date symlink: /home/hp/ROS2_WS/src/install/slam_toolbox/include/slam_toolbox/slam_toolbox/srv/clear.hpp
[33.048s] -- Up-to-date symlink: /home/hp/ROS2_WS/src/install/slam_toolbox/include/slam_toolbox/slam_toolbox/srv/clear_queue.hpp
[33.048s] -- Up-to-date symlink: /home/hp/ROS2_WS/src/install/slam_toolbox/include/slam_toolbox/slam_toolbox/srv/deserialize_pose_graph.hpp
[33.049s] -- Up-to-date symlink: /home/hp/ROS2_WS/src/install/slam_toolbox/include/slam_toolbox/slam_toolbox/srv/detail/add_submap__builder.hpp
[33.049s] -- Up-to-date symlink: /home/hp/ROS2_WS/src/install/slam_toolbox/include/slam_toolbox/slam_toolbox/srv/detail/add_submap__struct.hpp
[33.049s] -- Up-to-date symlink: /home/hp/ROS2_WS/src/install/slam_toolbox/include/slam_toolbox/slam_toolbox/srv/detail/add_submap__traits.hpp
[33.049s] -- Up-to-date symlink: /home/hp/ROS2_WS/src/install/slam_toolbox/include/slam_toolbox/slam_toolbox/srv/detail/clear__builder.hpp
[33.049s] -- Up-to-date symlink: /home/hp/ROS2_WS/src/install/slam_toolbox/include/slam_toolbox/slam_toolbox/srv/detail/clear__struct.hpp
[33.049s] -- Up-to-date symlink: /home/hp/ROS2_WS/src/install/slam_toolbox/include/slam_toolbox/slam_toolbox/srv/detail/clear__traits.hpp
[33.050s] -- Up-to-date symlink: /home/hp/ROS2_WS/src/install/slam_toolbox/include/slam_toolbox/slam_toolbox/srv/detail/clear_queue__builder.hpp
[33.050s] -- Up-to-date symlink: /home/hp/ROS2_WS/src/install/slam_toolbox/include/slam_toolbox/slam_toolbox/srv/detail/clear_queue__struct.hpp
[33.050s] -- Up-to-date symlink: /home/hp/ROS2_WS/src/install/slam_toolbox/include/slam_toolbox/slam_toolbox/srv/detail/clear_queue__traits.hpp
[33.050s] -- Up-to-date symlink: /home/hp/ROS2_WS/src/install/slam_toolbox/include/slam_toolbox/slam_toolbox/srv/detail/deserialize_pose_graph__builder.hpp
[33.050s] -- Up-to-date symlink: /home/hp/ROS2_WS/src/install/slam_toolbox/include/slam_toolbox/slam_toolbox/srv/detail/deserialize_pose_graph__struct.hpp
[33.051s] -- Up-to-date symlink: /home/hp/ROS2_WS/src/install/slam_toolbox/include/slam_toolbox/slam_toolbox/srv/detail/deserialize_pose_graph__traits.hpp
[33.051s] -- Up-to-date symlink: /home/hp/ROS2_WS/src/install/slam_toolbox/include/slam_toolbox/slam_toolbox/srv/detail/loop_closure__builder.hpp
[33.051s] -- Up-to-date symlink: /home/hp/ROS2_WS/src/install/slam_toolbox/include/slam_toolbox/slam_toolbox/srv/detail/loop_closure__struct.hpp
[33.051s] -- Up-to-date symlink: /home/hp/ROS2_WS/src/install/slam_toolbox/include/slam_toolbox/slam_toolbox/srv/detail/loop_closure__traits.hpp
[33.051s] -- Up-to-date symlink: /home/hp/ROS2_WS/src/install/slam_toolbox/include/slam_toolbox/slam_toolbox/srv/detail/merge_maps__builder.hpp
[33.051s] -- Up-to-date symlink: /home/hp/ROS2_WS/src/install/slam_toolbox/include/slam_toolbox/slam_toolbox/srv/detail/merge_maps__struct.hpp
[33.052s] -- Up-to-date symlink: /home/hp/ROS2_WS/src/install/slam_toolbox/include/slam_toolbox/slam_toolbox/srv/detail/merge_maps__traits.hpp
[33.052s] -- Up-to-date symlink: /home/hp/ROS2_WS/src/install/slam_toolbox/include/slam_toolbox/slam_toolbox/srv/detail/pause__builder.hpp
[33.052s] -- Up-to-date symlink: /home/hp/ROS2_WS/src/install/slam_toolbox/include/slam_toolbox/slam_toolbox/srv/detail/pause__struct.hpp
[33.052s] -- Up-to-date symlink: /home/hp/ROS2_WS/src/install/slam_toolbox/include/slam_toolbox/slam_toolbox/srv/detail/pause__traits.hpp
[33.052s] -- Up-to-date symlink: /home/hp/ROS2_WS/src/install/slam_toolbox/include/slam_toolbox/slam_toolbox/srv/detail/reset__builder.hpp
[33.053s] -- Up-to-date symlink: /home/hp/ROS2_WS/src/install/slam_toolbox/include/slam_toolbox/slam_toolbox/srv/detail/reset__struct.hpp
[33.053s] -- Up-to-date symlink: /home/hp/ROS2_WS/src/install/slam_toolbox/include/slam_toolbox/slam_toolbox/srv/detail/reset__traits.hpp
[33.053s] -- Up-to-date symlink: /home/hp/ROS2_WS/src/install/slam_toolbox/include/slam_toolbox/slam_toolbox/srv/detail/save_map__builder.hpp
[33.053s] -- Up-to-date symlink: /home/hp/ROS2_WS/src/install/slam_toolbox/include/slam_toolbox/slam_toolbox/srv/detail/save_map__struct.hpp
[33.053s] -- Up-to-date symlink: /home/hp/ROS2_WS/src/install/slam_toolbox/include/slam_toolbox/slam_toolbox/srv/detail/save_map__traits.hpp
[33.054s] -- Up-to-date symlink: /home/hp/ROS2_WS/src/install/slam_toolbox/include/slam_toolbox/slam_toolbox/srv/detail/serialize_pose_graph__builder.hpp
[33.054s] -- Up-to-date symlink: /home/hp/ROS2_WS/src/install/slam_toolbox/include/slam_toolbox/slam_toolbox/srv/detail/serialize_pose_graph__struct.hpp
[33.054s] -- Up-to-date symlink: /home/hp/ROS2_WS/src/install/slam_toolbox/include/slam_toolbox/slam_toolbox/srv/detail/serialize_pose_graph__traits.hpp
[33.054s] -- Up-to-date symlink: /home/hp/ROS2_WS/src/install/slam_toolbox/include/slam_toolbox/slam_toolbox/srv/detail/toggle_interactive__builder.hpp
[33.054s] -- Up-to-date symlink: /home/hp/ROS2_WS/src/install/slam_toolbox/include/slam_toolbox/slam_toolbox/srv/detail/toggle_interactive__struct.hpp
[33.054s] -- Up-to-date symlink: /home/hp/ROS2_WS/src/install/slam_toolbox/include/slam_toolbox/slam_toolbox/srv/detail/toggle_interactive__traits.hpp
[33.055s] -- Up-to-date symlink: /home/hp/ROS2_WS/src/install/slam_toolbox/include/slam_toolbox/slam_toolbox/srv/loop_closure.hpp
[33.055s] -- Up-to-date symlink: /home/hp/ROS2_WS/src/install/slam_toolbox/include/slam_toolbox/slam_toolbox/srv/merge_maps.hpp
[33.055s] -- Up-to-date symlink: /home/hp/ROS2_WS/src/install/slam_toolbox/include/slam_toolbox/slam_toolbox/srv/pause.hpp
[33.055s] -- Up-to-date symlink: /home/hp/ROS2_WS/src/install/slam_toolbox/include/slam_toolbox/slam_toolbox/srv/reset.hpp
[33.055s] -- Up-to-date symlink: /home/hp/ROS2_WS/src/install/slam_toolbox/include/slam_toolbox/slam_toolbox/srv/save_map.hpp
[33.055s] -- Up-to-date symlink: /home/hp/ROS2_WS/src/install/slam_toolbox/include/slam_toolbox/slam_toolbox/srv/serialize_pose_graph.hpp
[33.056s] -- Up-to-date symlink: /home/hp/ROS2_WS/src/install/slam_toolbox/include/slam_toolbox/slam_toolbox/srv/toggle_interactive.hpp
[33.056s] -- Up-to-date symlink: /home/hp/ROS2_WS/src/install/slam_toolbox/include/slam_toolbox/slam_toolbox/msg/rosidl_typesupport_fastrtps_cpp__visibility_control.h
[33.057s] -- Up-to-date symlink: /home/hp/ROS2_WS/src/install/slam_toolbox/include/slam_toolbox/slam_toolbox/srv/detail/add_submap__rosidl_typesupport_fastrtps_cpp.hpp
[33.057s] -- Up-to-date symlink: /home/hp/ROS2_WS/src/install/slam_toolbox/include/slam_toolbox/slam_toolbox/srv/detail/clear__rosidl_typesupport_fastrtps_cpp.hpp
[33.057s] -- Up-to-date symlink: /home/hp/ROS2_WS/src/install/slam_toolbox/include/slam_toolbox/slam_toolbox/srv/detail/clear_queue__rosidl_typesupport_fastrtps_cpp.hpp
[33.057s] -- Up-to-date symlink: /home/hp/ROS2_WS/src/install/slam_toolbox/include/slam_toolbox/slam_toolbox/srv/detail/deserialize_pose_graph__rosidl_typesupport_fastrtps_cpp.hpp
[33.057s] -- Up-to-date symlink: /home/hp/ROS2_WS/src/install/slam_toolbox/include/slam_toolbox/slam_toolbox/srv/detail/loop_closure__rosidl_typesupport_fastrtps_cpp.hpp
[33.057s] -- Up-to-date symlink: /home/hp/ROS2_WS/src/install/slam_toolbox/include/slam_toolbox/slam_toolbox/srv/detail/merge_maps__rosidl_typesupport_fastrtps_cpp.hpp
[33.058s] -- Up-to-date symlink: /home/hp/ROS2_WS/src/install/slam_toolbox/include/slam_toolbox/slam_toolbox/srv/detail/pause__rosidl_typesupport_fastrtps_cpp.hpp
[33.058s] -- Up-to-date symlink: /home/hp/ROS2_WS/src/install/slam_toolbox/include/slam_toolbox/slam_toolbox/srv/detail/reset__rosidl_typesupport_fastrtps_cpp.hpp
[33.058s] -- Up-to-date symlink: /home/hp/ROS2_WS/src/install/slam_toolbox/include/slam_toolbox/slam_toolbox/srv/detail/save_map__rosidl_typesupport_fastrtps_cpp.hpp
[33.058s] -- Up-to-date symlink: /home/hp/ROS2_WS/src/install/slam_toolbox/include/slam_toolbox/slam_toolbox/srv/detail/serialize_pose_graph__rosidl_typesupport_fastrtps_cpp.hpp
[33.058s] -- Up-to-date symlink: /home/hp/ROS2_WS/src/install/slam_toolbox/include/slam_toolbox/slam_toolbox/srv/detail/toggle_interactive__rosidl_typesupport_fastrtps_cpp.hpp
[33.059s] -- Up-to-date symlink: /home/hp/ROS2_WS/src/install/slam_toolbox/include/slam_toolbox/slam_toolbox/msg/rosidl_typesupport_introspection_c__visibility_control.h
[33.059s] -- Up-to-date symlink: /home/hp/ROS2_WS/src/install/slam_toolbox/include/slam_toolbox/slam_toolbox/srv/detail/add_submap__rosidl_typesupport_introspection_c.h
[33.059s] -- Up-to-date symlink: /home/hp/ROS2_WS/src/install/slam_toolbox/include/slam_toolbox/slam_toolbox/srv/detail/clear__rosidl_typesupport_introspection_c.h
[33.059s] -- Up-to-date symlink: /home/hp/ROS2_WS/src/install/slam_toolbox/include/slam_toolbox/slam_toolbox/srv/detail/clear_queue__rosidl_typesupport_introspection_c.h
[33.060s] -- Up-to-date symlink: /home/hp/ROS2_WS/src/install/slam_toolbox/include/slam_toolbox/slam_toolbox/srv/detail/deserialize_pose_graph__rosidl_typesupport_introspection_c.h
[33.060s] -- Up-to-date symlink: /home/hp/ROS2_WS/src/install/slam_toolbox/include/slam_toolbox/slam_toolbox/srv/detail/loop_closure__rosidl_typesupport_introspection_c.h
[33.060s] -- Up-to-date symlink: /home/hp/ROS2_WS/src/install/slam_toolbox/include/slam_toolbox/slam_toolbox/srv/detail/merge_maps__rosidl_typesupport_introspection_c.h
[33.060s] -- Up-to-date symlink: /home/hp/ROS2_WS/src/install/slam_toolbox/include/slam_toolbox/slam_toolbox/srv/detail/pause__rosidl_typesupport_introspection_c.h
[33.060s] -- Up-to-date symlink: /home/hp/ROS2_WS/src/install/slam_toolbox/include/slam_toolbox/slam_toolbox/srv/detail/reset__rosidl_typesupport_introspection_c.h
[33.061s] -- Up-to-date symlink: /home/hp/ROS2_WS/src/install/slam_toolbox/include/slam_toolbox/slam_toolbox/srv/detail/save_map__rosidl_typesupport_introspection_c.h
[33.061s] -- Up-to-date symlink: /home/hp/ROS2_WS/src/install/slam_toolbox/include/slam_toolbox/slam_toolbox/srv/detail/serialize_pose_graph__rosidl_typesupport_introspection_c.h
[33.061s] -- Up-to-date symlink: /home/hp/ROS2_WS/src/install/slam_toolbox/include/slam_toolbox/slam_toolbox/srv/detail/toggle_interactive__rosidl_typesupport_introspection_c.h
[33.061s] -- Up-to-date symlink: /home/hp/ROS2_WS/src/install/slam_toolbox/include/slam_toolbox/slam_toolbox/srv/detail/add_submap__rosidl_typesupport_introspection_cpp.hpp
[33.062s] -- Up-to-date symlink: /home/hp/ROS2_WS/src/install/slam_toolbox/include/slam_toolbox/slam_toolbox/srv/detail/clear__rosidl_typesupport_introspection_cpp.hpp
[33.062s] -- Up-to-date symlink: /home/hp/ROS2_WS/src/install/slam_toolbox/include/slam_toolbox/slam_toolbox/srv/detail/clear_queue__rosidl_typesupport_introspection_cpp.hpp
[33.062s] -- Up-to-date symlink: /home/hp/ROS2_WS/src/install/slam_toolbox/include/slam_toolbox/slam_toolbox/srv/detail/deserialize_pose_graph__rosidl_typesupport_introspection_cpp.hpp
[33.062s] -- Up-to-date symlink: /home/hp/ROS2_WS/src/install/slam_toolbox/include/slam_toolbox/slam_toolbox/srv/detail/loop_closure__rosidl_typesupport_introspection_cpp.hpp
[33.062s] -- Up-to-date symlink: /home/hp/ROS2_WS/src/install/slam_toolbox/include/slam_toolbox/slam_toolbox/srv/detail/merge_maps__rosidl_typesupport_introspection_cpp.hpp
[33.063s] -- Up-to-date symlink: /home/hp/ROS2_WS/src/install/slam_toolbox/include/slam_toolbox/slam_toolbox/srv/detail/pause__rosidl_typesupport_introspection_cpp.hpp
[33.063s] -- Up-to-date symlink: /home/hp/ROS2_WS/src/install/slam_toolbox/include/slam_toolbox/slam_toolbox/srv/detail/reset__rosidl_typesupport_introspection_cpp.hpp
[33.063s] -- Up-to-date symlink: /home/hp/ROS2_WS/src/install/slam_toolbox/include/slam_toolbox/slam_toolbox/srv/detail/save_map__rosidl_typesupport_introspection_cpp.hpp
[33.063s] -- Up-to-date symlink: /home/hp/ROS2_WS/src/install/slam_toolbox/include/slam_toolbox/slam_toolbox/srv/detail/serialize_pose_graph__rosidl_typesupport_introspection_cpp.hpp
[33.063s] -- Up-to-date symlink: /home/hp/ROS2_WS/src/install/slam_toolbox/include/slam_toolbox/slam_toolbox/srv/detail/toggle_interactive__rosidl_typesupport_introspection_cpp.hpp
[33.063s] -- Up-to-date symlink: /home/hp/ROS2_WS/src/install/slam_toolbox/share/slam_toolbox/environment/pythonpath.sh
[33.064s] -- Up-to-date symlink: /home/hp/ROS2_WS/src/install/slam_toolbox/share/slam_toolbox/environment/pythonpath.dsv
[33.064s] -- Up-to-date symlink: /home/hp/ROS2_WS/src/install/slam_toolbox/lib/python3.11/site-packages/slam_toolbox-2.7.0-py3.11.egg-info/PKG-INFO
[33.064s] -- Up-to-date symlink: /home/hp/ROS2_WS/src/install/slam_toolbox/lib/python3.11/site-packages/slam_toolbox-2.7.0-py3.11.egg-info/SOURCES.txt
[33.064s] -- Up-to-date symlink: /home/hp/ROS2_WS/src/install/slam_toolbox/lib/python3.11/site-packages/slam_toolbox-2.7.0-py3.11.egg-info/dependency_links.txt
[33.064s] -- Up-to-date symlink: /home/hp/ROS2_WS/src/install/slam_toolbox/lib/python3.11/site-packages/slam_toolbox-2.7.0-py3.11.egg-info/top_level.txt
[33.065s] -- Up-to-date symlink: /home/hp/ROS2_WS/src/install/slam_toolbox/lib/python3.11/site-packages/slam_toolbox/__init__.py
[33.065s] -- Up-to-date symlink: /home/hp/ROS2_WS/src/install/slam_toolbox/lib/python3.11/site-packages/slam_toolbox/_slam_toolbox_s.ep.rosidl_typesupport_c.c
[33.066s] -- Up-to-date symlink: /home/hp/ROS2_WS/src/install/slam_toolbox/lib/python3.11/site-packages/slam_toolbox/_slam_toolbox_s.ep.rosidl_typesupport_fastrtps_c.c
[33.066s] -- Up-to-date symlink: /home/hp/ROS2_WS/src/install/slam_toolbox/lib/python3.11/site-packages/slam_toolbox/_slam_toolbox_s.ep.rosidl_typesupport_introspection_c.c
[33.066s] -- Up-to-date symlink: /home/hp/ROS2_WS/src/install/slam_toolbox/lib/python3.11/site-packages/slam_toolbox/libslam_toolbox__rosidl_generator_py.so
[33.066s] -- Up-to-date symlink: /home/hp/ROS2_WS/src/install/slam_toolbox/lib/python3.11/site-packages/slam_toolbox/slam_toolbox_s__rosidl_typesupport_c.cpython-311-x86_64-linux-gnu.so
[33.066s] -- Up-to-date symlink: /home/hp/ROS2_WS/src/install/slam_toolbox/lib/python3.11/site-packages/slam_toolbox/slam_toolbox_s__rosidl_typesupport_fastrtps_c.cpython-311-x86_64-linux-gnu.so
[33.067s] -- Up-to-date symlink: /home/hp/ROS2_WS/src/install/slam_toolbox/lib/python3.11/site-packages/slam_toolbox/slam_toolbox_s__rosidl_typesupport_introspection_c.cpython-311-x86_64-linux-gnu.so
[33.067s] -- Up-to-date symlink: /home/hp/ROS2_WS/src/install/slam_toolbox/lib/python3.11/site-packages/slam_toolbox/srv/__init__.py
[33.067s] -- Up-to-date symlink: /home/hp/ROS2_WS/src/install/slam_toolbox/lib/python3.11/site-packages/slam_toolbox/srv/_add_submap.py
[33.067s] -- Up-to-date symlink: /home/hp/ROS2_WS/src/install/slam_toolbox/lib/python3.11/site-packages/slam_toolbox/srv/_add_submap_s.c
[33.068s] -- Up-to-date symlink: /home/hp/ROS2_WS/src/install/slam_toolbox/lib/python3.11/site-packages/slam_toolbox/srv/_clear.py
[33.068s] -- Up-to-date symlink: /home/hp/ROS2_WS/src/install/slam_toolbox/lib/python3.11/site-packages/slam_toolbox/srv/_clear_queue.py
[33.068s] -- Up-to-date symlink: /home/hp/ROS2_WS/src/install/slam_toolbox/lib/python3.11/site-packages/slam_toolbox/srv/_clear_queue_s.c
[33.068s] -- Up-to-date symlink: /home/hp/ROS2_WS/src/install/slam_toolbox/lib/python3.11/site-packages/slam_toolbox/srv/_clear_s.c
[33.068s] -- Up-to-date symlink: /home/hp/ROS2_WS/src/install/slam_toolbox/lib/python3.11/site-packages/slam_toolbox/srv/_deserialize_pose_graph.py
[33.069s] -- Up-to-date symlink: /home/hp/ROS2_WS/src/install/slam_toolbox/lib/python3.11/site-packages/slam_toolbox/srv/_deserialize_pose_graph_s.c
[33.069s] -- Up-to-date symlink: /home/hp/ROS2_WS/src/install/slam_toolbox/lib/python3.11/site-packages/slam_toolbox/srv/_loop_closure.py
[33.069s] -- Up-to-date symlink: /home/hp/ROS2_WS/src/install/slam_toolbox/lib/python3.11/site-packages/slam_toolbox/srv/_loop_closure_s.c
[33.069s] -- Up-to-date symlink: /home/hp/ROS2_WS/src/install/slam_toolbox/lib/python3.11/site-packages/slam_toolbox/srv/_merge_maps.py
[33.069s] -- Up-to-date symlink: /home/hp/ROS2_WS/src/install/slam_toolbox/lib/python3.11/site-packages/slam_toolbox/srv/_merge_maps_s.c
[33.070s] -- Up-to-date symlink: /home/hp/ROS2_WS/src/install/slam_toolbox/lib/python3.11/site-packages/slam_toolbox/srv/_pause.py
[33.070s] -- Up-to-date symlink: /home/hp/ROS2_WS/src/install/slam_toolbox/lib/python3.11/site-packages/slam_toolbox/srv/_pause_s.c
[33.070s] -- Up-to-date symlink: /home/hp/ROS2_WS/src/install/slam_toolbox/lib/python3.11/site-packages/slam_toolbox/srv/_reset.py
[33.070s] -- Up-to-date symlink: /home/hp/ROS2_WS/src/install/slam_toolbox/lib/python3.11/site-packages/slam_toolbox/srv/_reset_s.c
[33.070s] -- Up-to-date symlink: /home/hp/ROS2_WS/src/install/slam_toolbox/lib/python3.11/site-packages/slam_toolbox/srv/_save_map.py
[33.071s] -- Up-to-date symlink: /home/hp/ROS2_WS/src/install/slam_toolbox/lib/python3.11/site-packages/slam_toolbox/srv/_save_map_s.c
[33.071s] -- Up-to-date symlink: /home/hp/ROS2_WS/src/install/slam_toolbox/lib/python3.11/site-packages/slam_toolbox/srv/_serialize_pose_graph.py
[33.071s] -- Up-to-date symlink: /home/hp/ROS2_WS/src/install/slam_toolbox/lib/python3.11/site-packages/slam_toolbox/srv/_serialize_pose_graph_s.c
[33.071s] -- Up-to-date symlink: /home/hp/ROS2_WS/src/install/slam_toolbox/lib/python3.11/site-packages/slam_toolbox/srv/_toggle_interactive.py
[33.071s] -- Up-to-date symlink: /home/hp/ROS2_WS/src/install/slam_toolbox/lib/python3.11/site-packages/slam_toolbox/srv/_toggle_interactive_s.c
[33.087s] -- Up-to-date symlink: /home/hp/ROS2_WS/src/install/slam_toolbox/lib/python3.11/site-packages/slam_toolbox/slam_toolbox_s__rosidl_typesupport_fastrtps_c.cpython-311-x86_64-linux-gnu.so
[33.088s] -- Up-to-date symlink: /home/hp/ROS2_WS/src/install/slam_toolbox/lib/python3.11/site-packages/slam_toolbox/slam_toolbox_s__rosidl_typesupport_introspection_c.cpython-311-x86_64-linux-gnu.so
[33.088s] -- Up-to-date symlink: /home/hp/ROS2_WS/src/install/slam_toolbox/lib/python3.11/site-packages/slam_toolbox/slam_toolbox_s__rosidl_typesupport_c.cpython-311-x86_64-linux-gnu.so
[33.089s] -- Up-to-date symlink: /home/hp/ROS2_WS/src/install/slam_toolbox/share/slam_toolbox/srv/Pause.idl
[33.089s] -- Up-to-date symlink: /home/hp/ROS2_WS/src/install/slam_toolbox/share/slam_toolbox/srv/Reset.idl
[33.089s] -- Up-to-date symlink: /home/hp/ROS2_WS/src/install/slam_toolbox/share/slam_toolbox/srv/ClearQueue.idl
[33.090s] -- Up-to-date symlink: /home/hp/ROS2_WS/src/install/slam_toolbox/share/slam_toolbox/srv/ToggleInteractive.idl
[33.090s] -- Up-to-date symlink: /home/hp/ROS2_WS/src/install/slam_toolbox/share/slam_toolbox/srv/Clear.idl
[33.091s] -- Up-to-date symlink: /home/hp/ROS2_WS/src/install/slam_toolbox/share/slam_toolbox/srv/SaveMap.idl
[33.091s] -- Up-to-date symlink: /home/hp/ROS2_WS/src/install/slam_toolbox/share/slam_toolbox/srv/LoopClosure.idl
[33.091s] -- Up-to-date symlink: /home/hp/ROS2_WS/src/install/slam_toolbox/share/slam_toolbox/srv/MergeMaps.idl
[33.092s] -- Up-to-date symlink: /home/hp/ROS2_WS/src/install/slam_toolbox/share/slam_toolbox/srv/AddSubmap.idl
[33.092s] -- Up-to-date symlink: /home/hp/ROS2_WS/src/install/slam_toolbox/share/slam_toolbox/srv/DeserializePoseGraph.idl
[33.093s] -- Up-to-date symlink: /home/hp/ROS2_WS/src/install/slam_toolbox/share/slam_toolbox/srv/SerializePoseGraph.idl
[33.093s] -- Up-to-date symlink: /home/hp/ROS2_WS/src/install/slam_toolbox/share/slam_toolbox/srvs/Pause.srv
[33.093s] -- Up-to-date symlink: /home/hp/ROS2_WS/src/install/slam_toolbox/share/slam_toolbox/srvs/Pause_Request.msg
[33.094s] -- Up-to-date symlink: /home/hp/ROS2_WS/src/install/slam_toolbox/share/slam_toolbox/srvs/Pause_Response.msg
[33.094s] -- Up-to-date symlink: /home/hp/ROS2_WS/src/install/slam_toolbox/share/slam_toolbox/srvs/Reset.srv
[33.094s] -- Up-to-date symlink: /home/hp/ROS2_WS/src/install/slam_toolbox/share/slam_toolbox/srvs/Reset_Request.msg
[33.094s] -- Up-to-date symlink: /home/hp/ROS2_WS/src/install/slam_toolbox/share/slam_toolbox/srvs/Reset_Response.msg
[33.095s] -- Up-to-date symlink: /home/hp/ROS2_WS/src/install/slam_toolbox/share/slam_toolbox/srvs/ClearQueue.srv
[33.095s] -- Up-to-date symlink: /home/hp/ROS2_WS/src/install/slam_toolbox/share/slam_toolbox/srvs/ClearQueue_Request.msg
[33.095s] -- Up-to-date symlink: /home/hp/ROS2_WS/src/install/slam_toolbox/share/slam_toolbox/srvs/ClearQueue_Response.msg
[33.095s] -- Up-to-date symlink: /home/hp/ROS2_WS/src/install/slam_toolbox/share/slam_toolbox/srvs/ToggleInteractive.srv
[33.096s] -- Up-to-date symlink: /home/hp/ROS2_WS/src/install/slam_toolbox/share/slam_toolbox/srvs/ToggleInteractive_Request.msg
[33.096s] -- Up-to-date symlink: /home/hp/ROS2_WS/src/install/slam_toolbox/share/slam_toolbox/srvs/ToggleInteractive_Response.msg
[33.096s] -- Up-to-date symlink: /home/hp/ROS2_WS/src/install/slam_toolbox/share/slam_toolbox/srvs/Clear.srv
[33.096s] -- Up-to-date symlink: /home/hp/ROS2_WS/src/install/slam_toolbox/share/slam_toolbox/srvs/Clear_Request.msg
[33.097s] -- Up-to-date symlink: /home/hp/ROS2_WS/src/install/slam_toolbox/share/slam_toolbox/srvs/Clear_Response.msg
[33.097s] -- Up-to-date symlink: /home/hp/ROS2_WS/src/install/slam_toolbox/share/slam_toolbox/srvs/SaveMap.srv
[33.097s] -- Up-to-date symlink: /home/hp/ROS2_WS/src/install/slam_toolbox/share/slam_toolbox/srvs/SaveMap_Request.msg
[33.097s] -- Up-to-date symlink: /home/hp/ROS2_WS/src/install/slam_toolbox/share/slam_toolbox/srvs/SaveMap_Response.msg
[33.098s] -- Up-to-date symlink: /home/hp/ROS2_WS/src/install/slam_toolbox/share/slam_toolbox/srvs/LoopClosure.srv
[33.098s] -- Up-to-date symlink: /home/hp/ROS2_WS/src/install/slam_toolbox/share/slam_toolbox/srvs/LoopClosure_Request.msg
[33.098s] -- Up-to-date symlink: /home/hp/ROS2_WS/src/install/slam_toolbox/share/slam_toolbox/srvs/LoopClosure_Response.msg
[33.098s] -- Up-to-date symlink: /home/hp/ROS2_WS/src/install/slam_toolbox/share/slam_toolbox/srvs/MergeMaps.srv
[33.098s] -- Up-to-date symlink: /home/hp/ROS2_WS/src/install/slam_toolbox/share/slam_toolbox/srvs/MergeMaps_Request.msg
[33.099s] -- Up-to-date symlink: /home/hp/ROS2_WS/src/install/slam_toolbox/share/slam_toolbox/srvs/MergeMaps_Response.msg
[33.099s] -- Up-to-date symlink: /home/hp/ROS2_WS/src/install/slam_toolbox/share/slam_toolbox/srvs/AddSubmap.srv
[33.099s] -- Up-to-date symlink: /home/hp/ROS2_WS/src/install/slam_toolbox/share/slam_toolbox/srvs/AddSubmap_Request.msg
[33.099s] -- Up-to-date symlink: /home/hp/ROS2_WS/src/install/slam_toolbox/share/slam_toolbox/srvs/AddSubmap_Response.msg
[33.099s] -- Up-to-date symlink: /home/hp/ROS2_WS/src/install/slam_toolbox/share/slam_toolbox/srvs/DeserializePoseGraph.srv
[33.100s] -- Up-to-date symlink: /home/hp/ROS2_WS/src/install/slam_toolbox/share/slam_toolbox/srvs/DeserializePoseGraph_Request.msg
[33.100s] -- Up-to-date symlink: /home/hp/ROS2_WS/src/install/slam_toolbox/share/slam_toolbox/srvs/DeserializePoseGraph_Response.msg
[33.100s] -- Up-to-date symlink: /home/hp/ROS2_WS/src/install/slam_toolbox/share/slam_toolbox/srvs/SerializePoseGraph.srv
[33.100s] -- Up-to-date symlink: /home/hp/ROS2_WS/src/install/slam_toolbox/share/slam_toolbox/srvs/SerializePoseGraph_Request.msg
[33.100s] -- Up-to-date symlink: /home/hp/ROS2_WS/src/install/slam_toolbox/share/slam_toolbox/srvs/SerializePoseGraph_Response.msg
[33.101s] -- Up-to-date symlink: /home/hp/ROS2_WS/src/install/slam_toolbox/share/slam_toolbox//rviz_plugins.xml
[33.101s] -- Up-to-date symlink: /home/hp/ROS2_WS/src/install/slam_toolbox/share/slam_toolbox//solver_plugins.xml
[33.101s] -- Up-to-date symlink: /home/hp/ROS2_WS/src/install/slam_toolbox/lib/slam_toolbox/async_slam_toolbox_node
[33.102s] -- Up-to-date symlink: /home/hp/ROS2_WS/src/install/slam_toolbox/lib/slam_toolbox/sync_slam_toolbox_node
[33.102s] -- Up-to-date symlink: /home/hp/ROS2_WS/src/install/slam_toolbox/lib/slam_toolbox/localization_slam_toolbox_node
[33.102s] -- Up-to-date symlink: /home/hp/ROS2_WS/src/install/slam_toolbox/lib/slam_toolbox/map_and_localization_slam_toolbox_node
[33.102s] -- Up-to-date symlink: /home/hp/ROS2_WS/src/install/slam_toolbox/lib/slam_toolbox/lifelong_slam_toolbox_node
[33.102s] -- Up-to-date symlink: /home/hp/ROS2_WS/src/install/slam_toolbox/lib/slam_toolbox/merge_maps_kinematic
[33.103s] -- Up-to-date symlink: /home/hp/ROS2_WS/src/install/slam_toolbox/lib/libtoolbox_common.so
[33.103s] -- Up-to-date symlink: /home/hp/ROS2_WS/src/install/slam_toolbox/lib/libSlamToolboxPlugin.so
[33.103s] -- Up-to-date symlink: /home/hp/ROS2_WS/src/install/slam_toolbox/lib/libceres_solver_plugin.so
[33.103s] -- Up-to-date symlink: /home/hp/ROS2_WS/src/install/slam_toolbox/lib/libasync_slam_toolbox.so
[33.103s] -- Up-to-date symlink: /home/hp/ROS2_WS/src/install/slam_toolbox/lib/libsync_slam_toolbox.so
[33.104s] -- Up-to-date symlink: /home/hp/ROS2_WS/src/install/slam_toolbox/lib/liblocalization_slam_toolbox.so
[33.104s] -- Up-to-date symlink: /home/hp/ROS2_WS/src/install/slam_toolbox/lib/liblifelong_slam_toolbox.so
[33.104s] -- Up-to-date symlink: /home/hp/ROS2_WS/src/install/slam_toolbox/lib/libmap_and_localization_slam_toolbox.so
[33.104s] -- Up-to-date symlink: /home/hp/ROS2_WS/src/install/slam_toolbox/lib/libkartoSlamToolbox.so
[33.105s] -- Up-to-date symlink: /home/hp/ROS2_WS/src/install/slam_toolbox/include/slam_toolbox/experimental/slam_toolbox_lifelong.hpp
[33.105s] -- Up-to-date symlink: /home/hp/ROS2_WS/src/install/slam_toolbox/include/slam_toolbox/experimental/slam_toolbox_map_and_localization.hpp
[33.105s] -- Up-to-date symlink: /home/hp/ROS2_WS/src/install/slam_toolbox/include/slam_toolbox/get_pose_helper.hpp
[33.105s] -- Up-to-date symlink: /home/hp/ROS2_WS/src/install/slam_toolbox/include/slam_toolbox/laser_utils.hpp
[33.106s] -- Up-to-date symlink: /home/hp/ROS2_WS/src/install/slam_toolbox/include/slam_toolbox/loop_closure_assistant.hpp
[33.106s] -- Up-to-date symlink: /home/hp/ROS2_WS/src/install/slam_toolbox/include/slam_toolbox/map_saver.hpp
[33.106s] -- Up-to-date symlink: /home/hp/ROS2_WS/src/install/slam_toolbox/include/slam_toolbox/merge_maps_kinematic.hpp
[33.106s] -- Up-to-date symlink: /home/hp/ROS2_WS/src/install/slam_toolbox/include/slam_toolbox/serialization.hpp
[33.106s] -- Up-to-date symlink: /home/hp/ROS2_WS/src/install/slam_toolbox/include/slam_toolbox/slam_mapper.hpp
[33.106s] -- Up-to-date symlink: /home/hp/ROS2_WS/src/install/slam_toolbox/include/slam_toolbox/slam_toolbox_async.hpp
[33.107s] -- Up-to-date symlink: /home/hp/ROS2_WS/src/install/slam_toolbox/include/slam_toolbox/slam_toolbox_common.hpp
[33.107s] -- Up-to-date symlink: /home/hp/ROS2_WS/src/install/slam_toolbox/include/slam_toolbox/slam_toolbox_localization.hpp
[33.107s] -- Up-to-date symlink: /home/hp/ROS2_WS/src/install/slam_toolbox/include/slam_toolbox/slam_toolbox_sync.hpp
[33.107s] -- Up-to-date symlink: /home/hp/ROS2_WS/src/install/slam_toolbox/include/slam_toolbox/snap_utils.hpp
[33.107s] -- Up-to-date symlink: /home/hp/ROS2_WS/src/install/slam_toolbox/include/slam_toolbox/toolbox_msgs.hpp
[33.107s] -- Up-to-date symlink: /home/hp/ROS2_WS/src/install/slam_toolbox/include/slam_toolbox/toolbox_types.hpp
[33.108s] -- Up-to-date symlink: /home/hp/ROS2_WS/src/install/slam_toolbox/include/slam_toolbox/visualization_utils.hpp
[33.135s] -- Up-to-date symlink: /home/hp/ROS2_WS/src/install/slam_toolbox/share/slam_toolbox/launch/localization_launch.py
[33.136s] -- Up-to-date symlink: /home/hp/ROS2_WS/src/install/slam_toolbox/share/slam_toolbox/launch/merge_maps_kinematic_launch.py
[33.136s] -- Up-to-date symlink: /home/hp/ROS2_WS/src/install/slam_toolbox/share/slam_toolbox/launch/offline_launch.py
[33.136s] -- Up-to-date symlink: /home/hp/ROS2_WS/src/install/slam_toolbox/share/slam_toolbox/launch/online_async_launch.py
[33.136s] -- Up-to-date symlink: /home/hp/ROS2_WS/src/install/slam_toolbox/share/slam_toolbox/launch/online_sync_launch.py
[33.142s] -- Up-to-date symlink: /home/hp/ROS2_WS/src/install/slam_toolbox/share/slam_toolbox/config/mapper_params_lifelong.yaml
[33.143s] -- Up-to-date symlink: /home/hp/ROS2_WS/src/install/slam_toolbox/share/slam_toolbox/config/mapper_params_localization.yaml
[33.143s] -- Up-to-date symlink: /home/hp/ROS2_WS/src/install/slam_toolbox/share/slam_toolbox/config/mapper_params_offline.yaml
[33.144s] -- Up-to-date symlink: /home/hp/ROS2_WS/src/install/slam_toolbox/share/slam_toolbox/config/mapper_params_online_async.yaml
[33.144s] -- Up-to-date symlink: /home/hp/ROS2_WS/src/install/slam_toolbox/share/slam_toolbox/config/mapper_params_online_sync.yaml
[33.145s] -- Up-to-date symlink: /home/hp/ROS2_WS/src/install/slam_toolbox/share/slam_toolbox/config/slam_toolbox_default.rviz
[33.145s] -- Up-to-date symlink: /home/hp/ROS2_WS/src/install/slam_toolbox/share/solver_plugins.xml
[33.145s] -- Up-to-date symlink: /home/hp/ROS2_WS/src/install/slam_toolbox/share/rviz_plugins.xml
[33.145s] -- Up-to-date symlink: /home/hp/ROS2_WS/src/install/slam_toolbox/share/ament_index/resource_index/package_run_dependencies/slam_toolbox
[33.146s] -- Up-to-date symlink: /home/hp/ROS2_WS/src/install/slam_toolbox/share/ament_index/resource_index/parent_prefix_path/slam_toolbox
[33.146s] -- Up-to-date symlink: /home/hp/ROS2_WS/src/install/slam_toolbox/share/slam_toolbox/environment/ament_prefix_path.sh
[33.146s] -- Up-to-date symlink: /home/hp/ROS2_WS/src/install/slam_toolbox/share/slam_toolbox/environment/ament_prefix_path.dsv
[33.147s] -- Up-to-date symlink: /home/hp/ROS2_WS/src/install/slam_toolbox/share/slam_toolbox/environment/path.sh
[33.147s] -- Up-to-date symlink: /home/hp/ROS2_WS/src/install/slam_toolbox/share/slam_toolbox/environment/path.dsv
[33.160s] -- Up-to-date symlink: /home/hp/ROS2_WS/src/install/slam_toolbox/share/slam_toolbox/local_setup.bash
[33.160s] -- Up-to-date symlink: /home/hp/ROS2_WS/src/install/slam_toolbox/share/slam_toolbox/local_setup.sh
[33.171s] -- Up-to-date symlink: /home/hp/ROS2_WS/src/install/slam_toolbox/share/slam_toolbox/local_setup.zsh
[33.171s] -- Up-to-date symlink: /home/hp/ROS2_WS/src/install/slam_toolbox/share/slam_toolbox/local_setup.dsv
[33.172s] -- Symlinking: /home/hp/ROS2_WS/src/install/slam_toolbox/share/slam_toolbox/package.dsv
[33.220s] -- Up-to-date symlink: /home/hp/ROS2_WS/src/install/slam_toolbox/share/ament_index/resource_index/packages/slam_toolbox
[33.221s] -- Up-to-date symlink: /home/hp/ROS2_WS/src/install/slam_toolbox/share/ament_index/resource_index/rviz_common__pluginlib__plugin/slam_toolbox
[33.222s] -- Up-to-date symlink: /home/hp/ROS2_WS/src/install/slam_toolbox/share/ament_index/resource_index/slam_toolbox__pluginlib__plugin/slam_toolbox
[33.222s] -- Up-to-date symlink: /home/hp/ROS2_WS/src/install/slam_toolbox/share/ament_index/resource_index/rclcpp_components/slam_toolbox
[33.223s] -- Up-to-date symlink: /home/hp/ROS2_WS/src/install/slam_toolbox/share/slam_toolbox/cmake/rosidl_cmake-extras.cmake
[33.247s] -- Up-to-date symlink: /home/hp/ROS2_WS/src/install/slam_toolbox/share/slam_toolbox/cmake/ament_cmake_export_dependencies-extras.cmake
[33.248s] -- Up-to-date symlink: /home/hp/ROS2_WS/src/install/slam_toolbox/share/slam_toolbox/cmake/ament_cmake_export_include_directories-extras.cmake
[33.248s] -- Up-to-date symlink: /home/hp/ROS2_WS/src/install/slam_toolbox/share/slam_toolbox/cmake/ament_cmake_export_libraries-extras.cmake
[33.249s] -- Up-to-date symlink: /home/hp/ROS2_WS/src/install/slam_toolbox/share/slam_toolbox/cmake/ament_cmake_export_targets-extras.cmake
[33.249s] -- Up-to-date symlink: /home/hp/ROS2_WS/src/install/slam_toolbox/share/slam_toolbox/cmake/rosidl_cmake_export_typesupport_targets-extras.cmake
[33.250s] -- Up-to-date symlink: /home/hp/ROS2_WS/src/install/slam_toolbox/share/slam_toolbox/cmake/rosidl_cmake_export_typesupport_libraries-extras.cmake
[33.250s] -- Up-to-date symlink: /home/hp/ROS2_WS/src/install/slam_toolbox/share/slam_toolbox/cmake/slam_toolboxConfig.cmake
[33.250s] -- Up-to-date symlink: /home/hp/ROS2_WS/src/install/slam_toolbox/share/slam_toolbox/cmake/slam_toolboxConfig-version.cmake
[33.251s] -- Up-to-date symlink: /home/hp/ROS2_WS/src/install/slam_toolbox/share/slam_toolbox/package.xml
[33.286s] -- Up-to-date: /home/hp/ROS2_WS/src/install/slam_toolbox/lib/libslam_toolbox__rosidl_generator_c.so
[33.325s] -- Up-to-date: /home/hp/ROS2_WS/src/install/slam_toolbox/lib/libslam_toolbox__rosidl_typesupport_fastrtps_c.so
[33.358s] -- Up-to-date: /home/hp/ROS2_WS/src/install/slam_toolbox/lib/libslam_toolbox__rosidl_typesupport_fastrtps_cpp.so
[33.360s] -- Up-to-date: /home/hp/ROS2_WS/src/install/slam_toolbox/lib/libslam_toolbox__rosidl_typesupport_introspection_c.so
[33.390s] -- Up-to-date: /home/hp/ROS2_WS/src/install/slam_toolbox/lib/libslam_toolbox__rosidl_typesupport_c.so
[33.408s] -- Up-to-date: /home/hp/ROS2_WS/src/install/slam_toolbox/lib/libslam_toolbox__rosidl_typesupport_introspection_cpp.so
[33.408s] -- Up-to-date: /home/hp/ROS2_WS/src/install/slam_toolbox/lib/libslam_toolbox__rosidl_typesupport_cpp.so
[33.720s] Listing '/home/hp/ROS2_WS/src/install/slam_toolbox/lib/python3.11/site-packages/slam_toolbox'...
[33.720s] Listing '/home/hp/ROS2_WS/src/install/slam_toolbox/lib/python3.11/site-packages/slam_toolbox/srv'...
[33.732s] -- Up-to-date: /home/hp/ROS2_WS/src/install/slam_toolbox/lib/libslam_toolbox__rosidl_generator_py.so
[33.795s] -- Up-to-date: /home/hp/ROS2_WS/src/install/slam_toolbox/share/slam_toolbox/cmake/export_slam_toolbox__rosidl_generator_cExport.cmake
[33.795s] -- Up-to-date: /home/hp/ROS2_WS/src/install/slam_toolbox/share/slam_toolbox/cmake/export_slam_toolbox__rosidl_generator_cExport-release.cmake
[33.796s] -- Up-to-date: /home/hp/ROS2_WS/src/install/slam_toolbox/share/slam_toolbox/cmake/export_slam_toolbox__rosidl_typesupport_fastrtps_cExport.cmake
[33.796s] -- Up-to-date: /home/hp/ROS2_WS/src/install/slam_toolbox/share/slam_toolbox/cmake/export_slam_toolbox__rosidl_typesupport_fastrtps_cExport-release.cmake
[33.796s] -- Up-to-date: /home/hp/ROS2_WS/src/install/slam_toolbox/share/slam_toolbox/cmake/export_slam_toolbox__rosidl_generator_cppExport.cmake
[33.797s] -- Up-to-date: /home/hp/ROS2_WS/src/install/slam_toolbox/share/slam_toolbox/cmake/export_slam_toolbox__rosidl_typesupport_fastrtps_cppExport.cmake
[33.797s] -- Up-to-date: /home/hp/ROS2_WS/src/install/slam_toolbox/share/slam_toolbox/cmake/export_slam_toolbox__rosidl_typesupport_fastrtps_cppExport-release.cmake
[33.798s] -- Up-to-date: /home/hp/ROS2_WS/src/install/slam_toolbox/share/slam_toolbox/cmake/slam_toolbox__rosidl_typesupport_introspection_cExport.cmake
[33.798s] -- Up-to-date: /home/hp/ROS2_WS/src/install/slam_toolbox/share/slam_toolbox/cmake/slam_toolbox__rosidl_typesupport_introspection_cExport-release.cmake
[33.798s] -- Up-to-date: /home/hp/ROS2_WS/src/install/slam_toolbox/share/slam_toolbox/cmake/slam_toolbox__rosidl_typesupport_cExport.cmake
[33.798s] -- Up-to-date: /home/hp/ROS2_WS/src/install/slam_toolbox/share/slam_toolbox/cmake/slam_toolbox__rosidl_typesupport_cExport-release.cmake
[33.798s] -- Up-to-date: /home/hp/ROS2_WS/src/install/slam_toolbox/share/slam_toolbox/cmake/slam_toolbox__rosidl_typesupport_introspection_cppExport.cmake
[33.799s] -- Up-to-date: /home/hp/ROS2_WS/src/install/slam_toolbox/share/slam_toolbox/cmake/slam_toolbox__rosidl_typesupport_introspection_cppExport-release.cmake
[33.799s] -- Up-to-date: /home/hp/ROS2_WS/src/install/slam_toolbox/share/slam_toolbox/cmake/slam_toolbox__rosidl_typesupport_cppExport.cmake
[33.800s] -- Up-to-date: /home/hp/ROS2_WS/src/install/slam_toolbox/share/slam_toolbox/cmake/slam_toolbox__rosidl_typesupport_cppExport-release.cmake
[33.800s] -- Up-to-date: /home/hp/ROS2_WS/src/install/slam_toolbox/share/slam_toolbox/cmake/export_slam_toolbox__rosidl_generator_pyExport.cmake
[33.800s] -- Up-to-date: /home/hp/ROS2_WS/src/install/slam_toolbox/share/slam_toolbox/cmake/export_slam_toolbox__rosidl_generator_pyExport-release.cmake
[33.801s] -- Up-to-date: /home/hp/ROS2_WS/src/install/slam_toolbox/share/slam_toolbox/cmake/SlamToolboxPluginExport.cmake
[33.801s] -- Up-to-date: /home/hp/ROS2_WS/src/install/slam_toolbox/share/slam_toolbox/cmake/SlamToolboxPluginExport-release.cmake
[33.806s] Invoked command in '/home/hp/ROS2_WS/src/build/slam_toolbox' returned '0': CMAKE_PREFIX_PATH=${CMAKE_PREFIX_PATH}:/home/hp/ROS2_WS/install/my_robot_controller:/home/hp/ROS2_WS/install/my_exo:/home/hp/ROS2_WS/install/dynamic_tf:/home/hp/ROS2_WS/src/install/my_robot_controller:/home/hp/ROS2_WS/src/install/my_exo:/home/hp/ROS2_WS/src/install/dynamic_tf:/opt/ros/humble CONDA_PROMPT_MODIFIER=(base) /usr/bin/cmake --install /home/hp/ROS2_WS/src/build/slam_toolbox
