[1.535s] Invoking command in '/home/hp/ROS2_WS/src/build/rplidar_ros': CMAKE_PREFIX_PATH=${CMAKE_PREFIX_PATH}:/home/hp/ROS2_WS/install/my_robot_controller:/home/hp/ROS2_WS/install/my_exo:/home/hp/ROS2_WS/src/install/my_robot_controller:/home/hp/ROS2_WS/src/install/my_exo:/opt/ros/humble CONDA_PROMPT_MODIFIER=(base) /usr/bin/cmake --build /home/hp/ROS2_WS/src/build/rplidar_ros -- -j8 -l8
[4.131s] [ 14%] Built target tf_listener
[4.131s] [ 14%] Built target rplidar_client
[4.131s] [ 14%] Built target tf_broadcaster
[4.295s] [ 57%] Built target rplidar_node
[4.295s] [100%] Built target rplidar_composition
[4.306s] Invoked command in '/home/hp/ROS2_WS/src/build/rplidar_ros' returned '0': CMAKE_PREFIX_PATH=${CMAKE_PREFIX_PATH}:/home/hp/ROS2_WS/install/my_robot_controller:/home/hp/ROS2_WS/install/my_exo:/home/hp/ROS2_WS/src/install/my_robot_controller:/home/hp/ROS2_WS/src/install/my_exo:/opt/ros/humble CONDA_PROMPT_MODIFIER=(base) /usr/bin/cmake --build /home/hp/ROS2_WS/src/build/rplidar_ros -- -j8 -l8
[4.381s] Invoking command in '/home/hp/ROS2_WS/src/build/rplidar_ros': CMAKE_PREFIX_PATH=${CMAKE_PREFIX_PATH}:/home/hp/ROS2_WS/install/my_robot_controller:/home/hp/ROS2_WS/install/my_exo:/home/hp/ROS2_WS/src/install/my_robot_controller:/home/hp/ROS2_WS/src/install/my_exo:/opt/ros/humble CONDA_PROMPT_MODIFIER=(base) /usr/bin/cmake --install /home/hp/ROS2_WS/src/build/rplidar_ros
[4.398s] -- Install configuration: ""
[4.453s] -- Execute custom install script
[4.513s] -- Up-to-date symlink: /home/hp/ROS2_WS/src/install/rplidar_ros/share/rplidar_ros/launch/rplidar_a1_launch.py
[4.513s] -- Up-to-date symlink: /home/hp/ROS2_WS/src/install/rplidar_ros/share/rplidar_ros/launch/rplidar_a2m12_launch.py
[4.523s] -- Up-to-date symlink: /home/hp/ROS2_WS/src/install/rplidar_ros/share/rplidar_ros/launch/rplidar_a2m7_launch.py
[4.628s] -- Up-to-date symlink: /home/hp/ROS2_WS/src/install/rplidar_ros/share/rplidar_ros/launch/rplidar_a2m8_launch.py
[4.635s] -- Up-to-date symlink: /home/hp/ROS2_WS/src/install/rplidar_ros/share/rplidar_ros/launch/rplidar_a3_launch.py
[4.745s] -- Up-to-date symlink: /home/hp/ROS2_WS/src/install/rplidar_ros/share/rplidar_ros/launch/rplidar_c1_launch.py
[4.784s] -- Up-to-date symlink: /home/hp/ROS2_WS/src/install/rplidar_ros/share/rplidar_ros/launch/rplidar_s1_launch.py
[4.785s] -- Up-to-date symlink: /home/hp/ROS2_WS/src/install/rplidar_ros/share/rplidar_ros/launch/rplidar_s1_tcp_launch.py
[4.807s] -- Up-to-date symlink: /home/hp/ROS2_WS/src/install/rplidar_ros/share/rplidar_ros/launch/rplidar_s2_launch.py
[4.808s] -- Up-to-date symlink: /home/hp/ROS2_WS/src/install/rplidar_ros/share/rplidar_ros/launch/rplidar_s2e_launch.py
[4.808s] -- Up-to-date symlink: /home/hp/ROS2_WS/src/install/rplidar_ros/share/rplidar_ros/launch/rplidar_s3_launch.py
[4.808s] -- Up-to-date symlink: /home/hp/ROS2_WS/src/install/rplidar_ros/share/rplidar_ros/launch/rplidar_t1_launch.py
[4.820s] -- Up-to-date symlink: /home/hp/ROS2_WS/src/install/rplidar_ros/share/rplidar_ros/launch/view_rplidar_a1_launch.py
[4.820s] -- Up-to-date symlink: /home/hp/ROS2_WS/src/install/rplidar_ros/share/rplidar_ros/launch/view_rplidar_a2m12_launch.py
[4.821s] -- Up-to-date symlink: /home/hp/ROS2_WS/src/install/rplidar_ros/share/rplidar_ros/launch/view_rplidar_a2m7_launch.py
[4.830s] -- Up-to-date symlink: /home/hp/ROS2_WS/src/install/rplidar_ros/share/rplidar_ros/launch/view_rplidar_a2m8_launch.py
[4.830s] -- Up-to-date symlink: /home/hp/ROS2_WS/src/install/rplidar_ros/share/rplidar_ros/launch/view_rplidar_a3_launch.py
[4.830s] -- Up-to-date symlink: /home/hp/ROS2_WS/src/install/rplidar_ros/share/rplidar_ros/launch/view_rplidar_c1_launch.py
[4.831s] -- Up-to-date symlink: /home/hp/ROS2_WS/src/install/rplidar_ros/share/rplidar_ros/launch/view_rplidar_s1_launch.py
[4.831s] -- Up-to-date symlink: /home/hp/ROS2_WS/src/install/rplidar_ros/share/rplidar_ros/launch/view_rplidar_s1_tcp_launch.py
[4.851s] -- Up-to-date symlink: /home/hp/ROS2_WS/src/install/rplidar_ros/share/rplidar_ros/launch/view_rplidar_s2_launch.py
[4.851s] -- Up-to-date symlink: /home/hp/ROS2_WS/src/install/rplidar_ros/share/rplidar_ros/launch/view_rplidar_s2e_launch.py
[4.852s] -- Up-to-date symlink: /home/hp/ROS2_WS/src/install/rplidar_ros/share/rplidar_ros/launch/view_rplidar_s3_launch.py
[4.852s] -- Up-to-date symlink: /home/hp/ROS2_WS/src/install/rplidar_ros/share/rplidar_ros/launch/view_rplidar_t1_launch.py
[4.853s] -- Up-to-date symlink: /home/hp/ROS2_WS/src/install/rplidar_ros/share/rplidar_ros/rviz/rplidar_ros.rviz
[4.868s] -- Up-to-date symlink: /home/hp/ROS2_WS/src/install/rplidar_ros/lib/rplidar_ros/rplidar_node
[4.868s] -- Up-to-date symlink: /home/hp/ROS2_WS/src/install/rplidar_ros/lib/rplidar_ros/rplidar_composition
[4.868s] -- Up-to-date symlink: /home/hp/ROS2_WS/src/install/rplidar_ros/lib/rplidar_ros/rplidar_client
[4.869s] -- Up-to-date symlink: /home/hp/ROS2_WS/src/install/rplidar_ros/share/ament_index/resource_index/package_run_dependencies/rplidar_ros
[4.869s] -- Up-to-date symlink: /home/hp/ROS2_WS/src/install/rplidar_ros/share/ament_index/resource_index/parent_prefix_path/rplidar_ros
[4.870s] -- Up-to-date symlink: /home/hp/ROS2_WS/src/install/rplidar_ros/share/rplidar_ros/environment/ament_prefix_path.sh
[4.870s] -- Up-to-date symlink: /home/hp/ROS2_WS/src/install/rplidar_ros/share/rplidar_ros/environment/ament_prefix_path.dsv
[4.876s] -- Up-to-date symlink: /home/hp/ROS2_WS/src/install/rplidar_ros/share/rplidar_ros/environment/path.sh
[4.877s] -- Up-to-date symlink: /home/hp/ROS2_WS/src/install/rplidar_ros/share/rplidar_ros/environment/path.dsv
[4.878s] -- Up-to-date symlink: /home/hp/ROS2_WS/src/install/rplidar_ros/share/rplidar_ros/local_setup.bash
[4.878s] -- Up-to-date symlink: /home/hp/ROS2_WS/src/install/rplidar_ros/share/rplidar_ros/local_setup.sh
[4.879s] -- Up-to-date symlink: /home/hp/ROS2_WS/src/install/rplidar_ros/share/rplidar_ros/local_setup.zsh
[4.879s] -- Up-to-date symlink: /home/hp/ROS2_WS/src/install/rplidar_ros/share/rplidar_ros/local_setup.dsv
[4.880s] -- Symlinking: /home/hp/ROS2_WS/src/install/rplidar_ros/share/rplidar_ros/package.dsv
[4.895s] -- Up-to-date symlink: /home/hp/ROS2_WS/src/install/rplidar_ros/share/ament_index/resource_index/packages/rplidar_ros
[4.896s] -- Up-to-date symlink: /home/hp/ROS2_WS/src/install/rplidar_ros/share/rplidar_ros/cmake/ament_cmake_export_dependencies-extras.cmake
[4.896s] -- Up-to-date symlink: /home/hp/ROS2_WS/src/install/rplidar_ros/share/rplidar_ros/cmake/ament_cmake_export_include_directories-extras.cmake
[4.897s] -- Up-to-date symlink: /home/hp/ROS2_WS/src/install/rplidar_ros/share/rplidar_ros/cmake/rplidar_rosConfig.cmake
[4.897s] -- Up-to-date symlink: /home/hp/ROS2_WS/src/install/rplidar_ros/share/rplidar_ros/cmake/rplidar_rosConfig-version.cmake
[4.897s] -- Up-to-date symlink: /home/hp/ROS2_WS/src/install/rplidar_ros/share/rplidar_ros/package.xml
[4.900s] Invoked command in '/home/hp/ROS2_WS/src/build/rplidar_ros' returned '0': CMAKE_PREFIX_PATH=${CMAKE_PREFIX_PATH}:/home/hp/ROS2_WS/install/my_robot_controller:/home/hp/ROS2_WS/install/my_exo:/home/hp/ROS2_WS/src/install/my_robot_controller:/home/hp/ROS2_WS/src/install/my_exo:/opt/ros/humble CONDA_PROMPT_MODIFIER=(base) /usr/bin/cmake --install /home/hp/ROS2_WS/src/build/rplidar_ros
