[0.939s] Invoking command in '/home/hp/ROS2_WS/build/slam_toolbox': CMAKE_PREFIX_PATH=${CMAKE_PREFIX_PATH}:/home/hp/ROS2_WS/install/my_robot_controller:/home/hp/ROS2_WS/install/my_exo:/home/hp/ROS2_WS/install/dynamic_tf:/opt/ros/humble /usr/bin/cmake --build /home/hp/ROS2_WS/build/slam_toolbox -- -j8 -l8
[1.055s] [  0%] Built target slam_toolbox__cpp
[1.055s] [35m[1mConsolidate compiler generated dependencies of target kartoSlamToolbox[0m
[1.062s] [  0%] Built target ament_cmake_python_symlink_slam_toolbox
[1.063s] [  9%] Built target slam_toolbox__rosidl_generator_c
[1.107s] [ 18%] Built target slam_toolbox__rosidl_typesupport_cpp
[1.121s] [ 19%] [32mBuilding CXX object lib/karto_sdk/CMakeFiles/kartoSlamToolbox.dir/src/Mapper.cpp.o[0m
[1.122s] [ 28%] Built target slam_toolbox__rosidl_typesupport_introspection_cpp
[1.133s] [ 37%] Built target slam_toolbox__rosidl_typesupport_fastrtps_cpp
[1.158s] [ 46%] Built target slam_toolbox__rosidl_typesupport_introspection_c
[1.183s] [ 55%] Built target slam_toolbox__rosidl_typesupport_c
[1.187s] [ 64%] Built target slam_toolbox__rosidl_typesupport_fastrtps_c
[1.191s] [ 66%] Built target SlamToolboxPlugin
[1.221s] [ 66%] Built target slam_toolbox
[1.258s] [ 67%] Built target slam_toolbox__py
[1.312s] [ 75%] Built target slam_toolbox__rosidl_generator_py
[1.352s] [ 77%] Built target slam_toolbox__rosidl_typesupport_fastrtps_c__pyext
[1.352s] [ 77%] Built target slam_toolbox__rosidl_typesupport_introspection_c__pyext
[1.367s] [ 78%] Built target slam_toolbox__rosidl_typesupport_c__pyext
[1.707s] running egg_info
[1.710s] writing slam_toolbox.egg-info/PKG-INFO
[1.710s] writing dependency_links to slam_toolbox.egg-info/dependency_links.txt
[1.711s] writing top-level names to slam_toolbox.egg-info/top_level.txt
[1.717s] reading manifest file 'slam_toolbox.egg-info/SOURCES.txt'
[1.720s] writing manifest file 'slam_toolbox.egg-info/SOURCES.txt'
[1.779s] [ 78%] Built target ament_cmake_python_build_slam_toolbox_egg
[5.125s] [01m[K/home/hp/ROS2_WS/src/slam_toolbox/lib/karto_sdk/src/Mapper.cpp:[m[K In member function ‘[01m[Kvirtual kt_bool karto::Mapper::Process(karto::LocalizedRangeScan*, karto::Matrix3*)[m[K’:
[5.125s] [01m[K/home/hp/ROS2_WS/src/slam_toolbox/lib/karto_sdk/src/Mapper.cpp:2871:27:[m[K [01;31m[Kerror: [m[Kexpected unqualified-id before ‘[01m[K)[m[K’ token
[5.126s]  2871 |         if (karto::Dataset[01;31m[K)[m[K {
[5.126s]       |                           [01;31m[K^[m[K
[5.126s] [01m[K/home/hp/ROS2_WS/src/slam_toolbox/lib/karto_sdk/src/Mapper.cpp:2872:27:[m[K [01;31m[Kerror: [m[Kexpected unqualified-id before ‘[01m[K.[m[K’ token
[5.126s]  2872 |             karto::Dataset[01;31m[K.[m[KSaveToFile("dataset.bin");
[5.126s]       |                           [01;31m[K^[m[K
[8.198s] gmake[2]: *** [lib/karto_sdk/CMakeFiles/kartoSlamToolbox.dir/build.make:90: lib/karto_sdk/CMakeFiles/kartoSlamToolbox.dir/src/Mapper.cpp.o] Error 1
[8.198s] gmake[1]: *** [CMakeFiles/Makefile2:1045: lib/karto_sdk/CMakeFiles/kartoSlamToolbox.dir/all] Error 2
[8.198s] gmake: *** [Makefile:146: all] Error 2
[8.201s] Invoked command in '/home/hp/ROS2_WS/build/slam_toolbox' returned '2': CMAKE_PREFIX_PATH=${CMAKE_PREFIX_PATH}:/home/hp/ROS2_WS/install/my_robot_controller:/home/hp/ROS2_WS/install/my_exo:/home/hp/ROS2_WS/install/dynamic_tf:/opt/ros/humble /usr/bin/cmake --build /home/hp/ROS2_WS/build/slam_toolbox -- -j8 -l8
