[0.802s] Invoking command in '/home/hp/ROS2_WS/build/slam_toolbox': CMAKE_PREFIX_PATH=${CMAKE_PREFIX_PATH}:/home/hp/ROS2_WS/install/my_robot_controller:/home/hp/ROS2_WS/install/my_exo:/home/hp/ROS2_WS/install/dynamic_tf:/opt/ros/humble /usr/bin/cmake --build /home/hp/ROS2_WS/build/slam_toolbox -- -j8 -l8
[1.087s] [  0%] Built target slam_toolbox__cpp
[1.104s] [  0%] Built target ament_cmake_python_symlink_slam_toolbox
[1.187s] [  9%] Built target slam_toolbox__rosidl_typesupport_introspection_cpp
[1.228s] [ 18%] Built target slam_toolbox__rosidl_typesupport_cpp
[1.243s] [ 27%] Built target slam_toolbox__rosidl_typesupport_fastrtps_cpp
[1.259s] [35m[1mConsolidate compiler generated dependencies of target kartoSlamToolbox[0m
[1.306s] [ 36%] Built target slam_toolbox__rosidl_generator_c
[1.340s] [ 38%] Built target SlamToolboxPlugin
[1.347s] [ 39%] [32mBuilding CXX object lib/karto_sdk/CMakeFiles/kartoSlamToolbox.dir/src/Mapper.cpp.o[0m
[1.407s] [ 48%] Built target slam_toolbox__rosidl_typesupport_c
[1.410s] [ 57%] Built target slam_toolbox__rosidl_typesupport_introspection_c
[1.444s] [ 66%] Built target slam_toolbox__rosidl_typesupport_fastrtps_c
[1.495s] [ 66%] Built target slam_toolbox
[1.576s] [ 67%] Built target slam_toolbox__py
[1.596s] running egg_info
[1.596s] writing slam_toolbox.egg-info/PKG-INFO
[1.596s] writing dependency_links to slam_toolbox.egg-info/dependency_links.txt
[1.597s] writing top-level names to slam_toolbox.egg-info/top_level.txt
[1.601s] reading manifest file 'slam_toolbox.egg-info/SOURCES.txt'
[1.602s] writing manifest file 'slam_toolbox.egg-info/SOURCES.txt'
[1.642s] [ 67%] Built target ament_cmake_python_build_slam_toolbox_egg
[1.645s] [ 75%] Built target slam_toolbox__rosidl_generator_py
[1.734s] [ 76%] Built target slam_toolbox__rosidl_typesupport_c__pyext
[1.734s] [ 77%] Built target slam_toolbox__rosidl_typesupport_introspection_c__pyext
[1.737s] [ 78%] Built target slam_toolbox__rosidl_typesupport_fastrtps_c__pyext
[5.897s] [01m[K/home/hp/ROS2_WS/src/slam_toolbox/lib/karto_sdk/src/Mapper.cpp:[m[K In member function ‘[01m[Kvirtual kt_bool karto::Mapper::Process(karto::LocalizedRangeScan*, karto::Matrix3*)[m[K’:
[5.897s] [01m[K/home/hp/ROS2_WS/src/slam_toolbox/lib/karto_sdk/src/Mapper.cpp:2851:63:[m[K [01;31m[Kerror: [m[Kno matching function for call to ‘[01m[Kboost::archive::xml_woarchive::xml_woarchive(std::ofstream&)[m[K’
[5.897s]  2851 |                 boost::archive::xml_woarchive scan_oa(scan_ofs[01;31m[K)[m[K;
[5.897s]       |                                                               [01;31m[K^[m[K
[5.897s] In file included from [01m[K/home/hp/ROS2_WS/src/slam_toolbox/lib/karto_sdk/src/Mapper.cpp:25[m[K:
[5.897s] [01m[K/usr/local/include/boost/archive/xml_woarchive.hpp:113:5:[m[K [01;36m[Knote: [m[Kcandidate: ‘[01m[Kboost::archive::xml_woarchive::xml_woarchive(std::wostream&, unsigned int)[m[K’
[5.897s]   113 |     [01;36m[Kxml_woarchive[m[K(std::wostream & os, unsigned int flags = 0) :
[5.897s]       |     [01;36m[K^~~~~~~~~~~~~[m[K
[5.897s] [01m[K/usr/local/include/boost/archive/xml_woarchive.hpp:113:35:[m[K [01;36m[Knote: [m[K  no known conversion for argument 1 from ‘[01m[Kstd::ofstream[m[K’ {aka ‘[01m[Kstd::basic_ofstream<char>[m[K’} to ‘[01m[Kstd::wostream&[m[K’ {aka ‘[01m[Kstd::basic_ostream<wchar_t>&[m[K’}
[5.897s]   113 |     xml_woarchive([01;36m[Kstd::wostream & os[m[K, unsigned int flags = 0) :
[5.897s]       |                   [01;36m[K~~~~~~~~~~~~~~~~^~[m[K
[5.898s] [01m[K/home/hp/ROS2_WS/src/slam_toolbox/lib/karto_sdk/src/Mapper.cpp:2867:79:[m[K [01;31m[Kerror: [m[Kno matching function for call to ‘[01m[Kboost::archive::xml_woarchive::xml_woarchive(std::ofstream&)[m[K’
[5.898s]  2867 |                     boost::archive::xml_woarchive covariance_oa(covariance_ofs[01;31m[K)[m[K;
[5.898s]       |                                                                               [01;31m[K^[m[K
[5.898s] In file included from [01m[K/home/hp/ROS2_WS/src/slam_toolbox/lib/karto_sdk/src/Mapper.cpp:25[m[K:
[5.898s] [01m[K/usr/local/include/boost/archive/xml_woarchive.hpp:113:5:[m[K [01;36m[Knote: [m[Kcandidate: ‘[01m[Kboost::archive::xml_woarchive::xml_woarchive(std::wostream&, unsigned int)[m[K’
[5.898s]   113 |     [01;36m[Kxml_woarchive[m[K(std::wostream & os, unsigned int flags = 0) :
[5.898s]       |     [01;36m[K^~~~~~~~~~~~~[m[K
[5.898s] [01m[K/usr/local/include/boost/archive/xml_woarchive.hpp:113:35:[m[K [01;36m[Knote: [m[K  no known conversion for argument 1 from ‘[01m[Kstd::ofstream[m[K’ {aka ‘[01m[Kstd::basic_ofstream<char>[m[K’} to ‘[01m[Kstd::wostream&[m[K’ {aka ‘[01m[Kstd::basic_ostream<wchar_t>&[m[K’}
[5.898s]   113 |     xml_woarchive([01;36m[Kstd::wostream & os[m[K, unsigned int flags = 0) :
[5.898s]       |                   [01;36m[K~~~~~~~~~~~~~~~~^~[m[K
[10.124s] gmake[2]: *** [lib/karto_sdk/CMakeFiles/kartoSlamToolbox.dir/build.make:90: lib/karto_sdk/CMakeFiles/kartoSlamToolbox.dir/src/Mapper.cpp.o] Error 1
[10.124s] gmake[1]: *** [CMakeFiles/Makefile2:1045: lib/karto_sdk/CMakeFiles/kartoSlamToolbox.dir/all] Error 2
[10.124s] gmake: *** [Makefile:146: all] Error 2
[10.127s] Invoked command in '/home/hp/ROS2_WS/build/slam_toolbox' returned '2': CMAKE_PREFIX_PATH=${CMAKE_PREFIX_PATH}:/home/hp/ROS2_WS/install/my_robot_controller:/home/hp/ROS2_WS/install/my_exo:/home/hp/ROS2_WS/install/dynamic_tf:/opt/ros/humble /usr/bin/cmake --build /home/hp/ROS2_WS/build/slam_toolbox -- -j8 -l8
