[0.514s] Invoking command in '/home/hp/ROS2_WS/src/build/hector_map_tools': /usr/bin/cmake /home/hp/ROS2_WS/src/hector_slam/hector_map_tools -DCATKIN_INSTALL_INTO_PREFIX_ROOT=0 -DCMAKE_INSTALL_PREFIX=/home/hp/ROS2_WS/src/install/hector_map_tools
[1.178s] -- The C compiler identification is GNU 11.4.0
[1.178s] -- The CXX compiler identification is GNU 11.4.0
[1.178s] -- Detecting C compiler ABI info
[1.178s] -- Detecting C compiler ABI info - done
[1.180s] -- Check for working C compiler: /usr/bin/cc - skipped
[1.180s] -- Detecting C compile features
[1.180s] -- Detecting C compile features - done
[1.180s] -- Detecting CXX compiler ABI info
[1.180s] -- Detecting CXX compiler ABI info - done
[1.180s] -- Check for working CXX compiler: /usr/bin/c++ - skipped
[1.180s] -- Detecting CXX compile features
[1.180s] -- Detecting CXX compile features - done
[1.180s] -- Configuring incomplete, errors occurred!
[1.180s] See also "/home/hp/ROS2_WS/src/build/hector_map_tools/CMakeFiles/CMakeOutput.log".
[1.181s] [31mCMake Error at CMakeLists.txt:4 (find_package):
[1.181s]   By not providing "Findcatkin.cmake" in CMAKE_MODULE_PATH this project has
[1.181s]   asked CMake to find a package configuration file provided by "catkin", but
[1.181s]   CMake did not find one.
[1.181s] 
[1.181s]   Could not find a package configuration file provided by "catkin" with any
[1.181s]   of the following names:
[1.181s] 
[1.181s]     catkinConfig.cmake
[1.182s]     catkin-config.cmake
[1.182s] 
[1.182s]   Add the installation prefix of "catkin" to CMAKE_PREFIX_PATH or set
[1.182s]   "catkin_DIR" to a directory containing one of the above files.  If "catkin"
[1.182s]   provides a separate development package or SDK, be sure it has been
[1.182s]   installed.
[1.182s] 
[1.182s] [0m
[1.205s] Invoked command in '/home/hp/ROS2_WS/src/build/hector_map_tools' returned '1': /usr/bin/cmake /home/hp/ROS2_WS/src/hector_slam/hector_map_tools -DCATKIN_INSTALL_INTO_PREFIX_ROOT=0 -DCMAKE_INSTALL_PREFIX=/home/hp/ROS2_WS/src/install/hector_map_tools
