[9.870s] Invoking command in '/home/hp/ROS2_WS/build/my_exo': PYTHONPATH=/home/hp/ROS2_WS/build/my_exo/prefix_override:/home/hp/ROS2_WS/install/my_exo/lib/python3.10/site-packages:${PYTHONPATH} /usr/bin/python3 -W ignore:setup.py install is deprecated setup.py develop --editable --build-directory /home/hp/ROS2_WS/build/my_exo/build --no-deps symlink_data
[10.206s] running develop
[10.590s] running egg_info
[10.591s] writing my_exo.egg-info/PKG-INFO
[10.591s] writing dependency_links to my_exo.egg-info/dependency_links.txt
[10.591s] writing entry points to my_exo.egg-info/entry_points.txt
[10.592s] writing requirements to my_exo.egg-info/requires.txt
[10.592s] writing top-level names to my_exo.egg-info/top_level.txt
[10.594s] reading manifest file 'my_exo.egg-info/SOURCES.txt'
[10.605s] writing manifest file 'my_exo.egg-info/SOURCES.txt'
[10.606s] running build_ext
[10.607s] Creating /home/hp/ROS2_WS/install/my_exo/lib/python3.10/site-packages/my-exo.egg-link (link to .)
[10.608s] Installing first_node script to /home/hp/ROS2_WS/install/my_exo/lib/my_exo
[10.608s] Installing fourth_node script to /home/hp/ROS2_WS/install/my_exo/lib/my_exo
[10.608s] Installing input_node script to /home/hp/ROS2_WS/install/my_exo/lib/my_exo
[10.608s] Installing second_node script to /home/hp/ROS2_WS/install/my_exo/lib/my_exo
[10.608s] Installing selector_node script to /home/hp/ROS2_WS/install/my_exo/lib/my_exo
[10.608s] Installing third_node script to /home/hp/ROS2_WS/install/my_exo/lib/my_exo
[10.608s] 
[10.609s] Installed /home/hp/ROS2_WS/build/my_exo
[10.609s] running symlink_data
[10.659s] Invoked command in '/home/hp/ROS2_WS/build/my_exo' returned '0': PYTHONPATH=/home/hp/ROS2_WS/build/my_exo/prefix_override:/home/hp/ROS2_WS/install/my_exo/lib/python3.10/site-packages:${PYTHONPATH} /usr/bin/python3 -W ignore:setup.py install is deprecated setup.py develop --editable --build-directory /home/hp/ROS2_WS/build/my_exo/build --no-deps symlink_data
