[0.874s] Invoking command in '/home/hp/ROS2_WS/build/slam_toolbox': CMAKE_PREFIX_PATH=${CMAKE_PREFIX_PATH}:/home/hp/ROS2_WS/install/my_robot_controller:/home/hp/ROS2_WS/install/my_exo:/home/hp/ROS2_WS/install/dynamic_tf:/opt/ros/humble /usr/bin/cmake --build /home/hp/ROS2_WS/build/slam_toolbox -- -j8 -l8
[0.989s] [  0%] Built target slam_toolbox__cpp
[1.014s] [  9%] Built target slam_toolbox__rosidl_generator_c
[1.021s] [  9%] Built target ament_cmake_python_symlink_slam_toolbox
[1.030s] [ 10%] [32mBuilding CXX object lib/karto_sdk/CMakeFiles/kartoSlamToolbox.dir/src/Mapper.cpp.o[0m
[1.034s] [ 11%] [32mBuilding CXX object lib/karto_sdk/CMakeFiles/kartoSlamToolbox.dir/src/Karto.cpp.o[0m
[1.054s] [ 20%] Built target slam_toolbox__rosidl_typesupport_cpp
[1.068s] [ 29%] Built target slam_toolbox__rosidl_typesupport_fastrtps_c
[1.082s] [ 38%] Built target slam_toolbox__rosidl_typesupport_fastrtps_cpp
[1.093s] [ 56%] Built target slam_toolbox__rosidl_typesupport_introspection_c
[1.093s] [ 56%] Built target slam_toolbox__rosidl_typesupport_c
[1.110s] [ 65%] Built target slam_toolbox__rosidl_typesupport_introspection_cpp
[1.169s] [ 66%] Built target slam_toolbox
[1.170s] [ 67%] Built target SlamToolboxPlugin
[1.207s] [ 68%] Built target slam_toolbox__py
[1.261s] [ 76%] Built target slam_toolbox__rosidl_generator_py
[1.303s] [ 77%] Built target slam_toolbox__rosidl_typesupport_introspection_c__pyext
[1.303s] [ 78%] Built target slam_toolbox__rosidl_typesupport_c__pyext
[1.333s] [ 79%] Built target slam_toolbox__rosidl_typesupport_fastrtps_c__pyext
[1.746s] running egg_info
[1.748s] writing slam_toolbox.egg-info/PKG-INFO
[1.749s] writing dependency_links to slam_toolbox.egg-info/dependency_links.txt
[1.749s] writing top-level names to slam_toolbox.egg-info/top_level.txt
[1.755s] reading manifest file 'slam_toolbox.egg-info/SOURCES.txt'
[1.757s] writing manifest file 'slam_toolbox.egg-info/SOURCES.txt'
[1.810s] [ 79%] Built target ament_cmake_python_build_slam_toolbox_egg
[22.192s] [ 79%] [32m[1mLinking CXX shared library libkartoSlamToolbox.so[0m
[22.660s] [ 79%] Built target kartoSlamToolbox
[22.700s] [ 80%] [32mBuilding CXX object CMakeFiles/ceres_solver_plugin.dir/solvers/ceres_solver.cpp.o[0m
[22.716s] [ 81%] [32mBuilding CXX object CMakeFiles/toolbox_common.dir/src/slam_toolbox_common.cpp.o[0m
[22.722s] [ 81%] [32mBuilding CXX object CMakeFiles/toolbox_common.dir/src/loop_closure_assistant.cpp.o[0m
[22.723s] [ 82%] [32mBuilding CXX object CMakeFiles/toolbox_common.dir/src/laser_utils.cpp.o[0m
[22.724s] [ 83%] [32mBuilding CXX object CMakeFiles/toolbox_common.dir/src/slam_mapper.cpp.o[0m
[50.921s] [ 83%] [32m[1mLinking CXX shared library libceres_solver_plugin.so[0m
[57.129s] [ 83%] Built target ceres_solver_plugin
[67.375s] [ 84%] [32m[1mLinking CXX shared library libtoolbox_common.so[0m
[68.388s] [ 85%] Built target toolbox_common
[69.070s] [35m[1mConsolidate compiler generated dependencies of target localization_slam_toolbox[0m
[69.095s] [35m[1mConsolidate compiler generated dependencies of target lifelong_slam_toolbox[0m
[69.249s] [35m[1mConsolidate compiler generated dependencies of target sync_slam_toolbox[0m
[69.253s] [35m[1mConsolidate compiler generated dependencies of target merge_maps_kinematic[0m
[69.652s] [35m[1mConsolidate compiler generated dependencies of target async_slam_toolbox[0m
[72.949s] [ 87%] [32mBuilding CXX object CMakeFiles/merge_maps_kinematic.dir/src/merge_maps_kinematic.cpp.o[0m
[72.949s] [ 87%] [32mBuilding CXX object CMakeFiles/localization_slam_toolbox.dir/src/slam_toolbox_localization.cpp.o[0m
[72.949s] [ 87%] [32mBuilding CXX object CMakeFiles/sync_slam_toolbox.dir/src/slam_toolbox_sync.cpp.o[0m
[72.951s] [ 88%] [32mBuilding CXX object CMakeFiles/lifelong_slam_toolbox.dir/src/experimental/slam_toolbox_lifelong.cpp.o[0m
[72.953s] [ 89%] [32mBuilding CXX object CMakeFiles/async_slam_toolbox.dir/src/slam_toolbox_async.cpp.o[0m
