[1.465s] Invoking command in '/home/hp/ROS2_WS/build/slam_toolbox': CMAKE_PREFIX_PATH=${CMAKE_PREFIX_PATH}:/home/hp/ROS2_WS/install/my_robot_controller:/home/hp/ROS2_WS/install/my_exo:/home/hp/ROS2_WS/install/dynamic_tf:/opt/ros/humble /usr/bin/cmake --build /home/hp/ROS2_WS/build/slam_toolbox -- -j8 -l8
[6.351s] [  0%] Built target ament_cmake_python_symlink_slam_toolbox
[6.627s] [  0%] Built target slam_toolbox__cpp
[7.108s] [35m[1mConsolidate compiler generated dependencies of target kartoSlamToolbox[0m
[7.115s] running egg_info
[7.116s] writing slam_toolbox.egg-info/PKG-INFO
[7.116s] writing dependency_links to slam_toolbox.egg-info/dependency_links.txt
[7.129s] writing top-level names to slam_toolbox.egg-info/top_level.txt
[7.223s] reading manifest file 'slam_toolbox.egg-info/SOURCES.txt'
[7.261s] writing manifest file 'slam_toolbox.egg-info/SOURCES.txt'
[7.292s] [  0%] Built target ament_cmake_python_build_slam_toolbox_egg
[7.770s] [  9%] Built target slam_toolbox__rosidl_generator_c
[8.060s] [ 18%] Built target slam_toolbox__rosidl_typesupport_cpp
[8.204s] [ 27%] Built target slam_toolbox__rosidl_typesupport_fastrtps_cpp
[8.291s] [ 36%] Built target slam_toolbox__rosidl_typesupport_fastrtps_c
[8.422s] [ 45%] Built target slam_toolbox__rosidl_typesupport_introspection_c
[8.498s] [ 54%] Built target slam_toolbox__rosidl_typesupport_c
[8.965s] [ 63%] Built target slam_toolbox__rosidl_typesupport_introspection_cpp
[9.082s] [ 63%] Built target slam_toolbox
[9.211s] [ 64%] Built target slam_toolbox__py
[10.321s] [ 72%] Built target slam_toolbox__rosidl_generator_py
[10.700s] [ 74%] Built target SlamToolboxPlugin
[10.755s] [ 75%] Built target slam_toolbox__rosidl_typesupport_fastrtps_c__pyext
[10.757s] [ 76%] Built target slam_toolbox__rosidl_typesupport_introspection_c__pyext
[10.973s] [ 77%] Built target slam_toolbox__rosidl_typesupport_c__pyext
[11.987s] [ 79%] Built target kartoSlamToolbox
[12.553s] [ 80%] [32mBuilding CXX object CMakeFiles/ceres_solver_plugin.dir/solvers/ceres_solver.cpp.o[0m
[12.564s] [ 81%] [32mBuilding CXX object CMakeFiles/toolbox_common.dir/src/slam_toolbox_common.cpp.o[0m
[12.567s] [ 81%] [32mBuilding CXX object CMakeFiles/toolbox_common.dir/src/loop_closure_assistant.cpp.o[0m
[12.570s] [ 82%] [32mBuilding CXX object CMakeFiles/toolbox_common.dir/src/laser_utils.cpp.o[0m
[12.572s] [ 83%] [32mBuilding CXX object CMakeFiles/toolbox_common.dir/src/slam_mapper.cpp.o[0m
[48.150s] [ 83%] [32m[1mLinking CXX shared library libceres_solver_plugin.so[0m
[58.685s] [ 83%] Built target ceres_solver_plugin
[62.434s] [ 84%] [32m[1mLinking CXX shared library libtoolbox_common.so[0m
[63.405s] [ 85%] Built target toolbox_common
[64.172s] [35m[1mConsolidate compiler generated dependencies of target localization_slam_toolbox[0m
[64.180s] [35m[1mConsolidate compiler generated dependencies of target async_slam_toolbox[0m
[64.189s] [35m[1mConsolidate compiler generated dependencies of target sync_slam_toolbox[0m
[64.201s] [35m[1mConsolidate compiler generated dependencies of target merge_maps_kinematic[0m
[64.388s] [35m[1mConsolidate compiler generated dependencies of target lifelong_slam_toolbox[0m
[68.505s] [ 86%] [32mBuilding CXX object CMakeFiles/merge_maps_kinematic.dir/src/merge_maps_kinematic.cpp.o[0m
[68.679s] [ 87%] [32mBuilding CXX object CMakeFiles/sync_slam_toolbox.dir/src/slam_toolbox_sync.cpp.o[0m
[68.679s] [ 87%] [32mBuilding CXX object CMakeFiles/localization_slam_toolbox.dir/src/slam_toolbox_localization.cpp.o[0m
[68.680s] [ 88%] [32mBuilding CXX object CMakeFiles/lifelong_slam_toolbox.dir/src/experimental/slam_toolbox_lifelong.cpp.o[0m
[68.680s] [ 89%] [32mBuilding CXX object CMakeFiles/async_slam_toolbox.dir/src/slam_toolbox_async.cpp.o[0m
