[0.944s] Invoking command in '/home/hp/ROS2_WS/src/build/rplidar_ros': CMAKE_PREFIX_PATH=${CMAKE_PREFIX_PATH}:/home/hp/ROS2_WS/install/my_robot_controller:/home/hp/ROS2_WS/install/my_exo:/home/hp/ROS2_WS/src/install/my_robot_controller:/home/hp/ROS2_WS/src/install/my_exo:/opt/ros/humble CONDA_PROMPT_MODIFIER=(base) /usr/bin/cmake --build /home/hp/ROS2_WS/src/build/rplidar_ros -- -j8 -l8
[1.038s] [  4%] Built target tf_broadcaster
[1.049s] [  9%] Built target tf_listener
[1.054s] [ 52%] Built target rplidar_node
[1.064s] [ 57%] Built target rplidar_client
[1.067s] [100%] Built target rplidar_composition
[1.168s] Invoked command in '/home/hp/ROS2_WS/src/build/rplidar_ros' returned '0': CMAKE_PREFIX_PATH=${CMAKE_PREFIX_PATH}:/home/hp/ROS2_WS/install/my_robot_controller:/home/hp/ROS2_WS/install/my_exo:/home/hp/ROS2_WS/src/install/my_robot_controller:/home/hp/ROS2_WS/src/install/my_exo:/opt/ros/humble CONDA_PROMPT_MODIFIER=(base) /usr/bin/cmake --build /home/hp/ROS2_WS/src/build/rplidar_ros -- -j8 -l8
[1.300s] Invoking command in '/home/hp/ROS2_WS/src/build/rplidar_ros': CMAKE_PREFIX_PATH=${CMAKE_PREFIX_PATH}:/home/hp/ROS2_WS/install/my_robot_controller:/home/hp/ROS2_WS/install/my_exo:/home/hp/ROS2_WS/src/install/my_robot_controller:/home/hp/ROS2_WS/src/install/my_exo:/opt/ros/humble CONDA_PROMPT_MODIFIER=(base) /usr/bin/cmake --install /home/hp/ROS2_WS/src/build/rplidar_ros
[1.307s] -- Install configuration: ""
[1.308s] -- Execute custom install script
[1.309s] -- Up-to-date symlink: /home/hp/ROS2_WS/src/install/rplidar_ros/share/rplidar_ros/launch/rplidar_a1_launch.py
[1.309s] -- Up-to-date symlink: /home/hp/ROS2_WS/src/install/rplidar_ros/share/rplidar_ros/launch/rplidar_a2m12_launch.py
[1.309s] -- Up-to-date symlink: /home/hp/ROS2_WS/src/install/rplidar_ros/share/rplidar_ros/launch/rplidar_a2m7_launch.py
[1.309s] -- Up-to-date symlink: /home/hp/ROS2_WS/src/install/rplidar_ros/share/rplidar_ros/launch/rplidar_a2m8_launch.py
[1.309s] -- Up-to-date symlink: /home/hp/ROS2_WS/src/install/rplidar_ros/share/rplidar_ros/launch/rplidar_a3_launch.py
[1.309s] -- Up-to-date symlink: /home/hp/ROS2_WS/src/install/rplidar_ros/share/rplidar_ros/launch/rplidar_c1_launch.py
[1.310s] -- Up-to-date symlink: /home/hp/ROS2_WS/src/install/rplidar_ros/share/rplidar_ros/launch/rplidar_s1_launch.py
[1.310s] -- Up-to-date symlink: /home/hp/ROS2_WS/src/install/rplidar_ros/share/rplidar_ros/launch/rplidar_s1_tcp_launch.py
[1.310s] -- Up-to-date symlink: /home/hp/ROS2_WS/src/install/rplidar_ros/share/rplidar_ros/launch/rplidar_s2_launch.py
[1.310s] -- Up-to-date symlink: /home/hp/ROS2_WS/src/install/rplidar_ros/share/rplidar_ros/launch/rplidar_s2e_launch.py
[1.310s] -- Up-to-date symlink: /home/hp/ROS2_WS/src/install/rplidar_ros/share/rplidar_ros/launch/rplidar_s3_launch.py
[1.310s] -- Up-to-date symlink: /home/hp/ROS2_WS/src/install/rplidar_ros/share/rplidar_ros/launch/rplidar_t1_launch.py
[1.311s] -- Up-to-date symlink: /home/hp/ROS2_WS/src/install/rplidar_ros/share/rplidar_ros/launch/view_rplidar_a1_launch.py
[1.311s] -- Up-to-date symlink: /home/hp/ROS2_WS/src/install/rplidar_ros/share/rplidar_ros/launch/view_rplidar_a2m12_launch.py
[1.311s] -- Up-to-date symlink: /home/hp/ROS2_WS/src/install/rplidar_ros/share/rplidar_ros/launch/view_rplidar_a2m7_launch.py
[1.311s] -- Up-to-date symlink: /home/hp/ROS2_WS/src/install/rplidar_ros/share/rplidar_ros/launch/view_rplidar_a2m8_launch.py
[1.311s] -- Up-to-date symlink: /home/hp/ROS2_WS/src/install/rplidar_ros/share/rplidar_ros/launch/view_rplidar_a3_launch.py
[1.311s] -- Up-to-date symlink: /home/hp/ROS2_WS/src/install/rplidar_ros/share/rplidar_ros/launch/view_rplidar_c1_launch.py
[1.311s] -- Up-to-date symlink: /home/hp/ROS2_WS/src/install/rplidar_ros/share/rplidar_ros/launch/view_rplidar_s1_launch.py
[1.312s] -- Up-to-date symlink: /home/hp/ROS2_WS/src/install/rplidar_ros/share/rplidar_ros/launch/view_rplidar_s1_tcp_launch.py
[1.312s] -- Up-to-date symlink: /home/hp/ROS2_WS/src/install/rplidar_ros/share/rplidar_ros/launch/view_rplidar_s2_launch.py
[1.312s] -- Up-to-date symlink: /home/hp/ROS2_WS/src/install/rplidar_ros/share/rplidar_ros/launch/view_rplidar_s2e_launch.py
[1.312s] -- Up-to-date symlink: /home/hp/ROS2_WS/src/install/rplidar_ros/share/rplidar_ros/launch/view_rplidar_s3_launch.py
[1.312s] -- Up-to-date symlink: /home/hp/ROS2_WS/src/install/rplidar_ros/share/rplidar_ros/launch/view_rplidar_t1_launch.py
[1.313s] -- Up-to-date symlink: /home/hp/ROS2_WS/src/install/rplidar_ros/share/rplidar_ros/rviz/rplidar_ros.rviz
[1.313s] -- Up-to-date symlink: /home/hp/ROS2_WS/src/install/rplidar_ros/lib/rplidar_ros/rplidar_node
[1.313s] -- Up-to-date symlink: /home/hp/ROS2_WS/src/install/rplidar_ros/lib/rplidar_ros/rplidar_composition
[1.313s] -- Up-to-date symlink: /home/hp/ROS2_WS/src/install/rplidar_ros/lib/rplidar_ros/rplidar_client
[1.314s] -- Up-to-date symlink: /home/hp/ROS2_WS/src/install/rplidar_ros/share/ament_index/resource_index/package_run_dependencies/rplidar_ros
[1.314s] -- Up-to-date symlink: /home/hp/ROS2_WS/src/install/rplidar_ros/share/ament_index/resource_index/parent_prefix_path/rplidar_ros
[1.314s] -- Up-to-date symlink: /home/hp/ROS2_WS/src/install/rplidar_ros/share/rplidar_ros/environment/ament_prefix_path.sh
[1.314s] -- Up-to-date symlink: /home/hp/ROS2_WS/src/install/rplidar_ros/share/rplidar_ros/environment/ament_prefix_path.dsv
[1.314s] -- Up-to-date symlink: /home/hp/ROS2_WS/src/install/rplidar_ros/share/rplidar_ros/environment/path.sh
[1.315s] -- Up-to-date symlink: /home/hp/ROS2_WS/src/install/rplidar_ros/share/rplidar_ros/environment/path.dsv
[1.315s] -- Up-to-date symlink: /home/hp/ROS2_WS/src/install/rplidar_ros/share/rplidar_ros/local_setup.bash
[1.315s] -- Up-to-date symlink: /home/hp/ROS2_WS/src/install/rplidar_ros/share/rplidar_ros/local_setup.sh
[1.315s] -- Up-to-date symlink: /home/hp/ROS2_WS/src/install/rplidar_ros/share/rplidar_ros/local_setup.zsh
[1.315s] -- Up-to-date symlink: /home/hp/ROS2_WS/src/install/rplidar_ros/share/rplidar_ros/local_setup.dsv
[1.315s] -- Symlinking: /home/hp/ROS2_WS/src/install/rplidar_ros/share/rplidar_ros/package.dsv
[1.325s] -- Up-to-date symlink: /home/hp/ROS2_WS/src/install/rplidar_ros/share/ament_index/resource_index/packages/rplidar_ros
[1.325s] -- Up-to-date symlink: /home/hp/ROS2_WS/src/install/rplidar_ros/share/rplidar_ros/cmake/ament_cmake_export_dependencies-extras.cmake
[1.326s] -- Up-to-date symlink: /home/hp/ROS2_WS/src/install/rplidar_ros/share/rplidar_ros/cmake/ament_cmake_export_include_directories-extras.cmake
[1.326s] -- Up-to-date symlink: /home/hp/ROS2_WS/src/install/rplidar_ros/share/rplidar_ros/cmake/rplidar_rosConfig.cmake
[1.326s] -- Up-to-date symlink: /home/hp/ROS2_WS/src/install/rplidar_ros/share/rplidar_ros/cmake/rplidar_rosConfig-version.cmake
[1.326s] -- Up-to-date symlink: /home/hp/ROS2_WS/src/install/rplidar_ros/share/rplidar_ros/package.xml
[1.329s] Invoked command in '/home/hp/ROS2_WS/src/build/rplidar_ros' returned '0': CMAKE_PREFIX_PATH=${CMAKE_PREFIX_PATH}:/home/hp/ROS2_WS/install/my_robot_controller:/home/hp/ROS2_WS/install/my_exo:/home/hp/ROS2_WS/src/install/my_robot_controller:/home/hp/ROS2_WS/src/install/my_exo:/opt/ros/humble CONDA_PROMPT_MODIFIER=(base) /usr/bin/cmake --install /home/hp/ROS2_WS/src/build/rplidar_ros
