[0.805s] Invoking command in '/home/hp/ROS2_WS/build/slam_toolbox': CMAKE_PREFIX_PATH=${CMAKE_PREFIX_PATH}:/home/hp/ROS2_WS/install/my_robot_controller:/home/hp/ROS2_WS/install/my_exo:/home/hp/ROS2_WS/install/dynamic_tf:/opt/ros/humble /usr/bin/cmake --build /home/hp/ROS2_WS/build/slam_toolbox -- -j8 -l8
[0.898s] [35m[1mConsolidate compiler generated dependencies of target kartoSlamToolbox[0m
[0.900s] [  0%] Built target slam_toolbox__cpp
[0.916s] [  9%] Built target slam_toolbox__rosidl_generator_c
[0.936s] [  9%] Built target ament_cmake_python_symlink_slam_toolbox
[0.965s] [ 10%] [32mBuilding CXX object lib/karto_sdk/CMakeFiles/kartoSlamToolbox.dir/src/Mapper.cpp.o[0m
[0.976s] [ 19%] Built target slam_toolbox__rosidl_typesupport_cpp
[0.988s] [ 28%] Built target slam_toolbox__rosidl_typesupport_fastrtps_cpp
[0.990s] [ 37%] Built target slam_toolbox__rosidl_typesupport_fastrtps_c
[0.992s] [ 46%] Built target slam_toolbox__rosidl_typesupport_introspection_cpp
[1.002s] [ 55%] Built target slam_toolbox__rosidl_typesupport_introspection_c
[1.013s] [ 64%] Built target slam_toolbox__rosidl_typesupport_c
[1.047s] [ 64%] Built target slam_toolbox
[1.049s] [ 66%] Built target SlamToolboxPlugin
[1.079s] [ 67%] Built target slam_toolbox__py
[1.124s] [ 75%] Built target slam_toolbox__rosidl_generator_py
[1.161s] [ 76%] Built target slam_toolbox__rosidl_typesupport_fastrtps_c__pyext
[1.176s] [ 77%] Built target slam_toolbox__rosidl_typesupport_c__pyext
[1.176s] [ 78%] Built target slam_toolbox__rosidl_typesupport_introspection_c__pyext
[1.556s] running egg_info
[1.557s] writing slam_toolbox.egg-info/PKG-INFO
[1.558s] writing dependency_links to slam_toolbox.egg-info/dependency_links.txt
[1.558s] writing top-level names to slam_toolbox.egg-info/top_level.txt
[1.563s] reading manifest file 'slam_toolbox.egg-info/SOURCES.txt'
[1.565s] writing manifest file 'slam_toolbox.egg-info/SOURCES.txt'
[1.641s] [ 78%] Built target ament_cmake_python_build_slam_toolbox_egg
[24.908s] [ 78%] [32m[1mLinking CXX shared library libkartoSlamToolbox.so[0m
[25.445s] [ 79%] Built target kartoSlamToolbox
[25.481s] [ 79%] [32m[1mLinking CXX shared library libceres_solver_plugin.so[0m
[25.494s] [ 80%] [32m[1mLinking CXX shared library libtoolbox_common.so[0m
[26.600s] [ 81%] Built target ceres_solver_plugin
[27.068s] [ 85%] Built target toolbox_common
[27.110s] [ 85%] [32m[1mLinking CXX shared library liblocalization_slam_toolbox.so[0m
[27.111s] [ 86%] [32m[1mLinking CXX shared library libsync_slam_toolbox.so[0m
[27.115s] [ 87%] [32m[1mLinking CXX shared library liblifelong_slam_toolbox.so[0m
[27.118s] [ 88%] [32m[1mLinking CXX executable merge_maps_kinematic[0m
[27.123s] [ 89%] [32m[1mLinking CXX shared library libasync_slam_toolbox.so[0m
[31.116s] [ 89%] Built target sync_slam_toolbox
[31.189s] [ 89%] [32m[1mLinking CXX executable sync_slam_toolbox_node[0m
[31.193s] [ 90%] Built target lifelong_slam_toolbox
[31.231s] [ 91%] Built target localization_slam_toolbox
[31.271s] [ 92%] [32m[1mLinking CXX executable lifelong_slam_toolbox_node[0m
[31.305s] [ 93%] [32m[1mLinking CXX executable localization_slam_toolbox_node[0m
[31.323s] [ 94%] [32m[1mLinking CXX shared library libmap_and_localization_slam_toolbox.so[0m
[32.564s] [ 95%] Built target async_slam_toolbox
[32.731s] [ 96%] [32m[1mLinking CXX executable async_slam_toolbox_node[0m
[32.843s] [ 97%] Built target merge_maps_kinematic
[33.206s] [ 98%] Built target sync_slam_toolbox_node
[33.500s] [ 98%] Built target lifelong_slam_toolbox_node
[34.011s] [ 99%] Built target localization_slam_toolbox_node
[34.225s] [ 99%] Built target async_slam_toolbox_node
[34.328s] [ 99%] Built target map_and_localization_slam_toolbox
[34.368s] [ 99%] [32m[1mLinking CXX executable map_and_localization_slam_toolbox_node[0m
[34.883s] [100%] Built target map_and_localization_slam_toolbox_node
[34.894s] Invoked command in '/home/hp/ROS2_WS/build/slam_toolbox' returned '0': CMAKE_PREFIX_PATH=${CMAKE_PREFIX_PATH}:/home/hp/ROS2_WS/install/my_robot_controller:/home/hp/ROS2_WS/install/my_exo:/home/hp/ROS2_WS/install/dynamic_tf:/opt/ros/humble /usr/bin/cmake --build /home/hp/ROS2_WS/build/slam_toolbox -- -j8 -l8
[35.201s] Invoking command in '/home/hp/ROS2_WS/build/slam_toolbox': CMAKE_PREFIX_PATH=${CMAKE_PREFIX_PATH}:/home/hp/ROS2_WS/install/my_robot_controller:/home/hp/ROS2_WS/install/my_exo:/home/hp/ROS2_WS/install/dynamic_tf:/opt/ros/humble /usr/bin/cmake --install /home/hp/ROS2_WS/build/slam_toolbox
[35.213s] -- Install configuration: "Release"
[35.214s] -- Execute custom install script
[35.215s] -- Up-to-date symlink: /home/hp/ROS2_WS/install/slam_toolbox/include//karto_sdk/Karto.h
[35.215s] -- Up-to-date symlink: /home/hp/ROS2_WS/install/slam_toolbox/include//karto_sdk/Macros.h
[35.215s] -- Up-to-date symlink: /home/hp/ROS2_WS/install/slam_toolbox/include//karto_sdk/Mapper.h
[35.215s] -- Up-to-date symlink: /home/hp/ROS2_WS/install/slam_toolbox/include//karto_sdk/Math.h
[35.216s] -- Up-to-date symlink: /home/hp/ROS2_WS/install/slam_toolbox/include//karto_sdk/ProcessData.h
[35.216s] -- Up-to-date symlink: /home/hp/ROS2_WS/install/slam_toolbox/include//karto_sdk/Types.h
[35.216s] -- Up-to-date symlink: /home/hp/ROS2_WS/install/slam_toolbox/include//karto_sdk/nanoflann.hpp
[35.216s] -- Up-to-date symlink: /home/hp/ROS2_WS/install/slam_toolbox/include//karto_sdk/nanoflann_adaptors.h
[35.216s] -- Up-to-date symlink: /home/hp/ROS2_WS/install/slam_toolbox/share/ament_index/resource_index/rosidl_interfaces/slam_toolbox
[35.216s] -- Up-to-date symlink: /home/hp/ROS2_WS/install/slam_toolbox/include/slam_toolbox/slam_toolbox/msg/rosidl_generator_c__visibility_control.h
[35.217s] -- Up-to-date symlink: /home/hp/ROS2_WS/install/slam_toolbox/include/slam_toolbox/slam_toolbox/srv/add_submap.h
[35.217s] -- Up-to-date symlink: /home/hp/ROS2_WS/install/slam_toolbox/include/slam_toolbox/slam_toolbox/srv/clear.h
[35.217s] -- Up-to-date symlink: /home/hp/ROS2_WS/install/slam_toolbox/include/slam_toolbox/slam_toolbox/srv/clear_queue.h
[35.217s] -- Up-to-date symlink: /home/hp/ROS2_WS/install/slam_toolbox/include/slam_toolbox/slam_toolbox/srv/deserialize_pose_graph.h
[35.217s] -- Up-to-date symlink: /home/hp/ROS2_WS/install/slam_toolbox/include/slam_toolbox/slam_toolbox/srv/detail/add_submap__functions.h
[35.217s] -- Up-to-date symlink: /home/hp/ROS2_WS/install/slam_toolbox/include/slam_toolbox/slam_toolbox/srv/detail/add_submap__struct.h
[35.217s] -- Up-to-date symlink: /home/hp/ROS2_WS/install/slam_toolbox/include/slam_toolbox/slam_toolbox/srv/detail/add_submap__type_support.h
[35.217s] -- Up-to-date symlink: /home/hp/ROS2_WS/install/slam_toolbox/include/slam_toolbox/slam_toolbox/srv/detail/clear__functions.h
[35.217s] -- Up-to-date symlink: /home/hp/ROS2_WS/install/slam_toolbox/include/slam_toolbox/slam_toolbox/srv/detail/clear__struct.h
[35.217s] -- Up-to-date symlink: /home/hp/ROS2_WS/install/slam_toolbox/include/slam_toolbox/slam_toolbox/srv/detail/clear__type_support.h
[35.217s] -- Up-to-date symlink: /home/hp/ROS2_WS/install/slam_toolbox/include/slam_toolbox/slam_toolbox/srv/detail/clear_queue__functions.h
[35.217s] -- Up-to-date symlink: /home/hp/ROS2_WS/install/slam_toolbox/include/slam_toolbox/slam_toolbox/srv/detail/clear_queue__struct.h
[35.218s] -- Up-to-date symlink: /home/hp/ROS2_WS/install/slam_toolbox/include/slam_toolbox/slam_toolbox/srv/detail/clear_queue__type_support.h
[35.218s] -- Up-to-date symlink: /home/hp/ROS2_WS/install/slam_toolbox/include/slam_toolbox/slam_toolbox/srv/detail/deserialize_pose_graph__functions.h
[35.218s] -- Up-to-date symlink: /home/hp/ROS2_WS/install/slam_toolbox/include/slam_toolbox/slam_toolbox/srv/detail/deserialize_pose_graph__struct.h
[35.218s] -- Up-to-date symlink: /home/hp/ROS2_WS/install/slam_toolbox/include/slam_toolbox/slam_toolbox/srv/detail/deserialize_pose_graph__type_support.h
[35.218s] -- Up-to-date symlink: /home/hp/ROS2_WS/install/slam_toolbox/include/slam_toolbox/slam_toolbox/srv/detail/loop_closure__functions.h
[35.218s] -- Up-to-date symlink: /home/hp/ROS2_WS/install/slam_toolbox/include/slam_toolbox/slam_toolbox/srv/detail/loop_closure__struct.h
[35.218s] -- Up-to-date symlink: /home/hp/ROS2_WS/install/slam_toolbox/include/slam_toolbox/slam_toolbox/srv/detail/loop_closure__type_support.h
[35.218s] -- Up-to-date symlink: /home/hp/ROS2_WS/install/slam_toolbox/include/slam_toolbox/slam_toolbox/srv/detail/merge_maps__functions.h
[35.218s] -- Up-to-date symlink: /home/hp/ROS2_WS/install/slam_toolbox/include/slam_toolbox/slam_toolbox/srv/detail/merge_maps__struct.h
[35.218s] -- Up-to-date symlink: /home/hp/ROS2_WS/install/slam_toolbox/include/slam_toolbox/slam_toolbox/srv/detail/merge_maps__type_support.h
[35.218s] -- Up-to-date symlink: /home/hp/ROS2_WS/install/slam_toolbox/include/slam_toolbox/slam_toolbox/srv/detail/pause__functions.h
[35.219s] -- Up-to-date symlink: /home/hp/ROS2_WS/install/slam_toolbox/include/slam_toolbox/slam_toolbox/srv/detail/pause__struct.h
[35.219s] -- Up-to-date symlink: /home/hp/ROS2_WS/install/slam_toolbox/include/slam_toolbox/slam_toolbox/srv/detail/pause__type_support.h
[35.219s] -- Up-to-date symlink: /home/hp/ROS2_WS/install/slam_toolbox/include/slam_toolbox/slam_toolbox/srv/detail/reset__functions.h
[35.219s] -- Up-to-date symlink: /home/hp/ROS2_WS/install/slam_toolbox/include/slam_toolbox/slam_toolbox/srv/detail/reset__struct.h
[35.219s] -- Up-to-date symlink: /home/hp/ROS2_WS/install/slam_toolbox/include/slam_toolbox/slam_toolbox/srv/detail/reset__type_support.h
[35.219s] -- Up-to-date symlink: /home/hp/ROS2_WS/install/slam_toolbox/include/slam_toolbox/slam_toolbox/srv/detail/save_map__functions.h
[35.219s] -- Up-to-date symlink: /home/hp/ROS2_WS/install/slam_toolbox/include/slam_toolbox/slam_toolbox/srv/detail/save_map__struct.h
[35.219s] -- Up-to-date symlink: /home/hp/ROS2_WS/install/slam_toolbox/include/slam_toolbox/slam_toolbox/srv/detail/save_map__type_support.h
[35.219s] -- Up-to-date symlink: /home/hp/ROS2_WS/install/slam_toolbox/include/slam_toolbox/slam_toolbox/srv/detail/serialize_pose_graph__functions.h
[35.220s] -- Up-to-date symlink: /home/hp/ROS2_WS/install/slam_toolbox/include/slam_toolbox/slam_toolbox/srv/detail/serialize_pose_graph__struct.h
[35.220s] -- Up-to-date symlink: /home/hp/ROS2_WS/install/slam_toolbox/include/slam_toolbox/slam_toolbox/srv/detail/serialize_pose_graph__type_support.h
[35.220s] -- Up-to-date symlink: /home/hp/ROS2_WS/install/slam_toolbox/include/slam_toolbox/slam_toolbox/srv/detail/toggle_interactive__functions.h
[35.220s] -- Up-to-date symlink: /home/hp/ROS2_WS/install/slam_toolbox/include/slam_toolbox/slam_toolbox/srv/detail/toggle_interactive__struct.h
[35.220s] -- Up-to-date symlink: /home/hp/ROS2_WS/install/slam_toolbox/include/slam_toolbox/slam_toolbox/srv/detail/toggle_interactive__type_support.h
[35.220s] -- Up-to-date symlink: /home/hp/ROS2_WS/install/slam_toolbox/include/slam_toolbox/slam_toolbox/srv/loop_closure.h
[35.220s] -- Up-to-date symlink: /home/hp/ROS2_WS/install/slam_toolbox/include/slam_toolbox/slam_toolbox/srv/merge_maps.h
[35.220s] -- Up-to-date symlink: /home/hp/ROS2_WS/install/slam_toolbox/include/slam_toolbox/slam_toolbox/srv/pause.h
[35.220s] -- Up-to-date symlink: /home/hp/ROS2_WS/install/slam_toolbox/include/slam_toolbox/slam_toolbox/srv/reset.h
[35.220s] -- Up-to-date symlink: /home/hp/ROS2_WS/install/slam_toolbox/include/slam_toolbox/slam_toolbox/srv/save_map.h
[35.220s] -- Up-to-date symlink: /home/hp/ROS2_WS/install/slam_toolbox/include/slam_toolbox/slam_toolbox/srv/serialize_pose_graph.h
[35.221s] -- Up-to-date symlink: /home/hp/ROS2_WS/install/slam_toolbox/include/slam_toolbox/slam_toolbox/srv/toggle_interactive.h
[35.221s] -- Up-to-date symlink: /home/hp/ROS2_WS/install/slam_toolbox/share/slam_toolbox/environment/library_path.sh
[35.221s] -- Up-to-date symlink: /home/hp/ROS2_WS/install/slam_toolbox/share/slam_toolbox/environment/library_path.dsv
[35.222s] -- Up-to-date symlink: /home/hp/ROS2_WS/install/slam_toolbox/include/slam_toolbox/slam_toolbox/msg/rosidl_typesupport_fastrtps_c__visibility_control.h
[35.222s] -- Up-to-date symlink: /home/hp/ROS2_WS/install/slam_toolbox/include/slam_toolbox/slam_toolbox/srv/detail/add_submap__rosidl_typesupport_fastrtps_c.h
[35.222s] -- Up-to-date symlink: /home/hp/ROS2_WS/install/slam_toolbox/include/slam_toolbox/slam_toolbox/srv/detail/clear__rosidl_typesupport_fastrtps_c.h
[35.223s] -- Up-to-date symlink: /home/hp/ROS2_WS/install/slam_toolbox/include/slam_toolbox/slam_toolbox/srv/detail/clear_queue__rosidl_typesupport_fastrtps_c.h
[35.223s] -- Up-to-date symlink: /home/hp/ROS2_WS/install/slam_toolbox/include/slam_toolbox/slam_toolbox/srv/detail/deserialize_pose_graph__rosidl_typesupport_fastrtps_c.h
[35.223s] -- Up-to-date symlink: /home/hp/ROS2_WS/install/slam_toolbox/include/slam_toolbox/slam_toolbox/srv/detail/loop_closure__rosidl_typesupport_fastrtps_c.h
[35.223s] -- Up-to-date symlink: /home/hp/ROS2_WS/install/slam_toolbox/include/slam_toolbox/slam_toolbox/srv/detail/merge_maps__rosidl_typesupport_fastrtps_c.h
[35.223s] -- Up-to-date symlink: /home/hp/ROS2_WS/install/slam_toolbox/include/slam_toolbox/slam_toolbox/srv/detail/pause__rosidl_typesupport_fastrtps_c.h
[35.223s] -- Up-to-date symlink: /home/hp/ROS2_WS/install/slam_toolbox/include/slam_toolbox/slam_toolbox/srv/detail/reset__rosidl_typesupport_fastrtps_c.h
[35.223s] -- Up-to-date symlink: /home/hp/ROS2_WS/install/slam_toolbox/include/slam_toolbox/slam_toolbox/srv/detail/save_map__rosidl_typesupport_fastrtps_c.h
[35.223s] -- Up-to-date symlink: /home/hp/ROS2_WS/install/slam_toolbox/include/slam_toolbox/slam_toolbox/srv/detail/serialize_pose_graph__rosidl_typesupport_fastrtps_c.h
[35.224s] -- Up-to-date symlink: /home/hp/ROS2_WS/install/slam_toolbox/include/slam_toolbox/slam_toolbox/srv/detail/toggle_interactive__rosidl_typesupport_fastrtps_c.h
[35.224s] -- Up-to-date symlink: /home/hp/ROS2_WS/install/slam_toolbox/include/slam_toolbox/slam_toolbox/srv/add_submap.hpp
[35.224s] -- Up-to-date symlink: /home/hp/ROS2_WS/install/slam_toolbox/include/slam_toolbox/slam_toolbox/srv/clear.hpp
[35.225s] -- Up-to-date symlink: /home/hp/ROS2_WS/install/slam_toolbox/include/slam_toolbox/slam_toolbox/srv/clear_queue.hpp
[35.225s] -- Up-to-date symlink: /home/hp/ROS2_WS/install/slam_toolbox/include/slam_toolbox/slam_toolbox/srv/deserialize_pose_graph.hpp
[35.225s] -- Up-to-date symlink: /home/hp/ROS2_WS/install/slam_toolbox/include/slam_toolbox/slam_toolbox/srv/detail/add_submap__builder.hpp
[35.225s] -- Up-to-date symlink: /home/hp/ROS2_WS/install/slam_toolbox/include/slam_toolbox/slam_toolbox/srv/detail/add_submap__struct.hpp
[35.225s] -- Up-to-date symlink: /home/hp/ROS2_WS/install/slam_toolbox/include/slam_toolbox/slam_toolbox/srv/detail/add_submap__traits.hpp
[35.225s] -- Up-to-date symlink: /home/hp/ROS2_WS/install/slam_toolbox/include/slam_toolbox/slam_toolbox/srv/detail/clear__builder.hpp
[35.225s] -- Up-to-date symlink: /home/hp/ROS2_WS/install/slam_toolbox/include/slam_toolbox/slam_toolbox/srv/detail/clear__struct.hpp
[35.225s] -- Up-to-date symlink: /home/hp/ROS2_WS/install/slam_toolbox/include/slam_toolbox/slam_toolbox/srv/detail/clear__traits.hpp
[35.225s] -- Up-to-date symlink: /home/hp/ROS2_WS/install/slam_toolbox/include/slam_toolbox/slam_toolbox/srv/detail/clear_queue__builder.hpp
[35.225s] -- Up-to-date symlink: /home/hp/ROS2_WS/install/slam_toolbox/include/slam_toolbox/slam_toolbox/srv/detail/clear_queue__struct.hpp
[35.225s] -- Up-to-date symlink: /home/hp/ROS2_WS/install/slam_toolbox/include/slam_toolbox/slam_toolbox/srv/detail/clear_queue__traits.hpp
[35.225s] -- Up-to-date symlink: /home/hp/ROS2_WS/install/slam_toolbox/include/slam_toolbox/slam_toolbox/srv/detail/deserialize_pose_graph__builder.hpp
[35.226s] -- Up-to-date symlink: /home/hp/ROS2_WS/install/slam_toolbox/include/slam_toolbox/slam_toolbox/srv/detail/deserialize_pose_graph__struct.hpp
[35.226s] -- Up-to-date symlink: /home/hp/ROS2_WS/install/slam_toolbox/include/slam_toolbox/slam_toolbox/srv/detail/deserialize_pose_graph__traits.hpp
[35.226s] -- Up-to-date symlink: /home/hp/ROS2_WS/install/slam_toolbox/include/slam_toolbox/slam_toolbox/srv/detail/loop_closure__builder.hpp
[35.226s] -- Up-to-date symlink: /home/hp/ROS2_WS/install/slam_toolbox/include/slam_toolbox/slam_toolbox/srv/detail/loop_closure__struct.hpp
[35.226s] -- Up-to-date symlink: /home/hp/ROS2_WS/install/slam_toolbox/include/slam_toolbox/slam_toolbox/srv/detail/loop_closure__traits.hpp
[35.226s] -- Up-to-date symlink: /home/hp/ROS2_WS/install/slam_toolbox/include/slam_toolbox/slam_toolbox/srv/detail/merge_maps__builder.hpp
[35.226s] -- Up-to-date symlink: /home/hp/ROS2_WS/install/slam_toolbox/include/slam_toolbox/slam_toolbox/srv/detail/merge_maps__struct.hpp
[35.226s] -- Up-to-date symlink: /home/hp/ROS2_WS/install/slam_toolbox/include/slam_toolbox/slam_toolbox/srv/detail/merge_maps__traits.hpp
[35.226s] -- Up-to-date symlink: /home/hp/ROS2_WS/install/slam_toolbox/include/slam_toolbox/slam_toolbox/srv/detail/pause__builder.hpp
[35.226s] -- Up-to-date symlink: /home/hp/ROS2_WS/install/slam_toolbox/include/slam_toolbox/slam_toolbox/srv/detail/pause__struct.hpp
[35.227s] -- Up-to-date symlink: /home/hp/ROS2_WS/install/slam_toolbox/include/slam_toolbox/slam_toolbox/srv/detail/pause__traits.hpp
[35.227s] -- Up-to-date symlink: /home/hp/ROS2_WS/install/slam_toolbox/include/slam_toolbox/slam_toolbox/srv/detail/reset__builder.hpp
[35.227s] -- Up-to-date symlink: /home/hp/ROS2_WS/install/slam_toolbox/include/slam_toolbox/slam_toolbox/srv/detail/reset__struct.hpp
[35.227s] -- Up-to-date symlink: /home/hp/ROS2_WS/install/slam_toolbox/include/slam_toolbox/slam_toolbox/srv/detail/reset__traits.hpp
[35.227s] -- Up-to-date symlink: /home/hp/ROS2_WS/install/slam_toolbox/include/slam_toolbox/slam_toolbox/srv/detail/save_map__builder.hpp
[35.227s] -- Up-to-date symlink: /home/hp/ROS2_WS/install/slam_toolbox/include/slam_toolbox/slam_toolbox/srv/detail/save_map__struct.hpp
[35.227s] -- Up-to-date symlink: /home/hp/ROS2_WS/install/slam_toolbox/include/slam_toolbox/slam_toolbox/srv/detail/save_map__traits.hpp
[35.227s] -- Up-to-date symlink: /home/hp/ROS2_WS/install/slam_toolbox/include/slam_toolbox/slam_toolbox/srv/detail/serialize_pose_graph__builder.hpp
[35.227s] -- Up-to-date symlink: /home/hp/ROS2_WS/install/slam_toolbox/include/slam_toolbox/slam_toolbox/srv/detail/serialize_pose_graph__struct.hpp
[35.227s] -- Up-to-date symlink: /home/hp/ROS2_WS/install/slam_toolbox/include/slam_toolbox/slam_toolbox/srv/detail/serialize_pose_graph__traits.hpp
[35.228s] -- Up-to-date symlink: /home/hp/ROS2_WS/install/slam_toolbox/include/slam_toolbox/slam_toolbox/srv/detail/toggle_interactive__builder.hpp
[35.228s] -- Up-to-date symlink: /home/hp/ROS2_WS/install/slam_toolbox/include/slam_toolbox/slam_toolbox/srv/detail/toggle_interactive__struct.hpp
[35.228s] -- Up-to-date symlink: /home/hp/ROS2_WS/install/slam_toolbox/include/slam_toolbox/slam_toolbox/srv/detail/toggle_interactive__traits.hpp
[35.228s] -- Up-to-date symlink: /home/hp/ROS2_WS/install/slam_toolbox/include/slam_toolbox/slam_toolbox/srv/loop_closure.hpp
[35.228s] -- Up-to-date symlink: /home/hp/ROS2_WS/install/slam_toolbox/include/slam_toolbox/slam_toolbox/srv/merge_maps.hpp
[35.228s] -- Up-to-date symlink: /home/hp/ROS2_WS/install/slam_toolbox/include/slam_toolbox/slam_toolbox/srv/pause.hpp
[35.228s] -- Up-to-date symlink: /home/hp/ROS2_WS/install/slam_toolbox/include/slam_toolbox/slam_toolbox/srv/reset.hpp
[35.228s] -- Up-to-date symlink: /home/hp/ROS2_WS/install/slam_toolbox/include/slam_toolbox/slam_toolbox/srv/save_map.hpp
[35.228s] -- Up-to-date symlink: /home/hp/ROS2_WS/install/slam_toolbox/include/slam_toolbox/slam_toolbox/srv/serialize_pose_graph.hpp
[35.228s] -- Up-to-date symlink: /home/hp/ROS2_WS/install/slam_toolbox/include/slam_toolbox/slam_toolbox/srv/toggle_interactive.hpp
[35.229s] -- Up-to-date symlink: /home/hp/ROS2_WS/install/slam_toolbox/include/slam_toolbox/slam_toolbox/msg/rosidl_typesupport_fastrtps_cpp__visibility_control.h
[35.229s] -- Up-to-date symlink: /home/hp/ROS2_WS/install/slam_toolbox/include/slam_toolbox/slam_toolbox/srv/detail/add_submap__rosidl_typesupport_fastrtps_cpp.hpp
[35.229s] -- Up-to-date symlink: /home/hp/ROS2_WS/install/slam_toolbox/include/slam_toolbox/slam_toolbox/srv/detail/clear__rosidl_typesupport_fastrtps_cpp.hpp
[35.229s] -- Up-to-date symlink: /home/hp/ROS2_WS/install/slam_toolbox/include/slam_toolbox/slam_toolbox/srv/detail/clear_queue__rosidl_typesupport_fastrtps_cpp.hpp
[35.230s] -- Up-to-date symlink: /home/hp/ROS2_WS/install/slam_toolbox/include/slam_toolbox/slam_toolbox/srv/detail/deserialize_pose_graph__rosidl_typesupport_fastrtps_cpp.hpp
[35.230s] -- Up-to-date symlink: /home/hp/ROS2_WS/install/slam_toolbox/include/slam_toolbox/slam_toolbox/srv/detail/loop_closure__rosidl_typesupport_fastrtps_cpp.hpp
[35.230s] -- Up-to-date symlink: /home/hp/ROS2_WS/install/slam_toolbox/include/slam_toolbox/slam_toolbox/srv/detail/merge_maps__rosidl_typesupport_fastrtps_cpp.hpp
[35.230s] -- Up-to-date symlink: /home/hp/ROS2_WS/install/slam_toolbox/include/slam_toolbox/slam_toolbox/srv/detail/pause__rosidl_typesupport_fastrtps_cpp.hpp
[35.230s] -- Up-to-date symlink: /home/hp/ROS2_WS/install/slam_toolbox/include/slam_toolbox/slam_toolbox/srv/detail/reset__rosidl_typesupport_fastrtps_cpp.hpp
[35.230s] -- Up-to-date symlink: /home/hp/ROS2_WS/install/slam_toolbox/include/slam_toolbox/slam_toolbox/srv/detail/save_map__rosidl_typesupport_fastrtps_cpp.hpp
[35.230s] -- Up-to-date symlink: /home/hp/ROS2_WS/install/slam_toolbox/include/slam_toolbox/slam_toolbox/srv/detail/serialize_pose_graph__rosidl_typesupport_fastrtps_cpp.hpp
[35.230s] -- Up-to-date symlink: /home/hp/ROS2_WS/install/slam_toolbox/include/slam_toolbox/slam_toolbox/srv/detail/toggle_interactive__rosidl_typesupport_fastrtps_cpp.hpp
[35.231s] -- Up-to-date symlink: /home/hp/ROS2_WS/install/slam_toolbox/include/slam_toolbox/slam_toolbox/msg/rosidl_typesupport_introspection_c__visibility_control.h
[35.231s] -- Up-to-date symlink: /home/hp/ROS2_WS/install/slam_toolbox/include/slam_toolbox/slam_toolbox/srv/detail/add_submap__rosidl_typesupport_introspection_c.h
[35.231s] -- Up-to-date symlink: /home/hp/ROS2_WS/install/slam_toolbox/include/slam_toolbox/slam_toolbox/srv/detail/clear__rosidl_typesupport_introspection_c.h
[35.231s] -- Up-to-date symlink: /home/hp/ROS2_WS/install/slam_toolbox/include/slam_toolbox/slam_toolbox/srv/detail/clear_queue__rosidl_typesupport_introspection_c.h
[35.231s] -- Up-to-date symlink: /home/hp/ROS2_WS/install/slam_toolbox/include/slam_toolbox/slam_toolbox/srv/detail/deserialize_pose_graph__rosidl_typesupport_introspection_c.h
[35.231s] -- Up-to-date symlink: /home/hp/ROS2_WS/install/slam_toolbox/include/slam_toolbox/slam_toolbox/srv/detail/loop_closure__rosidl_typesupport_introspection_c.h
[35.231s] -- Up-to-date symlink: /home/hp/ROS2_WS/install/slam_toolbox/include/slam_toolbox/slam_toolbox/srv/detail/merge_maps__rosidl_typesupport_introspection_c.h
[35.231s] -- Up-to-date symlink: /home/hp/ROS2_WS/install/slam_toolbox/include/slam_toolbox/slam_toolbox/srv/detail/pause__rosidl_typesupport_introspection_c.h
[35.231s] -- Up-to-date symlink: /home/hp/ROS2_WS/install/slam_toolbox/include/slam_toolbox/slam_toolbox/srv/detail/reset__rosidl_typesupport_introspection_c.h
[35.231s] -- Up-to-date symlink: /home/hp/ROS2_WS/install/slam_toolbox/include/slam_toolbox/slam_toolbox/srv/detail/save_map__rosidl_typesupport_introspection_c.h
[35.231s] -- Up-to-date symlink: /home/hp/ROS2_WS/install/slam_toolbox/include/slam_toolbox/slam_toolbox/srv/detail/serialize_pose_graph__rosidl_typesupport_introspection_c.h
[35.232s] -- Up-to-date symlink: /home/hp/ROS2_WS/install/slam_toolbox/include/slam_toolbox/slam_toolbox/srv/detail/toggle_interactive__rosidl_typesupport_introspection_c.h
[35.232s] -- Up-to-date symlink: /home/hp/ROS2_WS/install/slam_toolbox/include/slam_toolbox/slam_toolbox/srv/detail/add_submap__rosidl_typesupport_introspection_cpp.hpp
[35.232s] -- Up-to-date symlink: /home/hp/ROS2_WS/install/slam_toolbox/include/slam_toolbox/slam_toolbox/srv/detail/clear__rosidl_typesupport_introspection_cpp.hpp
[35.232s] -- Up-to-date symlink: /home/hp/ROS2_WS/install/slam_toolbox/include/slam_toolbox/slam_toolbox/srv/detail/clear_queue__rosidl_typesupport_introspection_cpp.hpp
[35.232s] -- Up-to-date symlink: /home/hp/ROS2_WS/install/slam_toolbox/include/slam_toolbox/slam_toolbox/srv/detail/deserialize_pose_graph__rosidl_typesupport_introspection_cpp.hpp
[35.232s] -- Up-to-date symlink: /home/hp/ROS2_WS/install/slam_toolbox/include/slam_toolbox/slam_toolbox/srv/detail/loop_closure__rosidl_typesupport_introspection_cpp.hpp
[35.232s] -- Up-to-date symlink: /home/hp/ROS2_WS/install/slam_toolbox/include/slam_toolbox/slam_toolbox/srv/detail/merge_maps__rosidl_typesupport_introspection_cpp.hpp
[35.233s] -- Up-to-date symlink: /home/hp/ROS2_WS/install/slam_toolbox/include/slam_toolbox/slam_toolbox/srv/detail/pause__rosidl_typesupport_introspection_cpp.hpp
[35.233s] -- Up-to-date symlink: /home/hp/ROS2_WS/install/slam_toolbox/include/slam_toolbox/slam_toolbox/srv/detail/reset__rosidl_typesupport_introspection_cpp.hpp
[35.233s] -- Up-to-date symlink: /home/hp/ROS2_WS/install/slam_toolbox/include/slam_toolbox/slam_toolbox/srv/detail/save_map__rosidl_typesupport_introspection_cpp.hpp
[35.233s] -- Up-to-date symlink: /home/hp/ROS2_WS/install/slam_toolbox/include/slam_toolbox/slam_toolbox/srv/detail/serialize_pose_graph__rosidl_typesupport_introspection_cpp.hpp
[35.233s] -- Up-to-date symlink: /home/hp/ROS2_WS/install/slam_toolbox/include/slam_toolbox/slam_toolbox/srv/detail/toggle_interactive__rosidl_typesupport_introspection_cpp.hpp
[35.233s] -- Up-to-date symlink: /home/hp/ROS2_WS/install/slam_toolbox/share/slam_toolbox/environment/pythonpath.sh
[35.233s] -- Up-to-date symlink: /home/hp/ROS2_WS/install/slam_toolbox/share/slam_toolbox/environment/pythonpath.dsv
[35.233s] -- Up-to-date symlink: /home/hp/ROS2_WS/install/slam_toolbox/local/lib/python3.10/dist-packages/slam_toolbox-2.7.0-py3.10.egg-info/PKG-INFO
[35.234s] -- Up-to-date symlink: /home/hp/ROS2_WS/install/slam_toolbox/local/lib/python3.10/dist-packages/slam_toolbox-2.7.0-py3.10.egg-info/SOURCES.txt
[35.234s] -- Up-to-date symlink: /home/hp/ROS2_WS/install/slam_toolbox/local/lib/python3.10/dist-packages/slam_toolbox-2.7.0-py3.10.egg-info/dependency_links.txt
[35.234s] -- Up-to-date symlink: /home/hp/ROS2_WS/install/slam_toolbox/local/lib/python3.10/dist-packages/slam_toolbox-2.7.0-py3.10.egg-info/top_level.txt
[35.235s] -- Up-to-date symlink: /home/hp/ROS2_WS/install/slam_toolbox/local/lib/python3.10/dist-packages/slam_toolbox/__init__.py
[35.236s] -- Up-to-date symlink: /home/hp/ROS2_WS/install/slam_toolbox/local/lib/python3.10/dist-packages/slam_toolbox/_slam_toolbox_s.ep.rosidl_typesupport_c.c
[35.236s] -- Up-to-date symlink: /home/hp/ROS2_WS/install/slam_toolbox/local/lib/python3.10/dist-packages/slam_toolbox/_slam_toolbox_s.ep.rosidl_typesupport_fastrtps_c.c
[35.236s] -- Up-to-date symlink: /home/hp/ROS2_WS/install/slam_toolbox/local/lib/python3.10/dist-packages/slam_toolbox/_slam_toolbox_s.ep.rosidl_typesupport_introspection_c.c
[35.236s] -- Up-to-date symlink: /home/hp/ROS2_WS/install/slam_toolbox/local/lib/python3.10/dist-packages/slam_toolbox/libslam_toolbox__rosidl_generator_py.so
[35.236s] -- Up-to-date symlink: /home/hp/ROS2_WS/install/slam_toolbox/local/lib/python3.10/dist-packages/slam_toolbox/slam_toolbox_s__rosidl_typesupport_c.cpython-310-x86_64-linux-gnu.so
[35.236s] -- Up-to-date symlink: /home/hp/ROS2_WS/install/slam_toolbox/local/lib/python3.10/dist-packages/slam_toolbox/slam_toolbox_s__rosidl_typesupport_fastrtps_c.cpython-310-x86_64-linux-gnu.so
[35.236s] -- Up-to-date symlink: /home/hp/ROS2_WS/install/slam_toolbox/local/lib/python3.10/dist-packages/slam_toolbox/slam_toolbox_s__rosidl_typesupport_introspection_c.cpython-310-x86_64-linux-gnu.so
[35.236s] -- Up-to-date symlink: /home/hp/ROS2_WS/install/slam_toolbox/local/lib/python3.10/dist-packages/slam_toolbox/srv/__init__.py
[35.236s] -- Up-to-date symlink: /home/hp/ROS2_WS/install/slam_toolbox/local/lib/python3.10/dist-packages/slam_toolbox/srv/_add_submap.py
[35.236s] -- Up-to-date symlink: /home/hp/ROS2_WS/install/slam_toolbox/local/lib/python3.10/dist-packages/slam_toolbox/srv/_add_submap_s.c
[35.236s] -- Up-to-date symlink: /home/hp/ROS2_WS/install/slam_toolbox/local/lib/python3.10/dist-packages/slam_toolbox/srv/_clear.py
[35.237s] -- Up-to-date symlink: /home/hp/ROS2_WS/install/slam_toolbox/local/lib/python3.10/dist-packages/slam_toolbox/srv/_clear_queue.py
[35.237s] -- Up-to-date symlink: /home/hp/ROS2_WS/install/slam_toolbox/local/lib/python3.10/dist-packages/slam_toolbox/srv/_clear_queue_s.c
[35.237s] -- Up-to-date symlink: /home/hp/ROS2_WS/install/slam_toolbox/local/lib/python3.10/dist-packages/slam_toolbox/srv/_clear_s.c
[35.237s] -- Up-to-date symlink: /home/hp/ROS2_WS/install/slam_toolbox/local/lib/python3.10/dist-packages/slam_toolbox/srv/_deserialize_pose_graph.py
[35.237s] -- Up-to-date symlink: /home/hp/ROS2_WS/install/slam_toolbox/local/lib/python3.10/dist-packages/slam_toolbox/srv/_deserialize_pose_graph_s.c
[35.237s] -- Up-to-date symlink: /home/hp/ROS2_WS/install/slam_toolbox/local/lib/python3.10/dist-packages/slam_toolbox/srv/_loop_closure.py
[35.237s] -- Up-to-date symlink: /home/hp/ROS2_WS/install/slam_toolbox/local/lib/python3.10/dist-packages/slam_toolbox/srv/_loop_closure_s.c
[35.237s] -- Up-to-date symlink: /home/hp/ROS2_WS/install/slam_toolbox/local/lib/python3.10/dist-packages/slam_toolbox/srv/_merge_maps.py
[35.237s] -- Up-to-date symlink: /home/hp/ROS2_WS/install/slam_toolbox/local/lib/python3.10/dist-packages/slam_toolbox/srv/_merge_maps_s.c
[35.237s] -- Up-to-date symlink: /home/hp/ROS2_WS/install/slam_toolbox/local/lib/python3.10/dist-packages/slam_toolbox/srv/_pause.py
[35.237s] -- Up-to-date symlink: /home/hp/ROS2_WS/install/slam_toolbox/local/lib/python3.10/dist-packages/slam_toolbox/srv/_pause_s.c
[35.237s] -- Up-to-date symlink: /home/hp/ROS2_WS/install/slam_toolbox/local/lib/python3.10/dist-packages/slam_toolbox/srv/_reset.py
[35.238s] -- Up-to-date symlink: /home/hp/ROS2_WS/install/slam_toolbox/local/lib/python3.10/dist-packages/slam_toolbox/srv/_reset_s.c
[35.238s] -- Up-to-date symlink: /home/hp/ROS2_WS/install/slam_toolbox/local/lib/python3.10/dist-packages/slam_toolbox/srv/_save_map.py
[35.238s] -- Up-to-date symlink: /home/hp/ROS2_WS/install/slam_toolbox/local/lib/python3.10/dist-packages/slam_toolbox/srv/_save_map_s.c
[35.238s] -- Up-to-date symlink: /home/hp/ROS2_WS/install/slam_toolbox/local/lib/python3.10/dist-packages/slam_toolbox/srv/_serialize_pose_graph.py
[35.238s] -- Up-to-date symlink: /home/hp/ROS2_WS/install/slam_toolbox/local/lib/python3.10/dist-packages/slam_toolbox/srv/_serialize_pose_graph_s.c
[35.238s] -- Up-to-date symlink: /home/hp/ROS2_WS/install/slam_toolbox/local/lib/python3.10/dist-packages/slam_toolbox/srv/_toggle_interactive.py
[35.238s] -- Up-to-date symlink: /home/hp/ROS2_WS/install/slam_toolbox/local/lib/python3.10/dist-packages/slam_toolbox/srv/_toggle_interactive_s.c
[35.238s] -- Up-to-date symlink: /home/hp/ROS2_WS/install/slam_toolbox/local/lib/python3.10/dist-packages/slam_toolbox/slam_toolbox_s__rosidl_typesupport_fastrtps_c.cpython-310-x86_64-linux-gnu.so
[35.238s] -- Up-to-date symlink: /home/hp/ROS2_WS/install/slam_toolbox/local/lib/python3.10/dist-packages/slam_toolbox/slam_toolbox_s__rosidl_typesupport_introspection_c.cpython-310-x86_64-linux-gnu.so
[35.239s] -- Up-to-date symlink: /home/hp/ROS2_WS/install/slam_toolbox/local/lib/python3.10/dist-packages/slam_toolbox/slam_toolbox_s__rosidl_typesupport_c.cpython-310-x86_64-linux-gnu.so
[35.239s] -- Up-to-date symlink: /home/hp/ROS2_WS/install/slam_toolbox/share/slam_toolbox/srv/Pause.idl
[35.239s] -- Up-to-date symlink: /home/hp/ROS2_WS/install/slam_toolbox/share/slam_toolbox/srv/Reset.idl
[35.239s] -- Up-to-date symlink: /home/hp/ROS2_WS/install/slam_toolbox/share/slam_toolbox/srv/ClearQueue.idl
[35.239s] -- Up-to-date symlink: /home/hp/ROS2_WS/install/slam_toolbox/share/slam_toolbox/srv/ToggleInteractive.idl
[35.240s] -- Up-to-date symlink: /home/hp/ROS2_WS/install/slam_toolbox/share/slam_toolbox/srv/Clear.idl
[35.240s] -- Up-to-date symlink: /home/hp/ROS2_WS/install/slam_toolbox/share/slam_toolbox/srv/SaveMap.idl
[35.240s] -- Up-to-date symlink: /home/hp/ROS2_WS/install/slam_toolbox/share/slam_toolbox/srv/LoopClosure.idl
[35.240s] -- Up-to-date symlink: /home/hp/ROS2_WS/install/slam_toolbox/share/slam_toolbox/srv/MergeMaps.idl
[35.240s] -- Up-to-date symlink: /home/hp/ROS2_WS/install/slam_toolbox/share/slam_toolbox/srv/AddSubmap.idl
[35.240s] -- Up-to-date symlink: /home/hp/ROS2_WS/install/slam_toolbox/share/slam_toolbox/srv/DeserializePoseGraph.idl
[35.240s] -- Up-to-date symlink: /home/hp/ROS2_WS/install/slam_toolbox/share/slam_toolbox/srv/SerializePoseGraph.idl
[35.240s] -- Up-to-date symlink: /home/hp/ROS2_WS/install/slam_toolbox/share/slam_toolbox/srvs/Pause.srv
[35.241s] -- Up-to-date symlink: /home/hp/ROS2_WS/install/slam_toolbox/share/slam_toolbox/srvs/Pause_Request.msg
[35.241s] -- Up-to-date symlink: /home/hp/ROS2_WS/install/slam_toolbox/share/slam_toolbox/srvs/Pause_Response.msg
[35.241s] -- Up-to-date symlink: /home/hp/ROS2_WS/install/slam_toolbox/share/slam_toolbox/srvs/Reset.srv
[35.241s] -- Up-to-date symlink: /home/hp/ROS2_WS/install/slam_toolbox/share/slam_toolbox/srvs/Reset_Request.msg
[35.241s] -- Up-to-date symlink: /home/hp/ROS2_WS/install/slam_toolbox/share/slam_toolbox/srvs/Reset_Response.msg
[35.241s] -- Up-to-date symlink: /home/hp/ROS2_WS/install/slam_toolbox/share/slam_toolbox/srvs/ClearQueue.srv
[35.241s] -- Up-to-date symlink: /home/hp/ROS2_WS/install/slam_toolbox/share/slam_toolbox/srvs/ClearQueue_Request.msg
[35.241s] -- Up-to-date symlink: /home/hp/ROS2_WS/install/slam_toolbox/share/slam_toolbox/srvs/ClearQueue_Response.msg
[35.242s] -- Up-to-date symlink: /home/hp/ROS2_WS/install/slam_toolbox/share/slam_toolbox/srvs/ToggleInteractive.srv
[35.242s] -- Up-to-date symlink: /home/hp/ROS2_WS/install/slam_toolbox/share/slam_toolbox/srvs/ToggleInteractive_Request.msg
[35.242s] -- Up-to-date symlink: /home/hp/ROS2_WS/install/slam_toolbox/share/slam_toolbox/srvs/ToggleInteractive_Response.msg
[35.242s] -- Up-to-date symlink: /home/hp/ROS2_WS/install/slam_toolbox/share/slam_toolbox/srvs/Clear.srv
[35.242s] -- Up-to-date symlink: /home/hp/ROS2_WS/install/slam_toolbox/share/slam_toolbox/srvs/Clear_Request.msg
[35.242s] -- Up-to-date symlink: /home/hp/ROS2_WS/install/slam_toolbox/share/slam_toolbox/srvs/Clear_Response.msg
[35.242s] -- Up-to-date symlink: /home/hp/ROS2_WS/install/slam_toolbox/share/slam_toolbox/srvs/SaveMap.srv
[35.243s] -- Up-to-date symlink: /home/hp/ROS2_WS/install/slam_toolbox/share/slam_toolbox/srvs/SaveMap_Request.msg
[35.243s] -- Up-to-date symlink: /home/hp/ROS2_WS/install/slam_toolbox/share/slam_toolbox/srvs/SaveMap_Response.msg
[35.243s] -- Up-to-date symlink: /home/hp/ROS2_WS/install/slam_toolbox/share/slam_toolbox/srvs/LoopClosure.srv
[35.243s] -- Up-to-date symlink: /home/hp/ROS2_WS/install/slam_toolbox/share/slam_toolbox/srvs/LoopClosure_Request.msg
[35.243s] -- Up-to-date symlink: /home/hp/ROS2_WS/install/slam_toolbox/share/slam_toolbox/srvs/LoopClosure_Response.msg
[35.243s] -- Up-to-date symlink: /home/hp/ROS2_WS/install/slam_toolbox/share/slam_toolbox/srvs/MergeMaps.srv
[35.243s] -- Up-to-date symlink: /home/hp/ROS2_WS/install/slam_toolbox/share/slam_toolbox/srvs/MergeMaps_Request.msg
[35.244s] -- Up-to-date symlink: /home/hp/ROS2_WS/install/slam_toolbox/share/slam_toolbox/srvs/MergeMaps_Response.msg
[35.244s] -- Up-to-date symlink: /home/hp/ROS2_WS/install/slam_toolbox/share/slam_toolbox/srvs/AddSubmap.srv
[35.244s] -- Up-to-date symlink: /home/hp/ROS2_WS/install/slam_toolbox/share/slam_toolbox/srvs/AddSubmap_Request.msg
[35.244s] -- Up-to-date symlink: /home/hp/ROS2_WS/install/slam_toolbox/share/slam_toolbox/srvs/AddSubmap_Response.msg
[35.244s] -- Up-to-date symlink: /home/hp/ROS2_WS/install/slam_toolbox/share/slam_toolbox/srvs/DeserializePoseGraph.srv
[35.244s] -- Up-to-date symlink: /home/hp/ROS2_WS/install/slam_toolbox/share/slam_toolbox/srvs/DeserializePoseGraph_Request.msg
[35.244s] -- Up-to-date symlink: /home/hp/ROS2_WS/install/slam_toolbox/share/slam_toolbox/srvs/DeserializePoseGraph_Response.msg
[35.244s] -- Up-to-date symlink: /home/hp/ROS2_WS/install/slam_toolbox/share/slam_toolbox/srvs/SerializePoseGraph.srv
[35.245s] -- Up-to-date symlink: /home/hp/ROS2_WS/install/slam_toolbox/share/slam_toolbox/srvs/SerializePoseGraph_Request.msg
[35.245s] -- Up-to-date symlink: /home/hp/ROS2_WS/install/slam_toolbox/share/slam_toolbox/srvs/SerializePoseGraph_Response.msg
[35.245s] -- Up-to-date symlink: /home/hp/ROS2_WS/install/slam_toolbox/share/slam_toolbox//rviz_plugins.xml
[35.245s] -- Up-to-date symlink: /home/hp/ROS2_WS/install/slam_toolbox/share/slam_toolbox//solver_plugins.xml
[35.245s] -- Up-to-date symlink: /home/hp/ROS2_WS/install/slam_toolbox/lib/slam_toolbox/async_slam_toolbox_node
[35.245s] -- Up-to-date symlink: /home/hp/ROS2_WS/install/slam_toolbox/lib/slam_toolbox/sync_slam_toolbox_node
[35.246s] -- Up-to-date symlink: /home/hp/ROS2_WS/install/slam_toolbox/lib/slam_toolbox/localization_slam_toolbox_node
[35.246s] -- Up-to-date symlink: /home/hp/ROS2_WS/install/slam_toolbox/lib/slam_toolbox/map_and_localization_slam_toolbox_node
[35.246s] -- Up-to-date symlink: /home/hp/ROS2_WS/install/slam_toolbox/lib/slam_toolbox/lifelong_slam_toolbox_node
[35.246s] -- Up-to-date symlink: /home/hp/ROS2_WS/install/slam_toolbox/lib/slam_toolbox/merge_maps_kinematic
[35.246s] -- Up-to-date symlink: /home/hp/ROS2_WS/install/slam_toolbox/lib/libtoolbox_common.so
[35.246s] -- Up-to-date symlink: /home/hp/ROS2_WS/install/slam_toolbox/lib/libSlamToolboxPlugin.so
[35.246s] -- Up-to-date symlink: /home/hp/ROS2_WS/install/slam_toolbox/lib/libceres_solver_plugin.so
[35.247s] -- Up-to-date symlink: /home/hp/ROS2_WS/install/slam_toolbox/lib/libasync_slam_toolbox.so
[35.247s] -- Up-to-date symlink: /home/hp/ROS2_WS/install/slam_toolbox/lib/libsync_slam_toolbox.so
[35.247s] -- Up-to-date symlink: /home/hp/ROS2_WS/install/slam_toolbox/lib/liblocalization_slam_toolbox.so
[35.247s] -- Up-to-date symlink: /home/hp/ROS2_WS/install/slam_toolbox/lib/liblifelong_slam_toolbox.so
[35.247s] -- Up-to-date symlink: /home/hp/ROS2_WS/install/slam_toolbox/lib/libmap_and_localization_slam_toolbox.so
[35.247s] -- Up-to-date symlink: /home/hp/ROS2_WS/install/slam_toolbox/lib/libkartoSlamToolbox.so
[35.248s] -- Up-to-date symlink: /home/hp/ROS2_WS/install/slam_toolbox/include/slam_toolbox/experimental/slam_toolbox_lifelong.hpp
[35.248s] -- Up-to-date symlink: /home/hp/ROS2_WS/install/slam_toolbox/include/slam_toolbox/experimental/slam_toolbox_map_and_localization.hpp
[35.248s] -- Up-to-date symlink: /home/hp/ROS2_WS/install/slam_toolbox/include/slam_toolbox/get_pose_helper.hpp
[35.248s] -- Up-to-date symlink: /home/hp/ROS2_WS/install/slam_toolbox/include/slam_toolbox/laser_utils.hpp
[35.248s] -- Up-to-date symlink: /home/hp/ROS2_WS/install/slam_toolbox/include/slam_toolbox/loop_closure_assistant.hpp
[35.248s] -- Up-to-date symlink: /home/hp/ROS2_WS/install/slam_toolbox/include/slam_toolbox/map_saver.hpp
[35.248s] -- Up-to-date symlink: /home/hp/ROS2_WS/install/slam_toolbox/include/slam_toolbox/merge_maps_kinematic.hpp
[35.248s] -- Up-to-date symlink: /home/hp/ROS2_WS/install/slam_toolbox/include/slam_toolbox/serialization.hpp
[35.248s] -- Up-to-date symlink: /home/hp/ROS2_WS/install/slam_toolbox/include/slam_toolbox/slam_mapper.hpp
[35.248s] -- Up-to-date symlink: /home/hp/ROS2_WS/install/slam_toolbox/include/slam_toolbox/slam_toolbox_async.hpp
[35.248s] -- Up-to-date symlink: /home/hp/ROS2_WS/install/slam_toolbox/include/slam_toolbox/slam_toolbox_common.hpp
[35.249s] -- Up-to-date symlink: /home/hp/ROS2_WS/install/slam_toolbox/include/slam_toolbox/slam_toolbox_localization.hpp
[35.249s] -- Up-to-date symlink: /home/hp/ROS2_WS/install/slam_toolbox/include/slam_toolbox/slam_toolbox_sync.hpp
[35.249s] -- Up-to-date symlink: /home/hp/ROS2_WS/install/slam_toolbox/include/slam_toolbox/snap_utils.hpp
[35.249s] -- Up-to-date symlink: /home/hp/ROS2_WS/install/slam_toolbox/include/slam_toolbox/toolbox_msgs.hpp
[35.249s] -- Up-to-date symlink: /home/hp/ROS2_WS/install/slam_toolbox/include/slam_toolbox/toolbox_types.hpp
[35.249s] -- Up-to-date symlink: /home/hp/ROS2_WS/install/slam_toolbox/include/slam_toolbox/visualization_utils.hpp
[35.249s] -- Up-to-date symlink: /home/hp/ROS2_WS/install/slam_toolbox/share/slam_toolbox/launch/localization_launch.py
[35.249s] -- Up-to-date symlink: /home/hp/ROS2_WS/install/slam_toolbox/share/slam_toolbox/launch/merge_maps_kinematic_launch.py
[35.249s] -- Up-to-date symlink: /home/hp/ROS2_WS/install/slam_toolbox/share/slam_toolbox/launch/offline_launch.py
[35.250s] -- Up-to-date symlink: /home/hp/ROS2_WS/install/slam_toolbox/share/slam_toolbox/launch/online_async_launch.py
[35.250s] -- Up-to-date symlink: /home/hp/ROS2_WS/install/slam_toolbox/share/slam_toolbox/launch/online_sync_launch.py
[35.250s] -- Up-to-date symlink: /home/hp/ROS2_WS/install/slam_toolbox/share/slam_toolbox/config/mapper_params_lifelong.yaml
[35.250s] -- Up-to-date symlink: /home/hp/ROS2_WS/install/slam_toolbox/share/slam_toolbox/config/mapper_params_localization.yaml
[35.250s] -- Up-to-date symlink: /home/hp/ROS2_WS/install/slam_toolbox/share/slam_toolbox/config/mapper_params_offline.yaml
[35.250s] -- Up-to-date symlink: /home/hp/ROS2_WS/install/slam_toolbox/share/slam_toolbox/config/mapper_params_online_async.yaml
[35.250s] -- Up-to-date symlink: /home/hp/ROS2_WS/install/slam_toolbox/share/slam_toolbox/config/mapper_params_online_sync.yaml
[35.250s] -- Up-to-date symlink: /home/hp/ROS2_WS/install/slam_toolbox/share/slam_toolbox/config/slam_toolbox_default.rviz
[35.250s] -- Up-to-date symlink: /home/hp/ROS2_WS/install/slam_toolbox/share/solver_plugins.xml
[35.250s] -- Up-to-date symlink: /home/hp/ROS2_WS/install/slam_toolbox/share/rviz_plugins.xml
[35.251s] -- Up-to-date symlink: /home/hp/ROS2_WS/install/slam_toolbox/share/ament_index/resource_index/package_run_dependencies/slam_toolbox
[35.251s] -- Up-to-date symlink: /home/hp/ROS2_WS/install/slam_toolbox/share/ament_index/resource_index/parent_prefix_path/slam_toolbox
[35.251s] -- Up-to-date symlink: /home/hp/ROS2_WS/install/slam_toolbox/share/slam_toolbox/environment/ament_prefix_path.sh
[35.251s] -- Up-to-date symlink: /home/hp/ROS2_WS/install/slam_toolbox/share/slam_toolbox/environment/ament_prefix_path.dsv
[35.251s] -- Up-to-date symlink: /home/hp/ROS2_WS/install/slam_toolbox/share/slam_toolbox/environment/path.sh
[35.251s] -- Up-to-date symlink: /home/hp/ROS2_WS/install/slam_toolbox/share/slam_toolbox/environment/path.dsv
[35.251s] -- Up-to-date symlink: /home/hp/ROS2_WS/install/slam_toolbox/share/slam_toolbox/local_setup.bash
[35.252s] -- Up-to-date symlink: /home/hp/ROS2_WS/install/slam_toolbox/share/slam_toolbox/local_setup.sh
[35.252s] -- Up-to-date symlink: /home/hp/ROS2_WS/install/slam_toolbox/share/slam_toolbox/local_setup.zsh
[35.252s] -- Up-to-date symlink: /home/hp/ROS2_WS/install/slam_toolbox/share/slam_toolbox/local_setup.dsv
[35.252s] -- Symlinking: /home/hp/ROS2_WS/install/slam_toolbox/share/slam_toolbox/package.dsv
[35.259s] -- Up-to-date symlink: /home/hp/ROS2_WS/install/slam_toolbox/share/ament_index/resource_index/packages/slam_toolbox
[35.259s] -- Up-to-date symlink: /home/hp/ROS2_WS/install/slam_toolbox/share/ament_index/resource_index/rviz_common__pluginlib__plugin/slam_toolbox
[35.260s] -- Up-to-date symlink: /home/hp/ROS2_WS/install/slam_toolbox/share/ament_index/resource_index/slam_toolbox__pluginlib__plugin/slam_toolbox
[35.260s] -- Up-to-date symlink: /home/hp/ROS2_WS/install/slam_toolbox/share/ament_index/resource_index/rclcpp_components/slam_toolbox
[35.260s] -- Up-to-date symlink: /home/hp/ROS2_WS/install/slam_toolbox/share/slam_toolbox/cmake/rosidl_cmake-extras.cmake
[35.260s] -- Up-to-date symlink: /home/hp/ROS2_WS/install/slam_toolbox/share/slam_toolbox/cmake/ament_cmake_export_dependencies-extras.cmake
[35.260s] -- Up-to-date symlink: /home/hp/ROS2_WS/install/slam_toolbox/share/slam_toolbox/cmake/ament_cmake_export_include_directories-extras.cmake
[35.260s] -- Up-to-date symlink: /home/hp/ROS2_WS/install/slam_toolbox/share/slam_toolbox/cmake/ament_cmake_export_libraries-extras.cmake
[35.260s] -- Up-to-date symlink: /home/hp/ROS2_WS/install/slam_toolbox/share/slam_toolbox/cmake/ament_cmake_export_targets-extras.cmake
[35.260s] -- Up-to-date symlink: /home/hp/ROS2_WS/install/slam_toolbox/share/slam_toolbox/cmake/rosidl_cmake_export_typesupport_targets-extras.cmake
[35.260s] -- Up-to-date symlink: /home/hp/ROS2_WS/install/slam_toolbox/share/slam_toolbox/cmake/rosidl_cmake_export_typesupport_libraries-extras.cmake
[35.260s] -- Up-to-date symlink: /home/hp/ROS2_WS/install/slam_toolbox/share/slam_toolbox/cmake/slam_toolboxConfig.cmake
[35.261s] -- Up-to-date symlink: /home/hp/ROS2_WS/install/slam_toolbox/share/slam_toolbox/cmake/slam_toolboxConfig-version.cmake
[35.261s] -- Up-to-date symlink: /home/hp/ROS2_WS/install/slam_toolbox/share/slam_toolbox/package.xml
[35.261s] -- Up-to-date: /home/hp/ROS2_WS/install/slam_toolbox/lib/libslam_toolbox__rosidl_generator_c.so
[35.261s] -- Up-to-date: /home/hp/ROS2_WS/install/slam_toolbox/lib/libslam_toolbox__rosidl_typesupport_fastrtps_c.so
[35.261s] -- Up-to-date: /home/hp/ROS2_WS/install/slam_toolbox/lib/libslam_toolbox__rosidl_typesupport_fastrtps_cpp.so
[35.261s] -- Up-to-date: /home/hp/ROS2_WS/install/slam_toolbox/lib/libslam_toolbox__rosidl_typesupport_introspection_c.so
[35.262s] -- Up-to-date: /home/hp/ROS2_WS/install/slam_toolbox/lib/libslam_toolbox__rosidl_typesupport_c.so
[35.262s] -- Up-to-date: /home/hp/ROS2_WS/install/slam_toolbox/lib/libslam_toolbox__rosidl_typesupport_introspection_cpp.so
[35.262s] -- Up-to-date: /home/hp/ROS2_WS/install/slam_toolbox/lib/libslam_toolbox__rosidl_typesupport_cpp.so
[35.294s] Listing '/home/hp/ROS2_WS/install/slam_toolbox/local/lib/python3.10/dist-packages/slam_toolbox'...
[35.294s] Listing '/home/hp/ROS2_WS/install/slam_toolbox/local/lib/python3.10/dist-packages/slam_toolbox/srv'...
[35.298s] -- Up-to-date: /home/hp/ROS2_WS/install/slam_toolbox/lib/libslam_toolbox__rosidl_generator_py.so
[35.298s] -- Up-to-date: /home/hp/ROS2_WS/install/slam_toolbox/share/slam_toolbox/cmake/export_slam_toolbox__rosidl_generator_cExport.cmake
[35.299s] -- Up-to-date: /home/hp/ROS2_WS/install/slam_toolbox/share/slam_toolbox/cmake/export_slam_toolbox__rosidl_generator_cExport-release.cmake
[35.299s] -- Up-to-date: /home/hp/ROS2_WS/install/slam_toolbox/share/slam_toolbox/cmake/export_slam_toolbox__rosidl_typesupport_fastrtps_cExport.cmake
[35.299s] -- Up-to-date: /home/hp/ROS2_WS/install/slam_toolbox/share/slam_toolbox/cmake/export_slam_toolbox__rosidl_typesupport_fastrtps_cExport-release.cmake
[35.299s] -- Up-to-date: /home/hp/ROS2_WS/install/slam_toolbox/share/slam_toolbox/cmake/export_slam_toolbox__rosidl_generator_cppExport.cmake
[35.299s] -- Up-to-date: /home/hp/ROS2_WS/install/slam_toolbox/share/slam_toolbox/cmake/export_slam_toolbox__rosidl_typesupport_fastrtps_cppExport.cmake
[35.299s] -- Up-to-date: /home/hp/ROS2_WS/install/slam_toolbox/share/slam_toolbox/cmake/export_slam_toolbox__rosidl_typesupport_fastrtps_cppExport-release.cmake
[35.300s] -- Up-to-date: /home/hp/ROS2_WS/install/slam_toolbox/share/slam_toolbox/cmake/slam_toolbox__rosidl_typesupport_introspection_cExport.cmake
[35.300s] -- Up-to-date: /home/hp/ROS2_WS/install/slam_toolbox/share/slam_toolbox/cmake/slam_toolbox__rosidl_typesupport_introspection_cExport-release.cmake
[35.300s] -- Up-to-date: /home/hp/ROS2_WS/install/slam_toolbox/share/slam_toolbox/cmake/slam_toolbox__rosidl_typesupport_cExport.cmake
[35.300s] -- Up-to-date: /home/hp/ROS2_WS/install/slam_toolbox/share/slam_toolbox/cmake/slam_toolbox__rosidl_typesupport_cExport-release.cmake
[35.300s] -- Up-to-date: /home/hp/ROS2_WS/install/slam_toolbox/share/slam_toolbox/cmake/slam_toolbox__rosidl_typesupport_introspection_cppExport.cmake
[35.300s] -- Up-to-date: /home/hp/ROS2_WS/install/slam_toolbox/share/slam_toolbox/cmake/slam_toolbox__rosidl_typesupport_introspection_cppExport-release.cmake
[35.300s] -- Up-to-date: /home/hp/ROS2_WS/install/slam_toolbox/share/slam_toolbox/cmake/slam_toolbox__rosidl_typesupport_cppExport.cmake
[35.301s] -- Up-to-date: /home/hp/ROS2_WS/install/slam_toolbox/share/slam_toolbox/cmake/slam_toolbox__rosidl_typesupport_cppExport-release.cmake
[35.301s] -- Up-to-date: /home/hp/ROS2_WS/install/slam_toolbox/share/slam_toolbox/cmake/export_slam_toolbox__rosidl_generator_pyExport.cmake
[35.301s] -- Up-to-date: /home/hp/ROS2_WS/install/slam_toolbox/share/slam_toolbox/cmake/export_slam_toolbox__rosidl_generator_pyExport-release.cmake
[35.301s] -- Up-to-date: /home/hp/ROS2_WS/install/slam_toolbox/share/slam_toolbox/cmake/SlamToolboxPluginExport.cmake
[35.301s] -- Up-to-date: /home/hp/ROS2_WS/install/slam_toolbox/share/slam_toolbox/cmake/SlamToolboxPluginExport-release.cmake
[35.303s] Invoked command in '/home/hp/ROS2_WS/build/slam_toolbox' returned '0': CMAKE_PREFIX_PATH=${CMAKE_PREFIX_PATH}:/home/hp/ROS2_WS/install/my_robot_controller:/home/hp/ROS2_WS/install/my_exo:/home/hp/ROS2_WS/install/dynamic_tf:/opt/ros/humble /usr/bin/cmake --install /home/hp/ROS2_WS/build/slam_toolbox
