[1.524s] Invoking command in '/home/hp/ROS2_WS/build/my_exo': PYTHONPATH=/home/hp/ROS2_WS/build/my_exo/prefix_override:/home/hp/ROS2_WS/install/my_exo/lib/python3.10/site-packages:${PYTHONPATH} /usr/bin/python3 -W ignore:setup.py install is deprecated setup.py develop --editable --build-directory /home/hp/ROS2_WS/build/my_exo/build --no-deps symlink_data
[1.908s] running develop
[2.136s] running egg_info
[2.136s] writing my_exo.egg-info/PKG-INFO
[2.137s] writing dependency_links to my_exo.egg-info/dependency_links.txt
[2.137s] writing entry points to my_exo.egg-info/entry_points.txt
[2.137s] writing requirements to my_exo.egg-info/requires.txt
[2.137s] writing top-level names to my_exo.egg-info/top_level.txt
[2.140s] reading manifest file 'my_exo.egg-info/SOURCES.txt'
[2.141s] writing manifest file 'my_exo.egg-info/SOURCES.txt'
[2.143s] running build_ext
[2.143s] Creating /home/hp/ROS2_WS/install/my_exo/lib/python3.10/site-packages/my-exo.egg-link (link to .)
[2.144s] Installing first_node script to /home/hp/ROS2_WS/install/my_exo/lib/my_exo
[2.144s] Installing fourth_node script to /home/hp/ROS2_WS/install/my_exo/lib/my_exo
[2.145s] Installing input_node script to /home/hp/ROS2_WS/install/my_exo/lib/my_exo
[2.145s] Installing second_node script to /home/hp/ROS2_WS/install/my_exo/lib/my_exo
[2.145s] Installing selector_node script to /home/hp/ROS2_WS/install/my_exo/lib/my_exo
[2.145s] Installing third_node script to /home/hp/ROS2_WS/install/my_exo/lib/my_exo
[2.145s] 
[2.145s] Installed /home/hp/ROS2_WS/build/my_exo
[2.145s] running symlink_data
[2.205s] Invoked command in '/home/hp/ROS2_WS/build/my_exo' returned '0': PYTHONPATH=/home/hp/ROS2_WS/build/my_exo/prefix_override:/home/hp/ROS2_WS/install/my_exo/lib/python3.10/site-packages:${PYTHONPATH} /usr/bin/python3 -W ignore:setup.py install is deprecated setup.py develop --editable --build-directory /home/hp/ROS2_WS/build/my_exo/build --no-deps symlink_data
