running develop
running egg_info
creating dynamic_tf.egg-info
writing dynamic_tf.egg-info/PKG-INFO
writing dependency_links to dynamic_tf.egg-info/dependency_links.txt
writing entry points to dynamic_tf.egg-info/entry_points.txt
writing requirements to dynamic_tf.egg-info/requires.txt
writing top-level names to dynamic_tf.egg-info/top_level.txt
writing manifest file 'dynamic_tf.egg-info/SOURCES.txt'
reading manifest file 'dynamic_tf.egg-info/SOURCES.txt'
writing manifest file 'dynamic_tf.egg-info/SOURCES.txt'
running build_ext
Creating /home/hp/ROS2_WS/src/install/dynamic_tf/lib/python3.10/site-packages/dynamic-tf.egg-link (link to .)
Installing tf_map_baselink script to /home/hp/ROS2_WS/src/install/dynamic_tf/lib/dynamic_tf

Installed /home/hp/ROS2_WS/src/build/dynamic_tf
running symlink_data
creating /home/hp/ROS2_WS/src/install/dynamic_tf/share/ament_index
creating /home/hp/ROS2_WS/src/install/dynamic_tf/share/ament_index/resource_index
creating /home/hp/ROS2_WS/src/install/dynamic_tf/share/ament_index/resource_index/packages
symbolically linking /home/hp/ROS2_WS/src/build/dynamic_tf/resource/dynamic_tf -> /home/hp/ROS2_WS/src/install/dynamic_tf/share/ament_index/resource_index/packages
symbolically linking /home/hp/ROS2_WS/src/build/dynamic_tf/package.xml -> /home/hp/ROS2_WS/src/install/dynamic_tf/share/dynamic_tf
