[6.915s] Invoking command in '/home/hp/ROS2_WS/src/build/my_exo': CONDA_PROMPT_MODIFIER=(base) PYTHONPATH=/home/hp/ROS2_WS/src/build/my_exo/prefix_override:/home/hp/ROS2_WS/src/install/my_exo/lib/python3.10/site-packages:${PYTHONPATH} /usr/bin/python3 setup.py develop --editable --build-directory /home/hp/ROS2_WS/src/build/my_exo/build --no-deps install_data
[7.214s] running develop
[7.446s] running egg_info
[7.446s] writing my_exo.egg-info/PKG-INFO
[7.446s] writing dependency_links to my_exo.egg-info/dependency_links.txt
[7.447s] writing entry points to my_exo.egg-info/entry_points.txt
[7.447s] writing requirements to my_exo.egg-info/requires.txt
[7.447s] writing top-level names to my_exo.egg-info/top_level.txt
[7.463s] reading manifest file 'my_exo.egg-info/SOURCES.txt'
[7.482s] writing manifest file 'my_exo.egg-info/SOURCES.txt'
[7.485s] running build_ext
[7.485s] Creating /home/hp/ROS2_WS/src/install/my_exo/lib/python3.10/site-packages/my-exo.egg-link (link to .)
[7.487s] Installing first_node script to /home/hp/ROS2_WS/src/install/my_exo/lib/my_exo
[7.488s] Installing fourth_node script to /home/hp/ROS2_WS/src/install/my_exo/lib/my_exo
[7.488s] Installing input_node script to /home/hp/ROS2_WS/src/install/my_exo/lib/my_exo
[7.488s] Installing second_node script to /home/hp/ROS2_WS/src/install/my_exo/lib/my_exo
[7.488s] Installing selector_node script to /home/hp/ROS2_WS/src/install/my_exo/lib/my_exo
[7.489s] Installing third_node script to /home/hp/ROS2_WS/src/install/my_exo/lib/my_exo
[7.489s] 
[7.490s] Installed /home/hp/ROS2_WS/src/build/my_exo
[7.490s] running install_data
[7.567s] Invoked command in '/home/hp/ROS2_WS/src/build/my_exo' returned '0': CONDA_PROMPT_MODIFIER=(base) PYTHONPATH=/home/hp/ROS2_WS/src/build/my_exo/prefix_override:/home/hp/ROS2_WS/src/install/my_exo/lib/python3.10/site-packages:${PYTHONPATH} /usr/bin/python3 setup.py develop --editable --build-directory /home/hp/ROS2_WS/src/build/my_exo/build --no-deps install_data
