[35m[1mConsolidate compiler generated dependencies of target kartoSlamToolbox[0m
[  0%] Built target slam_toolbox__cpp
[  9%] Built target slam_toolbox__rosidl_generator_c
[  9%] Built target ament_cmake_python_symlink_slam_toolbox
[ 12%] [32mBuilding CXX object lib/karto_sdk/CMakeFiles/kartoSlamToolbox.dir/src/Mapper.cpp.o[0m
[ 19%] Built target slam_toolbox__rosidl_typesupport_cpp
[ 20%] [32mBuilding CXX object lib/karto_sdk/CMakeFiles/kartoSlamToolbox.dir/src/Karto.cpp.o[0m
[ 29%] Built target slam_toolbox__rosidl_typesupport_fastrtps_cpp
[ 38%] Built target slam_toolbox__rosidl_typesupport_introspection_c
[ 47%] Built target slam_toolbox__rosidl_typesupport_fastrtps_c
[ 65%] Built target slam_toolbox__rosidl_typesupport_c
[ 57%] Built target slam_toolbox__rosidl_typesupport_introspection_cpp
[ 65%] Built target slam_toolbox
[ 67%] Built target SlamToolboxPlugin
[ 68%] Built target slam_toolbox__py
[ 76%] Built target slam_toolbox__rosidl_generator_py
[ 78%] Built target slam_toolbox__rosidl_typesupport_fastrtps_c__pyext
[ 78%] Built target slam_toolbox__rosidl_typesupport_introspection_c__pyext
[ 79%] Built target slam_toolbox__rosidl_typesupport_c__pyext
running egg_info
writing slam_toolbox.egg-info/PKG-INFO
writing dependency_links to slam_toolbox.egg-info/dependency_links.txt
writing top-level names to slam_toolbox.egg-info/top_level.txt
reading manifest file 'slam_toolbox.egg-info/SOURCES.txt'
writing manifest file 'slam_toolbox.egg-info/SOURCES.txt'
[ 79%] Built target ament_cmake_python_build_slam_toolbox_egg
