-- The C compiler identification is GNU 11.4.0
-- The CXX compiler identification is GNU 11.4.0
-- Detecting C compiler ABI info
-- Detecting C compiler ABI info - done
-- Check for working C compiler: /usr/bin/cc - skipped
-- Detecting C compile features
-- Detecting C compile features - done
-- Detecting CXX compiler ABI info
-- Detecting CXX compiler ABI info - done
-- Check for working CXX compiler: /usr/bin/c++ - skipped
-- Detecting CXX compile features
-- Detecting CXX compile features - done
-- Found ament_cmake_python: 1.3.8 (/opt/ros/humble/share/ament_cmake_python/cmake)
-- Found ament_cmake_ros: 0.10.0 (/opt/ros/humble/share/ament_cmake_ros/cmake)
-- Found Python3: /home/hp/anaconda3/bin/python3 (found version "3.11.9") found components: Interpreter 
-- Override CMake install command with custom implementation using symlinks instead of copying resources
-- Found ament_lint_auto: 0.12.10 (/opt/ros/humble/share/ament_lint_auto/cmake)
-- Added test 'copyright' to check source files copyright and LICENSE
-- Added test 'flake8' to check Python code syntax and style conventions
-- Added test 'lint_cmake' to check CMake code style
-- Added test 'pep257' to check Python code against some of the docstring style conventions in PEP 257
-- Added test 'xmllint' to check XML markup files
-- Configuring done
-- Generating done
-- Build files have been written to: /home/hp/ROS2_WS/src/build/rosidl_generator_type_description
Built target ament_cmake_python_symlink_rosidl_generator_type_description
running egg_info
creating rosidl_generator_type_description.egg-info
writing rosidl_generator_type_description.egg-info/PKG-INFO
writing dependency_links to rosidl_generator_type_description.egg-info/dependency_links.txt
writing top-level names to rosidl_generator_type_description.egg-info/top_level.txt
writing manifest file 'rosidl_generator_type_description.egg-info/SOURCES.txt'
reading manifest file 'rosidl_generator_type_description.egg-info/SOURCES.txt'
writing manifest file 'rosidl_generator_type_description.egg-info/SOURCES.txt'
Built target ament_cmake_python_build_rosidl_generator_type_description_egg
-- Install configuration: ""
-- Execute custom install script
-- Symlinking: /home/hp/ROS2_WS/src/install/rosidl_generator_type_description/share/ament_index/resource_index/rosidl_generator_packages/rosidl_generator_type_description
-- Symlinking: /home/hp/ROS2_WS/src/install/rosidl_generator_type_description/share/rosidl_generator_type_description/environment/pythonpath.sh
-- Symlinking: /home/hp/ROS2_WS/src/install/rosidl_generator_type_description/share/rosidl_generator_type_description/environment/pythonpath.dsv
-- Symlinking: /home/hp/ROS2_WS/src/install/rosidl_generator_type_description/lib/python3.11/site-packages/rosidl_generator_type_description-4.7.0-py3.11.egg-info/PKG-INFO
-- Symlinking: /home/hp/ROS2_WS/src/install/rosidl_generator_type_description/lib/python3.11/site-packages/rosidl_generator_type_description-4.7.0-py3.11.egg-info/SOURCES.txt
-- Symlinking: /home/hp/ROS2_WS/src/install/rosidl_generator_type_description/lib/python3.11/site-packages/rosidl_generator_type_description-4.7.0-py3.11.egg-info/dependency_links.txt
-- Symlinking: /home/hp/ROS2_WS/src/install/rosidl_generator_type_description/lib/python3.11/site-packages/rosidl_generator_type_description-4.7.0-py3.11.egg-info/top_level.txt
-- Symlinking: /home/hp/ROS2_WS/src/install/rosidl_generator_type_description/lib/python3.11/site-packages/rosidl_generator_type_description/__init__.py
-- Symlinking: /home/hp/ROS2_WS/src/install/rosidl_generator_type_description/share/ament_index/resource_index/package_run_dependencies/rosidl_generator_type_description
-- Symlinking: /home/hp/ROS2_WS/src/install/rosidl_generator_type_description/share/ament_index/resource_index/parent_prefix_path/rosidl_generator_type_description
-- Symlinking: /home/hp/ROS2_WS/src/install/rosidl_generator_type_description/share/rosidl_generator_type_description/environment/ament_prefix_path.sh
-- Symlinking: /home/hp/ROS2_WS/src/install/rosidl_generator_type_description/share/rosidl_generator_type_description/environment/ament_prefix_path.dsv
-- Symlinking: /home/hp/ROS2_WS/src/install/rosidl_generator_type_description/share/rosidl_generator_type_description/environment/path.sh
-- Symlinking: /home/hp/ROS2_WS/src/install/rosidl_generator_type_description/share/rosidl_generator_type_description/environment/path.dsv
-- Symlinking: /home/hp/ROS2_WS/src/install/rosidl_generator_type_description/share/rosidl_generator_type_description/local_setup.bash
-- Symlinking: /home/hp/ROS2_WS/src/install/rosidl_generator_type_description/share/rosidl_generator_type_description/local_setup.sh
-- Symlinking: /home/hp/ROS2_WS/src/install/rosidl_generator_type_description/share/rosidl_generator_type_description/local_setup.zsh
-- Symlinking: /home/hp/ROS2_WS/src/install/rosidl_generator_type_description/share/rosidl_generator_type_description/local_setup.dsv
-- Symlinking: /home/hp/ROS2_WS/src/install/rosidl_generator_type_description/share/rosidl_generator_type_description/package.dsv
-- Symlinking: /home/hp/ROS2_WS/src/install/rosidl_generator_type_description/share/ament_index/resource_index/packages/rosidl_generator_type_description
-- Symlinking: /home/hp/ROS2_WS/src/install/rosidl_generator_type_description/share/rosidl_generator_type_description/cmake/rosidl_generator_type_description-extras.cmake
-- Symlinking: /home/hp/ROS2_WS/src/install/rosidl_generator_type_description/share/rosidl_generator_type_description/cmake/rosidl_generator_type_descriptionConfig.cmake
-- Symlinking: /home/hp/ROS2_WS/src/install/rosidl_generator_type_description/share/rosidl_generator_type_description/cmake/rosidl_generator_type_descriptionConfig-version.cmake
-- Symlinking: /home/hp/ROS2_WS/src/install/rosidl_generator_type_description/share/rosidl_generator_type_description/package.xml
-- Symlinking: /home/hp/ROS2_WS/src/install/rosidl_generator_type_description/lib/rosidl_generator_type_description/rosidl_generator_type_description
-- Symlinking: /home/hp/ROS2_WS/src/install/rosidl_generator_type_description/share/rosidl_generator_type_description/cmake/rosidl_generator_type_description_generate_interfaces.cmake
-- Symlinking: /home/hp/ROS2_WS/src/install/rosidl_generator_type_description/share/rosidl_generator_type_description/resource/HashedTypeDescription.schema.json
Listing '/home/hp/ROS2_WS/src/install/rosidl_generator_type_description/lib/python3.11/site-packages/rosidl_generator_type_description'...
Compiling '/home/hp/ROS2_WS/src/install/rosidl_generator_type_description/lib/python3.11/site-packages/rosidl_generator_type_description/__init__.py'...
