[0.841s] Invoking command in '/home/hp/ROS2_WS/build/slam_toolbox': CMAKE_PREFIX_PATH=${CMAKE_PREFIX_PATH}:/home/hp/ROS2_WS/install/my_robot_controller:/home/hp/ROS2_WS/install/my_exo:/home/hp/ROS2_WS/install/dynamic_tf:/opt/ros/humble /usr/bin/cmake --build /home/hp/ROS2_WS/build/slam_toolbox -- -j8 -l8
[0.940s] [  0%] Built target slam_toolbox__cpp
[0.949s] [35m[1mConsolidate compiler generated dependencies of target kartoSlamToolbox[0m
[0.963s] [  9%] Built target slam_toolbox__rosidl_generator_c
[0.980s] [  9%] Built target ament_cmake_python_symlink_slam_toolbox
[1.014s] [ 18%] Built target slam_toolbox__rosidl_typesupport_fastrtps_cpp
[1.024s] [ 27%] Built target slam_toolbox__rosidl_typesupport_cpp
[1.027s] [ 28%] [32mBuilding CXX object lib/karto_sdk/CMakeFiles/kartoSlamToolbox.dir/src/Mapper.cpp.o[0m
[1.030s] [ 37%] Built target slam_toolbox__rosidl_typesupport_introspection_cpp
[1.030s] [ 46%] Built target slam_toolbox__rosidl_typesupport_fastrtps_c
[1.039s] [ 55%] Built target slam_toolbox__rosidl_typesupport_introspection_c
[1.065s] [ 64%] Built target slam_toolbox__rosidl_typesupport_c
[1.092s] [ 66%] Built target SlamToolboxPlugin
[1.098s] [ 66%] Built target slam_toolbox
[1.152s] [ 67%] Built target slam_toolbox__py
[1.179s] [ 75%] Built target slam_toolbox__rosidl_generator_py
[1.217s] [ 76%] Built target slam_toolbox__rosidl_typesupport_introspection_c__pyext
[1.220s] [ 77%] Built target slam_toolbox__rosidl_typesupport_c__pyext
[1.229s] [ 78%] Built target slam_toolbox__rosidl_typesupport_fastrtps_c__pyext
[1.613s] running egg_info
[1.614s] writing slam_toolbox.egg-info/PKG-INFO
[1.615s] writing dependency_links to slam_toolbox.egg-info/dependency_links.txt
[1.615s] writing top-level names to slam_toolbox.egg-info/top_level.txt
[1.620s] reading manifest file 'slam_toolbox.egg-info/SOURCES.txt'
[1.623s] writing manifest file 'slam_toolbox.egg-info/SOURCES.txt'
[1.671s] [ 78%] Built target ament_cmake_python_build_slam_toolbox_egg
[23.865s] [ 78%] [32m[1mLinking CXX shared library libkartoSlamToolbox.so[0m
[24.435s] [ 79%] Built target kartoSlamToolbox
[24.470s] [ 79%] [32m[1mLinking CXX shared library libceres_solver_plugin.so[0m
[24.483s] [ 80%] [32m[1mLinking CXX shared library libtoolbox_common.so[0m
[25.527s] [ 81%] Built target ceres_solver_plugin
[25.990s] [ 85%] Built target toolbox_common
[26.034s] [ 86%] [32m[1mLinking CXX shared library liblifelong_slam_toolbox.so[0m
[26.039s] [ 87%] [32m[1mLinking CXX shared library liblocalization_slam_toolbox.so[0m
[26.039s] [ 87%] [32m[1mLinking CXX executable merge_maps_kinematic[0m
[26.047s] [ 88%] [32m[1mLinking CXX shared library libasync_slam_toolbox.so[0m
[26.047s] [ 89%] [32m[1mLinking CXX shared library libsync_slam_toolbox.so[0m
[29.816s] [ 90%] Built target lifelong_slam_toolbox
[29.894s] [ 91%] [32m[1mLinking CXX executable lifelong_slam_toolbox_node[0m
[30.143s] [ 92%] Built target merge_maps_kinematic
[30.215s] [ 92%] Built target sync_slam_toolbox
[30.290s] [ 92%] [32m[1mLinking CXX executable sync_slam_toolbox_node[0m
[31.049s] [ 93%] Built target async_slam_toolbox
[31.128s] [ 94%] [32m[1mLinking CXX executable async_slam_toolbox_node[0m
[31.150s] [ 95%] Built target localization_slam_toolbox
[31.219s] [ 96%] [32m[1mLinking CXX executable localization_slam_toolbox_node[0m
[31.224s] [ 97%] [32m[1mLinking CXX shared library libmap_and_localization_slam_toolbox.so[0m
[31.358s] [ 97%] Built target lifelong_slam_toolbox_node
[31.554s] [ 98%] Built target sync_slam_toolbox_node
[32.529s] [ 98%] Built target async_slam_toolbox_node
[32.648s] [ 99%] Built target localization_slam_toolbox_node
[32.979s] [ 99%] Built target map_and_localization_slam_toolbox
[33.017s] [ 99%] [32m[1mLinking CXX executable map_and_localization_slam_toolbox_node[0m
[33.535s] [100%] Built target map_and_localization_slam_toolbox_node
[33.547s] Invoked command in '/home/hp/ROS2_WS/build/slam_toolbox' returned '0': CMAKE_PREFIX_PATH=${CMAKE_PREFIX_PATH}:/home/hp/ROS2_WS/install/my_robot_controller:/home/hp/ROS2_WS/install/my_exo:/home/hp/ROS2_WS/install/dynamic_tf:/opt/ros/humble /usr/bin/cmake --build /home/hp/ROS2_WS/build/slam_toolbox -- -j8 -l8
[33.961s] Invoking command in '/home/hp/ROS2_WS/build/slam_toolbox': CMAKE_PREFIX_PATH=${CMAKE_PREFIX_PATH}:/home/hp/ROS2_WS/install/my_robot_controller:/home/hp/ROS2_WS/install/my_exo:/home/hp/ROS2_WS/install/dynamic_tf:/opt/ros/humble /usr/bin/cmake --install /home/hp/ROS2_WS/build/slam_toolbox
[33.972s] -- Install configuration: "Release"
[33.973s] -- Execute custom install script
[33.974s] -- Up-to-date symlink: /home/hp/ROS2_WS/install/slam_toolbox/include//karto_sdk/Karto.h
[33.974s] -- Up-to-date symlink: /home/hp/ROS2_WS/install/slam_toolbox/include//karto_sdk/Macros.h
[33.974s] -- Up-to-date symlink: /home/hp/ROS2_WS/install/slam_toolbox/include//karto_sdk/Mapper.h
[33.974s] -- Up-to-date symlink: /home/hp/ROS2_WS/install/slam_toolbox/include//karto_sdk/Math.h
[33.974s] -- Up-to-date symlink: /home/hp/ROS2_WS/install/slam_toolbox/include//karto_sdk/ProcessData.h
[33.974s] -- Up-to-date symlink: /home/hp/ROS2_WS/install/slam_toolbox/include//karto_sdk/Types.h
[33.974s] -- Up-to-date symlink: /home/hp/ROS2_WS/install/slam_toolbox/include//karto_sdk/nanoflann.hpp
[33.974s] -- Up-to-date symlink: /home/hp/ROS2_WS/install/slam_toolbox/include//karto_sdk/nanoflann_adaptors.h
[33.975s] -- Up-to-date symlink: /home/hp/ROS2_WS/install/slam_toolbox/share/ament_index/resource_index/rosidl_interfaces/slam_toolbox
[33.975s] -- Up-to-date symlink: /home/hp/ROS2_WS/install/slam_toolbox/include/slam_toolbox/slam_toolbox/msg/rosidl_generator_c__visibility_control.h
[33.975s] -- Up-to-date symlink: /home/hp/ROS2_WS/install/slam_toolbox/include/slam_toolbox/slam_toolbox/srv/add_submap.h
[33.976s] -- Up-to-date symlink: /home/hp/ROS2_WS/install/slam_toolbox/include/slam_toolbox/slam_toolbox/srv/clear.h
[33.976s] -- Up-to-date symlink: /home/hp/ROS2_WS/install/slam_toolbox/include/slam_toolbox/slam_toolbox/srv/clear_queue.h
[33.976s] -- Up-to-date symlink: /home/hp/ROS2_WS/install/slam_toolbox/include/slam_toolbox/slam_toolbox/srv/deserialize_pose_graph.h
[33.976s] -- Up-to-date symlink: /home/hp/ROS2_WS/install/slam_toolbox/include/slam_toolbox/slam_toolbox/srv/detail/add_submap__functions.h
[33.976s] -- Up-to-date symlink: /home/hp/ROS2_WS/install/slam_toolbox/include/slam_toolbox/slam_toolbox/srv/detail/add_submap__struct.h
[33.976s] -- Up-to-date symlink: /home/hp/ROS2_WS/install/slam_toolbox/include/slam_toolbox/slam_toolbox/srv/detail/add_submap__type_support.h
[33.976s] -- Up-to-date symlink: /home/hp/ROS2_WS/install/slam_toolbox/include/slam_toolbox/slam_toolbox/srv/detail/clear__functions.h
[33.976s] -- Up-to-date symlink: /home/hp/ROS2_WS/install/slam_toolbox/include/slam_toolbox/slam_toolbox/srv/detail/clear__struct.h
[33.976s] -- Up-to-date symlink: /home/hp/ROS2_WS/install/slam_toolbox/include/slam_toolbox/slam_toolbox/srv/detail/clear__type_support.h
[33.976s] -- Up-to-date symlink: /home/hp/ROS2_WS/install/slam_toolbox/include/slam_toolbox/slam_toolbox/srv/detail/clear_queue__functions.h
[33.976s] -- Up-to-date symlink: /home/hp/ROS2_WS/install/slam_toolbox/include/slam_toolbox/slam_toolbox/srv/detail/clear_queue__struct.h
[33.976s] -- Up-to-date symlink: /home/hp/ROS2_WS/install/slam_toolbox/include/slam_toolbox/slam_toolbox/srv/detail/clear_queue__type_support.h
[33.977s] -- Up-to-date symlink: /home/hp/ROS2_WS/install/slam_toolbox/include/slam_toolbox/slam_toolbox/srv/detail/deserialize_pose_graph__functions.h
[33.977s] -- Up-to-date symlink: /home/hp/ROS2_WS/install/slam_toolbox/include/slam_toolbox/slam_toolbox/srv/detail/deserialize_pose_graph__struct.h
[33.977s] -- Up-to-date symlink: /home/hp/ROS2_WS/install/slam_toolbox/include/slam_toolbox/slam_toolbox/srv/detail/deserialize_pose_graph__type_support.h
[33.977s] -- Up-to-date symlink: /home/hp/ROS2_WS/install/slam_toolbox/include/slam_toolbox/slam_toolbox/srv/detail/loop_closure__functions.h
[33.977s] -- Up-to-date symlink: /home/hp/ROS2_WS/install/slam_toolbox/include/slam_toolbox/slam_toolbox/srv/detail/loop_closure__struct.h
[33.977s] -- Up-to-date symlink: /home/hp/ROS2_WS/install/slam_toolbox/include/slam_toolbox/slam_toolbox/srv/detail/loop_closure__type_support.h
[33.977s] -- Up-to-date symlink: /home/hp/ROS2_WS/install/slam_toolbox/include/slam_toolbox/slam_toolbox/srv/detail/merge_maps__functions.h
[33.977s] -- Up-to-date symlink: /home/hp/ROS2_WS/install/slam_toolbox/include/slam_toolbox/slam_toolbox/srv/detail/merge_maps__struct.h
[33.977s] -- Up-to-date symlink: /home/hp/ROS2_WS/install/slam_toolbox/include/slam_toolbox/slam_toolbox/srv/detail/merge_maps__type_support.h
[33.977s] -- Up-to-date symlink: /home/hp/ROS2_WS/install/slam_toolbox/include/slam_toolbox/slam_toolbox/srv/detail/pause__functions.h
[33.978s] -- Up-to-date symlink: /home/hp/ROS2_WS/install/slam_toolbox/include/slam_toolbox/slam_toolbox/srv/detail/pause__struct.h
[33.978s] -- Up-to-date symlink: /home/hp/ROS2_WS/install/slam_toolbox/include/slam_toolbox/slam_toolbox/srv/detail/pause__type_support.h
[33.978s] -- Up-to-date symlink: /home/hp/ROS2_WS/install/slam_toolbox/include/slam_toolbox/slam_toolbox/srv/detail/reset__functions.h
[33.978s] -- Up-to-date symlink: /home/hp/ROS2_WS/install/slam_toolbox/include/slam_toolbox/slam_toolbox/srv/detail/reset__struct.h
[33.978s] -- Up-to-date symlink: /home/hp/ROS2_WS/install/slam_toolbox/include/slam_toolbox/slam_toolbox/srv/detail/reset__type_support.h
[33.978s] -- Up-to-date symlink: /home/hp/ROS2_WS/install/slam_toolbox/include/slam_toolbox/slam_toolbox/srv/detail/save_map__functions.h
[33.978s] -- Up-to-date symlink: /home/hp/ROS2_WS/install/slam_toolbox/include/slam_toolbox/slam_toolbox/srv/detail/save_map__struct.h
[33.978s] -- Up-to-date symlink: /home/hp/ROS2_WS/install/slam_toolbox/include/slam_toolbox/slam_toolbox/srv/detail/save_map__type_support.h
[33.978s] -- Up-to-date symlink: /home/hp/ROS2_WS/install/slam_toolbox/include/slam_toolbox/slam_toolbox/srv/detail/serialize_pose_graph__functions.h
[33.978s] -- Up-to-date symlink: /home/hp/ROS2_WS/install/slam_toolbox/include/slam_toolbox/slam_toolbox/srv/detail/serialize_pose_graph__struct.h
[33.978s] -- Up-to-date symlink: /home/hp/ROS2_WS/install/slam_toolbox/include/slam_toolbox/slam_toolbox/srv/detail/serialize_pose_graph__type_support.h
[33.978s] -- Up-to-date symlink: /home/hp/ROS2_WS/install/slam_toolbox/include/slam_toolbox/slam_toolbox/srv/detail/toggle_interactive__functions.h
[33.979s] -- Up-to-date symlink: /home/hp/ROS2_WS/install/slam_toolbox/include/slam_toolbox/slam_toolbox/srv/detail/toggle_interactive__struct.h
[33.979s] -- Up-to-date symlink: /home/hp/ROS2_WS/install/slam_toolbox/include/slam_toolbox/slam_toolbox/srv/detail/toggle_interactive__type_support.h
[33.979s] -- Up-to-date symlink: /home/hp/ROS2_WS/install/slam_toolbox/include/slam_toolbox/slam_toolbox/srv/loop_closure.h
[33.979s] -- Up-to-date symlink: /home/hp/ROS2_WS/install/slam_toolbox/include/slam_toolbox/slam_toolbox/srv/merge_maps.h
[33.979s] -- Up-to-date symlink: /home/hp/ROS2_WS/install/slam_toolbox/include/slam_toolbox/slam_toolbox/srv/pause.h
[33.979s] -- Up-to-date symlink: /home/hp/ROS2_WS/install/slam_toolbox/include/slam_toolbox/slam_toolbox/srv/reset.h
[33.979s] -- Up-to-date symlink: /home/hp/ROS2_WS/install/slam_toolbox/include/slam_toolbox/slam_toolbox/srv/save_map.h
[33.979s] -- Up-to-date symlink: /home/hp/ROS2_WS/install/slam_toolbox/include/slam_toolbox/slam_toolbox/srv/serialize_pose_graph.h
[33.979s] -- Up-to-date symlink: /home/hp/ROS2_WS/install/slam_toolbox/include/slam_toolbox/slam_toolbox/srv/toggle_interactive.h
[33.979s] -- Up-to-date symlink: /home/hp/ROS2_WS/install/slam_toolbox/share/slam_toolbox/environment/library_path.sh
[33.980s] -- Up-to-date symlink: /home/hp/ROS2_WS/install/slam_toolbox/share/slam_toolbox/environment/library_path.dsv
[33.980s] -- Up-to-date symlink: /home/hp/ROS2_WS/install/slam_toolbox/include/slam_toolbox/slam_toolbox/msg/rosidl_typesupport_fastrtps_c__visibility_control.h
[33.980s] -- Up-to-date symlink: /home/hp/ROS2_WS/install/slam_toolbox/include/slam_toolbox/slam_toolbox/srv/detail/add_submap__rosidl_typesupport_fastrtps_c.h
[33.980s] -- Up-to-date symlink: /home/hp/ROS2_WS/install/slam_toolbox/include/slam_toolbox/slam_toolbox/srv/detail/clear__rosidl_typesupport_fastrtps_c.h
[33.981s] -- Up-to-date symlink: /home/hp/ROS2_WS/install/slam_toolbox/include/slam_toolbox/slam_toolbox/srv/detail/clear_queue__rosidl_typesupport_fastrtps_c.h
[33.981s] -- Up-to-date symlink: /home/hp/ROS2_WS/install/slam_toolbox/include/slam_toolbox/slam_toolbox/srv/detail/deserialize_pose_graph__rosidl_typesupport_fastrtps_c.h
[33.981s] -- Up-to-date symlink: /home/hp/ROS2_WS/install/slam_toolbox/include/slam_toolbox/slam_toolbox/srv/detail/loop_closure__rosidl_typesupport_fastrtps_c.h
[33.981s] -- Up-to-date symlink: /home/hp/ROS2_WS/install/slam_toolbox/include/slam_toolbox/slam_toolbox/srv/detail/merge_maps__rosidl_typesupport_fastrtps_c.h
[33.981s] -- Up-to-date symlink: /home/hp/ROS2_WS/install/slam_toolbox/include/slam_toolbox/slam_toolbox/srv/detail/pause__rosidl_typesupport_fastrtps_c.h
[33.981s] -- Up-to-date symlink: /home/hp/ROS2_WS/install/slam_toolbox/include/slam_toolbox/slam_toolbox/srv/detail/reset__rosidl_typesupport_fastrtps_c.h
[33.981s] -- Up-to-date symlink: /home/hp/ROS2_WS/install/slam_toolbox/include/slam_toolbox/slam_toolbox/srv/detail/save_map__rosidl_typesupport_fastrtps_c.h
[33.981s] -- Up-to-date symlink: /home/hp/ROS2_WS/install/slam_toolbox/include/slam_toolbox/slam_toolbox/srv/detail/serialize_pose_graph__rosidl_typesupport_fastrtps_c.h
[33.981s] -- Up-to-date symlink: /home/hp/ROS2_WS/install/slam_toolbox/include/slam_toolbox/slam_toolbox/srv/detail/toggle_interactive__rosidl_typesupport_fastrtps_c.h
[33.982s] -- Up-to-date symlink: /home/hp/ROS2_WS/install/slam_toolbox/include/slam_toolbox/slam_toolbox/srv/add_submap.hpp
[33.982s] -- Up-to-date symlink: /home/hp/ROS2_WS/install/slam_toolbox/include/slam_toolbox/slam_toolbox/srv/clear.hpp
[33.982s] -- Up-to-date symlink: /home/hp/ROS2_WS/install/slam_toolbox/include/slam_toolbox/slam_toolbox/srv/clear_queue.hpp
[33.982s] -- Up-to-date symlink: /home/hp/ROS2_WS/install/slam_toolbox/include/slam_toolbox/slam_toolbox/srv/deserialize_pose_graph.hpp
[33.982s] -- Up-to-date symlink: /home/hp/ROS2_WS/install/slam_toolbox/include/slam_toolbox/slam_toolbox/srv/detail/add_submap__builder.hpp
[33.982s] -- Up-to-date symlink: /home/hp/ROS2_WS/install/slam_toolbox/include/slam_toolbox/slam_toolbox/srv/detail/add_submap__struct.hpp
[33.983s] -- Up-to-date symlink: /home/hp/ROS2_WS/install/slam_toolbox/include/slam_toolbox/slam_toolbox/srv/detail/add_submap__traits.hpp
[33.983s] -- Up-to-date symlink: /home/hp/ROS2_WS/install/slam_toolbox/include/slam_toolbox/slam_toolbox/srv/detail/clear__builder.hpp
[33.983s] -- Up-to-date symlink: /home/hp/ROS2_WS/install/slam_toolbox/include/slam_toolbox/slam_toolbox/srv/detail/clear__struct.hpp
[33.983s] -- Up-to-date symlink: /home/hp/ROS2_WS/install/slam_toolbox/include/slam_toolbox/slam_toolbox/srv/detail/clear__traits.hpp
[33.983s] -- Up-to-date symlink: /home/hp/ROS2_WS/install/slam_toolbox/include/slam_toolbox/slam_toolbox/srv/detail/clear_queue__builder.hpp
[33.983s] -- Up-to-date symlink: /home/hp/ROS2_WS/install/slam_toolbox/include/slam_toolbox/slam_toolbox/srv/detail/clear_queue__struct.hpp
[33.983s] -- Up-to-date symlink: /home/hp/ROS2_WS/install/slam_toolbox/include/slam_toolbox/slam_toolbox/srv/detail/clear_queue__traits.hpp
[33.983s] -- Up-to-date symlink: /home/hp/ROS2_WS/install/slam_toolbox/include/slam_toolbox/slam_toolbox/srv/detail/deserialize_pose_graph__builder.hpp
[33.983s] -- Up-to-date symlink: /home/hp/ROS2_WS/install/slam_toolbox/include/slam_toolbox/slam_toolbox/srv/detail/deserialize_pose_graph__struct.hpp
[33.983s] -- Up-to-date symlink: /home/hp/ROS2_WS/install/slam_toolbox/include/slam_toolbox/slam_toolbox/srv/detail/deserialize_pose_graph__traits.hpp
[33.983s] -- Up-to-date symlink: /home/hp/ROS2_WS/install/slam_toolbox/include/slam_toolbox/slam_toolbox/srv/detail/loop_closure__builder.hpp
[33.983s] -- Up-to-date symlink: /home/hp/ROS2_WS/install/slam_toolbox/include/slam_toolbox/slam_toolbox/srv/detail/loop_closure__struct.hpp
[33.984s] -- Up-to-date symlink: /home/hp/ROS2_WS/install/slam_toolbox/include/slam_toolbox/slam_toolbox/srv/detail/loop_closure__traits.hpp
[33.984s] -- Up-to-date symlink: /home/hp/ROS2_WS/install/slam_toolbox/include/slam_toolbox/slam_toolbox/srv/detail/merge_maps__builder.hpp
[33.984s] -- Up-to-date symlink: /home/hp/ROS2_WS/install/slam_toolbox/include/slam_toolbox/slam_toolbox/srv/detail/merge_maps__struct.hpp
[33.984s] -- Up-to-date symlink: /home/hp/ROS2_WS/install/slam_toolbox/include/slam_toolbox/slam_toolbox/srv/detail/merge_maps__traits.hpp
[33.984s] -- Up-to-date symlink: /home/hp/ROS2_WS/install/slam_toolbox/include/slam_toolbox/slam_toolbox/srv/detail/pause__builder.hpp
[33.984s] -- Up-to-date symlink: /home/hp/ROS2_WS/install/slam_toolbox/include/slam_toolbox/slam_toolbox/srv/detail/pause__struct.hpp
[33.984s] -- Up-to-date symlink: /home/hp/ROS2_WS/install/slam_toolbox/include/slam_toolbox/slam_toolbox/srv/detail/pause__traits.hpp
[33.984s] -- Up-to-date symlink: /home/hp/ROS2_WS/install/slam_toolbox/include/slam_toolbox/slam_toolbox/srv/detail/reset__builder.hpp
[33.984s] -- Up-to-date symlink: /home/hp/ROS2_WS/install/slam_toolbox/include/slam_toolbox/slam_toolbox/srv/detail/reset__struct.hpp
[33.984s] -- Up-to-date symlink: /home/hp/ROS2_WS/install/slam_toolbox/include/slam_toolbox/slam_toolbox/srv/detail/reset__traits.hpp
[33.984s] -- Up-to-date symlink: /home/hp/ROS2_WS/install/slam_toolbox/include/slam_toolbox/slam_toolbox/srv/detail/save_map__builder.hpp
[33.985s] -- Up-to-date symlink: /home/hp/ROS2_WS/install/slam_toolbox/include/slam_toolbox/slam_toolbox/srv/detail/save_map__struct.hpp
[33.985s] -- Up-to-date symlink: /home/hp/ROS2_WS/install/slam_toolbox/include/slam_toolbox/slam_toolbox/srv/detail/save_map__traits.hpp
[33.985s] -- Up-to-date symlink: /home/hp/ROS2_WS/install/slam_toolbox/include/slam_toolbox/slam_toolbox/srv/detail/serialize_pose_graph__builder.hpp
[33.985s] -- Up-to-date symlink: /home/hp/ROS2_WS/install/slam_toolbox/include/slam_toolbox/slam_toolbox/srv/detail/serialize_pose_graph__struct.hpp
[33.985s] -- Up-to-date symlink: /home/hp/ROS2_WS/install/slam_toolbox/include/slam_toolbox/slam_toolbox/srv/detail/serialize_pose_graph__traits.hpp
[33.985s] -- Up-to-date symlink: /home/hp/ROS2_WS/install/slam_toolbox/include/slam_toolbox/slam_toolbox/srv/detail/toggle_interactive__builder.hpp
[33.985s] -- Up-to-date symlink: /home/hp/ROS2_WS/install/slam_toolbox/include/slam_toolbox/slam_toolbox/srv/detail/toggle_interactive__struct.hpp
[33.985s] -- Up-to-date symlink: /home/hp/ROS2_WS/install/slam_toolbox/include/slam_toolbox/slam_toolbox/srv/detail/toggle_interactive__traits.hpp
[33.985s] -- Up-to-date symlink: /home/hp/ROS2_WS/install/slam_toolbox/include/slam_toolbox/slam_toolbox/srv/loop_closure.hpp
[33.985s] -- Up-to-date symlink: /home/hp/ROS2_WS/install/slam_toolbox/include/slam_toolbox/slam_toolbox/srv/merge_maps.hpp
[33.985s] -- Up-to-date symlink: /home/hp/ROS2_WS/install/slam_toolbox/include/slam_toolbox/slam_toolbox/srv/pause.hpp
[33.986s] -- Up-to-date symlink: /home/hp/ROS2_WS/install/slam_toolbox/include/slam_toolbox/slam_toolbox/srv/reset.hpp
[33.986s] -- Up-to-date symlink: /home/hp/ROS2_WS/install/slam_toolbox/include/slam_toolbox/slam_toolbox/srv/save_map.hpp
[33.986s] -- Up-to-date symlink: /home/hp/ROS2_WS/install/slam_toolbox/include/slam_toolbox/slam_toolbox/srv/serialize_pose_graph.hpp
[33.986s] -- Up-to-date symlink: /home/hp/ROS2_WS/install/slam_toolbox/include/slam_toolbox/slam_toolbox/srv/toggle_interactive.hpp
[33.987s] -- Up-to-date symlink: /home/hp/ROS2_WS/install/slam_toolbox/include/slam_toolbox/slam_toolbox/msg/rosidl_typesupport_fastrtps_cpp__visibility_control.h
[33.987s] -- Up-to-date symlink: /home/hp/ROS2_WS/install/slam_toolbox/include/slam_toolbox/slam_toolbox/srv/detail/add_submap__rosidl_typesupport_fastrtps_cpp.hpp
[33.987s] -- Up-to-date symlink: /home/hp/ROS2_WS/install/slam_toolbox/include/slam_toolbox/slam_toolbox/srv/detail/clear__rosidl_typesupport_fastrtps_cpp.hpp
[33.987s] -- Up-to-date symlink: /home/hp/ROS2_WS/install/slam_toolbox/include/slam_toolbox/slam_toolbox/srv/detail/clear_queue__rosidl_typesupport_fastrtps_cpp.hpp
[33.987s] -- Up-to-date symlink: /home/hp/ROS2_WS/install/slam_toolbox/include/slam_toolbox/slam_toolbox/srv/detail/deserialize_pose_graph__rosidl_typesupport_fastrtps_cpp.hpp
[33.987s] -- Up-to-date symlink: /home/hp/ROS2_WS/install/slam_toolbox/include/slam_toolbox/slam_toolbox/srv/detail/loop_closure__rosidl_typesupport_fastrtps_cpp.hpp
[33.987s] -- Up-to-date symlink: /home/hp/ROS2_WS/install/slam_toolbox/include/slam_toolbox/slam_toolbox/srv/detail/merge_maps__rosidl_typesupport_fastrtps_cpp.hpp
[33.987s] -- Up-to-date symlink: /home/hp/ROS2_WS/install/slam_toolbox/include/slam_toolbox/slam_toolbox/srv/detail/pause__rosidl_typesupport_fastrtps_cpp.hpp
[33.987s] -- Up-to-date symlink: /home/hp/ROS2_WS/install/slam_toolbox/include/slam_toolbox/slam_toolbox/srv/detail/reset__rosidl_typesupport_fastrtps_cpp.hpp
[33.987s] -- Up-to-date symlink: /home/hp/ROS2_WS/install/slam_toolbox/include/slam_toolbox/slam_toolbox/srv/detail/save_map__rosidl_typesupport_fastrtps_cpp.hpp
[33.988s] -- Up-to-date symlink: /home/hp/ROS2_WS/install/slam_toolbox/include/slam_toolbox/slam_toolbox/srv/detail/serialize_pose_graph__rosidl_typesupport_fastrtps_cpp.hpp
[33.988s] -- Up-to-date symlink: /home/hp/ROS2_WS/install/slam_toolbox/include/slam_toolbox/slam_toolbox/srv/detail/toggle_interactive__rosidl_typesupport_fastrtps_cpp.hpp
[33.988s] -- Up-to-date symlink: /home/hp/ROS2_WS/install/slam_toolbox/include/slam_toolbox/slam_toolbox/msg/rosidl_typesupport_introspection_c__visibility_control.h
[33.988s] -- Up-to-date symlink: /home/hp/ROS2_WS/install/slam_toolbox/include/slam_toolbox/slam_toolbox/srv/detail/add_submap__rosidl_typesupport_introspection_c.h
[33.988s] -- Up-to-date symlink: /home/hp/ROS2_WS/install/slam_toolbox/include/slam_toolbox/slam_toolbox/srv/detail/clear__rosidl_typesupport_introspection_c.h
[33.989s] -- Up-to-date symlink: /home/hp/ROS2_WS/install/slam_toolbox/include/slam_toolbox/slam_toolbox/srv/detail/clear_queue__rosidl_typesupport_introspection_c.h
[33.989s] -- Up-to-date symlink: /home/hp/ROS2_WS/install/slam_toolbox/include/slam_toolbox/slam_toolbox/srv/detail/deserialize_pose_graph__rosidl_typesupport_introspection_c.h
[33.989s] -- Up-to-date symlink: /home/hp/ROS2_WS/install/slam_toolbox/include/slam_toolbox/slam_toolbox/srv/detail/loop_closure__rosidl_typesupport_introspection_c.h
[33.989s] -- Up-to-date symlink: /home/hp/ROS2_WS/install/slam_toolbox/include/slam_toolbox/slam_toolbox/srv/detail/merge_maps__rosidl_typesupport_introspection_c.h
[33.989s] -- Up-to-date symlink: /home/hp/ROS2_WS/install/slam_toolbox/include/slam_toolbox/slam_toolbox/srv/detail/pause__rosidl_typesupport_introspection_c.h
[33.989s] -- Up-to-date symlink: /home/hp/ROS2_WS/install/slam_toolbox/include/slam_toolbox/slam_toolbox/srv/detail/reset__rosidl_typesupport_introspection_c.h
[33.989s] -- Up-to-date symlink: /home/hp/ROS2_WS/install/slam_toolbox/include/slam_toolbox/slam_toolbox/srv/detail/save_map__rosidl_typesupport_introspection_c.h
[33.989s] -- Up-to-date symlink: /home/hp/ROS2_WS/install/slam_toolbox/include/slam_toolbox/slam_toolbox/srv/detail/serialize_pose_graph__rosidl_typesupport_introspection_c.h
[33.989s] -- Up-to-date symlink: /home/hp/ROS2_WS/install/slam_toolbox/include/slam_toolbox/slam_toolbox/srv/detail/toggle_interactive__rosidl_typesupport_introspection_c.h
[33.990s] -- Up-to-date symlink: /home/hp/ROS2_WS/install/slam_toolbox/include/slam_toolbox/slam_toolbox/srv/detail/add_submap__rosidl_typesupport_introspection_cpp.hpp
[33.990s] -- Up-to-date symlink: /home/hp/ROS2_WS/install/slam_toolbox/include/slam_toolbox/slam_toolbox/srv/detail/clear__rosidl_typesupport_introspection_cpp.hpp
[33.990s] -- Up-to-date symlink: /home/hp/ROS2_WS/install/slam_toolbox/include/slam_toolbox/slam_toolbox/srv/detail/clear_queue__rosidl_typesupport_introspection_cpp.hpp
[33.990s] -- Up-to-date symlink: /home/hp/ROS2_WS/install/slam_toolbox/include/slam_toolbox/slam_toolbox/srv/detail/deserialize_pose_graph__rosidl_typesupport_introspection_cpp.hpp
[33.990s] -- Up-to-date symlink: /home/hp/ROS2_WS/install/slam_toolbox/include/slam_toolbox/slam_toolbox/srv/detail/loop_closure__rosidl_typesupport_introspection_cpp.hpp
[33.991s] -- Up-to-date symlink: /home/hp/ROS2_WS/install/slam_toolbox/include/slam_toolbox/slam_toolbox/srv/detail/merge_maps__rosidl_typesupport_introspection_cpp.hpp
[33.991s] -- Up-to-date symlink: /home/hp/ROS2_WS/install/slam_toolbox/include/slam_toolbox/slam_toolbox/srv/detail/pause__rosidl_typesupport_introspection_cpp.hpp
[33.991s] -- Up-to-date symlink: /home/hp/ROS2_WS/install/slam_toolbox/include/slam_toolbox/slam_toolbox/srv/detail/reset__rosidl_typesupport_introspection_cpp.hpp
[33.991s] -- Up-to-date symlink: /home/hp/ROS2_WS/install/slam_toolbox/include/slam_toolbox/slam_toolbox/srv/detail/save_map__rosidl_typesupport_introspection_cpp.hpp
[33.991s] -- Up-to-date symlink: /home/hp/ROS2_WS/install/slam_toolbox/include/slam_toolbox/slam_toolbox/srv/detail/serialize_pose_graph__rosidl_typesupport_introspection_cpp.hpp
[33.991s] -- Up-to-date symlink: /home/hp/ROS2_WS/install/slam_toolbox/include/slam_toolbox/slam_toolbox/srv/detail/toggle_interactive__rosidl_typesupport_introspection_cpp.hpp
[33.992s] -- Up-to-date symlink: /home/hp/ROS2_WS/install/slam_toolbox/share/slam_toolbox/environment/pythonpath.sh
[33.992s] -- Up-to-date symlink: /home/hp/ROS2_WS/install/slam_toolbox/share/slam_toolbox/environment/pythonpath.dsv
[33.992s] -- Up-to-date symlink: /home/hp/ROS2_WS/install/slam_toolbox/local/lib/python3.10/dist-packages/slam_toolbox-2.7.0-py3.10.egg-info/PKG-INFO
[33.992s] -- Up-to-date symlink: /home/hp/ROS2_WS/install/slam_toolbox/local/lib/python3.10/dist-packages/slam_toolbox-2.7.0-py3.10.egg-info/SOURCES.txt
[33.992s] -- Up-to-date symlink: /home/hp/ROS2_WS/install/slam_toolbox/local/lib/python3.10/dist-packages/slam_toolbox-2.7.0-py3.10.egg-info/dependency_links.txt
[33.992s] -- Up-to-date symlink: /home/hp/ROS2_WS/install/slam_toolbox/local/lib/python3.10/dist-packages/slam_toolbox-2.7.0-py3.10.egg-info/top_level.txt
[33.993s] -- Up-to-date symlink: /home/hp/ROS2_WS/install/slam_toolbox/local/lib/python3.10/dist-packages/slam_toolbox/__init__.py
[33.993s] -- Up-to-date symlink: /home/hp/ROS2_WS/install/slam_toolbox/local/lib/python3.10/dist-packages/slam_toolbox/_slam_toolbox_s.ep.rosidl_typesupport_c.c
[33.993s] -- Up-to-date symlink: /home/hp/ROS2_WS/install/slam_toolbox/local/lib/python3.10/dist-packages/slam_toolbox/_slam_toolbox_s.ep.rosidl_typesupport_fastrtps_c.c
[33.994s] -- Up-to-date symlink: /home/hp/ROS2_WS/install/slam_toolbox/local/lib/python3.10/dist-packages/slam_toolbox/_slam_toolbox_s.ep.rosidl_typesupport_introspection_c.c
[33.994s] -- Up-to-date symlink: /home/hp/ROS2_WS/install/slam_toolbox/local/lib/python3.10/dist-packages/slam_toolbox/libslam_toolbox__rosidl_generator_py.so
[33.994s] -- Up-to-date symlink: /home/hp/ROS2_WS/install/slam_toolbox/local/lib/python3.10/dist-packages/slam_toolbox/slam_toolbox_s__rosidl_typesupport_c.cpython-310-x86_64-linux-gnu.so
[33.994s] -- Up-to-date symlink: /home/hp/ROS2_WS/install/slam_toolbox/local/lib/python3.10/dist-packages/slam_toolbox/slam_toolbox_s__rosidl_typesupport_fastrtps_c.cpython-310-x86_64-linux-gnu.so
[33.994s] -- Up-to-date symlink: /home/hp/ROS2_WS/install/slam_toolbox/local/lib/python3.10/dist-packages/slam_toolbox/slam_toolbox_s__rosidl_typesupport_introspection_c.cpython-310-x86_64-linux-gnu.so
[33.994s] -- Up-to-date symlink: /home/hp/ROS2_WS/install/slam_toolbox/local/lib/python3.10/dist-packages/slam_toolbox/srv/__init__.py
[33.994s] -- Up-to-date symlink: /home/hp/ROS2_WS/install/slam_toolbox/local/lib/python3.10/dist-packages/slam_toolbox/srv/_add_submap.py
[33.994s] -- Up-to-date symlink: /home/hp/ROS2_WS/install/slam_toolbox/local/lib/python3.10/dist-packages/slam_toolbox/srv/_add_submap_s.c
[33.994s] -- Up-to-date symlink: /home/hp/ROS2_WS/install/slam_toolbox/local/lib/python3.10/dist-packages/slam_toolbox/srv/_clear.py
[33.994s] -- Up-to-date symlink: /home/hp/ROS2_WS/install/slam_toolbox/local/lib/python3.10/dist-packages/slam_toolbox/srv/_clear_queue.py
[33.995s] -- Up-to-date symlink: /home/hp/ROS2_WS/install/slam_toolbox/local/lib/python3.10/dist-packages/slam_toolbox/srv/_clear_queue_s.c
[33.995s] -- Up-to-date symlink: /home/hp/ROS2_WS/install/slam_toolbox/local/lib/python3.10/dist-packages/slam_toolbox/srv/_clear_s.c
[33.995s] -- Up-to-date symlink: /home/hp/ROS2_WS/install/slam_toolbox/local/lib/python3.10/dist-packages/slam_toolbox/srv/_deserialize_pose_graph.py
[33.995s] -- Up-to-date symlink: /home/hp/ROS2_WS/install/slam_toolbox/local/lib/python3.10/dist-packages/slam_toolbox/srv/_deserialize_pose_graph_s.c
[33.995s] -- Up-to-date symlink: /home/hp/ROS2_WS/install/slam_toolbox/local/lib/python3.10/dist-packages/slam_toolbox/srv/_loop_closure.py
[33.995s] -- Up-to-date symlink: /home/hp/ROS2_WS/install/slam_toolbox/local/lib/python3.10/dist-packages/slam_toolbox/srv/_loop_closure_s.c
[33.995s] -- Up-to-date symlink: /home/hp/ROS2_WS/install/slam_toolbox/local/lib/python3.10/dist-packages/slam_toolbox/srv/_merge_maps.py
[33.995s] -- Up-to-date symlink: /home/hp/ROS2_WS/install/slam_toolbox/local/lib/python3.10/dist-packages/slam_toolbox/srv/_merge_maps_s.c
[33.995s] -- Up-to-date symlink: /home/hp/ROS2_WS/install/slam_toolbox/local/lib/python3.10/dist-packages/slam_toolbox/srv/_pause.py
[33.995s] -- Up-to-date symlink: /home/hp/ROS2_WS/install/slam_toolbox/local/lib/python3.10/dist-packages/slam_toolbox/srv/_pause_s.c
[33.995s] -- Up-to-date symlink: /home/hp/ROS2_WS/install/slam_toolbox/local/lib/python3.10/dist-packages/slam_toolbox/srv/_reset.py
[33.996s] -- Up-to-date symlink: /home/hp/ROS2_WS/install/slam_toolbox/local/lib/python3.10/dist-packages/slam_toolbox/srv/_reset_s.c
[33.996s] -- Up-to-date symlink: /home/hp/ROS2_WS/install/slam_toolbox/local/lib/python3.10/dist-packages/slam_toolbox/srv/_save_map.py
[33.996s] -- Up-to-date symlink: /home/hp/ROS2_WS/install/slam_toolbox/local/lib/python3.10/dist-packages/slam_toolbox/srv/_save_map_s.c
[33.996s] -- Up-to-date symlink: /home/hp/ROS2_WS/install/slam_toolbox/local/lib/python3.10/dist-packages/slam_toolbox/srv/_serialize_pose_graph.py
[33.996s] -- Up-to-date symlink: /home/hp/ROS2_WS/install/slam_toolbox/local/lib/python3.10/dist-packages/slam_toolbox/srv/_serialize_pose_graph_s.c
[33.996s] -- Up-to-date symlink: /home/hp/ROS2_WS/install/slam_toolbox/local/lib/python3.10/dist-packages/slam_toolbox/srv/_toggle_interactive.py
[33.996s] -- Up-to-date symlink: /home/hp/ROS2_WS/install/slam_toolbox/local/lib/python3.10/dist-packages/slam_toolbox/srv/_toggle_interactive_s.c
[33.996s] -- Up-to-date symlink: /home/hp/ROS2_WS/install/slam_toolbox/local/lib/python3.10/dist-packages/slam_toolbox/slam_toolbox_s__rosidl_typesupport_fastrtps_c.cpython-310-x86_64-linux-gnu.so
[33.997s] -- Up-to-date symlink: /home/hp/ROS2_WS/install/slam_toolbox/local/lib/python3.10/dist-packages/slam_toolbox/slam_toolbox_s__rosidl_typesupport_introspection_c.cpython-310-x86_64-linux-gnu.so
[33.997s] -- Up-to-date symlink: /home/hp/ROS2_WS/install/slam_toolbox/local/lib/python3.10/dist-packages/slam_toolbox/slam_toolbox_s__rosidl_typesupport_c.cpython-310-x86_64-linux-gnu.so
[33.997s] -- Up-to-date symlink: /home/hp/ROS2_WS/install/slam_toolbox/share/slam_toolbox/srv/Pause.idl
[33.997s] -- Up-to-date symlink: /home/hp/ROS2_WS/install/slam_toolbox/share/slam_toolbox/srv/Reset.idl
[33.997s] -- Up-to-date symlink: /home/hp/ROS2_WS/install/slam_toolbox/share/slam_toolbox/srv/ClearQueue.idl
[33.997s] -- Up-to-date symlink: /home/hp/ROS2_WS/install/slam_toolbox/share/slam_toolbox/srv/ToggleInteractive.idl
[33.998s] -- Up-to-date symlink: /home/hp/ROS2_WS/install/slam_toolbox/share/slam_toolbox/srv/Clear.idl
[33.998s] -- Up-to-date symlink: /home/hp/ROS2_WS/install/slam_toolbox/share/slam_toolbox/srv/SaveMap.idl
[33.998s] -- Up-to-date symlink: /home/hp/ROS2_WS/install/slam_toolbox/share/slam_toolbox/srv/LoopClosure.idl
[33.999s] -- Up-to-date symlink: /home/hp/ROS2_WS/install/slam_toolbox/share/slam_toolbox/srv/MergeMaps.idl
[33.999s] -- Up-to-date symlink: /home/hp/ROS2_WS/install/slam_toolbox/share/slam_toolbox/srv/AddSubmap.idl
[33.999s] -- Up-to-date symlink: /home/hp/ROS2_WS/install/slam_toolbox/share/slam_toolbox/srv/DeserializePoseGraph.idl
[33.999s] -- Up-to-date symlink: /home/hp/ROS2_WS/install/slam_toolbox/share/slam_toolbox/srv/SerializePoseGraph.idl
[33.999s] -- Up-to-date symlink: /home/hp/ROS2_WS/install/slam_toolbox/share/slam_toolbox/srvs/Pause.srv
[33.999s] -- Up-to-date symlink: /home/hp/ROS2_WS/install/slam_toolbox/share/slam_toolbox/srvs/Pause_Request.msg
[33.999s] -- Up-to-date symlink: /home/hp/ROS2_WS/install/slam_toolbox/share/slam_toolbox/srvs/Pause_Response.msg
[34.000s] -- Up-to-date symlink: /home/hp/ROS2_WS/install/slam_toolbox/share/slam_toolbox/srvs/Reset.srv
[34.000s] -- Up-to-date symlink: /home/hp/ROS2_WS/install/slam_toolbox/share/slam_toolbox/srvs/Reset_Request.msg
[34.000s] -- Up-to-date symlink: /home/hp/ROS2_WS/install/slam_toolbox/share/slam_toolbox/srvs/Reset_Response.msg
[34.000s] -- Up-to-date symlink: /home/hp/ROS2_WS/install/slam_toolbox/share/slam_toolbox/srvs/ClearQueue.srv
[34.000s] -- Up-to-date symlink: /home/hp/ROS2_WS/install/slam_toolbox/share/slam_toolbox/srvs/ClearQueue_Request.msg
[34.000s] -- Up-to-date symlink: /home/hp/ROS2_WS/install/slam_toolbox/share/slam_toolbox/srvs/ClearQueue_Response.msg
[34.000s] -- Up-to-date symlink: /home/hp/ROS2_WS/install/slam_toolbox/share/slam_toolbox/srvs/ToggleInteractive.srv
[34.001s] -- Up-to-date symlink: /home/hp/ROS2_WS/install/slam_toolbox/share/slam_toolbox/srvs/ToggleInteractive_Request.msg
[34.001s] -- Up-to-date symlink: /home/hp/ROS2_WS/install/slam_toolbox/share/slam_toolbox/srvs/ToggleInteractive_Response.msg
[34.001s] -- Up-to-date symlink: /home/hp/ROS2_WS/install/slam_toolbox/share/slam_toolbox/srvs/Clear.srv
[34.001s] -- Up-to-date symlink: /home/hp/ROS2_WS/install/slam_toolbox/share/slam_toolbox/srvs/Clear_Request.msg
[34.001s] -- Up-to-date symlink: /home/hp/ROS2_WS/install/slam_toolbox/share/slam_toolbox/srvs/Clear_Response.msg
[34.001s] -- Up-to-date symlink: /home/hp/ROS2_WS/install/slam_toolbox/share/slam_toolbox/srvs/SaveMap.srv
[34.001s] -- Up-to-date symlink: /home/hp/ROS2_WS/install/slam_toolbox/share/slam_toolbox/srvs/SaveMap_Request.msg
[34.001s] -- Up-to-date symlink: /home/hp/ROS2_WS/install/slam_toolbox/share/slam_toolbox/srvs/SaveMap_Response.msg
[34.002s] -- Up-to-date symlink: /home/hp/ROS2_WS/install/slam_toolbox/share/slam_toolbox/srvs/LoopClosure.srv
[34.002s] -- Up-to-date symlink: /home/hp/ROS2_WS/install/slam_toolbox/share/slam_toolbox/srvs/LoopClosure_Request.msg
[34.002s] -- Up-to-date symlink: /home/hp/ROS2_WS/install/slam_toolbox/share/slam_toolbox/srvs/LoopClosure_Response.msg
[34.002s] -- Up-to-date symlink: /home/hp/ROS2_WS/install/slam_toolbox/share/slam_toolbox/srvs/MergeMaps.srv
[34.002s] -- Up-to-date symlink: /home/hp/ROS2_WS/install/slam_toolbox/share/slam_toolbox/srvs/MergeMaps_Request.msg
[34.003s] -- Up-to-date symlink: /home/hp/ROS2_WS/install/slam_toolbox/share/slam_toolbox/srvs/MergeMaps_Response.msg
[34.003s] -- Up-to-date symlink: /home/hp/ROS2_WS/install/slam_toolbox/share/slam_toolbox/srvs/AddSubmap.srv
[34.003s] -- Up-to-date symlink: /home/hp/ROS2_WS/install/slam_toolbox/share/slam_toolbox/srvs/AddSubmap_Request.msg
[34.003s] -- Up-to-date symlink: /home/hp/ROS2_WS/install/slam_toolbox/share/slam_toolbox/srvs/AddSubmap_Response.msg
[34.003s] -- Up-to-date symlink: /home/hp/ROS2_WS/install/slam_toolbox/share/slam_toolbox/srvs/DeserializePoseGraph.srv
[34.003s] -- Up-to-date symlink: /home/hp/ROS2_WS/install/slam_toolbox/share/slam_toolbox/srvs/DeserializePoseGraph_Request.msg
[34.003s] -- Up-to-date symlink: /home/hp/ROS2_WS/install/slam_toolbox/share/slam_toolbox/srvs/DeserializePoseGraph_Response.msg
[34.004s] -- Up-to-date symlink: /home/hp/ROS2_WS/install/slam_toolbox/share/slam_toolbox/srvs/SerializePoseGraph.srv
[34.004s] -- Up-to-date symlink: /home/hp/ROS2_WS/install/slam_toolbox/share/slam_toolbox/srvs/SerializePoseGraph_Request.msg
[34.004s] -- Up-to-date symlink: /home/hp/ROS2_WS/install/slam_toolbox/share/slam_toolbox/srvs/SerializePoseGraph_Response.msg
[34.004s] -- Up-to-date symlink: /home/hp/ROS2_WS/install/slam_toolbox/share/slam_toolbox//rviz_plugins.xml
[34.004s] -- Up-to-date symlink: /home/hp/ROS2_WS/install/slam_toolbox/share/slam_toolbox//solver_plugins.xml
[34.004s] -- Up-to-date symlink: /home/hp/ROS2_WS/install/slam_toolbox/lib/slam_toolbox/async_slam_toolbox_node
[34.004s] -- Up-to-date symlink: /home/hp/ROS2_WS/install/slam_toolbox/lib/slam_toolbox/sync_slam_toolbox_node
[34.005s] -- Up-to-date symlink: /home/hp/ROS2_WS/install/slam_toolbox/lib/slam_toolbox/localization_slam_toolbox_node
[34.005s] -- Up-to-date symlink: /home/hp/ROS2_WS/install/slam_toolbox/lib/slam_toolbox/map_and_localization_slam_toolbox_node
[34.005s] -- Up-to-date symlink: /home/hp/ROS2_WS/install/slam_toolbox/lib/slam_toolbox/lifelong_slam_toolbox_node
[34.005s] -- Up-to-date symlink: /home/hp/ROS2_WS/install/slam_toolbox/lib/slam_toolbox/merge_maps_kinematic
[34.005s] -- Up-to-date symlink: /home/hp/ROS2_WS/install/slam_toolbox/lib/libtoolbox_common.so
[34.005s] -- Up-to-date symlink: /home/hp/ROS2_WS/install/slam_toolbox/lib/libSlamToolboxPlugin.so
[34.005s] -- Up-to-date symlink: /home/hp/ROS2_WS/install/slam_toolbox/lib/libceres_solver_plugin.so
[34.005s] -- Up-to-date symlink: /home/hp/ROS2_WS/install/slam_toolbox/lib/libasync_slam_toolbox.so
[34.005s] -- Up-to-date symlink: /home/hp/ROS2_WS/install/slam_toolbox/lib/libsync_slam_toolbox.so
[34.006s] -- Up-to-date symlink: /home/hp/ROS2_WS/install/slam_toolbox/lib/liblocalization_slam_toolbox.so
[34.006s] -- Up-to-date symlink: /home/hp/ROS2_WS/install/slam_toolbox/lib/liblifelong_slam_toolbox.so
[34.006s] -- Up-to-date symlink: /home/hp/ROS2_WS/install/slam_toolbox/lib/libmap_and_localization_slam_toolbox.so
[34.006s] -- Up-to-date symlink: /home/hp/ROS2_WS/install/slam_toolbox/lib/libkartoSlamToolbox.so
[34.007s] -- Up-to-date symlink: /home/hp/ROS2_WS/install/slam_toolbox/include/slam_toolbox/experimental/slam_toolbox_lifelong.hpp
[34.007s] -- Up-to-date symlink: /home/hp/ROS2_WS/install/slam_toolbox/include/slam_toolbox/experimental/slam_toolbox_map_and_localization.hpp
[34.007s] -- Up-to-date symlink: /home/hp/ROS2_WS/install/slam_toolbox/include/slam_toolbox/get_pose_helper.hpp
[34.007s] -- Up-to-date symlink: /home/hp/ROS2_WS/install/slam_toolbox/include/slam_toolbox/laser_utils.hpp
[34.007s] -- Up-to-date symlink: /home/hp/ROS2_WS/install/slam_toolbox/include/slam_toolbox/loop_closure_assistant.hpp
[34.007s] -- Up-to-date symlink: /home/hp/ROS2_WS/install/slam_toolbox/include/slam_toolbox/map_saver.hpp
[34.007s] -- Up-to-date symlink: /home/hp/ROS2_WS/install/slam_toolbox/include/slam_toolbox/merge_maps_kinematic.hpp
[34.007s] -- Up-to-date symlink: /home/hp/ROS2_WS/install/slam_toolbox/include/slam_toolbox/serialization.hpp
[34.007s] -- Up-to-date symlink: /home/hp/ROS2_WS/install/slam_toolbox/include/slam_toolbox/slam_mapper.hpp
[34.007s] -- Up-to-date symlink: /home/hp/ROS2_WS/install/slam_toolbox/include/slam_toolbox/slam_toolbox_async.hpp
[34.008s] -- Up-to-date symlink: /home/hp/ROS2_WS/install/slam_toolbox/include/slam_toolbox/slam_toolbox_common.hpp
[34.008s] -- Up-to-date symlink: /home/hp/ROS2_WS/install/slam_toolbox/include/slam_toolbox/slam_toolbox_localization.hpp
[34.008s] -- Up-to-date symlink: /home/hp/ROS2_WS/install/slam_toolbox/include/slam_toolbox/slam_toolbox_sync.hpp
[34.008s] -- Up-to-date symlink: /home/hp/ROS2_WS/install/slam_toolbox/include/slam_toolbox/snap_utils.hpp
[34.008s] -- Up-to-date symlink: /home/hp/ROS2_WS/install/slam_toolbox/include/slam_toolbox/toolbox_msgs.hpp
[34.008s] -- Up-to-date symlink: /home/hp/ROS2_WS/install/slam_toolbox/include/slam_toolbox/toolbox_types.hpp
[34.008s] -- Up-to-date symlink: /home/hp/ROS2_WS/install/slam_toolbox/include/slam_toolbox/visualization_utils.hpp
[34.009s] -- Up-to-date symlink: /home/hp/ROS2_WS/install/slam_toolbox/share/slam_toolbox/launch/localization_launch.py
[34.009s] -- Up-to-date symlink: /home/hp/ROS2_WS/install/slam_toolbox/share/slam_toolbox/launch/merge_maps_kinematic_launch.py
[34.009s] -- Up-to-date symlink: /home/hp/ROS2_WS/install/slam_toolbox/share/slam_toolbox/launch/offline_launch.py
[34.009s] -- Up-to-date symlink: /home/hp/ROS2_WS/install/slam_toolbox/share/slam_toolbox/launch/online_async_launch.py
[34.009s] -- Up-to-date symlink: /home/hp/ROS2_WS/install/slam_toolbox/share/slam_toolbox/launch/online_sync_launch.py
[34.009s] -- Up-to-date symlink: /home/hp/ROS2_WS/install/slam_toolbox/share/slam_toolbox/config/mapper_params_lifelong.yaml
[34.009s] -- Up-to-date symlink: /home/hp/ROS2_WS/install/slam_toolbox/share/slam_toolbox/config/mapper_params_localization.yaml
[34.009s] -- Up-to-date symlink: /home/hp/ROS2_WS/install/slam_toolbox/share/slam_toolbox/config/mapper_params_offline.yaml
[34.009s] -- Up-to-date symlink: /home/hp/ROS2_WS/install/slam_toolbox/share/slam_toolbox/config/mapper_params_online_async.yaml
[34.010s] -- Up-to-date symlink: /home/hp/ROS2_WS/install/slam_toolbox/share/slam_toolbox/config/mapper_params_online_sync.yaml
[34.010s] -- Up-to-date symlink: /home/hp/ROS2_WS/install/slam_toolbox/share/slam_toolbox/config/slam_toolbox_default.rviz
[34.010s] -- Up-to-date symlink: /home/hp/ROS2_WS/install/slam_toolbox/share/solver_plugins.xml
[34.010s] -- Up-to-date symlink: /home/hp/ROS2_WS/install/slam_toolbox/share/rviz_plugins.xml
[34.010s] -- Up-to-date symlink: /home/hp/ROS2_WS/install/slam_toolbox/share/ament_index/resource_index/package_run_dependencies/slam_toolbox
[34.010s] -- Up-to-date symlink: /home/hp/ROS2_WS/install/slam_toolbox/share/ament_index/resource_index/parent_prefix_path/slam_toolbox
[34.010s] -- Up-to-date symlink: /home/hp/ROS2_WS/install/slam_toolbox/share/slam_toolbox/environment/ament_prefix_path.sh
[34.011s] -- Up-to-date symlink: /home/hp/ROS2_WS/install/slam_toolbox/share/slam_toolbox/environment/ament_prefix_path.dsv
[34.011s] -- Up-to-date symlink: /home/hp/ROS2_WS/install/slam_toolbox/share/slam_toolbox/environment/path.sh
[34.011s] -- Up-to-date symlink: /home/hp/ROS2_WS/install/slam_toolbox/share/slam_toolbox/environment/path.dsv
[34.011s] -- Up-to-date symlink: /home/hp/ROS2_WS/install/slam_toolbox/share/slam_toolbox/local_setup.bash
[34.011s] -- Up-to-date symlink: /home/hp/ROS2_WS/install/slam_toolbox/share/slam_toolbox/local_setup.sh
[34.011s] -- Up-to-date symlink: /home/hp/ROS2_WS/install/slam_toolbox/share/slam_toolbox/local_setup.zsh
[34.011s] -- Up-to-date symlink: /home/hp/ROS2_WS/install/slam_toolbox/share/slam_toolbox/local_setup.dsv
[34.011s] -- Symlinking: /home/hp/ROS2_WS/install/slam_toolbox/share/slam_toolbox/package.dsv
[34.019s] -- Up-to-date symlink: /home/hp/ROS2_WS/install/slam_toolbox/share/ament_index/resource_index/packages/slam_toolbox
[34.019s] -- Up-to-date symlink: /home/hp/ROS2_WS/install/slam_toolbox/share/ament_index/resource_index/rviz_common__pluginlib__plugin/slam_toolbox
[34.019s] -- Up-to-date symlink: /home/hp/ROS2_WS/install/slam_toolbox/share/ament_index/resource_index/slam_toolbox__pluginlib__plugin/slam_toolbox
[34.019s] -- Up-to-date symlink: /home/hp/ROS2_WS/install/slam_toolbox/share/ament_index/resource_index/rclcpp_components/slam_toolbox
[34.020s] -- Up-to-date symlink: /home/hp/ROS2_WS/install/slam_toolbox/share/slam_toolbox/cmake/rosidl_cmake-extras.cmake
[34.020s] -- Up-to-date symlink: /home/hp/ROS2_WS/install/slam_toolbox/share/slam_toolbox/cmake/ament_cmake_export_dependencies-extras.cmake
[34.020s] -- Up-to-date symlink: /home/hp/ROS2_WS/install/slam_toolbox/share/slam_toolbox/cmake/ament_cmake_export_include_directories-extras.cmake
[34.020s] -- Up-to-date symlink: /home/hp/ROS2_WS/install/slam_toolbox/share/slam_toolbox/cmake/ament_cmake_export_libraries-extras.cmake
[34.020s] -- Up-to-date symlink: /home/hp/ROS2_WS/install/slam_toolbox/share/slam_toolbox/cmake/ament_cmake_export_targets-extras.cmake
[34.020s] -- Up-to-date symlink: /home/hp/ROS2_WS/install/slam_toolbox/share/slam_toolbox/cmake/rosidl_cmake_export_typesupport_targets-extras.cmake
[34.020s] -- Up-to-date symlink: /home/hp/ROS2_WS/install/slam_toolbox/share/slam_toolbox/cmake/rosidl_cmake_export_typesupport_libraries-extras.cmake
[34.021s] -- Up-to-date symlink: /home/hp/ROS2_WS/install/slam_toolbox/share/slam_toolbox/cmake/slam_toolboxConfig.cmake
[34.021s] -- Up-to-date symlink: /home/hp/ROS2_WS/install/slam_toolbox/share/slam_toolbox/cmake/slam_toolboxConfig-version.cmake
[34.021s] -- Up-to-date symlink: /home/hp/ROS2_WS/install/slam_toolbox/share/slam_toolbox/package.xml
[34.021s] -- Up-to-date: /home/hp/ROS2_WS/install/slam_toolbox/lib/libslam_toolbox__rosidl_generator_c.so
[34.021s] -- Up-to-date: /home/hp/ROS2_WS/install/slam_toolbox/lib/libslam_toolbox__rosidl_typesupport_fastrtps_c.so
[34.022s] -- Up-to-date: /home/hp/ROS2_WS/install/slam_toolbox/lib/libslam_toolbox__rosidl_typesupport_fastrtps_cpp.so
[34.022s] -- Up-to-date: /home/hp/ROS2_WS/install/slam_toolbox/lib/libslam_toolbox__rosidl_typesupport_introspection_c.so
[34.022s] -- Up-to-date: /home/hp/ROS2_WS/install/slam_toolbox/lib/libslam_toolbox__rosidl_typesupport_c.so
[34.022s] -- Up-to-date: /home/hp/ROS2_WS/install/slam_toolbox/lib/libslam_toolbox__rosidl_typesupport_introspection_cpp.so
[34.022s] -- Up-to-date: /home/hp/ROS2_WS/install/slam_toolbox/lib/libslam_toolbox__rosidl_typesupport_cpp.so
[34.053s] Listing '/home/hp/ROS2_WS/install/slam_toolbox/local/lib/python3.10/dist-packages/slam_toolbox'...
[34.054s] Listing '/home/hp/ROS2_WS/install/slam_toolbox/local/lib/python3.10/dist-packages/slam_toolbox/srv'...
[34.058s] -- Up-to-date: /home/hp/ROS2_WS/install/slam_toolbox/lib/libslam_toolbox__rosidl_generator_py.so
[34.058s] -- Up-to-date: /home/hp/ROS2_WS/install/slam_toolbox/share/slam_toolbox/cmake/export_slam_toolbox__rosidl_generator_cExport.cmake
[34.058s] -- Up-to-date: /home/hp/ROS2_WS/install/slam_toolbox/share/slam_toolbox/cmake/export_slam_toolbox__rosidl_generator_cExport-release.cmake
[34.058s] -- Up-to-date: /home/hp/ROS2_WS/install/slam_toolbox/share/slam_toolbox/cmake/export_slam_toolbox__rosidl_typesupport_fastrtps_cExport.cmake
[34.058s] -- Up-to-date: /home/hp/ROS2_WS/install/slam_toolbox/share/slam_toolbox/cmake/export_slam_toolbox__rosidl_typesupport_fastrtps_cExport-release.cmake
[34.058s] -- Up-to-date: /home/hp/ROS2_WS/install/slam_toolbox/share/slam_toolbox/cmake/export_slam_toolbox__rosidl_generator_cppExport.cmake
[34.058s] -- Up-to-date: /home/hp/ROS2_WS/install/slam_toolbox/share/slam_toolbox/cmake/export_slam_toolbox__rosidl_typesupport_fastrtps_cppExport.cmake
[34.058s] -- Up-to-date: /home/hp/ROS2_WS/install/slam_toolbox/share/slam_toolbox/cmake/export_slam_toolbox__rosidl_typesupport_fastrtps_cppExport-release.cmake
[34.058s] -- Up-to-date: /home/hp/ROS2_WS/install/slam_toolbox/share/slam_toolbox/cmake/slam_toolbox__rosidl_typesupport_introspection_cExport.cmake
[34.058s] -- Up-to-date: /home/hp/ROS2_WS/install/slam_toolbox/share/slam_toolbox/cmake/slam_toolbox__rosidl_typesupport_introspection_cExport-release.cmake
[34.058s] -- Up-to-date: /home/hp/ROS2_WS/install/slam_toolbox/share/slam_toolbox/cmake/slam_toolbox__rosidl_typesupport_cExport.cmake
[34.058s] -- Up-to-date: /home/hp/ROS2_WS/install/slam_toolbox/share/slam_toolbox/cmake/slam_toolbox__rosidl_typesupport_cExport-release.cmake
[34.059s] -- Up-to-date: /home/hp/ROS2_WS/install/slam_toolbox/share/slam_toolbox/cmake/slam_toolbox__rosidl_typesupport_introspection_cppExport.cmake
[34.059s] -- Up-to-date: /home/hp/ROS2_WS/install/slam_toolbox/share/slam_toolbox/cmake/slam_toolbox__rosidl_typesupport_introspection_cppExport-release.cmake
[34.059s] -- Up-to-date: /home/hp/ROS2_WS/install/slam_toolbox/share/slam_toolbox/cmake/slam_toolbox__rosidl_typesupport_cppExport.cmake
[34.059s] -- Up-to-date: /home/hp/ROS2_WS/install/slam_toolbox/share/slam_toolbox/cmake/slam_toolbox__rosidl_typesupport_cppExport-release.cmake
[34.059s] -- Up-to-date: /home/hp/ROS2_WS/install/slam_toolbox/share/slam_toolbox/cmake/export_slam_toolbox__rosidl_generator_pyExport.cmake
[34.059s] -- Up-to-date: /home/hp/ROS2_WS/install/slam_toolbox/share/slam_toolbox/cmake/export_slam_toolbox__rosidl_generator_pyExport-release.cmake
[34.059s] -- Up-to-date: /home/hp/ROS2_WS/install/slam_toolbox/share/slam_toolbox/cmake/SlamToolboxPluginExport.cmake
[34.059s] -- Up-to-date: /home/hp/ROS2_WS/install/slam_toolbox/share/slam_toolbox/cmake/SlamToolboxPluginExport-release.cmake
[34.061s] Invoked command in '/home/hp/ROS2_WS/build/slam_toolbox' returned '0': CMAKE_PREFIX_PATH=${CMAKE_PREFIX_PATH}:/home/hp/ROS2_WS/install/my_robot_controller:/home/hp/ROS2_WS/install/my_exo:/home/hp/ROS2_WS/install/dynamic_tf:/opt/ros/humble /usr/bin/cmake --install /home/hp/ROS2_WS/build/slam_toolbox
