[7.379s] Invoking command in '/home/hp/ROS2_WS/src/build/my_exo': CONDA_PROMPT_MODIFIER=(base) PYTHONPATH=/home/hp/ROS2_WS/src/build/my_exo/prefix_override:/home/hp/ROS2_WS/src/install/my_exo/lib/python3.10/site-packages:${PYTHONPATH} /usr/bin/python3 -W ignore:setup.py install is deprecated setup.py develop --editable --build-directory /home/hp/ROS2_WS/src/build/my_exo/build --no-deps symlink_data
[7.774s] running develop
[8.268s] running egg_info
[8.269s] writing my_exo.egg-info/PKG-INFO
[8.269s] writing dependency_links to my_exo.egg-info/dependency_links.txt
[8.269s] writing entry points to my_exo.egg-info/entry_points.txt
[8.270s] writing requirements to my_exo.egg-info/requires.txt
[8.271s] writing top-level names to my_exo.egg-info/top_level.txt
[8.273s] reading manifest file 'my_exo.egg-info/SOURCES.txt'
[8.274s] writing manifest file 'my_exo.egg-info/SOURCES.txt'
[8.277s] running build_ext
[8.278s] Creating /home/hp/ROS2_WS/src/install/my_exo/lib/python3.10/site-packages/my-exo.egg-link (link to .)
[8.308s] Installing first_node script to /home/hp/ROS2_WS/src/install/my_exo/lib/my_exo
[8.308s] Installing fourth_node script to /home/hp/ROS2_WS/src/install/my_exo/lib/my_exo
[8.308s] Installing input_node script to /home/hp/ROS2_WS/src/install/my_exo/lib/my_exo
[8.308s] Installing second_node script to /home/hp/ROS2_WS/src/install/my_exo/lib/my_exo
[8.308s] Installing selector_node script to /home/hp/ROS2_WS/src/install/my_exo/lib/my_exo
[8.309s] Installing third_node script to /home/hp/ROS2_WS/src/install/my_exo/lib/my_exo
[8.309s] 
[8.309s] Installed /home/hp/ROS2_WS/src/build/my_exo
[8.309s] running symlink_data
[8.370s] Invoked command in '/home/hp/ROS2_WS/src/build/my_exo' returned '0': CONDA_PROMPT_MODIFIER=(base) PYTHONPATH=/home/hp/ROS2_WS/src/build/my_exo/prefix_override:/home/hp/ROS2_WS/src/install/my_exo/lib/python3.10/site-packages:${PYTHONPATH} /usr/bin/python3 -W ignore:setup.py install is deprecated setup.py develop --editable --build-directory /home/hp/ROS2_WS/src/build/my_exo/build --no-deps symlink_data
