[1.468s] Invoking command in '/home/hp/ROS2_WS/src/build/my_exo': CONDA_PROMPT_MODIFIER=(base) PYTHONPATH=/home/hp/ROS2_WS/src/build/my_exo/prefix_override:/home/hp/ROS2_WS/src/install/my_exo/lib/python3.10/site-packages:${PYTHONPATH} /usr/bin/python3 -W ignore:setup.py install is deprecated setup.py develop --editable --build-directory /home/hp/ROS2_WS/src/build/my_exo/build --no-deps symlink_data
[1.836s] running develop
[2.067s] running egg_info
[2.067s] writing my_exo.egg-info/PKG-INFO
[2.067s] writing dependency_links to my_exo.egg-info/dependency_links.txt
[2.068s] writing entry points to my_exo.egg-info/entry_points.txt
[2.068s] writing requirements to my_exo.egg-info/requires.txt
[2.068s] writing top-level names to my_exo.egg-info/top_level.txt
[2.070s] reading manifest file 'my_exo.egg-info/SOURCES.txt'
[2.071s] writing manifest file 'my_exo.egg-info/SOURCES.txt'
[2.074s] running build_ext
[2.074s] Creating /home/hp/ROS2_WS/src/install/my_exo/lib/python3.10/site-packages/my-exo.egg-link (link to .)
[2.074s] Installing first_node script to /home/hp/ROS2_WS/src/install/my_exo/lib/my_exo
[2.074s] Installing fourth_node script to /home/hp/ROS2_WS/src/install/my_exo/lib/my_exo
[2.074s] Installing input_node script to /home/hp/ROS2_WS/src/install/my_exo/lib/my_exo
[2.074s] Installing second_node script to /home/hp/ROS2_WS/src/install/my_exo/lib/my_exo
[2.074s] Installing selector_node script to /home/hp/ROS2_WS/src/install/my_exo/lib/my_exo
[2.074s] Installing third_node script to /home/hp/ROS2_WS/src/install/my_exo/lib/my_exo
[2.075s] 
[2.075s] Installed /home/hp/ROS2_WS/src/build/my_exo
[2.075s] running symlink_data
[2.133s] Invoked command in '/home/hp/ROS2_WS/src/build/my_exo' returned '0': CONDA_PROMPT_MODIFIER=(base) PYTHONPATH=/home/hp/ROS2_WS/src/build/my_exo/prefix_override:/home/hp/ROS2_WS/src/install/my_exo/lib/python3.10/site-packages:${PYTHONPATH} /usr/bin/python3 -W ignore:setup.py install is deprecated setup.py develop --editable --build-directory /home/hp/ROS2_WS/src/build/my_exo/build --no-deps symlink_data
